1944 6.817044e-01
1.374555e+01 8.509767e+01 1.002175e+02
0.000000e+00 0.000000e+00 7.503461e-01 5.000000e-01 7.166667e-01
1.562500e-03 0.000000e+00 7.490322e-01 5.049079e-01 7.165305e-01
3.125000e-03 0.000000e+00 7.477183e-01 5.098105e-01 7.161222e-01
4.687500e-03 0.000000e+00 7.445808e-01 5.147026e-01 7.154425e-01
6.250000e-03 0.000000e+00 7.404303e-01 5.195789e-01 7.144925e-01
7.812500e-03 0.000000e+00 7.350533e-01 5.244343e-01 7.132737e-01
9.375000e-03 0.000000e+00 7.285047e-01 5.292635e-01 7.117881e-01
1.093750e-02 0.000000e+00 7.208108e-01 5.340614e-01 7.100382e-01
1.250000e-02 0.000000e+00 7.119746e-01 5.388229e-01 7.080268e-01
1.406250e-02 0.000000e+00 7.020294e-01 5.435427e-01 7.057571e-01
1.562500e-02 0.000000e+00 6.909921e-01 5.482159e-01 7.032330e-01
1.718750e-02 0.000000e+00 6.788932e-01 5.528375e-01 7.004585e-01
1.875000e-02 0.000000e+00 6.657598e-01 5.574025e-01 6.974381e-01
2.031250e-02 0.000000e+00 6.516247e-01 5.619061e-01 6.941769e-01
2.187500e-02 0.000000e+00 6.365214e-01 5.663433e-01 6.906800e-01
2.343750e-02 0.000000e+00 6.204866e-01 5.707095e-01 6.869533e-01
2.500000e-02 0.000000e+00 6.035587e-01 5.750000e-01 6.830029e-01
2.656250e-02 0.000000e+00 5.857787e-01 5.792102e-01 6.788351e-01
2.812500e-02 0.000000e+00 5.671894e-01 5.833355e-01 6.744568e-01
2.968750e-02 0.000000e+00 5.478356e-01 5.873717e-01 6.698751e-01
3.125000e-02 0.000000e+00 5.277639e-01 5.913142e-01 6.650976e-01
3.281250e-02 0.000000e+00 5.070227e-01 5.951590e-01 6.601320e-01
3.437500e-02 0.000000e+00 4.856619e-01 5.989019e-01 6.549864e-01
3.593750e-02 0.000000e+00 4.637331e-01 6.025388e-01 6.496693e-01
3.750000e-02 0.000000e+00 4.412891e-01 6.060660e-01 6.441894e-01
3.906250e-02 0.000000e+00 4.183839e-01 6.094796e-01 6.385556e-01
4.062500e-02 0.000000e+00 3.950730e-01 6.127760e-01 6.327770e-01
4.218750e-02 0.000000e+00 3.714117e-01 6.159516e-01 6.268632e-01
4.375000e-02 0.000000e+00 3.474594e-01 6.190030e-01 6.208238e-01
4.531250e-02 0.000000e+00 3.232674e-01 6.219270e-01 6.146687e-01
4.687500e-02 0.000000e+00 2.989098e-01 6.247204e-01 6.084080e-01
4.843750e-02 0.000000e+00 2.744074e-01 6.273803e-01 6.020518e-01
5.000000e-02 0.000000e+00 2.499049e-01 6.299038e-01 5.956105e-01
0.000000e+00 1.562500e-03 7.582099e-01 4.999398e-01 7.166332e-01
1.562500e-03 1.562500e-03 7.571966e-01 5.052257e-01 7.164806e-01
3.125000e-03 1.562500e-03 7.561833e-01 5.102724e-01 7.160602e-01
4.687500e-03 1.562500e-03 7.532959e-01 5.155614e-01 7.154066e-01
6.250000e-03 1.562500e-03 7.494615e-01 5.207245e-01 7.144499e-01
7.812500e-03 1.562500e-03 7.443602e-01 5.259013e-01 7.132401e-01
9.375000e-03 1.562500e-03 7.381122e-01 5.310374e-01 7.117518e-01
1.093750e-02 1.562500e-03 7.307060e-01 5.361444e-01 7.100036e-01
1.250000e-02 1.562500e-03 7.221641e-01 5.412136e-01 7.079908e-01
1.406250e-02 1.562500e-03 7.125100e-01 5.462408e-01 7.057207e-01
1.562500e-02 1.562500e-03 7.017653e-01 5.512214e-01 7.031955e-01
1.718750e-02 1.562500e-03 6.899582e-01 5.561500e-01 7.004200e-01
1.875000e-02 1.562500e-03 6.771171e-01 5.610221e-01 6.973984e-01
2.031250e-02 1.562500e-03 6.632740e-01 5.658327e-01 6.941358e-01
2.187500e-02 1.562500e-03 6.484628e-01 5.705769e-01 6.906376e-01
2.343750e-02 1.562500e-03 6.327200e-01 5.752501e-01 6.869094e-01
2.500000e-02 1.562500e-03 6.160843e-01 5.798475e-01 6.829573e-01
2.656250e-02 1.562500e-03 5.985963e-01 5.843646e-01 6.787878e-01
2.812500e-02 1.562500e-03 5.802990e-01 5.887969e-01 6.744077e-01
2.968750e-02 1.562500e-03 5.612372e-01 5.931399e-01 6.698241e-01
3.125000e-02 1.562500e-03 5.414576e-01 5.973893e-01 6.650445e-01
3.281250e-02 1.562500e-03 5.210083e-01 6.015409e-01 6.600768e-01
3.437500e-02 1.562500e-03 4.999396e-01 6.055906e-01 6.549290e-01
3.593750e-02 1.562500e-03 4.783027e-01 6.095343e-01 6.496096e-01
3.750000e-02 1.562500e-03 4.561508e-01 6.133684e-01 6.441272e-01
3.906250e-02 1.562500e-03 4.335373e-01 6.170886e-01 6.384909e-01
4.062500e-02 1.562500e-03 4.105187e-01 6.206919e-01 6.327095e-01
4.218750e-02 1.562500e-03 3.871487e-01 6.241737e-01 6.267933e-01
4.375000e-02 1.562500e-03 3.634893e-01 6.275330e-01 6.207505e-01
4.531250e-02 1.562500e-03 3.395878e-01 6.307614e-01 6.145932e-01
4.687500e-02 1.562500e-03 3.155240e-01 6.338663e-01 6.083282e-01
4.843750e-02 1.562500e-03 2.913126e-01 6.368234e-01 6.019689e-01
5.000000e-02 1.562500e-03 2.671012e-01 6.396585e-01 5.955235e-01
0.000000e+00 3.125000e-03 7.660738e-01 4.997591e-01 7.165328e-01
1.562500e-03 3.125000e-03 7.653610e-01 5.053815e-01 7.163773e-01
3.125000e-03 3.125000e-03 7.646483e-01 5.106835e-01 7.159497e-01
4.687500e-03 3.125000e-03 7.620110e-01 5.162969e-01 7.152945e-01
6.250000e-03 3.125000e-03 7.584928e-01 5.217548e-01 7.143397e-01
7.812500e-03 3.125000e-03 7.536671e-01 5.272467e-01 7.131309e-01
9.375000e-03 3.125000e-03 7.477197e-01 5.326888e-01 7.116430e-01
1.093750e-02 3.125000e-03 7.406012e-01 5.381058e-01 7.098940e-01
1.250000e-02 3.125000e-03 7.323536e-01 5.434824e-01 7.078796e-01
1.406250e-02 3.125000e-03 7.229906e-01 5.488175e-01 7.056073e-01
1.562500e-02 3.125000e-03 7.125384e-01 5.541053e-01 7.030793e-01
1.718750e-02 3.125000e-03 7.010233e-01 5.593411e-01 7.003006e-01
1.875000e-02 3.125000e-03 6.884743e-01 5.645201e-01 6.972755e-01
2.031250e-02 3.125000e-03 6.749233e-01 5.696375e-01 6.940091e-01
2.187500e-02 3.125000e-03 6.604042e-01 5.746885e-01 6.905066e-01
2.343750e-02 3.125000e-03 6.449535e-01 5.796684e-01 6.867738e-01
2.500000e-02 3.125000e-03 6.286098e-01 5.845724e-01 6.828169e-01
2.656250e-02 3.125000e-03 6.114139e-01 5.893960e-01 6.786421e-01
2.812500e-02 3.125000e-03 5.934087e-01 5.941347e-01 6.742565e-01
2.968750e-02 3.125000e-03 5.746389e-01 5.987841e-01 6.696671e-01
3.125000e-02 3.125000e-03 5.551512e-01 6.033398e-01 6.648813e-01
3.281250e-02 3.125000e-03 5.349940e-01 6.077977e-01 6.599071e-01
3.437500e-02 3.125000e-03 5.142173e-01 6.121536e-01 6.547525e-01
3.593750e-02 3.125000e-03 4.928723e-01 6.164034e-01 6.494260e-01
3.750000e-02 3.125000e-03 4.710124e-01 6.205434e-01 6.439361e-01
3.906250e-02 3.125000e-03 4.486907e-01 6.245694e-01 6.382921e-01
4.062500e-02 3.125000e-03 4.259644e-01 6.284788e-01 6.325026e-01
4.218750e-02 3.125000e-03 4.028857e-01 6.322659e-01 6.265781e-01
4.375000e-02 3.125000e-03 3.795192e-01 6.359314e-01 6.205265e-01
4.531250e-02 3.125000e-03 3.559083e-01 6.394641e-01 6.143601e-01
4.687500e-02 3.125000e-03 3.321381e-01 6.428760e-01 6.080859e-01
4.843750e-02 3.125000e-03 3.082178e-01 6.461358e-01 6.017167e-01
5.000000e-02 3.125000e-03 2.842975e-01 6.492777e-01 5.952625e-01
0.000000e+00 4.687500e-03 7.739143e-01 4.994581e-01 7.163655e-01
1.562500e-03 4.687500e-03 7.734996e-01 5.053980e-01 7.162153e-01
3.125000e-03 4.687500e-03 7.730849e-01 5.109910e-01 7.157868e-01
4.687500e-03 4.687500e-03 7.707292e-01 5.169127e-01 7.151171e-01
6.250000e-03 4.687500e-03 7.675098e-01 5.226702e-01 7.141636e-01
7.812500e-03 4.687500e-03 7.629706e-01 5.284714e-01 7.129508e-01
9.375000e-03 4.687500e-03 7.573179e-01 5.342197e-01 7.114628e-01
1.093750e-02 4.687500e-03 7.504896e-01 5.399456e-01 7.097113e-01
1.250000e-02 4.687500e-03 7.425347e-01 5.456297e-01 7.076944e-01
1.406250e-02 4.687500e-03 7.334632e-01 5.512725e-01 7.054183e-01
1.562500e-02 4.687500e-03 7.233032e-01 5.568674e-01 7.028859e-01
1.718750e-02 4.687500e-03 7.120798e-01 5.624102e-01 7.001021e-01
1.875000e-02 4.687500e-03 6.998227e-01 5.678960e-01 6.970711e-01
2.031250e-02 4.687500e-03 6.865634e-01 5.733198e-01 6.937983e-01
2.187500e-02 4.687500e-03 6.723361e-01 5.786771e-01 6.902889e-01
2.343750e-02 4.687500e-03 6.571770e-01 5.839631e-01 6.865486e-01
2.500000e-02 4.687500e-03 6.411250e-01 5.891731e-01 6.825836e-01
2.656250e-02 4.687500e-03 6.242206e-01 5.943025e-01 6.784003e-01
2.812500e-02 4.687500e-03 6.065069e-01 5.993468e-01 6.740055e-01
2.968750e-02 4.687500e-03 5.880285e-01 6.043016e-01 6.694064e-01
3.125000e-02 4.687500e-03 5.688322e-01 6.091626e-01 6.646106e-01
3.281250e-02 4.687500e-03 5.489662e-01 6.139255e-01 6.596257e-01
3.437500e-02 4.687500e-03 5.284806e-01 6.185863e-01 6.544599e-01
3.593750e-02 4.687500e-03 5.074267e-01 6.231408e-01 6.491217e-01
3.750000e-02 4.687500e-03 4.858578e-01 6.275853e-01 6.436196e-01
3.906250e-02 4.687500e-03 4.638269e-01 6.319155e-01 6.379628e-01
4.062500e-02 4.687500e-03 4.413915e-01 6.361290e-01 6.321601e-01
4.218750e-02 4.687500e-03 4.186032e-01 6.402197e-01 6.262216e-01
4.375000e-02 4.687500e-03 3.955275e-01 6.441890e-01 6.201560e-01
4.531250e-02 4.687500e-03 3.722066e-01 6.480245e-01 6.139745e-01
4.687500e-02 4.687500e-03 3.487272e-01 6.517400e-01 6.076854e-01
4.843750e-02 4.687500e-03 3.250967e-01 6.553017e-01 6.013003e-01
5.000000e-02 4.687500e-03 3.014661e-01 6.587463e-01 5.948278e-01
0.000000e+00 6.250000e-03 7.817500e-01 4.990369e-01 7.161314e-01
1.562500e-03 6.250000e-03 7.816315e-01 5.052861e-01 7.159838e-01
3.125000e-03 6.250000e-03 7.815129e-01 5.111836e-01 7.155565e-01
4.687500e-03 6.250000e-03 7.794408e-01 5.174113e-01 7.148767e-01
6.250000e-03 6.250000e-03 7.765183e-01 5.234700e-01 7.139201e-01
7.812500e-03 6.250000e-03 7.722664e-01 5.295778e-01 7.127017e-01
9.375000e-03 6.250000e-03 7.669079e-01 5.356312e-01 7.112108e-01
1.093750e-02 6.250000e-03 7.603699e-01 5.416646e-01 7.094552e-01
1.250000e-02 6.250000e-03 7.527076e-01 5.476556e-01 7.074341e-01
1.406250e-02 6.250000e-03 7.439274e-01 5.536058e-01 7.051527e-01
1.562500e-02 6.250000e-03 7.340593e-01 5.595075e-01 7.026141e-01
1.718750e-02 6.250000e-03 7.231274e-01 5.653569e-01 6.998230e-01
1.875000e-02 6.250000e-03 7.111620e-01 5.711488e-01 6.967840e-01
2.031250e-02 6.250000e-03 6.981942e-01 5.768786e-01 6.935022e-01
2.187500e-02 6.250000e-03 6.842582e-01 5.825415e-01 6.899830e-01
2.343750e-02 6.250000e-03 6.693905e-01 5.881327e-01 6.862323e-01
2.500000e-02 6.250000e-03 6.536296e-01 5.936477e-01 6.822560e-01
2.656250e-02 6.250000e-03 6.370163e-01 5.990818e-01 6.780606e-01
2.812500e-02 6.250000e-03 6.195935e-01 6.044305e-01 6.736531e-01
2.968750e-02 6.250000e-03 6.014059e-01 6.096893e-01 6.690405e-01
3.125000e-02 6.250000e-03 5.825002e-01 6.148540e-01 6.642304e-01
3.281250e-02 6.250000e-03 5.629247e-01 6.199202e-01 6.592306e-01
3.437500e-02 6.250000e-03 5.427295e-01 6.248840e-01 6.540491e-01
3.593750e-02 6.250000e-03 5.219656e-01 6.297410e-01 6.486944e-01
3.750000e-02 6.250000e-03 5.006868e-01 6.344878e-01 6.431752e-01
3.906250e-02 6.250000e-03 4.789455e-01 6.391196e-01 6.375005e-01
4.062500e-02 6.250000e-03 4.567998e-01 6.436346e-01 6.316792e-01
4.218750e-02 6.250000e-03 4.343007e-01 6.480259e-01 6.257214e-01
4.375000e-02 6.250000e-03 4.115145e-01 6.522958e-01 6.196358e-01
4.531250e-02 6.250000e-03 3.884821e-01 6.564310e-01 6.134334e-01
4.687500e-02 6.250000e-03 3.652918e-01 6.604460e-01 6.071230e-01
4.843750e-02 6.250000e-03 3.419494e-01 6.643065e-01 6.007158e-01
5.000000e-02 6.250000e-03 3.186070e-01 6.680494e-01 5.942197e-01
0.000000e+00 7.812500e-03 7.895738e-01 4.984959e-01 7.158305e-01
1.562500e-03 7.812500e-03 7.897492e-01 5.050519e-01 7.156850e-01
3.125000e-03 7.812500e-03 7.899246e-01 5.112571e-01 7.152596e-01
4.687500e-03 7.812500e-03 7.881408e-01 5.177910e-01 7.145719e-01
6.250000e-03 7.812500e-03 7.855128e-01 5.241528e-01 7.136106e-01
7.812500e-03 7.812500e-03 7.815503e-01 5.305660e-01 7.123850e-01
9.375000e-03 7.812500e-03 7.764849e-01 5.369240e-01 7.108888e-01
1.093750e-02 7.812500e-03 7.702376e-01 5.432637e-01 7.091271e-01
1.250000e-02 7.812500e-03 7.628674e-01 5.495608e-01 7.070997e-01
1.406250e-02 7.812500e-03 7.543786e-01 5.558175e-01 7.048111e-01
1.562500e-02 7.812500e-03 7.448020e-01 5.620254e-01 7.022643e-01
1.718750e-02 7.812500e-03 7.341615e-01 5.681808e-01 6.994640e-01
1.875000e-02 7.812500e-03 7.224872e-01 5.742783e-01 6.964147e-01
2.031250e-02 7.812500e-03 7.098105e-01 5.803131e-01 6.931215e-01
2.187500e-02 7.812500e-03 6.961654e-01 5.862806e-01 6.895898e-01
2.343750e-02 7.812500e-03 6.815884e-01 5.921761e-01 6.858256e-01
2.500000e-02 7.812500e-03 6.661180e-01 5.979947e-01 6.818349e-01
2.656250e-02 7.812500e-03 6.497950e-01 6.037320e-01 6.776241e-01
2.812500e-02 7.812500e-03 6.326623e-01 6.093833e-01 6.732002e-01
2.968750e-02 7.812500e-03 6.147645e-01 6.149443e-01 6.685703e-01
3.125000e-02 7.812500e-03 5.961484e-01 6.204106e-01 6.637420e-01
3.281250e-02 7.812500e-03 5.768621e-01 6.257779e-01 6.587229e-01
3.437500e-02 7.812500e-03 5.569559e-01 6.310421e-01 6.535213e-01
3.593750e-02 7.812500e-03 5.364808e-01 6.361988e-01 6.481456e-01
3.750000e-02 7.812500e-03 5.154904e-01 6.412447e-01 6.426043e-01
3.906250e-02 7.812500e-03 4.940371e-01 6.461750e-01 6.369067e-01
4.062500e-02 7.812500e-03 4.721793e-01 6.509877e-01 6.310616e-01
4.218750e-02 7.812500e-03 4.499673e-01 6.556760e-01 6.250789e-01
4.375000e-02 7.812500e-03 4.274684e-01 6.602422e-01 6.189677e-01
4.531250e-02 7.812500e-03 4.047224e-01 6.646727e-01 6.127387e-01
4.687500e-02 7.812500e-03 3.818186e-01 6.689823e-01 6.064009e-01
4.843750e-02 7.812500e-03 3.587618e-01 6.731367e-01 5.999654e-01
5.000000e-02 7.812500e-03 3.357049e-01 6.771723e-01 5.934386e-01
0.000000e+00 9.375000e-03 7.973833e-01 4.978353e-01 7.154628e-01
1.562500e-03 9.375000e-03 7.978518e-01 5.046973e-01 7.153185e-01
3.125000e-03 9.375000e-03 7.983203e-01 5.112107e-01 7.148943e-01
4.687500e-03 9.375000e-03 7.968265e-01 5.180515e-01 7.142010e-01
6.250000e-03 9.375000e-03 7.944917e-01 5.247179e-01 7.132343e-01
7.812500e-03 9.375000e-03 7.908196e-01 5.314360e-01 7.120008e-01
9.375000e-03 9.375000e-03 7.860466e-01 5.380984e-01 7.104972e-01
1.093750e-02 9.375000e-03 7.800903e-01 5.447434e-01 7.087274e-01
1.250000e-02 9.375000e-03 7.730118e-01 5.513457e-01 7.066917e-01
1.406250e-02 9.375000e-03 7.648141e-01 5.579080e-01 7.043938e-01
1.562500e-02 9.375000e-03 7.555288e-01 5.644213e-01 7.018367e-01
1.718750e-02 9.375000e-03 7.451792e-01 5.708817e-01 6.990249e-01
1.875000e-02 9.375000e-03 7.337957e-01 5.772837e-01 6.959629e-01
2.031250e-02 9.375000e-03 7.214095e-01 5.836227e-01 6.926558e-01
2.187500e-02 9.375000e-03 7.080547e-01 5.898936e-01 6.891090e-01
2.343750e-02 9.375000e-03 6.937677e-01 5.960918e-01 6.853283e-01
2.500000e-02 9.375000e-03 6.785870e-01 6.022125e-01 6.813200e-01
2.656250e-02 9.375000e-03 6.625534e-01 6.082511e-01 6.770905e-01
2.812500e-02 9.375000e-03 6.457097e-01 6.142030e-01 6.726466e-01
2.968750e-02 9.375000e-03 6.281006e-01 6.200638e-01 6.679956e-01
3.125000e-02 9.375000e-03 6.097728e-01 6.258291e-01 6.631449e-01
3.281250e-02 9.375000e-03 5.907744e-01 6.314945e-01 6.581024e-01
3.437500e-02 9.375000e-03 5.711558e-01 6.370559e-01 6.528762e-01
3.593750e-02 9.375000e-03 5.509676e-01 6.425089e-01 6.474748e-01
3.750000e-02 9.375000e-03 5.302638e-01 6.478502e-01 6.419067e-01
3.906250e-02 9.375000e-03 5.090966e-01 6.530747e-01 6.361811e-01
4.062500e-02 9.375000e-03 4.875244e-01 6.581807e-01 6.303070e-01
4.218750e-02 9.375000e-03 4.655974e-01 6.631611e-01 6.242941e-01
4.375000e-02 9.375000e-03 4.433831e-01 6.680184e-01 6.181516e-01
4.531250e-02 9.375000e-03 4.209208e-01 6.727387e-01 6.118900e-01
4.687500e-02 9.375000e-03 3.983006e-01 6.773370e-01 6.055188e-01
4.843750e-02 9.375000e-03 3.755262e-01 6.817787e-01 5.990488e-01
5.000000e-02 9.375000e-03 3.527518e-01 6.861005e-01 5.924852e-01
0.000000e+00 1.093750e-02 8.051749e-01 4.970555e-01 7.150286e-01
1.562500e-03 1.093750e-02 8.059359e-01 5.042237e-01 7.148850e-01
3.125000e-03 1.093750e-02 8.066969e-01 5.110449e-01 7.144610e-01
4.687500e-03 1.093750e-02 8.054940e-01 5.181927e-01 7.137633e-01
6.250000e-03 1.093750e-02 8.034518e-01 5.251646e-01 7.127910e-01
7.812500e-03 1.093750e-02 8.000705e-01 5.321879e-01 7.115490e-01
9.375000e-03 1.093750e-02 7.955896e-01 5.391545e-01 7.100366e-01
1.093750e-02 1.093750e-02 7.899243e-01 5.461041e-01 7.082568e-01
1.250000e-02 1.093750e-02 7.831373e-01 5.530109e-01 7.062106e-01
1.406250e-02 1.093750e-02 7.752305e-01 5.598777e-01 7.039012e-01
1.562500e-02 1.093750e-02 7.662360e-01 5.666952e-01 7.013317e-01
1.718750e-02 1.093750e-02 7.561769e-01 5.734596e-01 6.985062e-01
1.875000e-02 1.093750e-02 7.450837e-01 5.801650e-01 6.954291e-01
2.031250e-02 1.093750e-02 7.329874e-01 5.868067e-01 6.921055e-01
2.187500e-02 1.093750e-02 7.199222e-01 5.933795e-01 6.885407e-01
2.343750e-02 1.093750e-02 7.059243e-01 5.998787e-01 6.847407e-01
2.500000e-02 1.093750e-02 6.910323e-01 6.062995e-01 6.807116e-01
2.656250e-02 1.093750e-02 6.752870e-01 6.126372e-01 6.764599e-01
2.812500e-02 1.093750e-02 6.587311e-01 6.188873e-01 6.719925e-01
2.968750e-02 1.093750e-02 6.414093e-01 6.250450e-01 6.673166e-01
3.125000e-02 1.093750e-02 6.233682e-01 6.311062e-01 6.624396e-01
3.281250e-02 1.093750e-02 6.046560e-01 6.370662e-01 6.573695e-01
3.437500e-02 1.093750e-02 5.853230e-01 6.429210e-01 6.521144e-01
3.593750e-02 1.093750e-02 5.654198e-01 6.486662e-01 6.466826e-01
3.750000e-02 1.093750e-02 5.450004e-01 6.542983e-01 6.410829e-01
3.906250e-02 1.093750e-02 5.241167e-01 6.598121e-01 6.353243e-01
4.062500e-02 1.093750e-02 5.028275e-01 6.652061e-01 6.294159e-01
4.218750e-02 1.093750e-02 4.811826e-01 6.704728e-01 6.233674e-01
4.375000e-02 1.093750e-02 4.592499e-01 6.756150e-01 6.171881e-01
4.531250e-02 1.093750e-02 4.370680e-01 6.806184e-01 6.108883e-01
4.687500e-02 1.093750e-02 4.147280e-01 6.854983e-01 6.044775e-01
4.843750e-02 1.093750e-02 3.922321e-01 6.902197e-01 5.979669e-01
5.000000e-02 1.093750e-02 3.697363e-01 6.948195e-01 5.913601e-01
0.000000e+00 1.250000e-02 8.129454e-01 4.961571e-01 7.145279e-01
1.562500e-03 1.250000e-02 8.139986e-01 5.036316e-01 7.143845e-01
3.125000e-03 1.250000e-02 8.150519e-01 5.107601e-01 7.139600e-01
4.687500e-03 1.250000e-02 8.141405e-01 5.182150e-01 7.132583e-01
6.250000e-03 1.250000e-02 8.123904e-01 5.254930e-01 7.122801e-01
7.812500e-03 1.250000e-02 8.093003e-01 5.328216e-01 7.110294e-01
9.375000e-03 1.250000e-02 8.051110e-01 5.400926e-01 7.095069e-01
1.093750e-02 1.250000e-02 7.997367e-01 5.473462e-01 7.077156e-01
1.250000e-02 1.250000e-02 7.932409e-01 5.545566e-01 7.056569e-01
1.406250e-02 1.250000e-02 7.856246e-01 5.617269e-01 7.033339e-01
1.562500e-02 1.250000e-02 7.769206e-01 5.688475e-01 7.007496e-01
1.718750e-02 1.250000e-02 7.671515e-01 5.759146e-01 6.979080e-01
1.875000e-02 1.250000e-02 7.563480e-01 5.829219e-01 6.948133e-01
2.031250e-02 1.250000e-02 7.445408e-01 5.898646e-01 6.914706e-01
2.187500e-02 1.250000e-02 7.317643e-01 5.967376e-01 6.878852e-01
2.343750e-02 1.250000e-02 7.180545e-01 6.035358e-01 6.840629e-01
2.500000e-02 1.250000e-02 7.034502e-01 6.102544e-01 6.800098e-01
2.656250e-02 1.250000e-02 6.879918e-01 6.168886e-01 6.757326e-01
2.812500e-02 1.250000e-02 6.717223e-01 6.234338e-01 6.712381e-01
2.968750e-02 1.250000e-02 6.546862e-01 6.298853e-01 6.665335e-01
3.125000e-02 1.250000e-02 6.369301e-01 6.362387e-01 6.616263e-01
3.281250e-02 1.250000e-02 6.185021e-01 6.424893e-01 6.565244e-01
3.437500e-02 1.250000e-02 5.994525e-01 6.486332e-01 6.512359e-01
3.593750e-02 1.250000e-02 5.798318e-01 6.546656e-01 6.457692e-01
3.750000e-02 1.250000e-02 5.596942e-01 6.605831e-01 6.401331e-01
3.906250e-02 1.250000e-02 5.390913e-01 6.663806e-01 6.343366e-01
4.062500e-02 1.250000e-02 5.180821e-01 6.720563e-01 6.283888e-01
4.218750e-02 1.250000e-02 4.967160e-01 6.776026e-01 6.222993e-01
4.375000e-02 1.250000e-02 4.750614e-01 6.830225e-01 6.160776e-01
4.531250e-02 1.250000e-02 4.531561e-01 6.883013e-01 6.097339e-01
4.687500e-02 1.250000e-02 4.310921e-01 6.934545e-01 6.032777e-01
4.843750e-02 1.250000e-02 4.088704e-01 6.984467e-01 5.967204e-01
5.000000e-02 1.250000e-02 3.866487e-01 7.033151e-01 5.900643e-01
0.000000e+00 1.406250e-02 8.206915e-01 4.951404e-01 7.139608e-01
1.562500e-03 1.406250e-02 8.220369e-01 5.029215e-01 7.138174e-01
3.125000e-03 1.406250e-02 8.233823e-01 5.103571e-01 7.133916e-01
4.687500e-03 1.406250e-02 8.227627e-01 5.181189e-01 7.126857e-01
6.250000e-03 1.406250e-02 8.213044e-01 5.257032e-01 7.117014e-01
7.812500e-03 1.406250e-02 8.185057e-01 5.333372e-01 7.104416e-01
9.375000e-03 1.406250e-02 8.146078e-01 5.409126e-01 7.089082e-01
1.093750e-02 1.406250e-02 8.095244e-01 5.484699e-01 7.071040e-01
1.250000e-02 1.406250e-02 8.033193e-01 5.559833e-01 7.050310e-01
1.406250e-02 1.406250e-02 7.959933e-01 5.634561e-01 7.026923e-01
1.562500e-02 1.406250e-02 7.875793e-01 5.708785e-01 7.000910e-01
1.718750e-02 1.406250e-02 7.780996e-01 5.782467e-01 6.972307e-01
1.875000e-02 1.406250e-02 7.675849e-01 5.855543e-01 6.941159e-01
2.031250e-02 1.406250e-02 7.560661e-01 5.927963e-01 6.907514e-01
2.187500e-02 1.406250e-02 7.435773e-01 5.999672e-01 6.871425e-01
2.343750e-02 1.406250e-02 7.301546e-01 6.070621e-01 6.832949e-01
2.500000e-02 1.406250e-02 7.158365e-01 6.140758e-01 6.792148e-01
2.656250e-02 1.406250e-02 7.006637e-01 6.210036e-01 6.749087e-01
2.812500e-02 1.406250e-02 6.846789e-01 6.278406e-01 6.703835e-01
2.968750e-02 1.406250e-02 6.679266e-01 6.345821e-01 6.656465e-01
3.125000e-02 1.406250e-02 6.504535e-01 6.412235e-01 6.607051e-01
3.281250e-02 1.406250e-02 6.323075e-01 6.477602e-01 6.555672e-01
3.437500e-02 1.406250e-02 6.135388e-01 6.541880e-01 6.502411e-01
3.593750e-02 1.406250e-02 5.941980e-01 6.605021e-01 6.447350e-01
3.750000e-02 1.406250e-02 5.743392e-01 6.666992e-01 6.390578e-01
3.906250e-02 1.406250e-02 5.540139e-01 6.727737e-01 6.332185e-01
4.062500e-02 1.406250e-02 5.332811e-01 6.787240e-01 6.272261e-01
4.218750e-02 1.406250e-02 5.121900e-01 6.845424e-01 6.210905e-01
4.375000e-02 1.406250e-02 4.908094e-01 6.902317e-01 6.148208e-01
4.531250e-02 1.406250e-02 4.691764e-01 6.957770e-01 6.084276e-01
4.687500e-02 1.406250e-02 4.473838e-01 7.011942e-01 6.019202e-01
4.843750e-02 1.406250e-02 4.254313e-01 7.064471e-01 5.953102e-01
5.000000e-02 1.406250e-02 4.034787e-01 7.115735e-01 5.885987e-01
0.000000e+00 1.562500e-02 8.284103e-01 4.940063e-01 7.133275e-01
1.562500e-03 1.562500e-02 8.300478e-01 5.020939e-01 7.131838e-01
3.125000e-03 1.562500e-02 8.316853e-01 5.098365e-01 7.127561e-01
4.687500e-03 1.562500e-02 8.313576e-01 5.179050e-01 7.120458e-01
6.250000e-03 1.562500e-02 8.301910e-01 5.257956e-01 7.110548e-01
7.812500e-03 1.562500e-02 8.276837e-01 5.337350e-01 7.097855e-01
9.375000e-03 1.562500e-02 8.240769e-01 5.416147e-01 7.082403e-01
1.093750e-02 1.562500e-02 8.192843e-01 5.494754e-01 7.064220e-01
1.250000e-02 1.562500e-02 8.133696e-01 5.572912e-01 7.043331e-01
1.406250e-02 1.562500e-02 8.063334e-01 5.650655e-01 7.019768e-01
1.562500e-02 1.562500e-02 7.982088e-01 5.727885e-01 6.993561e-01
1.718750e-02 1.562500e-02 7.890178e-01 5.804562e-01 6.964749e-01
1.875000e-02 1.562500e-02 7.787913e-01 5.880622e-01 6.933373e-01
2.031250e-02 1.562500e-02 7.675599e-01 5.956013e-01 6.899483e-01
2.187500e-02 1.562500e-02 7.553577e-01 6.030679e-01 6.863130e-01
2.343750e-02 1.562500e-02 7.422208e-01 6.104567e-01 6.824371e-01
2.500000e-02 1.562500e-02 7.281876e-01 6.177626e-01 6.783267e-01
2.656250e-02 1.562500e-02 7.132987e-01 6.249805e-01 6.739884e-01
2.812500e-02 1.562500e-02 6.975967e-01 6.321055e-01 6.694291e-01
2.968750e-02 1.562500e-02 6.811262e-01 6.391327e-01 6.646559e-01
3.125000e-02 1.562500e-02 6.639337e-01 6.460576e-01 6.596764e-01
3.281250e-02 1.562500e-02 6.460671e-01 6.528751e-01 6.544985e-01
3.437500e-02 1.562500e-02 6.275766e-01 6.595812e-01 6.491303e-01
3.593750e-02 1.562500e-02 6.085126e-01 6.661709e-01 6.435804e-01
3.750000e-02 1.562500e-02 5.889293e-01 6.726407e-01 6.378574e-01
3.906250e-02 1.562500e-02 5.688779e-01 6.789850e-01 6.319704e-01
4.062500e-02 1.562500e-02 5.484178e-01 6.852021e-01 6.259285e-01
4.218750e-02 1.562500e-02 5.275975e-01 6.912839e-01 6.197414e-01
4.375000e-02 1.562500e-02 5.064864e-01 6.972335e-01 6.134185e-01
4.531250e-02 1.562500e-02 4.851207e-01 7.030355e-01 6.069703e-01
4.687500e-02 1.562500e-02 4.635945e-01 7.087062e-01 6.004058e-01
4.843750e-02 1.562500e-02 4.419053e-01 7.142085e-01 5.937373e-01
5.000000e-02 1.562500e-02 4.202161e-01 7.195809e-01 5.869643e-01
0.000000e+00 1.718750e-02 8.360989e-01 4.927552e-01 7.126282e-01
1.562500e-03 1.718750e-02 8.380284e-01 5.011496e-01 7.124840e-01
3.125000e-03 1.718750e-02 8.399579e-01 5.091988e-01 7.120538e-01
4.687500e-03 1.718750e-02 8.399223e-01 5.175740e-01 7.113386e-01
6.250000e-03 1.718750e-02 8.390472e-01 5.257708e-01 7.103403e-01
7.812500e-03 1.718750e-02 8.368312e-01 5.340155e-01 7.090610e-01
9.375000e-03 1.718750e-02 8.335154e-01 5.421995e-01 7.075031e-01
1.093750e-02 1.718750e-02 8.290132e-01 5.503632e-01 7.056697e-01
1.250000e-02 1.718750e-02 8.233885e-01 5.584807e-01 7.035634e-01
1.406250e-02 1.718750e-02 8.166418e-01 5.665555e-01 7.011875e-01
1.562500e-02 1.718750e-02 8.088059e-01 5.745777e-01 6.985453e-01
1.718750e-02 1.718750e-02 7.999030e-01 5.825433e-01 6.956407e-01
1.875000e-02 1.718750e-02 7.899637e-01 5.904457e-01 6.924779e-01
2.031250e-02 1.718750e-02 7.790186e-01 5.982796e-01 6.890616e-01
2.187500e-02 1.718750e-02 7.671018e-01 6.060391e-01 6.853970e-01
2.343750e-02 1.718750e-02 7.542493e-01 6.137189e-01 6.814898e-01
2.500000e-02 1.718750e-02 7.404993e-01 6.213135e-01 6.773460e-01
2.656250e-02 1.718750e-02 7.258925e-01 6.288178e-01 6.729721e-01
2.812500e-02 1.718750e-02 7.104714e-01 6.362266e-01 6.683750e-01
2.968750e-02 1.718750e-02 6.942804e-01 6.435350e-01 6.635619e-01
3.125000e-02 1.718750e-02 6.773660e-01 6.507380e-01 6.585404e-01
3.281250e-02 1.718750e-02 6.597759e-01 6.578308e-01 6.533184e-01
3.437500e-02 1.718750e-02 6.415605e-01 6.648089e-01 6.479040e-01
3.593750e-02 1.718750e-02 6.227700e-01 6.716673e-01 6.423058e-01
3.750000e-02 1.718750e-02 6.034585e-01 6.784024e-01 6.365324e-01
3.906250e-02 1.718750e-02 5.836771e-01 6.850083e-01 6.305929e-01
4.062500e-02 1.718750e-02 5.634852e-01 6.914833e-01 6.244965e-01
4.218750e-02 1.718750e-02 5.429310e-01 6.978192e-01 6.182529e-01
4.375000e-02 1.718750e-02 5.220844e-01 7.040190e-01 6.118714e-01
4.531250e-02 1.718750e-02 5.009806e-01 7.100668e-01 6.053626e-01
4.687500e-02 1.718750e-02 4.797151e-01 7.159793e-01 5.987355e-01
4.843750e-02 1.718750e-02 4.582830e-01 7.217185e-01 5.920028e-01
5.000000e-02 1.718750e-02 4.368509e-01 7.273240e-01 5.851626e-01
0.000000e+00 1.875000e-02 8.437542e-01 4.913881e-01 7.118630e-01
1.562500e-03 1.875000e-02 8.459758e-01 5.000892e-01 7.117181e-01
3.125000e-03 1.875000e-02 8.481973e-01 5.084450e-01 7.112850e-01
4.687500e-03 1.875000e-02 8.484538e-01 5.171267e-01 7.105644e-01
6.250000e-03 1.875000e-02 8.478701e-01 5.256296e-01 7.095581e-01
7.812500e-03 1.875000e-02 8.459454e-01 5.341793e-01 7.082680e-01
9.375000e-03 1.875000e-02 8.429203e-01 5.426672e-01 7.066967e-01
1.093750e-02 1.875000e-02 8.387083e-01 5.511335e-01 7.048469e-01
1.250000e-02 1.875000e-02 8.333732e-01 5.595521e-01 7.027218e-01
1.406250e-02 1.875000e-02 8.269153e-01 5.679264e-01 7.003247e-01
1.562500e-02 1.875000e-02 8.193675e-01 5.762465e-01 6.976590e-01
1.718750e-02 1.875000e-02 8.107518e-01 5.845082e-01 6.947287e-01
1.875000e-02 1.875000e-02 8.010988e-01 5.927049e-01 6.915380e-01
2.031250e-02 1.875000e-02 7.904389e-01 6.008310e-01 6.880917e-01
2.187500e-02 1.875000e-02 7.788061e-01 6.088806e-01 6.843949e-01
2.343750e-02 1.875000e-02 7.662364e-01 6.168480e-01 6.804533e-01
2.500000e-02 1.875000e-02 7.527679e-01 6.247277e-01 6.762728e-01
2.656250e-02 1.875000e-02 7.384412e-01 6.325142e-01 6.718600e-01
2.812500e-02 1.875000e-02 7.232986e-01 6.402022e-01 6.672216e-01
2.968750e-02 1.875000e-02 7.073846e-01 6.477865e-01 6.623650e-01
3.125000e-02 1.875000e-02 6.907455e-01 6.552621e-01 6.572977e-01
3.281250e-02 1.875000e-02 6.734290e-01 6.626238e-01 6.520275e-01
3.437500e-02 1.875000e-02 6.554853e-01 6.698671e-01 6.465626e-01
3.593750e-02 1.875000e-02 6.369645e-01 6.769867e-01 6.409117e-01
3.750000e-02 1.875000e-02 6.179208e-01 6.839788e-01 6.350833e-01
3.906250e-02 1.875000e-02 5.984049e-01 6.908375e-01 6.290867e-01
4.062500e-02 1.875000e-02 5.784766e-01 6.975610e-01 6.229308e-01
4.218750e-02 1.875000e-02 5.581834e-01 7.041405e-01 6.166257e-01
4.375000e-02 1.875000e-02 5.375959e-01 7.105794e-01 6.101804e-01
4.531250e-02 1.875000e-02 5.167480e-01 7.168611e-01 6.036058e-01
4.687500e-02 1.875000e-02 4.957370e-01 7.230029e-01 5.969105e-01
4.843750e-02 1.875000e-02 4.745551e-01 7.289654e-01 5.901079e-01
5.000000e-02 1.875000e-02 4.533732e-01 7.347895e-01 5.831948e-01
0.000000e+00 2.031250e-02 8.513734e-01 4.899056e-01 7.110322e-01
1.562500e-03 2.031250e-02 8.538870e-01 4.989136e-01 7.108864e-01
3.125000e-03 2.031250e-02 8.564005e-01 5.075758e-01 7.104500e-01
4.687500e-03 2.031250e-02 8.569491e-01 5.165639e-01 7.097233e-01
6.250000e-03 2.031250e-02 8.566567e-01 5.253725e-01 7.087084e-01
7.812500e-03 2.031250e-02 8.550231e-01 5.342271e-01 7.074067e-01
9.375000e-03 2.031250e-02 8.522885e-01 5.430186e-01 7.058209e-01
1.093750e-02 2.031250e-02 8.483664e-01 5.517869e-01 7.039538e-01
1.250000e-02 2.031250e-02 8.433204e-01 5.605059e-01 7.018085e-01
1.406250e-02 2.031250e-02 8.371508e-01 5.691786e-01 6.993884e-01
1.562500e-02 2.031250e-02 8.298904e-01 5.777951e-01 6.966973e-01
1.718750e-02 2.031250e-02 8.215610e-01 5.863512e-01 6.937390e-01
1.875000e-02 2.031250e-02 8.121932e-01 5.948398e-01 6.905180e-01
2.031250e-02 2.031250e-02 8.018172e-01 6.032555e-01 6.870390e-01
2.187500e-02 2.031250e-02 7.904670e-01 6.115920e-01 6.833071e-01
2.343750e-02 2.031250e-02 7.781784e-01 6.198435e-01 6.793280e-01
2.500000e-02 2.031250e-02 7.649895e-01 6.280041e-01 6.751076e-01
2.656250e-02 2.031250e-02 7.509407e-01 6.360683e-01 6.706525e-01
2.812500e-02 2.031250e-02 7.360742e-01 6.440304e-01 6.659694e-01
2.968750e-02 2.031250e-02 7.204344e-01 6.518851e-01 6.610655e-01
3.125000e-02 2.031250e-02 7.040676e-01 6.596270e-01 6.559484e-01
3.281250e-02 2.031250e-02 6.870213e-01 6.672508e-01 6.506261e-01
3.437500e-02 2.031250e-02 6.693457e-01 6.747518e-01 6.451066e-01
3.593750e-02 2.031250e-02 6.510906e-01 6.821244e-01 6.393986e-01
3.750000e-02 2.031250e-02 6.323102e-01 6.893648e-01 6.335108e-01
3.906250e-02 2.031250e-02 6.130551e-01 6.964667e-01 6.274523e-01
4.062500e-02 2.031250e-02 5.933852e-01 7.034282e-01 6.212323e-01
4.218750e-02 2.031250e-02 5.733475e-01 7.102402e-01 6.148606e-01
4.375000e-02 2.031250e-02 5.530130e-01 7.169062e-01 6.083464e-01
4.531250e-02 2.031250e-02 5.324146e-01 7.234089e-01 6.017007e-01
4.687500e-02 2.031250e-02 5.116513e-01 7.297664e-01 5.949320e-01
4.843750e-02 2.031250e-02 4.907121e-01 7.359375e-01 5.880539e-01
5.000000e-02 2.031250e-02 4.697730e-01 7.419648e-01 5.810624e-01
0.000000e+00 2.187500e-02 8.589535e-01 4.883088e-01 7.101359e-01
1.562500e-03 2.187500e-02 8.617591e-01 4.976235e-01 7.099891e-01
3.125000e-03 2.187500e-02 8.645646e-01 5.065922e-01 7.095489e-01
4.687500e-03 2.187500e-02 8.654054e-01 5.158864e-01 7.088156e-01
6.250000e-03 2.187500e-02 8.654040e-01 5.250007e-01 7.077913e-01
7.812500e-03 2.187500e-02 8.640615e-01 5.341596e-01 7.064772e-01
9.375000e-03 2.187500e-02 8.616170e-01 5.432543e-01 7.048760e-01
1.093750e-02 2.187500e-02 8.579845e-01 5.523241e-01 7.029904e-01
1.250000e-02 2.187500e-02 8.532271e-01 5.613426e-01 7.008235e-01
1.406250e-02 2.187500e-02 8.473453e-01 5.703126e-01 6.983789e-01
1.562500e-02 2.187500e-02 8.403714e-01 5.792240e-01 6.956604e-01
1.718750e-02 2.187500e-02 8.323274e-01 5.880724e-01 6.926720e-01
1.875000e-02 2.187500e-02 8.232436e-01 5.968507e-01 6.894183e-01
2.031250e-02 2.187500e-02 8.131502e-01 6.055530e-01 6.859039e-01
2.187500e-02 2.187500e-02 8.020810e-01 6.141731e-01 6.821340e-01
2.343750e-02 2.187500e-02 7.900717e-01 6.227048e-01 6.781144e-01
2.500000e-02 2.187500e-02 7.771603e-01 6.311421e-01 6.738509e-01
2.656250e-02 2.187500e-02 7.633869e-01 6.394790e-01 6.693501e-01
2.812500e-02 2.187500e-02 7.487940e-01 6.477098e-01 6.646186e-01
2.968750e-02 2.187500e-02 7.334255e-01 6.558287e-01 6.596638e-01
3.125000e-02 2.187500e-02 7.173276e-01 6.638302e-01 6.544932e-01
3.281250e-02 2.187500e-02 7.005479e-01 6.717087e-01 6.491147e-01
3.437500e-02 2.187500e-02 6.831363e-01 6.794593e-01 6.435365e-01
3.593750e-02 2.187500e-02 6.651425e-01 6.870762e-01 6.377672e-01
3.750000e-02 2.187500e-02 6.466208e-01 6.945553e-01 6.318155e-01
3.906250e-02 2.187500e-02 6.276214e-01 7.018900e-01 6.256906e-01
4.062500e-02 2.187500e-02 6.082043e-01 7.090783e-01 6.194016e-01
4.218750e-02 2.187500e-02 5.884160e-01 7.161108e-01 6.129586e-01
4.375000e-02 2.187500e-02 5.683282e-01 7.229911e-01 6.063705e-01
4.531250e-02 2.187500e-02 5.479723e-01 7.297010e-01 5.996487e-01
4.687500e-02 2.187500e-02 5.274494e-01 7.362595e-01 5.928012e-01
4.843750e-02 2.187500e-02 5.067449e-01 7.426234e-01 5.858423e-01
5.000000e-02 2.187500e-02 4.860405e-01 7.488373e-01 5.787670e-01
0.000000e+00 2.343750e-02 8.664917e-01 4.865986e-01 7.091745e-01
1.562500e-03 2.343750e-02 8.695892e-01 4.962201e-01 7.090265e-01
3.125000e-03 2.343750e-02 8.726867e-01 5.054950e-01 7.085821e-01
4.687500e-03 2.343750e-02 8.738196e-01 5.150953e-01 7.078416e-01
6.250000e-03 2.343750e-02 8.741092e-01 5.245149e-01 7.068072e-01
7.812500e-03 2.343750e-02 8.730576e-01 5.339779e-01 7.054798e-01
9.375000e-03 2.343750e-02 8.709030e-01 5.433752e-01 7.038621e-01
1.093750e-02 2.343750e-02 8.675596e-01 5.527457e-01 7.019567e-01
1.250000e-02 2.343750e-02 8.630904e-01 5.620627e-01 6.997670e-01
1.406250e-02 2.343750e-02 8.574955e-01 5.713288e-01 6.972962e-01
1.562500e-02 2.343750e-02 8.508074e-01 5.805335e-01 6.945485e-01
1.718750e-02 2.343750e-02 8.430477e-01 5.896722e-01 6.915279e-01
1.875000e-02 2.343750e-02 8.342467e-01 5.987376e-01 6.882390e-01
2.031250e-02 2.343750e-02 8.244344e-01 6.077237e-01 6.846866e-01
2.187500e-02 2.343750e-02 8.136445e-01 6.166237e-01 6.808760e-01
2.343750e-02 2.343750e-02 8.019125e-01 6.254316e-01 6.768128e-01
2.500000e-02 2.343750e-02 7.892763e-01 6.341408e-01 6.725031e-01
2.656250e-02 2.343750e-02 7.757759e-01 6.427452e-01 6.679531e-01
2.812500e-02 2.343750e-02 7.614536e-01 6.512387e-01 6.631699e-01
2.968750e-02 2.343750e-02 7.463532e-01 6.596153e-01 6.581605e-01
3.125000e-02 2.343750e-02 7.305208e-01 6.678692e-01 6.529326e-01
3.281250e-02 2.343750e-02 7.140037e-01 6.759946e-01 6.474940e-01
3.437500e-02 2.343750e-02 6.968519e-01 6.839861e-01 6.418530e-01
3.593750e-02 2.343750e-02 6.791148e-01 6.918378e-01 6.360181e-01
3.750000e-02 2.343750e-02 6.608466e-01 6.995453e-01 6.299981e-01
3.906250e-02 2.343750e-02 6.420973e-01 7.071018e-01 6.238024e-01
4.062500e-02 2.343750e-02 6.229271e-01 7.145051e-01 6.174398e-01
4.218750e-02 2.343750e-02 6.033818e-01 7.217451e-01 6.109207e-01
4.375000e-02 2.343750e-02 5.835338e-01 7.288260e-01 6.042538e-01
4.531250e-02 2.343750e-02 5.634130e-01 7.357283e-01 5.974508e-01
4.687500e-02 2.343750e-02 5.431227e-01 7.424721e-01 5.905194e-01
4.843750e-02 2.343750e-02 5.226443e-01 7.490121e-01 5.834747e-01
5.000000e-02 2.343750e-02 5.021659e-01 7.553949e-01 5.763104e-01
0.000000e+00 2.500000e-02 8.739850e-01 4.847759e-01 7.081481e-01
1.562500e-03 2.500000e-02 8.773744e-01 4.947042e-01 7.079988e-01
3.125000e-03 2.500000e-02 8.807639e-01 5.042853e-01 7.075498e-01
4.687500e-03 2.500000e-02 8.821889e-01 5.141915e-01 7.068016e-01
6.250000e-03 2.500000e-02 8.827693e-01 5.239162e-01 7.057562e-01
7.812500e-03 2.500000e-02 8.820085e-01 5.336828e-01 7.044146e-01
9.375000e-03 2.500000e-02 8.801434e-01 5.433822e-01 7.027794e-01
1.093750e-02 2.500000e-02 8.770888e-01 5.530525e-01 7.008531e-01
1.250000e-02 2.500000e-02 8.729071e-01 5.626670e-01 6.986390e-01
1.406250e-02 2.500000e-02 8.675986e-01 5.722278e-01 6.961405e-01
1.562500e-02 2.500000e-02 8.611952e-01 5.817240e-01 6.933618e-01
1.718750e-02 2.500000e-02 8.537187e-01 5.911509e-01 6.903069e-01
1.875000e-02 2.500000e-02 8.451992e-01 6.005008e-01 6.869806e-01
2.031250e-02 2.500000e-02 8.356664e-01 6.097673e-01 6.833877e-01
2.187500e-02 2.500000e-02 8.251540e-01 6.189437e-01 6.795335e-01
2.343750e-02 2.500000e-02 8.136972e-01 6.280233e-01 6.754238e-01
2.500000e-02 2.500000e-02 8.013338e-01 6.369995e-01 6.710646e-01
2.656250e-02 2.500000e-02 7.881038e-01 6.458658e-01 6.664623e-01
2.812500e-02 2.500000e-02 7.740490e-01 6.546157e-01 6.616237e-01
2.968750e-02 2.500000e-02 7.592133e-01 6.632431e-01 6.565561e-01
3.125000e-02 2.500000e-02 7.436426e-01 6.717417e-01 6.512671e-01
3.281250e-02 2.500000e-02 7.273840e-01 6.801054e-01 6.457645e-01
3.437500e-02 2.500000e-02 7.104874e-01 6.883287e-01 6.400566e-01
3.593750e-02 2.500000e-02 6.930020e-01 6.964051e-01 6.341520e-01
3.750000e-02 2.500000e-02 6.749819e-01 7.043302e-01 6.280595e-01
3.906250e-02 2.500000e-02 6.564769e-01 7.120966e-01 6.217884e-01
4.062500e-02 2.500000e-02 6.375472e-01 7.197021e-01 6.153478e-01
4.218750e-02 2.500000e-02 6.182379e-01 7.271362e-01 6.087479e-01
4.375000e-02 2.500000e-02 5.986225e-01 7.344029e-01 6.019976e-01
4.531250e-02 2.500000e-02 5.787287e-01 7.414820e-01 5.951085e-01
4.687500e-02 2.500000e-02 5.586627e-01 7.483946e-01 5.880884e-01
4.843750e-02 2.500000e-02 5.384012e-01 7.550929e-01 5.809527e-01
5.000000e-02 2.500000e-02 5.181396e-01 7.616260e-01 5.736945e-01
0.000000e+00 2.656250e-02 8.814306e-01 4.828420e-01 7.070571e-01
1.562500e-03 2.656250e-02 8.851119e-01 4.930771e-01 7.069063e-01
3.125000e-03 2.656250e-02 8.887933e-01 5.029642e-01 7.064524e-01
4.687500e-03 2.656250e-02 8.905104e-01 5.131762e-01 7.056958e-01
6.250000e-03 2.656250e-02 8.913814e-01 5.232057e-01 7.046388e-01
7.812500e-03 2.656250e-02 8.909112e-01 5.332754e-01 7.032819e-01
9.375000e-03 2.656250e-02 8.893353e-01 5.432762e-01 7.016281e-01
1.093750e-02 2.656250e-02 8.865691e-01 5.532455e-01 6.996796e-01
1.250000e-02 2.656250e-02 8.826743e-01 5.631563e-01 6.974397e-01
1.406250e-02 2.656250e-02 8.776513e-01 5.730103e-01 6.949120e-01
1.562500e-02 2.656250e-02 8.715318e-01 5.827963e-01 6.921004e-01
1.718750e-02 2.656250e-02 8.643373e-01 5.925090e-01 6.890092e-01
1.875000e-02 2.656250e-02 8.560978e-01 6.021405e-01 6.856431e-01
2.031250e-02 2.656250e-02 8.468429e-01 6.116842e-01 6.820072e-01
2.187500e-02 2.656250e-02 8.366059e-01 6.211329e-01 6.781068e-01
2.343750e-02 2.656250e-02 8.254221e-01 6.304797e-01 6.739477e-01
2.500000e-02 2.656250e-02 8.133290e-01 6.397176e-01 6.695358e-01
2.656250e-02 2.656250e-02 8.003663e-01 6.488398e-01 6.648779e-01
2.812500e-02 2.656250e-02 7.865759e-01 6.578396e-01 6.599805e-01
2.968750e-02 2.656250e-02 7.720012e-01 6.667102e-01 6.548512e-01
3.125000e-02 2.656250e-02 7.566882e-01 6.754454e-01 6.494973e-01
3.281250e-02 2.656250e-02 7.406837e-01 6.840385e-01 6.439268e-01
3.437500e-02 2.656250e-02 7.240374e-01 6.924837e-01 6.381481e-01
3.593750e-02 2.656250e-02 7.067984e-01 7.007742e-01 6.321697e-01
3.750000e-02 2.656250e-02 6.890207e-01 7.089053e-01 6.260004e-01
3.906250e-02 2.656250e-02 6.707536e-01 7.168691e-01 6.196497e-01
4.062500e-02 2.656250e-02 6.520577e-01 7.246634e-01 6.131266e-01
4.218750e-02 2.656250e-02 6.329772e-01 7.322770e-01 6.064414e-01
4.375000e-02 2.656250e-02 6.135865e-01 7.397143e-01 5.996029e-01
4.531250e-02 2.656250e-02 5.939114e-01 7.469537e-01 5.926232e-01
4.687500e-02 2.656250e-02 5.740609e-01 7.540176e-01 5.855095e-01
4.843750e-02 2.656250e-02 5.540064e-01 7.608554e-01 5.782780e-01
5.000000e-02 2.656250e-02 5.339520e-01 7.675192e-01 5.709212e-01
0.000000e+00 2.812500e-02 8.888256e-01 4.807979e-01 7.059018e-01
1.562500e-03 2.812500e-02 8.927989e-01 4.913398e-01 7.057493e-01
3.125000e-03 2.812500e-02 8.967721e-01 5.015329e-01 7.052902e-01
4.687500e-03 2.812500e-02 8.987812e-01 5.120506e-01 7.045247e-01
6.250000e-03 2.812500e-02 8.999428e-01 5.223845e-01 7.034551e-01
7.812500e-03 2.812500e-02 8.997629e-01 5.327568e-01 7.020822e-01
9.375000e-03 2.812500e-02 8.984759e-01 5.430583e-01 7.004086e-01
1.093750e-02 2.812500e-02 8.959976e-01 5.533257e-01 6.984366e-01
1.250000e-02 2.812500e-02 8.923891e-01 5.635316e-01 6.961695e-01
1.406250e-02 2.812500e-02 8.876507e-01 5.736771e-01 6.936108e-01
1.562500e-02 2.812500e-02 8.818141e-01 5.837508e-01 6.907645e-01
1.718750e-02 2.812500e-02 8.749004e-01 5.937469e-01 6.876350e-01
1.875000e-02 2.812500e-02 8.669394e-01 6.036571e-01 6.842271e-01
2.031250e-02 2.812500e-02 8.579605e-01 6.134744e-01 6.805457e-01
2.187500e-02 2.812500e-02 8.479970e-01 6.231913e-01 6.765964e-01
2.343750e-02 2.812500e-02 8.370838e-01 6.328004e-01 6.723849e-01
2.500000e-02 2.812500e-02 8.252582e-01 6.422945e-01 6.679174e-01
2.656250e-02 2.812500e-02 8.125598e-01 6.516664e-01 6.632005e-01
2.812500e-02 2.812500e-02 7.990303e-01 6.609090e-01 6.582411e-01
2.968750e-02 2.812500e-02 7.847128e-01 6.700152e-01 6.530463e-01
3.125000e-02 2.812500e-02 7.696533e-01 6.789783e-01 6.476239e-01
3.281250e-02 2.812500e-02 7.538982e-01 6.877913e-01 6.419818e-01
3.437500e-02 2.812500e-02 7.374971e-01 6.964480e-01 6.361282e-01
3.593750e-02 2.812500e-02 7.204988e-01 7.049413e-01 6.300720e-01
3.750000e-02 2.812500e-02 7.029574e-01 7.132662e-01 6.238219e-01
3.906250e-02 2.812500e-02 6.849216e-01 7.214142e-01 6.173873e-01
4.062500e-02 2.812500e-02 6.664524e-01 7.293833e-01 6.107773e-01
4.218750e-02 2.812500e-02 6.475929e-01 7.371611e-01 6.040024e-01
4.375000e-02 2.812500e-02 6.284188e-01 7.447528e-01 5.970714e-01
4.531250e-02 2.812500e-02 6.089534e-01 7.521351e-01 5.899964e-01
4.687500e-02 2.812500e-02 5.893091e-01 7.593320e-01 5.827846e-01
4.843750e-02 2.812500e-02 5.694515e-01 7.662897e-01 5.754527e-01
5.000000e-02 2.812500e-02 5.495938e-01 7.730637e-01 5.679925e-01
0.000000e+00 2.968750e-02 8.961672e-01 4.786449e-01 7.046823e-01
1.562500e-03 2.968750e-02 9.004323e-01 4.894936e-01 7.045281e-01
3.125000e-03 2.968750e-02 9.046974e-01 4.999927e-01 7.040634e-01
4.687500e-03 2.968750e-02 9.069985e-01 5.108157e-01 7.032884e-01
6.250000e-03 2.968750e-02 9.084504e-01 5.214538e-01 7.022056e-01
7.812500e-03 2.968750e-02 9.085606e-01 5.321283e-01 7.008155e-01
9.375000e-03 2.968750e-02 9.075622e-01 5.427297e-01 6.991210e-01
1.093750e-02 2.968750e-02 9.053712e-01 5.532941e-01 6.971242e-01
1.250000e-02 2.968750e-02 9.020483e-01 5.637937e-01 6.948284e-01
1.406250e-02 2.968750e-02 8.975938e-01 5.742291e-01 6.922372e-01
1.562500e-02 2.968750e-02 8.920388e-01 5.845883e-01 6.893544e-01
1.718750e-02 2.968750e-02 8.854046e-01 5.948652e-01 6.861846e-01
1.875000e-02 2.968750e-02 8.777205e-01 6.050509e-01 6.827325e-01
2.031250e-02 2.968750e-02 8.690159e-01 6.151381e-01 6.790033e-01
2.187500e-02 2.968750e-02 8.593236e-01 6.251188e-01 6.750024e-01
2.343750e-02 2.968750e-02 8.486784e-01 6.349852e-01 6.707358e-01
2.500000e-02 2.968750e-02 8.371175e-01 6.447297e-01 6.662097e-01
2.656250e-02 2.968750e-02 8.246802e-01 6.543447e-01 6.614307e-01
2.812500e-02 2.968750e-02 8.114078e-01 6.638227e-01 6.564057e-01
2.968750e-02 2.968750e-02 7.973436e-01 6.731562e-01 6.511421e-01
3.125000e-02 2.968750e-02 7.825329e-01 6.823381e-01 6.456475e-01
3.281250e-02 2.968750e-02 7.670222e-01 6.913611e-01 6.399300e-01
3.437500e-02 2.968750e-02 7.508609e-01 7.002185e-01 6.339978e-01
3.593750e-02 2.968750e-02 7.340975e-01 7.089028e-01 6.278597e-01
3.750000e-02 2.968750e-02 7.167859e-01 7.174086e-01 6.215246e-01
3.906250e-02 2.968750e-02 6.989744e-01 7.257271e-01 6.150020e-01
4.062500e-02 2.968750e-02 6.807244e-01 7.338559e-01 6.083010e-01
4.218750e-02 2.968750e-02 6.620778e-01 7.417822e-01 6.014322e-01
4.375000e-02 2.968750e-02 6.431115e-01 7.495112e-01 5.944042e-01
4.531250e-02 2.968750e-02 6.238464e-01 7.570183e-01 5.872296e-01
4.687500e-02 2.968750e-02 6.043985e-01 7.643291e-01 5.799151e-01
4.843750e-02 2.968750e-02 5.847269e-01 7.713862e-01 5.724784e-01
5.000000e-02 2.968750e-02 5.650553e-01 7.782489e-01 5.649108e-01
0.000000e+00 3.125000e-02 9.034525e-01 4.763843e-01 7.033992e-01
1.562500e-03 3.125000e-02 9.080095e-01 4.875398e-01 7.032431e-01
3.125000e-03 3.125000e-02 9.125665e-01 4.983447e-01 7.027724e-01
4.687500e-03 3.125000e-02 9.151595e-01 5.094730e-01 7.019874e-01
6.250000e-03 3.125000e-02 9.169016e-01 5.204150e-01 7.008906e-01
7.812500e-03 3.125000e-02 9.173017e-01 5.313910e-01 6.994825e-01
9.375000e-03 3.125000e-02 9.165914e-01 5.422915e-01 6.977659e-01
1.093750e-02 3.125000e-02 9.146872e-01 5.531518e-01 6.957429e-01
1.250000e-02 3.125000e-02 9.116492e-01 5.639437e-01 6.934170e-01
1.406250e-02 3.125000e-02 9.074776e-01 5.746671e-01 6.907915e-01
1.562500e-02 3.125000e-02 9.022033e-01 5.853096e-01 6.878705e-01
1.718750e-02 3.125000e-02 8.958471e-01 5.958645e-01 6.846583e-01
1.875000e-02 3.125000e-02 8.884383e-01 6.063225e-01 6.811599e-01
2.031250e-02 3.125000e-02 8.800059e-01 6.166756e-01 6.773804e-01
2.187500e-02 3.125000e-02 8.705825e-01 6.269154e-01 6.733255e-01
2.343750e-02 3.125000e-02 8.602027e-01 6.370338e-01 6.690010e-01
2.500000e-02 3.125000e-02 8.489035e-01 6.470227e-01 6.644133e-01
2.656250e-02 3.125000e-02 8.367238e-01 6.568739e-01 6.595691e-01
2.812500e-02 3.125000e-02 8.237049e-01 6.665796e-01 6.544753e-01
2.968750e-02 3.125000e-02 8.098895e-01 6.761318e-01 6.491394e-01
3.125000e-02 3.125000e-02 7.953231e-01 6.855231e-01 6.435691e-01
3.281250e-02 3.125000e-02 7.800516e-01 6.947455e-01 6.377724e-01
3.437500e-02 3.125000e-02 7.641244e-01 7.037922e-01 6.317578e-01
3.593750e-02 3.125000e-02 7.475896e-01 7.126551e-01 6.255341e-01
3.750000e-02 3.125000e-02 7.305011e-01 7.213284e-01 6.191101e-01
3.906250e-02 3.125000e-02 7.129067e-01 7.298029e-01 6.124955e-01
4.062500e-02 3.125000e-02 6.948679e-01 7.380760e-01 6.056993e-01
4.218750e-02 3.125000e-02 6.764257e-01 7.461341e-01 5.987323e-01
4.375000e-02 3.125000e-02 6.576582e-01 7.539827e-01 5.916033e-01
4.531250e-02 3.125000e-02 6.385837e-01 7.615957e-01 5.843249e-01
4.687500e-02 3.125000e-02 6.193220e-01 7.690004e-01 5.769035e-01
4.843750e-02 3.125000e-02 5.998251e-01 7.761356e-01 5.693576e-01
5.000000e-02 3.125000e-02 5.803282e-01 7.830648e-01 5.616784e-01
0.000000e+00 3.281250e-02 9.106788e-01 4.740174e-01 7.020527e-01
1.562500e-03 3.281250e-02 9.155276e-01 4.854798e-01 7.018945e-01
3.125000e-03 3.281250e-02 9.203763e-01 4.965904e-01 7.014176e-01
4.687500e-03 3.281250e-02 9.232612e-01 5.080239e-01 7.006220e-01
6.250000e-03 3.281250e-02 9.252932e-01 5.192693e-01 6.995104e-01
7.812500e-03 3.281250e-02 9.259830e-01 5.305463e-01 6.980832e-01
9.375000e-03 3.281250e-02 9.255603e-01 5.417451e-01 6.963434e-01
1.093750e-02 3.281250e-02 9.239425e-01 5.529001e-01 6.942929e-01
1.250000e-02 3.281250e-02 9.211886e-01 5.639827e-01 6.919353e-01
1.406250e-02 3.281250e-02 9.172989e-01 5.749922e-01 6.892739e-01
1.562500e-02 3.281250e-02 9.123040e-01 5.859156e-01 6.863127e-01
1.718750e-02 3.281250e-02 9.062244e-01 5.967455e-01 6.830562e-01
1.875000e-02 3.281250e-02 8.990890e-01 6.074722e-01 6.795093e-01
2.031250e-02 3.281250e-02 8.909267e-01 6.180872e-01 6.756772e-01
2.187500e-02 3.281250e-02 8.817698e-01 6.285814e-01 6.715656e-01
2.343750e-02 3.281250e-02 8.716527e-01 6.389462e-01 6.671805e-01
2.500000e-02 3.281250e-02 8.606119e-01 6.491730e-01 6.625283e-01
2.656250e-02 3.281250e-02 8.486862e-01 6.592533e-01 6.576158e-01
2.812500e-02 3.281250e-02 8.359166e-01 6.691786e-01 6.524500e-01
2.968750e-02 3.281250e-02 8.223457e-01 6.789406e-01 6.470385e-01
3.125000e-02 3.281250e-02 8.080185e-01 6.885313e-01 6.413889e-01
3.281250e-02 3.281250e-02 7.929807e-01 6.979423e-01 6.355096e-01
3.437500e-02 3.281250e-02 7.772816e-01 7.071664e-01 6.294088e-01
3.593750e-02 3.281250e-02 7.609688e-01 7.161949e-01 6.230956e-01
3.750000e-02 3.281250e-02 7.440963e-01 7.250218e-01 6.165788e-01
3.906250e-02 3.281250e-02 7.267111e-01 7.336372e-01 6.098682e-01
4.062500e-02 3.281250e-02 7.088753e-01 7.420385e-01 6.029729e-01
4.218750e-02 3.281250e-02 6.906286e-01 7.502109e-01 5.959038e-01
4.375000e-02 3.281250e-02 6.720505e-01 7.581608e-01 5.886695e-01
4.531250e-02 3.281250e-02 6.531561e-01 7.658600e-01 5.812832e-01
4.687500e-02 3.281250e-02 6.340698e-01 7.733381e-01 5.737510e-01
4.843750e-02 3.281250e-02 6.147358e-01 7.805293e-01 5.660919e-01
5.000000e-02 3.281250e-02 5.954017e-01 7.875018e-01 5.582976e-01
0.000000e+00 3.437500e-02 9.178433e-01 4.715457e-01 7.006431e-01
1.562500e-03 3.437500e-02 9.229839e-01 4.833149e-01 7.004829e-01
3.125000e-03 3.437500e-02 9.281245e-01 4.947311e-01 6.999994e-01
4.687500e-03 3.437500e-02 9.313012e-01 5.064696e-01 6.991927e-01
6.250000e-03 3.437500e-02 9.336231e-01 5.180181e-01 6.980656e-01
7.812500e-03 3.437500e-02 9.346022e-01 5.295956e-01 6.966184e-01
9.375000e-03 3.437500e-02 9.344669e-01 5.410918e-01 6.948542e-01
1.093750e-02 3.437500e-02 9.331347e-01 5.525403e-01 6.927749e-01
1.250000e-02 3.437500e-02 9.306642e-01 5.639120e-01 6.903841e-01
1.406250e-02 3.437500e-02 9.270555e-01 5.752055e-01 6.876850e-01
1.562500e-02 3.437500e-02 9.223386e-01 5.864073e-01 6.846819e-01
1.718750e-02 3.437500e-02 9.165341e-01 5.975092e-01 6.813790e-01
1.875000e-02 3.437500e-02 9.096703e-01 6.085009e-01 6.777815e-01
2.031250e-02 3.437500e-02 9.017760e-01 6.193733e-01 6.738944e-01
2.187500e-02 3.437500e-02 8.928832e-01 6.301168e-01 6.697237e-01
2.343750e-02 3.437500e-02 8.830257e-01 6.407222e-01 6.652754e-01
2.500000e-02 3.437500e-02 8.722401e-01 6.511804e-01 6.605559e-01
2.656250e-02 3.437500e-02 8.605647e-01 6.614822e-01 6.555721e-01
2.812500e-02 3.437500e-02 8.480403e-01 6.716188e-01 6.503311e-01
2.968750e-02 3.437500e-02 8.347091e-01 6.815812e-01 6.448407e-01
3.125000e-02 3.437500e-02 8.206159e-01 6.913609e-01 6.391085e-01
3.281250e-02 3.437500e-02 8.058063e-01 7.009492e-01 6.331429e-01
3.437500e-02 3.437500e-02 7.903290e-01 7.103383e-01 6.269524e-01
3.593750e-02 3.437500e-02 7.742315e-01 7.195189e-01 6.205460e-01
3.750000e-02 3.437500e-02 7.575676e-01 7.284849e-01 6.139327e-01
3.906250e-02 3.437500e-02 7.403838e-01 7.372255e-01 6.071224e-01
4.062500e-02 3.437500e-02 7.227425e-01 7.457382e-01 6.001241e-01
4.218750e-02 3.437500e-02 7.046819e-01 7.540071e-01 5.929491e-01
4.375000e-02 3.437500e-02 6.862833e-01 7.620392e-01 5.856058e-01
4.531250e-02 3.437500e-02 6.675584e-01 7.698043e-01 5.781078e-01
4.687500e-02 3.437500e-02 6.486365e-01 7.773343e-01 5.704609e-01
4.843750e-02 3.437500e-02 6.294532e-01 7.845587e-01 5.626847e-01
5.000000e-02 3.437500e-02 6.102698e-01 7.915510e-01 5.547710e-01
0.000000e+00 3.593750e-02 9.249431e-01 4.689707e-01 6.991710e-01
1.562500e-03 3.593750e-02 9.303754e-01 4.810468e-01 6.990084e-01
3.125000e-03 3.593750e-02 9.358076e-01 4.927685e-01 6.985178e-01
4.687500e-03 3.593750e-02 9.392761e-01 5.048117e-01 6.976994e-01
6.250000e-03 3.593750e-02 9.418875e-01 5.166631e-01 6.965560e-01
7.812500e-03 3.593750e-02 9.431557e-01 5.285403e-01 6.950879e-01
9.375000e-03 3.593750e-02 9.433071e-01 5.403330e-01 6.932981e-01
1.093750e-02 3.593750e-02 9.422599e-01 5.520737e-01 6.911887e-01
1.250000e-02 3.593750e-02 9.400719e-01 5.637329e-01 6.887631e-01
1.406250e-02 3.593750e-02 9.367431e-01 5.753083e-01 6.860247e-01
1.562500e-02 3.593750e-02 9.323030e-01 5.867856e-01 6.829777e-01
1.718750e-02 3.593750e-02 9.267718e-01 5.981562e-01 6.796265e-01
1.875000e-02 3.593750e-02 9.201777e-01 6.094091e-01 6.759760e-01
2.031250e-02 3.593750e-02 9.125490e-01 6.205344e-01 6.720317e-01
2.187500e-02 3.593750e-02 9.039175e-01 6.315220e-01 6.677993e-01
2.343750e-02 3.593750e-02 8.943166e-01 6.423620e-01 6.632850e-01
2.500000e-02 3.593750e-02 8.837826e-01 6.530446e-01 6.584954e-01
2.656250e-02 3.593750e-02 8.723535e-01 6.635601e-01 6.534374e-01
2.812500e-02 3.593750e-02 8.600698e-01 6.738992e-01 6.481182e-01
2.968750e-02 3.593750e-02 8.469734e-01 6.840523e-01 6.425455e-01
3.125000e-02 3.593750e-02 8.331088e-01 6.940104e-01 6.367274e-01
3.281250e-02 3.593750e-02 8.185212e-01 7.037642e-01 6.306721e-01
3.437500e-02 3.593750e-02 8.032592e-01 7.133054e-01 6.243884e-01
3.593750e-02 3.593750e-02 7.873697e-01 7.226243e-01 6.178852e-01
3.750000e-02 3.593750e-02 7.709067e-01 7.317143e-01 6.111717e-01
3.906250e-02 3.593750e-02 7.539157e-01 7.405639e-01 6.042578e-01
4.062500e-02 3.593750e-02 7.364597e-01 7.491705e-01 5.971529e-01
4.218750e-02 3.593750e-02 7.185755e-01 7.575175e-01 5.898681e-01
4.375000e-02 3.593750e-02 7.003460e-01 7.656120e-01 5.824121e-01
4.531250e-02 3.593750e-02 6.817795e-01 7.734221e-01 5.747986e-01
4.687500e-02 3.593750e-02 6.630102e-01 7.809820e-01 5.670332e-01
4.843750e-02 3.593750e-02 6.439646e-01 7.882163e-01 5.591363e-01
5.000000e-02 3.593750e-02 6.249190e-01 7.952038e-01 5.511012e-01
0.000000e+00 3.750000e-02 9.319758e-01 4.662939e-01 6.976365e-01
1.562500e-03 3.750000e-02 9.377000e-01 4.786768e-01 6.974717e-01
3.125000e-03 3.750000e-02 9.434241e-01 4.907038e-01 6.969740e-01
4.687500e-03 3.750000e-02 9.471844e-01 5.030517e-01 6.961434e-01
6.250000e-03 3.750000e-02 9.500852e-01 5.152055e-01 6.949830e-01
7.812500e-03 3.750000e-02 9.516422e-01 5.273818e-01 6.934930e-01
9.375000e-03 3.750000e-02 9.520800e-01 5.394700e-01 6.916765e-01
1.093750e-02 3.750000e-02 9.513173e-01 5.515017e-01 6.895356e-01
1.250000e-02 3.750000e-02 9.494110e-01 5.634465e-01 6.870738e-01
1.406250e-02 3.750000e-02 9.463610e-01 5.753015e-01 6.842944e-01
1.562500e-02 3.750000e-02 9.421963e-01 5.870517e-01 6.812017e-01
1.718750e-02 3.750000e-02 9.369369e-01 5.986877e-01 6.778001e-01
1.875000e-02 3.750000e-02 9.306105e-01 6.101976e-01 6.740947e-01
2.031250e-02 3.750000e-02 9.232452e-01 6.215711e-01 6.700908e-01
2.187500e-02 3.750000e-02 9.148722e-01 6.327972e-01 6.657943e-01
2.343750e-02 3.750000e-02 9.055248e-01 6.438653e-01 6.612115e-01
2.500000e-02 3.750000e-02 8.952389e-01 6.547652e-01 6.563490e-01
2.656250e-02 3.750000e-02 8.840521e-01 6.654864e-01 6.512139e-01
2.812500e-02 3.750000e-02 8.720046e-01 6.760189e-01 6.458135e-01
2.968750e-02 3.750000e-02 8.591380e-01 6.863526e-01 6.401556e-01
3.125000e-02 3.750000e-02 8.454965e-01 6.964780e-01 6.342483e-01
3.281250e-02 3.750000e-02 8.311248e-01 7.063851e-01 6.281001e-01
3.437500e-02 3.750000e-02 8.160714e-01 7.160651e-01 6.217197e-01
3.593750e-02 3.750000e-02 8.003828e-01 7.255078e-01 6.151164e-01
3.750000e-02 3.750000e-02 7.841127e-01 7.347062e-01 6.082992e-01
3.906250e-02 3.750000e-02 7.673061e-01 7.436481e-01 6.012785e-01
4.062500e-02 3.750000e-02 7.500264e-01 7.523308e-01 5.940634e-01
4.218750e-02 3.750000e-02 7.323087e-01 7.607366e-01 5.866654e-01
4.375000e-02 3.750000e-02 7.142379e-01 7.688734e-01 5.790932e-01
4.531250e-02 3.750000e-02 6.958183e-01 7.767069e-01 5.713609e-01
4.687500e-02 3.750000e-02 6.771899e-01 7.842741e-01 5.634737e-01
4.843750e-02 3.750000e-02 6.582692e-01 7.914940e-01 5.554528e-01
5.000000e-02 3.750000e-02 6.393484e-01 7.984520e-01 5.472911e-01
0.000000e+00 3.906250e-02 9.389382e-01 4.635170e-01 6.960403e-01
1.562500e-03 3.906250e-02 9.449537e-01 4.762068e-01 6.958727e-01
3.125000e-03 3.906250e-02 9.509693e-01 4.885392e-01 6.953671e-01
4.687500e-03 3.906250e-02 9.550210e-01 5.011914e-01 6.945237e-01
6.250000e-03 3.906250e-02 9.582108e-01 5.136472e-01 6.933455e-01
7.812500e-03 3.906250e-02 9.600563e-01 5.261220e-01 6.918326e-01
9.375000e-03 3.906250e-02 9.607798e-01 5.385047e-01 6.899882e-01
1.093750e-02 3.906250e-02 9.603008e-01 5.508259e-01 6.878144e-01
1.250000e-02 3.906250e-02 9.586752e-01 5.630545e-01 6.853147e-01
1.406250e-02 3.906250e-02 9.559026e-01 5.751867e-01 6.824926e-01
1.562500e-02 3.906250e-02 9.520118e-01 5.872069e-01 6.793523e-01
1.718750e-02 3.906250e-02 9.470223e-01 5.991046e-01 6.758983e-01
1.875000e-02 3.906250e-02 9.409615e-01 6.108674e-01 6.721356e-01
2.031250e-02 3.906250e-02 9.338568e-01 6.224841e-01 6.680698e-01
2.187500e-02 3.906250e-02 9.257394e-01 6.339430e-01 6.637067e-01
2.343750e-02 3.906250e-02 9.166421e-01 6.452328e-01 6.590528e-01
2.500000e-02 3.906250e-02 9.066003e-01 6.563424e-01 6.541146e-01
2.656250e-02 3.906250e-02 8.956514e-01 6.672608e-01 6.488995e-01
2.812500e-02 3.906250e-02 8.838352e-01 6.779774e-01 6.434149e-01
2.968750e-02 3.906250e-02 8.711928e-01 6.884813e-01 6.376686e-01
3.125000e-02 3.906250e-02 8.577683e-01 6.987625e-01 6.316689e-01
3.281250e-02 3.906250e-02 8.436058e-01 7.088102e-01 6.254244e-01
3.437500e-02 3.906250e-02 8.287538e-01 7.186155e-01 6.189440e-01
3.593750e-02 3.906250e-02 8.132580e-01 7.281671e-01 6.122370e-01
3.750000e-02 3.906250e-02 7.971723e-01 7.374578e-01 6.053127e-01
3.906250e-02 3.906250e-02 7.805408e-01 7.464748e-01 5.981815e-01
4.062500e-02 3.906250e-02 7.634272e-01 7.552153e-01 5.908527e-01
4.218750e-02 3.906250e-02 7.458654e-01 7.636602e-01 5.833380e-01
4.375000e-02 3.906250e-02 7.279418e-01 7.718184e-01 5.756461e-01
4.531250e-02 3.906250e-02 7.096569e-01 7.796532e-01 5.677915e-01
4.687500e-02 3.906250e-02 6.911566e-01 7.872046e-01 5.597791e-01
4.843750e-02 3.906250e-02 6.723467e-01 7.943857e-01 5.516308e-01
5.000000e-02 3.906250e-02 6.535368e-01 8.012882e-01 5.433434e-01
0.000000e+00 4.062500e-02 9.458286e-01 4.606415e-01 6.943826e-01
1.562500e-03 4.062500e-02 9.521363e-01 4.736379e-01 6.942129e-01
3.125000e-03 4.062500e-02 9.584440e-01 4.862755e-01 6.936997e-01
4.687500e-03 4.062500e-02 9.627875e-01 4.992320e-01 6.928432e-01
6.250000e-03 4.062500e-02 9.662664e-01 5.119894e-01 6.916465e-01
7.812500e-03 4.062500e-02 9.684001e-01 5.247620e-01 6.901099e-01
9.375000e-03 4.062500e-02 9.694091e-01 5.374383e-01 6.882365e-01
1.093750e-02 4.062500e-02 9.692132e-01 5.500475e-01 6.860286e-01
1.250000e-02 4.062500e-02 9.678675e-01 5.625581e-01 6.834897e-01
1.406250e-02 4.062500e-02 9.653714e-01 5.749651e-01 6.806232e-01
1.562500e-02 4.062500e-02 9.617531e-01 5.872521e-01 6.774334e-01
1.718750e-02 4.062500e-02 9.570318e-01 5.994079e-01 6.739250e-01
1.875000e-02 4.062500e-02 9.512345e-01 6.114192e-01 6.701030e-01
2.031250e-02 4.062500e-02 9.443881e-01 6.232739e-01 6.659730e-01
2.187500e-02 4.062500e-02 9.365235e-01 6.349595e-01 6.615410e-01
2.343750e-02 4.062500e-02 9.276730e-01 6.464641e-01 6.568135e-01
2.500000e-02 4.062500e-02 9.178717e-01 6.577757e-01 6.517972e-01
2.656250e-02 4.062500e-02 9.071566e-01 6.688827e-01 6.464994e-01
2.812500e-02 4.062500e-02 8.955669e-01 6.797735e-01 6.409277e-01
2.968750e-02 4.062500e-02 8.831437e-01 6.904368e-01 6.350902e-01
3.125000e-02 4.062500e-02 8.699304e-01 7.008619e-01 6.289952e-01
3.281250e-02 4.062500e-02 8.559709e-01 7.110373e-01 6.226515e-01
3.437500e-02 4.062500e-02 8.413133e-01 7.209535e-01 6.160681e-01
3.593750e-02 4.062500e-02 8.260029e-01 7.305988e-01 6.092544e-01
3.750000e-02 4.062500e-02 8.100934e-01 7.399654e-01 6.022200e-01
3.906250e-02 4.062500e-02 7.936282e-01 7.490397e-01 5.949753e-01
4.062500e-02 4.062500e-02 7.766715e-01 7.578189e-01 5.875299e-01
4.218750e-02 4.062500e-02 7.592552e-01 7.662828e-01 5.798956e-01
4.375000e-02 4.062500e-02 7.414681e-01 7.744412e-01 5.720811e-01
4.531250e-02 4.062500e-02 7.233063e-01 7.822546e-01 5.641014e-01
4.687500e-02 4.062500e-02 7.049219e-01 7.897665e-01 5.559613e-01
4.843750e-02 4.062500e-02 6.862095e-01 7.968836e-01 5.476832e-01
5.000000e-02 4.062500e-02 6.674971e-01 8.037054e-01 5.392610e-01
0.000000e+00 4.218750e-02 9.526420e-01 4.576693e-01 6.926640e-01
1.562500e-03 4.218750e-02 9.592406e-01 4.709730e-01 6.924905e-01
3.125000e-03 4.218750e-02 9.658392e-01 4.839157e-01 6.919684e-01
4.687500e-03 4.218750e-02 9.704737e-01 4.971761e-01 6.910978e-01
6.250000e-03 4.218750e-02 9.742410e-01 5.102346e-01 6.898817e-01
7.812500e-03 4.218750e-02 9.766623e-01 5.233042e-01 6.883203e-01
9.375000e-03 4.218750e-02 9.779560e-01 5.362729e-01 6.864167e-01
1.093750e-02 4.218750e-02 9.780422e-01 5.491686e-01 6.841732e-01
1.250000e-02 4.218750e-02 9.769751e-01 5.619591e-01 6.815934e-01
1.406250e-02 4.218750e-02 9.747540e-01 5.746383e-01 6.786808e-01
1.562500e-02 4.218750e-02 9.714065e-01 5.871890e-01 6.754397e-01
1.718750e-02 4.218750e-02 9.669512e-01 5.995991e-01 6.718747e-01
1.875000e-02 4.218750e-02 9.614148e-01 6.118543e-01 6.679912e-01
2.031250e-02 4.218750e-02 9.548238e-01 6.239417e-01 6.637946e-01
2.187500e-02 4.218750e-02 9.472084e-01 6.358480e-01 6.592911e-01
2.343750e-02 4.218750e-02 9.386008e-01 6.475603e-01 6.544872e-01
2.500000e-02 4.218750e-02 9.290355e-01 6.590659e-01 6.493899e-01
2.656250e-02 4.218750e-02 9.185490e-01 6.703523e-01 6.440065e-01
2.812500e-02 4.218750e-02 9.071803e-01 6.814075e-01 6.383448e-01
2.968750e-02 4.218750e-02 8.949699e-01 6.922191e-01 6.324129e-01
3.125000e-02 4.218750e-02 8.819610e-01 7.027758e-01 6.262194e-01
3.281250e-02 4.218750e-02 8.681969e-01 7.130657e-01 6.197731e-01
3.437500e-02 4.218750e-02 8.537254e-01 7.230784e-01 6.130832e-01
3.593750e-02 4.218750e-02 8.385913e-01 7.328016e-01 6.061595e-01
3.750000e-02 4.218750e-02 8.228483e-01 7.422272e-01 5.990115e-01
3.906250e-02 4.218750e-02 8.065389e-01 7.513407e-01 5.916498e-01
4.062500e-02 4.218750e-02 7.897277e-01 7.601394e-01 5.840843e-01
4.218750e-02 4.218750e-02 7.724451e-01 7.686017e-01 5.763269e-01
4.375000e-02 4.218750e-02 7.547816e-01 7.767385e-01 5.683865e-01
4.531250e-02 4.218750e-02 7.367292e-01 7.845076e-01 5.602783e-01
4.687500e-02 4.218750e-02 7.184465e-01 7.919559e-01 5.520072e-01
4.843750e-02 4.218750e-02 6.998160e-01 7.989835e-01 5.435957e-01
5.000000e-02 4.218750e-02 6.811856e-01 8.056971e-01 5.350472e-01
0.000000e+00 4.375000e-02 9.593810e-01 4.546021e-01 6.908849e-01
1.562500e-03 4.375000e-02 9.662726e-01 4.682118e-01 6.907104e-01
3.125000e-03 4.375000e-02 9.731642e-01 4.814596e-01 6.901805e-01
4.687500e-03 4.375000e-02 9.780904e-01 4.950240e-01 6.892962e-01
6.250000e-03 4.375000e-02 9.821466e-01 5.083834e-01 6.880601e-01
7.812500e-03 4.375000e-02 9.848555e-01 5.217494e-01 6.864732e-01
9.375000e-03 4.375000e-02 9.864337e-01 5.350095e-01 6.845384e-01
1.093750e-02 4.375000e-02 9.868016e-01 5.481903e-01 6.822581e-01
1.250000e-02 4.375000e-02 9.860125e-01 5.612586e-01 6.796360e-01
1.406250e-02 4.375000e-02 9.840654e-01 5.742074e-01 6.766757e-01
1.562500e-02 4.375000e-02 9.809873e-01 5.870186e-01 6.733815e-01
1.718750e-02 4.375000e-02 9.767966e-01 5.996789e-01 6.697582e-01
1.875000e-02 4.375000e-02 9.715191e-01 6.121732e-01 6.658110e-01
2.031250e-02 4.375000e-02 9.651812e-01 6.244877e-01 6.615458e-01
2.187500e-02 4.375000e-02 9.578125e-01 6.366081e-01 6.569686e-01
2.343750e-02 4.375000e-02 9.494446e-01 6.485207e-01 6.520862e-01
2.500000e-02 4.375000e-02 9.401117e-01 6.602120e-01 6.469056e-01
2.656250e-02 4.375000e-02 9.298500e-01 6.716685e-01 6.414342e-01
2.812500e-02 4.375000e-02 9.186978e-01 6.828775e-01 6.356800e-01
2.968750e-02 4.375000e-02 9.066953e-01 6.938259e-01 6.296514e-01
3.125000e-02 4.375000e-02 8.938851e-01 7.045017e-01 6.233569e-01
3.281250e-02 4.375000e-02 8.803104e-01 7.148921e-01 6.168056e-01
3.437500e-02 4.375000e-02 8.660184e-01 7.249863e-01 6.100069e-01
3.593750e-02 4.375000e-02 8.510534e-01 7.347712e-01 6.029707e-01
3.750000e-02 4.375000e-02 8.354691e-01 7.442384e-01 5.957068e-01
3.906250e-02 4.375000e-02 8.193071e-01 7.533725e-01 5.882259e-01
4.062500e-02 4.375000e-02 8.026324e-01 7.621708e-01 5.805382e-01
4.218750e-02 4.375000e-02 7.854736e-01 7.706105e-01 5.726557e-01
4.375000e-02 4.375000e-02 7.679234e-01 7.787033e-01 5.645875e-01
4.531250e-02 4.375000e-02 7.499693e-01 7.864045e-01 5.563491e-01
4.687500e-02 4.375000e-02 7.317765e-01 7.937647e-01 5.479452e-01
4.843750e-02 4.375000e-02 7.132152e-01 8.006768e-01 5.393996e-01
5.000000e-02 4.375000e-02 6.946539e-01 8.072575e-01 5.307048e-01
0.000000e+00 4.531250e-02 9.660313e-01 4.514418e-01 6.890457e-01
1.562500e-03 4.531250e-02 9.732129e-01 4.653592e-01 6.888644e-01
3.125000e-03 4.531250e-02 9.803945e-01 4.789121e-01 6.883238e-01
4.687500e-03 4.531250e-02 9.856108e-01 4.927797e-01 6.874241e-01
6.250000e-03 4.531250e-02 9.899550e-01 5.064392e-01 6.861670e-01
7.812500e-03 4.531250e-02 9.929504e-01 5.201006e-01 6.845534e-01
9.375000e-03 4.531250e-02 9.948120e-01 5.336508e-01 6.825861e-01
1.093750e-02 4.531250e-02 9.954603e-01 5.471149e-01 6.802677e-01
1.250000e-02 4.531250e-02 9.949477e-01 5.604590e-01 6.776016e-01
1.406250e-02 4.531250e-02 9.932728e-01 5.736747e-01 6.745917e-01
1.562500e-02 4.531250e-02 9.904619e-01 5.867429e-01 6.712424e-01
1.718750e-02 4.531250e-02 9.865329e-01 5.996494e-01 6.675585e-01
1.875000e-02 4.531250e-02 9.815112e-01 6.123781e-01 6.635454e-01
2.031250e-02 4.531250e-02 9.754227e-01 6.249140e-01 6.592090e-01
2.187500e-02 4.531250e-02 9.682963e-01 6.372420e-01 6.545554e-01
2.343750e-02 4.531250e-02 9.601634e-01 6.493475e-01 6.495915e-01
2.500000e-02 4.531250e-02 9.510575e-01 6.612159e-01 6.443245e-01
2.656250e-02 4.531250e-02 9.410142e-01 6.728331e-01 6.387620e-01
2.812500e-02 4.531250e-02 9.300717e-01 6.841854e-01 6.329120e-01
2.968750e-02 4.531250e-02 9.182694e-01 6.952589e-01 6.267831e-01
3.125000e-02 4.531250e-02 9.056497e-01 7.060409e-01 6.203841e-01
3.281250e-02 4.531250e-02 8.922550e-01 7.165179e-01 6.137242e-01
3.437500e-02 4.531250e-02 8.781325e-01 7.266785e-01 6.068130e-01
3.593750e-02 4.531250e-02 8.633258e-01 7.365087e-01 5.996605e-01
3.750000e-02 4.531250e-02 8.478884e-01 7.459999e-01 5.922769e-01
3.906250e-02 4.531250e-02 8.318611e-01 7.551358e-01 5.846730e-01
4.062500e-02 4.531250e-02 8.153092e-01 7.639137e-01 5.768591e-01
4.218750e-02 4.531250e-02 7.982599e-01 7.723094e-01 5.688477e-01
4.375000e-02 4.531250e-02 7.808075e-01 7.803359e-01 5.606480e-01
4.531250e-02 4.531250e-02 7.629354e-01 7.879454e-01 5.522755e-01
4.687500e-02 4.531250e-02 7.448154e-01 7.951928e-01 5.437354e-01
4.843750e-02 4.531250e-02 7.263053e-01 8.019631e-01 5.350504e-01
5.000000e-02 4.531250e-02 7.077952e-01 8.083814e-01 5.262373e-01
0.000000e+00 4.687500e-02 9.726164e-01 4.481902e-01 6.871470e-01
1.562500e-03 4.687500e-02 9.800922e-01 4.624128e-01 6.869700e-01
3.125000e-03 4.687500e-02 9.875680e-01 4.762709e-01 6.864221e-01
4.687500e-03 4.687500e-02 9.930756e-01 4.904426e-01 6.855084e-01
6.250000e-03 4.687500e-02 9.977087e-01 5.044020e-01 6.842296e-01
7.812500e-03 4.687500e-02 1.000991e+00 5.183584e-01 6.825887e-01
9.375000e-03 4.687500e-02 1.003136e+00 5.321976e-01 6.805878e-01
1.093750e-02 4.687500e-02 1.004064e+00 5.459435e-01 6.782300e-01
1.250000e-02 4.687500e-02 1.003828e+00 5.595610e-01 6.755186e-01
1.406250e-02 4.687500e-02 1.002424e+00 5.730407e-01 6.724577e-01
1.562500e-02 4.687500e-02 9.998798e-01 5.863624e-01 6.690517e-01
1.718750e-02 4.687500e-02 9.962115e-01 5.995107e-01 6.653056e-01
1.875000e-02 4.687500e-02 9.914443e-01 6.124684e-01 6.612248e-01
2.031250e-02 4.687500e-02 9.856033e-01 6.252197e-01 6.568154e-01
2.187500e-02 4.687500e-02 9.787174e-01 6.377483e-01 6.520836e-01
2.343750e-02 4.687500e-02 9.708171e-01 6.500386e-01 6.470365e-01
2.500000e-02 4.687500e-02 9.619355e-01 6.620752e-01 6.416814e-01
2.656250e-02 4.687500e-02 9.521077e-01 6.738429e-01 6.360260e-01
2.812500e-02 4.687500e-02 9.413714e-01 6.853272e-01 6.300786e-01
2.968750e-02 4.687500e-02 9.297656e-01 6.965136e-01 6.238479e-01
3.125000e-02 4.687500e-02 9.173321e-01 7.073883e-01 6.173429e-01
3.281250e-02 4.687500e-02 9.041130e-01 7.179372e-01 6.105730e-01
3.437500e-02 4.687500e-02 8.901549e-01 7.281482e-01 6.035480e-01
3.593750e-02 4.687500e-02 8.755011e-01 7.380067e-01 5.962782e-01
3.750000e-02 4.687500e-02 8.602046e-01 7.475035e-01 5.887739e-01
3.906250e-02 4.687500e-02 8.443056e-01 7.566217e-01 5.810463e-01
4.062500e-02 4.687500e-02 8.278697e-01 7.653584e-01 5.731060e-01
4.218750e-02 4.687500e-02 8.109225e-01 7.736883e-01 5.649653e-01
4.375000e-02 4.687500e-02 7.935600e-01 7.816253e-01 5.566342e-01
4.531250e-02 4.687500e-02 7.757616e-01 7.891188e-01 5.481278e-01
4.687500e-02 4.687500e-02 7.577055e-01 7.962281e-01 5.394523e-01
4.843750e-02 4.687500e-02 7.392367e-01 8.028295e-01 5.306305e-01
5.000000e-02 4.687500e-02 7.207679e-01 8.090639e-01 5.216478e-01
0.000000e+00 4.843750e-02 9.790753e-01 4.448494e-01 6.851893e-01
1.562500e-03 4.843750e-02 9.868420e-01 4.593803e-01 6.849939e-01
3.125000e-03 4.843750e-02 9.946088e-01 4.735409e-01 6.844322e-01
4.687500e-03 4.843750e-02 1.000404e+00 4.880162e-01 6.835026e-01
6.250000e-03 4.843750e-02 1.005326e+00 5.022741e-01 6.822014e-01
7.812500e-03 4.843750e-02 1.008893e+00 5.165250e-01 6.805324e-01
9.375000e-03 4.843750e-02 1.011321e+00 5.306518e-01 6.784968e-01
1.093750e-02 4.843750e-02 1.012528e+00 5.446781e-01 6.760983e-01
1.250000e-02 4.843750e-02 1.012565e+00 5.585670e-01 6.733400e-01
1.406250e-02 4.843750e-02 1.011431e+00 5.723082e-01 6.702262e-01
1.562500e-02 4.843750e-02 1.009150e+00 5.858800e-01 6.667613e-01
1.718750e-02 4.843750e-02 1.005738e+00 5.992660e-01 6.629505e-01
1.875000e-02 4.843750e-02 1.001221e+00 6.124480e-01 6.587993e-01
2.031250e-02 4.843750e-02 9.956225e-01 6.254088e-01 6.543139e-01
2.187500e-02 4.843750e-02 9.889711e-01 6.381313e-01 6.495007e-01
2.343750e-02 4.843750e-02 9.812966e-01 6.505987e-01 6.443669e-01
2.500000e-02 4.843750e-02 9.726316e-01 6.627947e-01 6.389199e-01
2.656250e-02 4.843750e-02 9.630108e-01 6.747032e-01 6.331677e-01
2.812500e-02 4.843750e-02 9.524711e-01 6.863087e-01 6.271186e-01
2.968750e-02 4.843750e-02 9.410511e-01 6.975958e-01 6.207817e-01
3.125000e-02 4.843750e-02 9.287921e-01 7.085500e-01 6.141660e-01
3.281250e-02 4.843750e-02 9.157358e-01 7.191564e-01 6.072813e-01
3.437500e-02 4.843750e-02 9.019281e-01 7.294022e-01 6.001375e-01
3.593750e-02 4.843750e-02 8.874120e-01 7.392723e-01 5.927452e-01
3.750000e-02 4.843750e-02 8.722400e-01 7.487568e-01 5.851150e-01
3.906250e-02 4.843750e-02 8.564518e-01 7.578381e-01 5.772581e-01
4.062500e-02 4.843750e-02 8.401128e-01 7.665132e-01 5.691857e-01
4.218750e-02 4.843750e-02 8.232477e-01 7.747560e-01 5.609100e-01
4.375000e-02 4.843750e-02 8.059532e-01 7.825804e-01 5.524419e-01
4.531250e-02 4.843750e-02 7.882065e-01 7.899346e-01 5.437958e-01
4.687500e-02 4.843750e-02 7.701897e-01 7.968793e-01 5.349794e-01
4.843750e-02 4.843750e-02 7.517399e-01 8.032858e-01 5.260103e-01
5.000000e-02 4.843750e-02 7.332900e-01 8.093011e-01 5.169399e-01
0.000000e+00 5.000000e-02 9.855342e-01 4.414214e-01 6.831730e-01
1.562500e-03 5.000000e-02 9.935919e-01 4.561442e-01 6.829833e-01
3.125000e-03 5.000000e-02 1.001650e+00 4.708466e-01 6.824145e-01
4.687500e-03 5.000000e-02 1.007733e+00 4.855083e-01 6.814674e-01
6.250000e-03 5.000000e-02 1.012944e+00 5.001089e-01 6.801433e-01
7.812500e-03 5.000000e-02 1.016796e+00 5.146283e-01 6.784444e-01
9.375000e-03 5.000000e-02 1.019506e+00 5.290462e-01 6.763730e-01
1.093750e-02 5.000000e-02 1.020992e+00 5.433429e-01 6.739323e-01
1.250000e-02 5.000000e-02 1.021303e+00 5.574985e-01 6.711257e-01
1.406250e-02 5.000000e-02 1.020437e+00 5.714933e-01 6.679575e-01
1.562500e-02 5.000000e-02 1.018419e+00 5.853081e-01 6.644324e-01
1.718750e-02 5.000000e-02 1.015265e+00 5.989238e-01 6.605554e-01
1.875000e-02 5.000000e-02 1.010998e+00 6.123215e-01 6.563324e-01
2.031250e-02 5.000000e-02 1.005642e+00 6.254827e-01 6.517696e-01
2.187500e-02 5.000000e-02 9.992248e-01 6.383893e-01 6.468737e-01
2.343750e-02 5.000000e-02 9.917761e-01 6.510234e-01 6.416518e-01
2.500000e-02 5.000000e-02 9.833277e-01 6.633677e-01 6.361118e-01
2.656250e-02 5.000000e-02 9.739138e-01 6.754050e-01 6.302616e-01
2.812500e-02 5.000000e-02 9.635707e-01 6.871189e-01 6.241101e-01
2.968750e-02 5.000000e-02 9.523365e-01 6.984932e-01 6.176661e-01
3.125000e-02 5.000000e-02 9.402521e-01 7.095123e-01 6.109393e-01
3.281250e-02 5.000000e-02 9.273585e-01 7.201610e-01 6.039394e-01
3.437500e-02 5.000000e-02 9.137013e-01 7.304247e-01 5.966768e-01
3.593750e-02 5.000000e-02 8.993228e-01 7.402894e-01 5.891621e-01
3.750000e-02 5.000000e-02 8.842754e-01 7.497416e-01 5.814064e-01
3.906250e-02 5.000000e-02 8.685980e-01 7.587684e-01 5.734211e-01
4.062500e-02 5.000000e-02 8.523559e-01 7.673574e-01 5.652180e-01
4.218750e-02 5.000000e-02 8.355729e-01 7.754969e-01 5.568089e-01
4.375000e-02 5.000000e-02 8.183463e-01 7.831760e-01 5.482063e-01
4.531250e-02 5.000000e-02 8.006514e-01 7.903842e-01 5.394229e-01
4.687500e-02 5.000000e-02 7.826738e-01 7.971117e-01 5.304713e-01
4.843750e-02 5.000000e-02 7.642430e-01 8.033495e-01 5.213649e-01
5.000000e-02 5.000000e-02 7.458122e-01 8.090893e-01 5.121168e-01
