11089 6.768188e-01
6.950686e+00 5.069487e+02 5.301513e+02
0.000000e+00 0.000000e+00 7.500776e-01 5.000000e-01 7.166667e-01
1.562500e-03 0.000000e+00 7.487048e-01 5.049079e-01 7.165305e-01
3.125000e-03 0.000000e+00 7.473320e-01 5.098105e-01 7.161222e-01
4.687500e-03 0.000000e+00 7.446037e-01 5.147026e-01 7.154425e-01
6.250000e-03 0.000000e+00 7.403974e-01 5.195789e-01 7.144925e-01
7.812500e-03 0.000000e+00 7.350415e-01 5.244343e-01 7.132737e-01
9.375000e-03 0.000000e+00 7.285033e-01 5.292635e-01 7.117881e-01
1.093750e-02 0.000000e+00 7.208126e-01 5.340614e-01 7.100382e-01
1.250000e-02 0.000000e+00 7.119816e-01 5.388229e-01 7.080268e-01
1.406250e-02 0.000000e+00 7.020372e-01 5.435427e-01 7.057571e-01
1.562500e-02 0.000000e+00 6.910023e-01 5.482159e-01 7.032330e-01
1.718750e-02 0.000000e+00 6.789042e-01 5.528375e-01 7.004585e-01
1.875000e-02 0.000000e+00 6.657719e-01 5.574025e-01 6.974381e-01
2.031250e-02 0.000000e+00 6.516374e-01 5.619061e-01 6.941769e-01
2.187500e-02 0.000000e+00 6.365346e-01 5.663433e-01 6.906800e-01
2.343750e-02 0.000000e+00 6.205001e-01 5.707095e-01 6.869533e-01
2.500000e-02 0.000000e+00 6.035725e-01 5.750000e-01 6.830029e-01
2.656250e-02 0.000000e+00 5.857926e-01 5.792102e-01 6.788351e-01
2.812500e-02 0.000000e+00 5.672032e-01 5.833355e-01 6.744568e-01
2.968750e-02 0.000000e+00 5.478493e-01 5.873717e-01 6.698751e-01
3.125000e-02 0.000000e+00 5.277775e-01 5.913142e-01 6.650976e-01
3.281250e-02 0.000000e+00 5.070360e-01 5.951590e-01 6.601320e-01
3.437500e-02 0.000000e+00 4.856751e-01 5.989019e-01 6.549864e-01
3.593750e-02 0.000000e+00 4.637460e-01 6.025388e-01 6.496693e-01
3.750000e-02 0.000000e+00 4.413018e-01 6.060660e-01 6.441894e-01
3.906250e-02 0.000000e+00 4.183965e-01 6.094796e-01 6.385556e-01
4.062500e-02 0.000000e+00 3.950853e-01 6.127760e-01 6.327770e-01
4.218750e-02 0.000000e+00 3.714247e-01 6.159516e-01 6.268632e-01
4.375000e-02 0.000000e+00 3.474710e-01 6.190030e-01 6.208238e-01
4.531250e-02 0.000000e+00 3.232852e-01 6.219270e-01 6.146687e-01
4.687500e-02 0.000000e+00 2.989110e-01 6.247204e-01 6.084080e-01
4.843750e-02 0.000000e+00 2.744145e-01 6.273803e-01 6.020518e-01
5.000000e-02 0.000000e+00 2.499181e-01 6.299038e-01 5.956105e-01
0.000000e+00 1.562500e-03 7.580146e-01 4.999398e-01 7.166332e-01
1.562500e-03 1.562500e-03 7.569261e-01 5.051584e-01 7.164839e-01
3.125000e-03 1.562500e-03 7.558375e-01 5.103191e-01 7.160736e-01
4.687500e-03 1.562500e-03 7.533198e-01 5.155259e-01 7.154019e-01
6.250000e-03 1.562500e-03 7.494103e-01 5.207220e-01 7.144550e-01
7.812500e-03 1.562500e-03 7.443430e-01 5.258894e-01 7.132380e-01
9.375000e-03 1.562500e-03 7.381003e-01 5.310289e-01 7.117529e-01
1.093750e-02 1.562500e-03 7.307021e-01 5.361363e-01 7.100030e-01
1.250000e-02 1.562500e-03 7.221648e-01 5.412067e-01 7.079911e-01
1.406250e-02 1.562500e-03 7.125133e-01 5.462349e-01 7.057208e-01
1.562500e-02 1.562500e-03 7.017712e-01 5.512162e-01 7.031958e-01
1.718750e-02 1.562500e-03 6.899657e-01 5.561456e-01 7.004203e-01
1.875000e-02 1.562500e-03 6.771260e-01 5.610183e-01 6.973988e-01
2.031250e-02 1.562500e-03 6.632838e-01 5.658293e-01 6.941363e-01
2.187500e-02 1.562500e-03 6.484734e-01 5.705740e-01 6.906381e-01
2.343750e-02 1.562500e-03 6.327311e-01 5.752475e-01 6.869099e-01
2.500000e-02 1.562500e-03 6.160957e-01 5.798452e-01 6.829578e-01
2.656250e-02 1.562500e-03 5.986080e-01 5.843626e-01 6.787883e-01
2.812500e-02 1.562500e-03 5.803108e-01 5.887951e-01 6.744082e-01
2.968750e-02 1.562500e-03 5.612490e-01 5.931382e-01 6.698246e-01
3.125000e-02 1.562500e-03 5.414692e-01 5.973878e-01 6.650450e-01
3.281250e-02 1.562500e-03 5.210198e-01 6.015396e-01 6.600773e-01
3.437500e-02 1.562500e-03 4.999509e-01 6.055894e-01 6.549295e-01
3.593750e-02 1.562500e-03 4.783138e-01 6.095333e-01 6.496101e-01
3.750000e-02 1.562500e-03 4.561616e-01 6.133673e-01 6.441277e-01
3.906250e-02 1.562500e-03 4.335482e-01 6.170877e-01 6.384912e-01
4.062500e-02 1.562500e-03 4.105289e-01 6.206908e-01 6.327100e-01
4.218750e-02 1.562500e-03 3.871601e-01 6.241732e-01 6.267934e-01
4.375000e-02 1.562500e-03 3.634983e-01 6.275314e-01 6.207511e-01
4.531250e-02 1.562500e-03 3.396036e-01 6.307626e-01 6.145929e-01
4.687500e-02 1.562500e-03 3.155242e-01 6.338630e-01 6.083285e-01
4.843750e-02 1.562500e-03 2.913180e-01 6.368274e-01 6.019687e-01
5.000000e-02 1.562500e-03 2.671117e-01 6.396585e-01 5.955235e-01
0.000000e+00 3.125000e-03 7.659517e-01 4.997591e-01 7.165328e-01
1.562500e-03 3.125000e-03 7.651473e-01 5.052827e-01 7.163799e-01
3.125000e-03 3.125000e-03 7.643429e-01 5.107376e-01 7.159672e-01
4.687500e-03 3.125000e-03 7.620359e-01 5.162489e-01 7.152937e-01
6.250000e-03 3.125000e-03 7.584231e-01 5.217517e-01 7.143472e-01
7.812500e-03 3.125000e-03 7.536444e-01 5.272275e-01 7.131302e-01
9.375000e-03 3.125000e-03 7.476972e-01 5.326756e-01 7.116446e-01
1.093750e-02 3.125000e-03 7.405916e-01 5.380915e-01 7.098935e-01
1.250000e-02 3.125000e-03 7.323480e-01 5.434700e-01 7.078800e-01
1.406250e-02 3.125000e-03 7.229894e-01 5.488063e-01 7.056075e-01
1.562500e-02 3.125000e-03 7.125402e-01 5.540954e-01 7.030799e-01
1.718750e-02 3.125000e-03 7.010273e-01 5.593324e-01 7.003014e-01
1.875000e-02 3.125000e-03 6.884800e-01 5.645125e-01 6.972765e-01
2.031250e-02 3.125000e-03 6.749302e-01 5.696308e-01 6.940102e-01
2.187500e-02 3.125000e-03 6.604121e-01 5.746826e-01 6.905079e-01
2.343750e-02 3.125000e-03 6.449621e-01 5.796632e-01 6.867752e-01
2.500000e-02 3.125000e-03 6.286189e-01 5.845678e-01 6.828184e-01
2.656250e-02 3.125000e-03 6.114234e-01 5.893919e-01 6.786437e-01
2.812500e-02 3.125000e-03 5.934183e-01 5.941311e-01 6.742582e-01
2.968750e-02 3.125000e-03 5.746486e-01 5.987809e-01 6.696688e-01
3.125000e-02 3.125000e-03 5.551609e-01 6.033370e-01 6.648831e-01
3.281250e-02 3.125000e-03 5.350036e-01 6.077951e-01 6.599090e-01
3.437500e-02 3.125000e-03 5.142267e-01 6.121512e-01 6.547545e-01
3.593750e-02 3.125000e-03 4.928817e-01 6.164013e-01 6.494280e-01
3.750000e-02 3.125000e-03 4.710214e-01 6.205415e-01 6.439382e-01
3.906250e-02 3.125000e-03 4.486999e-01 6.245679e-01 6.382941e-01
4.062500e-02 3.125000e-03 4.259725e-01 6.284769e-01 6.325049e-01
4.218750e-02 3.125000e-03 4.028954e-01 6.322651e-01 6.265799e-01
4.375000e-02 3.125000e-03 3.795256e-01 6.359291e-01 6.205288e-01
4.531250e-02 3.125000e-03 3.559219e-01 6.394658e-01 6.143615e-01
4.687500e-02 3.125000e-03 3.321374e-01 6.428718e-01 6.080876e-01
4.843750e-02 3.125000e-03 3.082214e-01 6.461411e-01 6.017179e-01
5.000000e-02 3.125000e-03 2.843054e-01 6.492777e-01 5.952625e-01
0.000000e+00 4.687500e-03 7.738486e-01 4.994581e-01 7.163655e-01
1.562500e-03 4.687500e-03 7.733293e-01 5.052873e-01 7.162137e-01
3.125000e-03 4.687500e-03 7.728100e-01 5.110451e-01 7.157987e-01
4.687500e-03 4.687500e-03 7.707683e-01 5.168606e-01 7.151198e-01
6.250000e-03 4.687500e-03 7.674393e-01 5.226680e-01 7.141710e-01
7.812500e-03 4.687500e-03 7.629487e-01 5.284499e-01 7.129520e-01
9.375000e-03 4.687500e-03 7.572923e-01 5.342047e-01 7.114644e-01
1.093750e-02 4.687500e-03 7.504780e-01 5.399279e-01 7.097108e-01
1.250000e-02 4.687500e-03 7.425264e-01 5.456138e-01 7.076942e-01
1.406250e-02 4.687500e-03 7.334599e-01 5.512574e-01 7.054179e-01
1.562500e-02 4.687500e-03 7.233028e-01 5.568538e-01 7.028858e-01
1.718750e-02 4.687500e-03 7.120821e-01 5.623979e-01 7.001022e-01
1.875000e-02 4.687500e-03 6.998269e-01 5.678849e-01 6.970716e-01
2.031250e-02 4.687500e-03 6.865691e-01 5.733099e-01 6.937991e-01
2.187500e-02 4.687500e-03 6.723429e-01 5.786683e-01 6.902899e-01
2.343750e-02 4.687500e-03 6.571848e-01 5.839552e-01 6.865498e-01
2.500000e-02 4.687500e-03 6.411334e-01 5.891661e-01 6.825850e-01
2.656250e-02 4.687500e-03 6.242295e-01 5.942962e-01 6.784019e-01
2.812500e-02 4.687500e-03 6.065161e-01 5.993412e-01 6.740072e-01
2.968750e-02 4.687500e-03 5.880379e-01 6.042967e-01 6.694083e-01
3.125000e-02 4.687500e-03 5.688417e-01 6.091582e-01 6.646125e-01
3.281250e-02 4.687500e-03 5.489758e-01 6.139216e-01 6.596277e-01
3.437500e-02 4.687500e-03 5.284901e-01 6.185827e-01 6.544620e-01
3.593750e-02 4.687500e-03 5.074363e-01 6.231376e-01 6.491238e-01
3.750000e-02 4.687500e-03 4.858671e-01 6.275823e-01 6.436218e-01
3.906250e-02 4.687500e-03 4.638366e-01 6.319131e-01 6.379650e-01
4.062500e-02 4.687500e-03 4.414000e-01 6.361263e-01 6.321624e-01
4.218750e-02 4.687500e-03 4.186136e-01 6.402184e-01 6.262236e-01
4.375000e-02 4.687500e-03 3.955344e-01 6.441860e-01 6.201581e-01
4.531250e-02 4.687500e-03 3.722212e-01 6.480260e-01 6.139757e-01
4.687500e-02 4.687500e-03 3.487280e-01 6.517351e-01 6.076864e-01
4.843750e-02 4.687500e-03 3.251021e-01 6.553072e-01 6.013004e-01
5.000000e-02 4.687500e-03 3.014761e-01 6.587463e-01 5.948278e-01
0.000000e+00 6.250000e-03 7.817200e-01 4.990369e-01 7.161314e-01
1.562500e-03 6.250000e-03 7.814880e-01 5.051726e-01 7.159812e-01
3.125000e-03 6.250000e-03 7.812559e-01 5.112358e-01 7.155643e-01
4.687500e-03 6.250000e-03 7.794948e-01 5.173565e-01 7.148808e-01
6.250000e-03 6.250000e-03 7.764504e-01 5.234686e-01 7.139279e-01
7.812500e-03 6.250000e-03 7.722478e-01 5.295558e-01 7.127052e-01
9.375000e-03 6.250000e-03 7.668810e-01 5.356165e-01 7.112138e-01
1.093750e-02 6.250000e-03 7.603574e-01 5.416459e-01 7.094559e-01
1.250000e-02 6.250000e-03 7.526969e-01 5.476384e-01 7.074343e-01
1.406250e-02 6.250000e-03 7.439220e-01 5.535885e-01 7.051523e-01
1.562500e-02 6.250000e-03 7.340566e-01 5.594913e-01 7.026138e-01
1.718750e-02 6.250000e-03 7.231274e-01 5.653418e-01 6.998229e-01
1.875000e-02 6.250000e-03 7.111639e-01 5.711350e-01 6.967843e-01
2.031250e-02 6.250000e-03 6.981977e-01 5.768660e-01 6.935029e-01
2.187500e-02 6.250000e-03 6.842630e-01 5.825301e-01 6.899840e-01
2.343750e-02 6.250000e-03 6.693962e-01 5.881225e-01 6.862336e-01
2.500000e-02 6.250000e-03 6.536360e-01 5.936385e-01 6.822576e-01
2.656250e-02 6.250000e-03 6.370233e-01 5.990735e-01 6.780625e-01
2.812500e-02 6.250000e-03 6.196008e-01 6.044230e-01 6.736553e-01
2.968750e-02 6.250000e-03 6.014135e-01 6.096827e-01 6.690429e-01
3.125000e-02 6.250000e-03 5.825079e-01 6.148480e-01 6.642330e-01
3.281250e-02 6.250000e-03 5.629324e-01 6.199149e-01 6.592333e-01
3.437500e-02 6.250000e-03 5.427371e-01 6.248792e-01 6.540520e-01
3.593750e-02 6.250000e-03 5.219733e-01 6.297368e-01 6.486974e-01
3.750000e-02 6.250000e-03 5.006940e-01 6.344838e-01 6.431783e-01
3.906250e-02 6.250000e-03 4.789532e-01 6.391165e-01 6.375036e-01
4.062500e-02 6.250000e-03 4.568062e-01 6.436311e-01 6.316825e-01
4.218750e-02 6.250000e-03 4.343090e-01 6.480242e-01 6.257243e-01
4.375000e-02 6.250000e-03 4.115189e-01 6.522923e-01 6.196387e-01
4.531250e-02 6.250000e-03 3.884945e-01 6.564323e-01 6.134355e-01
4.687500e-02 6.250000e-03 3.652900e-01 6.604409e-01 6.071245e-01
4.843750e-02 6.250000e-03 3.419519e-01 6.643119e-01 6.007159e-01
5.000000e-02 6.250000e-03 3.186137e-01 6.680494e-01 5.942197e-01
0.000000e+00 7.812500e-03 7.895682e-01 4.984959e-01 7.158305e-01
1.562500e-03 7.812500e-03 7.896258e-01 5.049385e-01 7.156817e-01
3.125000e-03 7.812500e-03 7.896833e-01 5.113080e-01 7.152633e-01
4.687500e-03 7.812500e-03 7.882076e-01 5.177346e-01 7.145757e-01
6.250000e-03 7.812500e-03 7.854501e-01 5.241519e-01 7.136180e-01
7.812500e-03 7.812500e-03 7.815360e-01 5.305443e-01 7.123902e-01
9.375000e-03 7.812500e-03 7.764590e-01 5.369104e-01 7.108933e-01
1.093750e-02 7.812500e-03 7.702257e-01 5.432455e-01 7.091293e-01
1.250000e-02 7.812500e-03 7.628561e-01 5.495437e-01 7.071009e-01
1.406250e-02 7.812500e-03 7.543723e-01 5.557996e-01 7.048113e-01
1.562500e-02 7.812500e-03 7.447981e-01 5.620081e-01 7.022642e-01
1.718750e-02 7.812500e-03 7.341602e-01 5.681641e-01 6.994638e-01
1.875000e-02 7.812500e-03 7.224878e-01 5.742625e-01 6.964147e-01
2.031250e-02 7.812500e-03 7.098127e-01 5.802985e-01 6.931218e-01
2.187500e-02 7.812500e-03 6.961689e-01 5.862671e-01 6.895905e-01
2.343750e-02 7.812500e-03 6.815928e-01 5.921637e-01 6.858267e-01
2.500000e-02 7.812500e-03 6.661232e-01 5.979834e-01 6.818363e-01
2.656250e-02 7.812500e-03 6.498008e-01 6.037218e-01 6.776259e-01
2.812500e-02 7.812500e-03 6.326685e-01 6.093741e-01 6.732023e-01
2.968750e-02 7.812500e-03 6.147710e-01 6.149360e-01 6.685727e-01
3.125000e-02 7.812500e-03 5.961550e-01 6.204032e-01 6.637446e-01
3.281250e-02 7.812500e-03 5.768689e-01 6.257712e-01 6.587258e-01
3.437500e-02 7.812500e-03 5.569626e-01 6.310360e-01 6.535244e-01
3.593750e-02 7.812500e-03 5.364876e-01 6.361935e-01 6.481489e-01
3.750000e-02 7.812500e-03 5.154967e-01 6.412398e-01 6.426078e-01
3.906250e-02 7.812500e-03 4.940440e-01 6.461711e-01 6.369102e-01
4.062500e-02 7.812500e-03 4.721846e-01 6.509836e-01 6.310652e-01
4.218750e-02 7.812500e-03 4.499748e-01 6.556737e-01 6.250822e-01
4.375000e-02 7.812500e-03 4.274716e-01 6.602382e-01 6.189709e-01
4.531250e-02 7.812500e-03 4.047338e-01 6.646738e-01 6.127409e-01
4.687500e-02 7.812500e-03 3.818156e-01 6.689771e-01 6.064022e-01
4.843750e-02 7.812500e-03 3.587628e-01 6.731419e-01 5.999648e-01
5.000000e-02 7.812500e-03 3.357100e-01 6.771723e-01 5.934386e-01
0.000000e+00 9.375000e-03 7.973935e-01 4.978353e-01 7.154628e-01
1.562500e-03 9.375000e-03 7.977420e-01 5.045848e-01 7.153153e-01
3.125000e-03 9.375000e-03 7.980904e-01 5.112612e-01 7.148954e-01
4.687500e-03 9.375000e-03 7.969032e-01 5.179940e-01 7.142039e-01
6.250000e-03 9.375000e-03 7.944342e-01 5.247170e-01 7.132409e-01
7.812500e-03 9.375000e-03 7.908095e-01 5.314147e-01 7.120070e-01
9.375000e-03 9.375000e-03 7.860224e-01 5.380861e-01 7.105032e-01
1.093750e-02 9.375000e-03 7.800794e-01 5.447264e-01 7.087315e-01
1.250000e-02 9.375000e-03 7.730005e-01 5.513297e-01 7.066944e-01
1.406250e-02 9.375000e-03 7.648074e-01 5.578907e-01 7.043952e-01
1.562500e-02 9.375000e-03 7.555241e-01 5.644040e-01 7.018374e-01
1.718750e-02 9.375000e-03 7.451769e-01 5.708645e-01 6.990251e-01
1.875000e-02 9.375000e-03 7.337952e-01 5.772670e-01 6.959630e-01
2.031250e-02 9.375000e-03 7.214105e-01 5.836067e-01 6.926561e-01
2.187500e-02 9.375000e-03 7.080569e-01 5.898786e-01 6.891096e-01
2.343750e-02 9.375000e-03 6.937709e-01 5.960778e-01 6.853293e-01
2.500000e-02 9.375000e-03 6.785909e-01 6.021996e-01 6.813213e-01
2.656250e-02 9.375000e-03 6.625579e-01 6.082393e-01 6.770922e-01
2.812500e-02 9.375000e-03 6.457147e-01 6.141923e-01 6.726487e-01
2.968750e-02 9.375000e-03 6.281059e-01 6.200541e-01 6.679980e-01
3.125000e-02 9.375000e-03 6.097782e-01 6.258203e-01 6.631477e-01
3.281250e-02 9.375000e-03 5.907800e-01 6.314865e-01 6.581055e-01
3.437500e-02 9.375000e-03 5.711611e-01 6.370487e-01 6.528796e-01
3.593750e-02 9.375000e-03 5.509731e-01 6.425027e-01 6.474784e-01
3.750000e-02 9.375000e-03 5.302688e-01 6.478444e-01 6.419105e-01
3.906250e-02 9.375000e-03 5.091021e-01 6.530701e-01 6.361850e-01
4.062500e-02 9.375000e-03 4.875283e-01 6.581760e-01 6.303109e-01
4.218750e-02 9.375000e-03 4.656034e-01 6.631584e-01 6.242977e-01
4.375000e-02 9.375000e-03 4.433846e-01 6.680140e-01 6.181550e-01
4.531250e-02 9.375000e-03 4.209306e-01 6.727396e-01 6.118924e-01
4.687500e-02 9.375000e-03 3.982957e-01 6.773317e-01 6.055200e-01
4.843750e-02 9.375000e-03 3.755251e-01 6.817840e-01 5.990476e-01
5.000000e-02 9.375000e-03 3.527545e-01 6.861005e-01 5.924852e-01
0.000000e+00 1.093750e-02 8.051954e-01 4.970555e-01 7.150286e-01
1.562500e-03 1.093750e-02 8.058355e-01 5.041121e-01 7.148819e-01
3.125000e-03 1.093750e-02 8.064757e-01 5.110952e-01 7.144603e-01
4.687500e-03 1.093750e-02 8.055786e-01 5.181346e-01 7.137649e-01
6.250000e-03 1.093750e-02 8.033993e-01 5.251636e-01 7.127963e-01
7.812500e-03 1.093750e-02 8.000645e-01 5.321667e-01 7.115554e-01
9.375000e-03 1.093750e-02 7.955676e-01 5.391433e-01 7.100435e-01
1.093750e-02 1.093750e-02 7.899150e-01 5.460884e-01 7.082625e-01
1.250000e-02 1.093750e-02 7.831266e-01 5.529964e-01 7.062151e-01
1.406250e-02 1.093750e-02 7.752240e-01 5.598616e-01 7.039042e-01
1.562500e-02 1.093750e-02 7.662310e-01 5.666788e-01 7.013336e-01
1.718750e-02 1.093750e-02 7.561741e-01 5.734428e-01 6.985072e-01
1.875000e-02 1.093750e-02 7.450824e-01 5.801483e-01 6.954297e-01
2.031250e-02 1.093750e-02 7.329875e-01 5.867903e-01 6.921060e-01
2.187500e-02 1.093750e-02 7.199234e-01 5.933637e-01 6.885413e-01
2.343750e-02 1.093750e-02 7.059265e-01 5.998637e-01 6.847416e-01
2.500000e-02 1.093750e-02 6.910353e-01 6.062855e-01 6.807128e-01
2.656250e-02 1.093750e-02 6.752905e-01 6.126242e-01 6.764615e-01
2.812500e-02 1.093750e-02 6.587350e-01 6.188752e-01 6.719945e-01
2.968750e-02 1.093750e-02 6.414135e-01 6.250341e-01 6.673189e-01
3.125000e-02 1.093750e-02 6.233726e-01 6.310962e-01 6.624424e-01
3.281250e-02 1.093750e-02 6.046606e-01 6.370572e-01 6.573726e-01
3.437500e-02 1.093750e-02 5.853273e-01 6.429129e-01 6.521178e-01
3.593750e-02 1.093750e-02 5.654243e-01 6.486590e-01 6.466863e-01
3.750000e-02 1.093750e-02 5.450042e-01 6.542917e-01 6.410869e-01
3.906250e-02 1.093750e-02 5.241212e-01 6.598069e-01 6.353284e-01
4.062500e-02 1.093750e-02 5.028302e-01 6.652008e-01 6.294200e-01
4.218750e-02 1.093750e-02 4.811874e-01 6.704698e-01 6.233712e-01
4.375000e-02 1.093750e-02 4.592500e-01 6.756103e-01 6.171915e-01
4.531250e-02 1.093750e-02 4.370765e-01 6.806192e-01 6.108906e-01
4.687500e-02 1.093750e-02 4.147213e-01 6.854929e-01 6.044785e-01
4.843750e-02 1.093750e-02 3.922290e-01 6.902250e-01 5.979651e-01
5.000000e-02 1.093750e-02 3.697368e-01 6.948195e-01 5.913601e-01
0.000000e+00 1.250000e-02 8.129726e-01 4.961571e-01 7.145279e-01
1.562500e-03 1.250000e-02 8.139049e-01 5.035206e-01 7.143816e-01
3.125000e-03 1.250000e-02 8.148371e-01 5.108106e-01 7.139582e-01
4.687500e-03 1.250000e-02 8.142311e-01 5.181565e-01 7.132587e-01
6.250000e-03 1.250000e-02 8.123423e-01 5.254916e-01 7.122840e-01
7.812500e-03 1.250000e-02 8.092979e-01 5.328003e-01 7.110353e-01
9.375000e-03 1.250000e-02 8.050913e-01 5.400818e-01 7.095142e-01
1.093750e-02 1.250000e-02 7.997291e-01 5.473316e-01 7.077225e-01
1.250000e-02 1.250000e-02 7.932309e-01 5.545436e-01 7.056630e-01
1.406250e-02 1.250000e-02 7.856185e-01 5.617124e-01 7.033387e-01
1.562500e-02 1.250000e-02 7.769156e-01 5.688326e-01 7.007531e-01
1.718750e-02 1.250000e-02 7.671484e-01 5.758988e-01 6.979104e-01
1.875000e-02 1.250000e-02 7.563461e-01 5.829059e-01 6.948149e-01
2.031250e-02 1.250000e-02 7.445403e-01 5.898485e-01 6.914717e-01
2.187500e-02 1.250000e-02 7.317647e-01 5.967217e-01 6.878862e-01
2.343750e-02 1.250000e-02 7.180559e-01 6.035204e-01 6.840639e-01
2.500000e-02 1.250000e-02 7.034522e-01 6.102397e-01 6.800111e-01
2.656250e-02 1.250000e-02 6.879944e-01 6.168748e-01 6.757341e-01
2.812500e-02 1.250000e-02 6.717253e-01 6.234209e-01 6.712400e-01
2.968750e-02 1.250000e-02 6.546895e-01 6.298734e-01 6.665358e-01
3.125000e-02 1.250000e-02 6.369335e-01 6.362277e-01 6.616290e-01
3.281250e-02 1.250000e-02 6.185057e-01 6.424794e-01 6.565274e-01
3.437500e-02 1.250000e-02 5.994558e-01 6.486241e-01 6.512393e-01
3.593750e-02 1.250000e-02 5.798353e-01 6.546577e-01 6.457730e-01
3.750000e-02 1.250000e-02 5.596970e-01 6.605759e-01 6.401371e-01
3.906250e-02 1.250000e-02 5.390947e-01 6.663748e-01 6.343407e-01
4.062500e-02 1.250000e-02 5.180836e-01 6.720505e-01 6.283929e-01
4.218750e-02 1.250000e-02 4.967196e-01 6.775993e-01 6.223032e-01
4.375000e-02 1.250000e-02 4.750599e-01 6.830176e-01 6.160810e-01
4.531250e-02 1.250000e-02 4.531631e-01 6.883020e-01 6.097361e-01
4.687500e-02 1.250000e-02 4.310835e-01 6.934491e-01 6.032784e-01
4.843750e-02 1.250000e-02 4.088652e-01 6.984521e-01 5.967179e-01
5.000000e-02 1.250000e-02 3.866470e-01 7.033151e-01 5.900643e-01
0.000000e+00 1.406250e-02 8.207235e-01 4.951404e-01 7.139608e-01
1.562500e-03 1.406250e-02 8.219479e-01 5.028108e-01 7.138147e-01
3.125000e-03 1.406250e-02 8.231723e-01 5.104077e-01 7.133892e-01
4.687500e-03 1.406250e-02 8.228579e-01 5.180602e-01 7.126852e-01
6.250000e-03 1.406250e-02 8.212601e-01 5.257014e-01 7.117040e-01
7.812500e-03 1.406250e-02 8.185064e-01 5.333156e-01 7.104468e-01
9.375000e-03 1.406250e-02 8.145903e-01 5.409020e-01 7.089153e-01
1.093750e-02 1.406250e-02 8.095185e-01 5.484560e-01 7.071116e-01
1.250000e-02 1.406250e-02 8.033104e-01 5.559715e-01 7.050384e-01
1.406250e-02 1.406250e-02 7.959879e-01 5.634431e-01 7.026987e-01
1.562500e-02 1.406250e-02 7.875744e-01 5.708652e-01 7.000962e-01
1.718750e-02 1.406250e-02 7.780964e-01 5.782325e-01 6.972347e-01
1.875000e-02 1.406250e-02 7.675829e-01 5.855395e-01 6.941189e-01
2.031250e-02 1.406250e-02 7.560651e-01 5.927811e-01 6.907536e-01
2.187500e-02 1.406250e-02 7.435772e-01 5.999519e-01 6.871442e-01
2.343750e-02 1.406250e-02 7.301553e-01 6.070469e-01 6.832964e-01
2.500000e-02 1.406250e-02 7.158379e-01 6.140611e-01 6.792163e-01
2.656250e-02 1.406250e-02 7.006656e-01 6.209895e-01 6.749104e-01
2.812500e-02 1.406250e-02 6.846811e-01 6.278272e-01 6.703855e-01
2.968750e-02 1.406250e-02 6.679291e-01 6.345696e-01 6.656487e-01
3.125000e-02 1.406250e-02 6.504561e-01 6.412119e-01 6.607077e-01
3.281250e-02 1.406250e-02 6.323102e-01 6.477496e-01 6.555702e-01
3.437500e-02 1.406250e-02 6.135412e-01 6.541783e-01 6.502444e-01
3.593750e-02 1.406250e-02 5.942006e-01 6.604936e-01 6.447387e-01
3.750000e-02 1.406250e-02 5.743409e-01 6.666914e-01 6.390617e-01
3.906250e-02 1.406250e-02 5.540162e-01 6.727675e-01 6.332225e-01
4.062500e-02 1.406250e-02 5.332814e-01 6.787179e-01 6.272302e-01
4.218750e-02 1.406250e-02 5.121925e-01 6.845388e-01 6.210942e-01
4.375000e-02 1.406250e-02 4.908066e-01 6.902266e-01 6.148240e-01
4.531250e-02 1.406250e-02 4.691822e-01 6.957778e-01 6.084295e-01
4.687500e-02 1.406250e-02 4.473735e-01 7.011888e-01 6.019205e-01
4.843750e-02 1.406250e-02 4.254241e-01 7.064526e-01 5.953070e-01
5.000000e-02 1.406250e-02 4.034748e-01 7.115735e-01 5.885987e-01
0.000000e+00 1.562500e-02 8.284457e-01 4.940063e-01 7.133275e-01
1.562500e-03 1.562500e-02 8.299623e-01 5.019835e-01 7.131814e-01
3.125000e-03 1.562500e-02 8.314789e-01 5.098871e-01 7.127534e-01
4.687500e-03 1.562500e-02 8.314565e-01 5.178462e-01 7.120446e-01
6.250000e-03 1.562500e-02 8.301498e-01 5.257934e-01 7.110562e-01
7.812500e-03 1.562500e-02 8.276869e-01 5.337130e-01 7.097896e-01
9.375000e-03 1.562500e-02 8.240615e-01 5.416041e-01 7.082468e-01
1.093750e-02 1.562500e-02 8.192799e-01 5.494618e-01 7.064298e-01
1.250000e-02 1.562500e-02 8.133617e-01 5.572803e-01 7.043413e-01
1.406250e-02 1.562500e-02 8.063287e-01 5.650538e-01 7.019845e-01
1.562500e-02 1.562500e-02 7.982043e-01 5.727767e-01 6.993629e-01
1.718750e-02 1.562500e-02 7.890148e-01 5.804437e-01 6.964805e-01
1.875000e-02 1.562500e-02 7.787891e-01 5.880490e-01 6.933419e-01
2.031250e-02 1.562500e-02 7.675587e-01 5.955875e-01 6.899519e-01
2.187500e-02 1.562500e-02 7.553572e-01 6.030536e-01 6.863158e-01
2.343750e-02 1.562500e-02 7.422210e-01 6.104423e-01 6.824394e-01
2.500000e-02 1.562500e-02 7.281883e-01 6.177483e-01 6.783288e-01
2.656250e-02 1.562500e-02 7.132999e-01 6.249666e-01 6.739905e-01
2.812500e-02 1.562500e-02 6.975982e-01 6.320921e-01 6.694312e-01
2.968750e-02 1.562500e-02 6.811280e-01 6.391201e-01 6.646582e-01
3.125000e-02 1.562500e-02 6.639355e-01 6.460457e-01 6.596790e-01
3.281250e-02 1.562500e-02 6.460690e-01 6.528642e-01 6.545014e-01
3.437500e-02 1.562500e-02 6.275782e-01 6.595712e-01 6.491336e-01
3.593750e-02 1.562500e-02 6.085144e-01 6.661621e-01 6.435839e-01
3.750000e-02 1.562500e-02 5.889301e-01 6.726326e-01 6.378612e-01
3.906250e-02 1.562500e-02 5.688793e-01 6.789785e-01 6.319743e-01
4.062500e-02 1.562500e-02 5.484170e-01 6.851957e-01 6.259324e-01
4.218750e-02 1.562500e-02 5.275989e-01 6.912802e-01 6.197449e-01
4.375000e-02 1.562500e-02 5.064822e-01 6.972283e-01 6.134214e-01
4.531250e-02 1.562500e-02 4.851253e-01 7.030364e-01 6.069717e-01
4.687500e-02 1.562500e-02 4.635823e-01 7.087007e-01 6.004057e-01
4.843750e-02 1.562500e-02 4.418963e-01 7.142142e-01 5.937333e-01
5.000000e-02 1.562500e-02 4.202103e-01 7.195809e-01 5.869643e-01
0.000000e+00 1.718750e-02 8.361366e-01 4.927552e-01 7.126282e-01
1.562500e-03 1.718750e-02 8.379454e-01 5.010393e-01 7.124817e-01
3.125000e-03 1.718750e-02 8.397543e-01 5.092496e-01 7.120509e-01
4.687500e-03 1.718750e-02 8.400239e-01 5.175151e-01 7.113368e-01
6.250000e-03 1.718750e-02 8.390086e-01 5.257683e-01 7.103407e-01
7.812500e-03 1.718750e-02 8.368366e-01 5.339930e-01 7.090640e-01
9.375000e-03 1.718750e-02 8.335017e-01 5.421884e-01 7.075087e-01
1.093750e-02 1.718750e-02 8.290102e-01 5.503495e-01 7.056771e-01
1.250000e-02 1.718750e-02 8.233818e-01 5.584702e-01 7.035719e-01
1.406250e-02 1.718750e-02 8.166378e-01 5.665447e-01 7.011961e-01
1.562500e-02 1.718750e-02 8.088019e-01 5.745672e-01 6.985535e-01
1.718750e-02 1.718750e-02 7.999002e-01 5.825323e-01 6.956479e-01
1.875000e-02 1.718750e-02 7.899616e-01 5.904342e-01 6.924841e-01
2.031250e-02 1.718750e-02 7.790173e-01 5.982673e-01 6.890667e-01
2.187500e-02 1.718750e-02 7.671011e-01 6.060263e-01 6.854012e-01
2.343750e-02 1.718750e-02 7.542491e-01 6.137057e-01 6.814932e-01
2.500000e-02 1.718750e-02 7.404997e-01 6.213002e-01 6.773489e-01
2.656250e-02 1.718750e-02 7.258932e-01 6.288046e-01 6.729747e-01
2.812500e-02 1.718750e-02 7.104723e-01 6.362137e-01 6.683775e-01
2.968750e-02 1.718750e-02 6.942815e-01 6.435226e-01 6.635645e-01
3.125000e-02 1.718750e-02 6.773671e-01 6.507262e-01 6.585432e-01
3.281250e-02 1.718750e-02 6.597772e-01 6.578199e-01 6.533214e-01
3.437500e-02 1.718750e-02 6.415614e-01 6.647988e-01 6.479072e-01
3.593750e-02 1.718750e-02 6.227710e-01 6.716583e-01 6.423092e-01
3.750000e-02 1.718750e-02 6.034585e-01 6.783941e-01 6.365360e-01
3.906250e-02 1.718750e-02 5.836777e-01 6.850017e-01 6.305966e-01
4.062500e-02 1.718750e-02 5.634834e-01 6.914769e-01 6.245001e-01
4.218750e-02 1.718750e-02 5.429316e-01 6.978156e-01 6.182560e-01
4.375000e-02 1.718750e-02 5.220790e-01 7.040137e-01 6.118740e-01
4.531250e-02 1.718750e-02 5.009843e-01 7.100678e-01 6.053637e-01
4.687500e-02 1.718750e-02 4.797013e-01 7.159739e-01 5.987350e-01
4.843750e-02 1.718750e-02 4.582724e-01 7.217245e-01 5.919981e-01
5.000000e-02 1.718750e-02 4.368434e-01 7.273240e-01 5.851626e-01
0.000000e+00 1.875000e-02 8.437937e-01 4.913881e-01 7.118630e-01
1.562500e-03 1.875000e-02 8.458947e-01 4.999790e-01 7.117160e-01
3.125000e-03 1.875000e-02 8.479956e-01 5.084960e-01 7.112821e-01
4.687500e-03 1.875000e-02 8.485575e-01 5.170678e-01 7.105622e-01
6.250000e-03 1.875000e-02 8.478335e-01 5.256267e-01 7.095577e-01
7.812500e-03 1.875000e-02 8.459525e-01 5.341564e-01 7.082700e-01
9.375000e-03 1.875000e-02 8.429081e-01 5.426557e-01 7.067013e-01
1.093750e-02 1.875000e-02 8.387065e-01 5.511195e-01 7.048538e-01
1.250000e-02 1.875000e-02 8.333673e-01 5.595416e-01 7.027302e-01
1.406250e-02 1.875000e-02 8.269121e-01 5.679161e-01 7.003337e-01
1.562500e-02 1.875000e-02 8.193640e-01 5.762369e-01 6.976681e-01
1.718750e-02 1.875000e-02 8.107494e-01 5.844985e-01 6.947372e-01
1.875000e-02 1.875000e-02 8.010968e-01 5.926948e-01 6.915457e-01
2.031250e-02 1.875000e-02 7.904376e-01 6.008204e-01 6.880983e-01
2.187500e-02 1.875000e-02 7.788053e-01 6.088694e-01 6.844005e-01
2.343750e-02 1.875000e-02 7.662360e-01 6.168363e-01 6.804580e-01
2.500000e-02 1.875000e-02 7.527680e-01 6.247156e-01 6.762768e-01
2.656250e-02 1.875000e-02 7.384415e-01 6.325020e-01 6.718634e-01
2.812500e-02 1.875000e-02 7.232992e-01 6.401901e-01 6.672248e-01
2.968750e-02 1.875000e-02 7.073853e-01 6.477747e-01 6.623680e-01
3.125000e-02 1.875000e-02 6.907461e-01 6.552507e-01 6.573006e-01
3.281250e-02 1.875000e-02 6.734297e-01 6.626131e-01 6.520305e-01
3.437500e-02 1.875000e-02 6.554856e-01 6.698571e-01 6.465658e-01
3.593750e-02 1.875000e-02 6.369649e-01 6.769778e-01 6.409150e-01
3.750000e-02 1.875000e-02 6.179201e-01 6.839706e-01 6.350868e-01
3.906250e-02 1.875000e-02 5.984048e-01 6.908310e-01 6.290901e-01
4.062500e-02 1.875000e-02 5.784739e-01 6.975546e-01 6.229342e-01
4.218750e-02 1.875000e-02 5.581832e-01 7.041370e-01 6.166284e-01
4.375000e-02 1.875000e-02 5.375893e-01 7.105742e-01 6.101825e-01
4.531250e-02 1.875000e-02 5.167509e-01 7.168624e-01 6.036063e-01
4.687500e-02 1.875000e-02 4.957217e-01 7.229975e-01 5.969096e-01
4.843750e-02 1.875000e-02 4.745429e-01 7.289718e-01 5.901025e-01
5.000000e-02 1.875000e-02 4.533642e-01 7.347895e-01 5.831948e-01
0.000000e+00 2.031250e-02 8.514141e-01 4.899056e-01 7.110322e-01
1.562500e-03 2.031250e-02 8.538072e-01 4.988033e-01 7.108845e-01
3.125000e-03 2.031250e-02 8.562003e-01 5.076269e-01 7.104471e-01
4.687500e-03 2.031250e-02 8.570543e-01 5.165049e-01 7.097209e-01
6.250000e-03 2.031250e-02 8.566218e-01 5.253694e-01 7.087073e-01
7.812500e-03 2.031250e-02 8.550316e-01 5.342038e-01 7.074079e-01
9.375000e-03 2.031250e-02 8.522775e-01 5.430066e-01 7.058246e-01
1.093750e-02 2.031250e-02 8.483656e-01 5.517725e-01 7.039598e-01
1.250000e-02 2.031250e-02 8.433154e-01 5.604952e-01 7.018164e-01
1.406250e-02 2.031250e-02 8.371482e-01 5.691684e-01 6.993976e-01
1.562500e-02 2.031250e-02 8.298874e-01 5.777861e-01 6.967069e-01
1.718750e-02 2.031250e-02 8.215589e-01 5.863423e-01 6.937485e-01
1.875000e-02 2.031250e-02 8.121914e-01 5.948310e-01 6.905269e-01
2.031250e-02 2.031250e-02 8.018160e-01 6.032463e-01 6.870471e-01
2.187500e-02 2.031250e-02 7.904662e-01 6.115824e-01 6.833142e-01
2.343750e-02 2.031250e-02 7.781780e-01 6.198334e-01 6.793341e-01
2.500000e-02 2.031250e-02 7.649894e-01 6.279936e-01 6.751129e-01
2.656250e-02 2.031250e-02 7.509408e-01 6.360575e-01 6.706570e-01
2.812500e-02 2.031250e-02 7.360745e-01 6.440196e-01 6.659733e-01
2.968750e-02 2.031250e-02 7.204348e-01 6.518743e-01 6.610691e-01
3.125000e-02 2.031250e-02 7.040678e-01 6.596165e-01 6.559518e-01
3.281250e-02 2.031250e-02 6.870216e-01 6.672408e-01 6.506294e-01
3.437500e-02 2.031250e-02 6.693454e-01 6.747423e-01 6.451099e-01
3.593750e-02 2.031250e-02 6.510904e-01 6.821160e-01 6.394019e-01
3.750000e-02 2.031250e-02 6.323089e-01 6.893569e-01 6.335141e-01
3.906250e-02 2.031250e-02 6.130544e-01 6.964605e-01 6.274555e-01
4.062500e-02 2.031250e-02 5.933818e-01 7.034220e-01 6.212353e-01
4.218750e-02 2.031250e-02 5.733466e-01 7.102370e-01 6.148630e-01
4.375000e-02 2.031250e-02 5.530055e-01 7.169012e-01 6.083482e-01
4.531250e-02 2.031250e-02 5.324170e-01 7.234106e-01 6.017007e-01
4.687500e-02 2.031250e-02 5.116346e-01 7.297610e-01 5.949306e-01
4.843750e-02 2.031250e-02 4.906987e-01 7.359442e-01 5.880479e-01
5.000000e-02 2.031250e-02 4.697628e-01 7.419648e-01 5.810624e-01
0.000000e+00 2.187500e-02 8.589950e-01 4.883088e-01 7.101359e-01
1.562500e-03 2.187500e-02 8.616802e-01 4.975133e-01 7.099873e-01
3.125000e-03 2.187500e-02 8.643653e-01 5.066434e-01 7.095462e-01
4.687500e-03 2.187500e-02 8.655116e-01 5.158274e-01 7.088132e-01
6.250000e-03 2.187500e-02 8.653705e-01 5.249973e-01 7.077898e-01
7.812500e-03 2.187500e-02 8.640710e-01 5.341360e-01 7.064777e-01
9.375000e-03 2.187500e-02 8.616071e-01 5.432417e-01 7.048788e-01
1.093750e-02 2.187500e-02 8.579846e-01 5.523091e-01 7.029955e-01
1.250000e-02 2.187500e-02 8.532229e-01 5.613313e-01 7.008307e-01
1.406250e-02 2.187500e-02 8.473433e-01 5.703021e-01 6.983877e-01
1.562500e-02 2.187500e-02 8.403689e-01 5.792151e-01 6.956702e-01
1.718750e-02 2.187500e-02 8.323257e-01 5.880641e-01 6.926821e-01
1.875000e-02 2.187500e-02 8.232421e-01 5.968428e-01 6.894281e-01
2.031250e-02 2.187500e-02 8.131491e-01 6.055451e-01 6.859131e-01
2.187500e-02 2.187500e-02 8.020803e-01 6.141650e-01 6.821424e-01
2.343750e-02 2.187500e-02 7.900712e-01 6.226963e-01 6.781218e-01
2.500000e-02 2.187500e-02 7.771601e-01 6.311332e-01 6.738574e-01
2.656250e-02 2.187500e-02 7.633869e-01 6.394698e-01 6.693557e-01
2.812500e-02 2.187500e-02 7.487940e-01 6.477003e-01 6.646236e-01
2.968750e-02 2.187500e-02 7.334255e-01 6.558192e-01 6.596682e-01
3.125000e-02 2.187500e-02 7.173275e-01 6.638208e-01 6.544972e-01
3.281250e-02 2.187500e-02 7.005478e-01 6.716998e-01 6.491185e-01
3.437500e-02 2.187500e-02 6.831356e-01 6.794507e-01 6.435401e-01
3.593750e-02 2.187500e-02 6.651419e-01 6.870685e-01 6.377706e-01
3.750000e-02 2.187500e-02 6.466190e-01 6.945480e-01 6.318188e-01
3.906250e-02 2.187500e-02 6.276202e-01 7.018843e-01 6.256936e-01
4.062500e-02 2.187500e-02 6.082003e-01 7.090726e-01 6.194044e-01
4.218750e-02 2.187500e-02 5.884146e-01 7.161081e-01 6.129606e-01
4.375000e-02 2.187500e-02 5.683198e-01 7.229864e-01 6.063719e-01
4.531250e-02 2.187500e-02 5.479744e-01 7.297032e-01 5.996481e-01
4.687500e-02 2.187500e-02 5.274316e-01 7.362541e-01 5.927993e-01
4.843750e-02 2.187500e-02 5.067305e-01 7.426306e-01 5.858357e-01
5.000000e-02 2.187500e-02 4.860294e-01 7.488373e-01 5.787670e-01
0.000000e+00 2.343750e-02 8.665337e-01 4.865986e-01 7.091745e-01
1.562500e-03 2.343750e-02 8.695109e-01 4.961098e-01 7.090249e-01
3.125000e-03 2.343750e-02 8.724880e-01 5.055463e-01 7.085795e-01
4.687500e-03 2.343750e-02 8.739266e-01 5.150363e-01 7.078393e-01
6.250000e-03 2.343750e-02 8.740767e-01 5.245113e-01 7.068054e-01
7.812500e-03 2.343750e-02 8.730679e-01 5.339539e-01 7.054797e-01
9.375000e-03 2.343750e-02 8.708938e-01 5.433620e-01 7.038640e-01
1.093750e-02 2.343750e-02 8.675604e-01 5.527300e-01 7.019610e-01
1.250000e-02 2.343750e-02 8.630868e-01 5.620508e-01 6.997734e-01
1.406250e-02 2.343750e-02 8.574941e-01 5.713178e-01 6.973045e-01
1.562500e-02 2.343750e-02 8.508054e-01 5.805244e-01 6.945581e-01
1.718750e-02 2.343750e-02 8.430464e-01 5.896640e-01 6.915382e-01
1.875000e-02 2.343750e-02 8.342455e-01 5.987302e-01 6.882494e-01
2.031250e-02 2.343750e-02 8.244336e-01 6.077166e-01 6.846968e-01
2.187500e-02 2.343750e-02 8.136439e-01 6.166168e-01 6.808855e-01
2.343750e-02 2.343750e-02 8.019122e-01 6.254245e-01 6.768215e-01
2.500000e-02 2.343750e-02 7.892761e-01 6.341334e-01 6.725108e-01
2.656250e-02 2.343750e-02 7.757759e-01 6.427375e-01 6.679600e-01
2.812500e-02 2.343750e-02 7.614536e-01 6.512308e-01 6.631759e-01
2.968750e-02 2.343750e-02 7.463532e-01 6.596073e-01 6.581658e-01
3.125000e-02 2.343750e-02 7.305206e-01 6.678612e-01 6.529373e-01
3.281250e-02 2.343750e-02 7.140034e-01 6.759869e-01 6.474983e-01
3.437500e-02 2.343750e-02 6.968510e-01 6.839786e-01 6.418569e-01
3.593750e-02 2.343750e-02 6.791140e-01 6.918311e-01 6.360217e-01
3.750000e-02 2.343750e-02 6.608445e-01 6.995389e-01 6.300015e-01
3.906250e-02 2.343750e-02 6.420959e-01 7.070968e-01 6.238053e-01
4.062500e-02 2.343750e-02 6.229227e-01 7.144999e-01 6.174424e-01
4.218750e-02 2.343750e-02 6.033802e-01 7.217431e-01 6.109223e-01
4.375000e-02 2.343750e-02 5.835248e-01 7.288216e-01 6.042548e-01
4.531250e-02 2.343750e-02 5.634151e-01 7.357311e-01 5.974498e-01
4.687500e-02 2.343750e-02 5.431039e-01 7.424669e-01 5.905173e-01
4.843750e-02 2.343750e-02 5.226290e-01 7.490198e-01 5.834676e-01
5.000000e-02 2.343750e-02 5.021542e-01 7.553949e-01 5.763104e-01
0.000000e+00 2.500000e-02 8.740272e-01 4.847759e-01 7.081481e-01
1.562500e-03 2.500000e-02 8.772964e-01 4.945939e-01 7.079974e-01
3.125000e-03 2.500000e-02 8.805655e-01 5.043368e-01 7.075475e-01
4.687500e-03 2.500000e-02 8.822963e-01 5.141326e-01 7.067994e-01
6.250000e-03 2.500000e-02 8.827376e-01 5.239124e-01 7.057544e-01
7.812500e-03 2.500000e-02 8.820192e-01 5.336585e-01 7.044142e-01
9.375000e-03 2.500000e-02 8.801348e-01 5.433684e-01 7.027807e-01
1.093750e-02 2.500000e-02 8.770901e-01 5.530362e-01 7.008565e-01
1.250000e-02 2.500000e-02 8.729040e-01 5.626544e-01 6.986445e-01
1.406250e-02 2.500000e-02 8.675976e-01 5.722161e-01 6.961480e-01
1.562500e-02 2.500000e-02 8.611936e-01 5.817144e-01 6.933708e-01
1.718750e-02 2.500000e-02 8.537178e-01 5.911425e-01 6.903170e-01
1.875000e-02 2.500000e-02 8.451984e-01 6.004936e-01 6.869912e-01
2.031250e-02 2.500000e-02 8.356659e-01 6.097609e-01 6.833983e-01
2.187500e-02 2.500000e-02 8.251537e-01 6.189377e-01 6.795438e-01
2.343750e-02 2.500000e-02 8.136971e-01 6.280174e-01 6.754335e-01
2.500000e-02 2.500000e-02 8.013338e-01 6.369935e-01 6.710734e-01
2.656250e-02 2.500000e-02 7.881038e-01 6.458597e-01 6.664702e-01
2.812500e-02 2.500000e-02 7.740490e-01 6.546095e-01 6.616308e-01
2.968750e-02 2.500000e-02 7.592132e-01 6.632367e-01 6.565624e-01
3.125000e-02 2.500000e-02 7.436423e-01 6.717353e-01 6.512726e-01
3.281250e-02 2.500000e-02 7.273836e-01 6.800992e-01 6.457694e-01
3.437500e-02 2.500000e-02 7.104863e-01 6.883226e-01 6.400610e-01
3.593750e-02 2.500000e-02 6.930010e-01 6.963997e-01 6.341559e-01
3.750000e-02 2.500000e-02 6.749796e-01 7.043249e-01 6.280630e-01
3.906250e-02 2.500000e-02 6.564753e-01 7.120927e-01 6.217914e-01
4.062500e-02 2.500000e-02 6.375424e-01 7.196978e-01 6.153503e-01
4.218750e-02 2.500000e-02 6.182362e-01 7.271349e-01 6.087493e-01
4.375000e-02 2.500000e-02 5.986130e-01 7.343991e-01 6.019983e-01
4.531250e-02 2.500000e-02 5.787310e-01 7.414856e-01 5.951071e-01
4.687500e-02 2.500000e-02 5.586430e-01 7.483895e-01 5.880860e-01
4.843750e-02 2.500000e-02 5.383853e-01 7.551013e-01 5.809451e-01
5.000000e-02 2.500000e-02 5.181276e-01 7.616260e-01 5.736945e-01
0.000000e+00 2.656250e-02 8.814728e-01 4.828420e-01 7.070571e-01
1.562500e-03 2.656250e-02 8.850338e-01 4.929667e-01 7.069051e-01
3.125000e-03 2.656250e-02 8.885948e-01 5.030159e-01 7.064504e-01
4.687500e-03 2.656250e-02 8.906178e-01 5.131173e-01 7.056940e-01
6.250000e-03 2.656250e-02 8.913503e-01 5.232017e-01 7.046371e-01
7.812500e-03 2.656250e-02 8.909221e-01 5.332508e-01 7.032814e-01
9.375000e-03 2.656250e-02 8.893272e-01 5.432619e-01 7.016290e-01
1.093750e-02 2.656250e-02 8.865707e-01 5.532285e-01 6.996824e-01
1.250000e-02 2.656250e-02 8.826716e-01 5.631429e-01 6.974445e-01
1.406250e-02 2.656250e-02 8.776507e-01 5.729978e-01 6.949187e-01
1.562500e-02 2.656250e-02 8.715306e-01 5.827860e-01 6.921087e-01
1.718750e-02 2.656250e-02 8.643368e-01 5.925001e-01 6.890188e-01
1.875000e-02 2.656250e-02 8.560974e-01 6.021331e-01 6.856536e-01
2.031250e-02 2.656250e-02 8.468428e-01 6.116779e-01 6.820181e-01
2.187500e-02 2.656250e-02 8.366060e-01 6.211274e-01 6.781176e-01
2.343750e-02 2.656250e-02 8.254224e-01 6.304747e-01 6.739581e-01
2.500000e-02 2.656250e-02 8.133293e-01 6.397128e-01 6.695456e-01
2.656250e-02 2.656250e-02 8.003667e-01 6.488351e-01 6.648868e-01
2.812500e-02 2.656250e-02 7.865761e-01 6.578349e-01 6.599887e-01
2.968750e-02 2.656250e-02 7.720014e-01 6.667055e-01 6.548584e-01
3.125000e-02 2.656250e-02 7.566880e-01 6.754407e-01 6.495037e-01
3.281250e-02 2.656250e-02 7.406834e-01 6.840339e-01 6.439325e-01
3.437500e-02 2.656250e-02 7.240364e-01 6.924792e-01 6.381531e-01
3.593750e-02 2.656250e-02 7.067974e-01 7.007702e-01 6.321741e-01
3.750000e-02 2.656250e-02 6.890183e-01 7.089013e-01 6.260043e-01
3.906250e-02 2.656250e-02 6.707521e-01 7.168664e-01 6.196528e-01
4.062500e-02 2.656250e-02 6.520528e-01 7.246601e-01 6.131291e-01
4.218750e-02 2.656250e-02 6.329757e-01 7.322768e-01 6.064427e-01
4.375000e-02 2.656250e-02 6.135767e-01 7.397111e-01 5.996035e-01
4.531250e-02 2.656250e-02 5.939143e-01 7.469581e-01 5.926215e-01
4.687500e-02 2.656250e-02 5.740406e-01 7.540127e-01 5.855070e-01
4.843750e-02 2.656250e-02 5.539904e-01 7.608645e-01 5.782702e-01
5.000000e-02 2.656250e-02 5.339402e-01 7.675192e-01 5.709212e-01
0.000000e+00 2.812500e-02 8.888675e-01 4.807979e-01 7.059018e-01
1.562500e-03 2.812500e-02 8.927204e-01 4.912293e-01 7.057483e-01
3.125000e-03 2.812500e-02 8.965733e-01 5.015848e-01 7.052885e-01
4.687500e-03 2.812500e-02 8.988884e-01 5.119916e-01 7.045232e-01
6.250000e-03 2.812500e-02 8.999118e-01 5.223803e-01 7.034537e-01
7.812500e-03 2.812500e-02 8.997738e-01 5.327320e-01 7.020816e-01
9.375000e-03 2.812500e-02 8.984679e-01 5.430435e-01 7.004092e-01
1.093750e-02 2.812500e-02 8.959993e-01 5.533080e-01 6.984388e-01
1.250000e-02 2.812500e-02 8.923866e-01 5.635173e-01 6.961735e-01
1.406250e-02 2.812500e-02 8.876504e-01 5.736637e-01 6.936166e-01
1.562500e-02 2.812500e-02 8.818132e-01 5.837396e-01 6.907721e-01
1.718750e-02 2.812500e-02 8.749002e-01 5.937373e-01 6.876440e-01
1.875000e-02 2.812500e-02 8.669393e-01 6.036492e-01 6.842371e-01
2.031250e-02 2.812500e-02 8.579608e-01 6.134679e-01 6.805563e-01
2.187500e-02 2.812500e-02 8.479975e-01 6.231859e-01 6.766072e-01
2.343750e-02 2.812500e-02 8.370844e-01 6.327959e-01 6.723956e-01
2.500000e-02 2.812500e-02 8.252589e-01 6.422906e-01 6.679278e-01
2.656250e-02 2.812500e-02 8.125605e-01 6.516629e-01 6.632102e-01
2.812500e-02 2.812500e-02 7.990307e-01 6.609057e-01 6.582500e-01
2.968750e-02 2.812500e-02 7.847132e-01 6.700120e-01 6.530544e-01
3.125000e-02 2.812500e-02 7.696532e-01 6.789751e-01 6.476311e-01
3.281250e-02 2.812500e-02 7.538980e-01 6.877884e-01 6.419882e-01
3.437500e-02 2.812500e-02 7.374961e-01 6.964451e-01 6.361339e-01
3.593750e-02 2.812500e-02 7.204979e-01 7.049389e-01 6.300769e-01
3.750000e-02 2.812500e-02 7.029550e-01 7.132636e-01 6.238261e-01
3.906250e-02 2.812500e-02 6.849201e-01 7.214130e-01 6.173906e-01
4.062500e-02 2.812500e-02 6.664474e-01 7.293811e-01 6.107800e-01
4.218750e-02 2.812500e-02 6.475916e-01 7.371621e-01 6.040038e-01
4.375000e-02 2.812500e-02 6.284087e-01 7.447503e-01 5.970719e-01
4.531250e-02 2.812500e-02 6.089569e-01 7.521406e-01 5.899946e-01
4.687500e-02 2.812500e-02 5.892881e-01 7.593273e-01 5.827820e-01
4.843750e-02 2.812500e-02 5.694352e-01 7.662997e-01 5.754447e-01
5.000000e-02 2.812500e-02 5.495824e-01 7.730637e-01 5.679925e-01
0.000000e+00 2.968750e-02 8.962086e-01 4.786449e-01 7.046823e-01
1.562500e-03 2.968750e-02 9.003532e-01 4.893831e-01 7.045274e-01
3.125000e-03 2.968750e-02 9.044979e-01 5.000447e-01 7.040622e-01
4.687500e-03 2.968750e-02 9.071052e-01 5.107568e-01 7.032875e-01
6.250000e-03 2.968750e-02 9.084195e-01 5.214494e-01 7.022046e-01
7.812500e-03 2.968750e-02 9.085712e-01 5.321031e-01 7.008153e-01
9.375000e-03 2.968750e-02 9.075542e-01 5.427143e-01 6.991216e-01
1.093750e-02 2.968750e-02 9.053730e-01 5.532756e-01 6.971261e-01
1.250000e-02 2.968750e-02 9.020460e-01 5.637785e-01 6.948318e-01
1.406250e-02 2.968750e-02 8.975937e-01 5.742147e-01 6.922422e-01
1.562500e-02 2.968750e-02 8.920383e-01 5.845761e-01 6.893611e-01
1.718750e-02 2.968750e-02 8.854049e-01 5.948547e-01 6.861927e-01
1.875000e-02 2.968750e-02 8.777209e-01 6.050424e-01 6.827418e-01
2.031250e-02 2.968750e-02 8.690167e-01 6.151312e-01 6.790134e-01
2.187500e-02 2.968750e-02 8.593246e-01 6.251133e-01 6.750131e-01
2.343750e-02 2.968750e-02 8.486795e-01 6.349809e-01 6.707466e-01
2.500000e-02 2.968750e-02 8.371187e-01 6.447264e-01 6.662203e-01
2.656250e-02 2.968750e-02 8.246813e-01 6.543421e-01 6.614409e-01
2.812500e-02 2.968750e-02 8.114088e-01 6.638205e-01 6.564153e-01
2.968750e-02 2.968750e-02 7.973444e-01 6.731544e-01 6.511509e-01
3.125000e-02 2.968750e-02 7.825333e-01 6.823366e-01 6.456556e-01
3.281250e-02 2.968750e-02 7.670225e-01 6.913598e-01 6.399372e-01
3.437500e-02 2.968750e-02 7.508603e-01 7.002173e-01 6.340042e-01
3.593750e-02 2.968750e-02 7.340970e-01 7.089021e-01 6.278653e-01
3.750000e-02 2.968750e-02 7.167838e-01 7.174076e-01 6.215294e-01
3.906250e-02 2.968750e-02 6.989734e-01 7.257274e-01 6.150059e-01
4.062500e-02 2.968750e-02 6.807196e-01 7.338551e-01 6.083041e-01
4.218750e-02 2.968750e-02 6.620770e-01 7.417845e-01 6.014338e-01
4.375000e-02 2.968750e-02 6.431015e-01 7.495096e-01 5.944050e-01
4.531250e-02 2.968750e-02 6.238512e-01 7.570249e-01 5.872279e-01
4.687500e-02 2.968750e-02 6.043774e-01 7.643246e-01 5.799129e-01
4.843750e-02 2.968750e-02 5.847111e-01 7.713971e-01 5.724705e-01
5.000000e-02 2.968750e-02 5.650448e-01 7.782489e-01 5.649108e-01
0.000000e+00 3.125000e-02 9.034931e-01 4.763843e-01 7.033992e-01
1.562500e-03 3.125000e-02 9.079295e-01 4.874292e-01 7.032427e-01
3.125000e-03 3.125000e-02 9.123658e-01 4.983968e-01 7.027717e-01
4.687500e-03 3.125000e-02 9.152653e-01 5.094140e-01 7.019871e-01
6.250000e-03 3.125000e-02 9.168703e-01 5.204103e-01 7.008901e-01
7.812500e-03 3.125000e-02 9.173117e-01 5.313655e-01 6.994826e-01
9.375000e-03 3.125000e-02 9.165831e-01 5.422756e-01 6.977666e-01
1.093750e-02 3.125000e-02 9.146888e-01 5.531326e-01 6.957446e-01
1.250000e-02 3.125000e-02 9.116469e-01 5.639276e-01 6.934199e-01
1.406250e-02 3.125000e-02 9.074776e-01 5.746518e-01 6.907958e-01
1.562500e-02 3.125000e-02 9.022030e-01 5.852964e-01 6.878762e-01
1.718750e-02 3.125000e-02 8.958477e-01 5.958530e-01 6.846654e-01
1.875000e-02 3.125000e-02 8.884391e-01 6.063130e-01 6.811683e-01
2.031250e-02 3.125000e-02 8.800071e-01 6.166680e-01 6.773898e-01
2.187500e-02 3.125000e-02 8.705839e-01 6.269096e-01 6.733355e-01
2.343750e-02 3.125000e-02 8.602043e-01 6.370295e-01 6.690114e-01
2.500000e-02 3.125000e-02 8.489051e-01 6.470196e-01 6.644237e-01
2.656250e-02 3.125000e-02 8.367254e-01 6.568719e-01 6.595793e-01
2.812500e-02 3.125000e-02 8.237062e-01 6.665784e-01 6.544851e-01
2.968750e-02 3.125000e-02 8.098907e-01 6.761313e-01 6.491486e-01
3.125000e-02 3.125000e-02 7.953238e-01 6.855229e-01 6.435776e-01
3.281250e-02 3.125000e-02 7.800521e-01 6.947459e-01 6.377802e-01
3.437500e-02 3.125000e-02 7.641240e-01 7.037927e-01 6.317648e-01
3.593750e-02 3.125000e-02 7.475892e-01 7.126561e-01 6.255401e-01
3.750000e-02 3.125000e-02 7.304990e-01 7.213292e-01 6.191153e-01
3.906250e-02 3.125000e-02 7.129057e-01 7.298049e-01 6.124996e-01
4.062500e-02 3.125000e-02 6.948630e-01 7.380767e-01 6.057027e-01
4.218750e-02 3.125000e-02 6.764252e-01 7.461379e-01 5.987342e-01
4.375000e-02 3.125000e-02 6.576480e-01 7.539821e-01 5.916043e-01
4.531250e-02 3.125000e-02 6.385894e-01 7.616036e-01 5.843232e-01
4.687500e-02 3.125000e-02 6.193002e-01 7.689962e-01 5.769016e-01
4.843750e-02 3.125000e-02 5.998093e-01 7.761476e-01 5.693499e-01
5.000000e-02 3.125000e-02 5.803184e-01 7.830648e-01 5.616784e-01
0.000000e+00 3.281250e-02 9.107182e-01 4.740174e-01 7.020527e-01
1.562500e-03 3.281250e-02 9.154462e-01 4.853690e-01 7.018945e-01
3.125000e-03 3.281250e-02 9.201743e-01 4.966426e-01 7.014176e-01
4.687500e-03 3.281250e-02 9.233658e-01 5.079647e-01 7.006225e-01
6.250000e-03 3.281250e-02 9.252615e-01 5.192642e-01 6.995107e-01
7.812500e-03 3.281250e-02 9.259923e-01 5.305203e-01 6.980840e-01
9.375000e-03 3.281250e-02 9.255518e-01 5.417285e-01 6.963444e-01
1.093750e-02 3.281250e-02 9.239439e-01 5.528802e-01 6.942947e-01
1.250000e-02 3.281250e-02 9.211864e-01 5.639658e-01 6.919379e-01
1.406250e-02 3.281250e-02 9.172993e-01 5.749759e-01 6.892776e-01
1.562500e-02 3.281250e-02 9.123041e-01 5.859014e-01 6.863176e-01
1.718750e-02 3.281250e-02 9.062255e-01 5.967330e-01 6.830624e-01
1.875000e-02 3.281250e-02 8.990905e-01 6.074618e-01 6.795167e-01
2.031250e-02 3.281250e-02 8.909287e-01 6.180788e-01 6.756857e-01
2.187500e-02 3.281250e-02 8.817721e-01 6.285749e-01 6.715749e-01
2.343750e-02 3.281250e-02 8.716551e-01 6.389416e-01 6.671904e-01
2.500000e-02 3.281250e-02 8.606144e-01 6.491700e-01 6.625385e-01
2.656250e-02 3.281250e-02 8.486887e-01 6.592516e-01 6.576260e-01
2.812500e-02 3.281250e-02 8.359189e-01 6.691780e-01 6.524600e-01
2.968750e-02 3.281250e-02 8.223478e-01 6.789410e-01 6.470481e-01
3.125000e-02 3.281250e-02 8.080201e-01 6.885323e-01 6.413980e-01
3.281250e-02 3.281250e-02 7.929821e-01 6.979441e-01 6.355179e-01
3.437500e-02 3.281250e-02 7.772821e-01 7.071684e-01 6.294165e-01
3.593750e-02 3.281250e-02 7.609694e-01 7.161976e-01 6.231024e-01
3.750000e-02 3.281250e-02 7.440950e-01 7.250242e-01 6.165848e-01
3.906250e-02 3.281250e-02 7.267112e-01 7.336409e-01 6.098731e-01
4.062500e-02 3.281250e-02 7.088712e-01 7.420406e-01 6.029770e-01
4.218750e-02 3.281250e-02 6.906293e-01 7.502163e-01 5.959064e-01
4.375000e-02 3.281250e-02 6.720408e-01 7.581613e-01 5.886714e-01
4.531250e-02 3.281250e-02 6.531637e-01 7.658694e-01 5.812824e-01
4.687500e-02 3.281250e-02 6.340483e-01 7.733341e-01 5.737500e-01
4.843750e-02 3.281250e-02 6.147211e-01 7.805424e-01 5.660850e-01
5.000000e-02 3.281250e-02 5.953939e-01 7.875018e-01 5.582976e-01
0.000000e+00 3.437500e-02 9.178811e-01 4.715457e-01 7.006431e-01
1.562500e-03 3.437500e-02 9.229007e-01 4.832040e-01 7.004833e-01
3.125000e-03 3.437500e-02 9.279203e-01 4.947835e-01 7.000000e-01
4.687500e-03 3.437500e-02 9.314039e-01 5.064102e-01 6.991940e-01
6.250000e-03 3.437500e-02 9.335902e-01 5.180126e-01 6.980667e-01
7.812500e-03 3.437500e-02 9.346102e-01 5.295691e-01 6.966198e-01
9.375000e-03 3.437500e-02 9.344575e-01 5.410744e-01 6.948555e-01
1.093750e-02 3.437500e-02 9.331355e-01 5.525196e-01 6.927767e-01
1.250000e-02 3.437500e-02 9.306617e-01 5.638942e-01 6.903863e-01
1.406250e-02 3.437500e-02 9.270556e-01 5.751882e-01 6.876880e-01
1.562500e-02 3.437500e-02 9.223388e-01 5.863920e-01 6.846858e-01
1.718750e-02 3.437500e-02 9.165354e-01 5.974956e-01 6.813840e-01
1.875000e-02 3.437500e-02 9.096721e-01 6.084895e-01 6.777876e-01
2.031250e-02 3.437500e-02 9.017783e-01 6.193640e-01 6.739016e-01
2.187500e-02 3.437500e-02 8.928858e-01 6.301097e-01 6.697317e-01
2.343750e-02 3.437500e-02 8.830285e-01 6.407171e-01 6.652841e-01
2.500000e-02 3.437500e-02 8.722429e-01 6.511772e-01 6.605651e-01
2.656250e-02 3.437500e-02 8.605675e-01 6.614806e-01 6.555815e-01
2.812500e-02 3.437500e-02 8.480429e-01 6.716186e-01 6.503406e-01
2.968750e-02 3.437500e-02 8.347115e-01 6.815823e-01 6.448499e-01
3.125000e-02 3.437500e-02 8.206177e-01 6.913630e-01 6.391174e-01
3.281250e-02 3.437500e-02 8.058078e-01 7.009522e-01 6.331513e-01
3.437500e-02 3.437500e-02 7.903295e-01 7.103416e-01 6.269602e-01
3.593750e-02 3.437500e-02 7.742320e-01 7.195232e-01 6.205530e-01
3.750000e-02 3.437500e-02 7.575661e-01 7.284889e-01 6.139390e-01
3.906250e-02 3.437500e-02 7.403837e-01 7.372309e-01 6.071276e-01
4.062500e-02 3.437500e-02 7.227379e-01 7.457418e-01 6.001286e-01
4.218750e-02 3.437500e-02 7.046825e-01 7.540141e-01 5.929520e-01
4.375000e-02 3.437500e-02 6.862728e-01 7.620408e-01 5.856080e-01
4.531250e-02 3.437500e-02 6.675667e-01 7.698153e-01 5.781072e-01
4.687500e-02 3.437500e-02 6.486138e-01 7.773306e-01 5.704602e-01
4.843750e-02 3.437500e-02 6.294381e-01 7.845732e-01 5.626781e-01
5.000000e-02 3.437500e-02 6.102623e-01 7.915510e-01 5.547710e-01
0.000000e+00 3.593750e-02 9.249788e-01 4.689707e-01 6.991710e-01
1.562500e-03 3.593750e-02 9.302899e-01 4.809356e-01 6.990094e-01
3.125000e-03 3.593750e-02 9.356010e-01 4.928208e-01 6.985196e-01
4.687500e-03 3.593750e-02 9.393768e-01 5.047520e-01 6.977021e-01
6.250000e-03 3.593750e-02 9.418535e-01 5.166569e-01 6.965584e-01
7.812500e-03 3.593750e-02 9.431626e-01 5.285131e-01 6.950903e-01
9.375000e-03 3.593750e-02 9.432973e-01 5.403148e-01 6.933002e-01
1.093750e-02 3.593750e-02 9.422607e-01 5.520521e-01 6.911909e-01
1.250000e-02 3.593750e-02 9.400698e-01 5.637141e-01 6.887654e-01
1.406250e-02 3.593750e-02 9.367439e-01 5.752900e-01 6.860274e-01
1.562500e-02 3.593750e-02 9.323041e-01 5.867694e-01 6.829811e-01
1.718750e-02 3.593750e-02 9.267742e-01 5.981418e-01 6.796307e-01
1.875000e-02 3.593750e-02 9.201807e-01 6.093968e-01 6.759812e-01
2.031250e-02 3.593750e-02 9.125527e-01 6.205243e-01 6.720379e-01
2.187500e-02 3.593750e-02 9.039215e-01 6.315141e-01 6.678064e-01
2.343750e-02 3.593750e-02 8.943210e-01 6.423563e-01 6.632930e-01
2.500000e-02 3.593750e-02 8.837871e-01 6.530410e-01 6.585040e-01
2.656250e-02 3.593750e-02 8.723580e-01 6.635584e-01 6.534464e-01
2.812500e-02 3.593750e-02 8.600741e-01 6.738992e-01 6.481275e-01
2.968750e-02 3.593750e-02 8.469775e-01 6.840538e-01 6.425548e-01
3.125000e-02 3.593750e-02 8.331123e-01 6.940131e-01 6.367366e-01
3.281250e-02 3.593750e-02 8.185245e-01 7.037681e-01 6.306810e-01
3.437500e-02 3.593750e-02 8.032614e-01 7.133099e-01 6.243968e-01
3.593750e-02 3.593750e-02 7.873720e-01 7.226299e-01 6.178930e-01
3.750000e-02 3.593750e-02 7.709068e-01 7.317196e-01 6.111789e-01
3.906250e-02 3.593750e-02 7.539175e-01 7.405708e-01 6.042642e-01
4.062500e-02 3.593750e-02 7.364567e-01 7.491756e-01 5.971587e-01
4.218750e-02 3.593750e-02 7.185783e-01 7.575260e-01 5.898724e-01
4.375000e-02 3.593750e-02 7.003370e-01 7.656147e-01 5.824159e-01
4.531250e-02 3.593750e-02 6.817908e-01 7.734346e-01 5.747996e-01
4.687500e-02 3.593750e-02 6.629886e-01 7.809786e-01 5.670345e-01
4.843750e-02 3.593750e-02 6.439518e-01 7.882320e-01 5.591316e-01
5.000000e-02 3.593750e-02 6.249149e-01 7.952038e-01 5.511012e-01
0.000000e+00 3.750000e-02 9.320084e-01 4.662939e-01 6.976365e-01
1.562500e-03 3.750000e-02 9.376109e-01 4.785654e-01 6.974734e-01
3.125000e-03 3.750000e-02 9.432134e-01 4.907563e-01 6.969767e-01
4.687500e-03 3.750000e-02 9.472814e-01 5.029916e-01 6.961472e-01
6.250000e-03 3.750000e-02 9.500487e-01 5.151985e-01 6.949863e-01
7.812500e-03 3.750000e-02 9.516468e-01 5.273540e-01 6.934961e-01
9.375000e-03 3.750000e-02 9.520686e-01 5.394511e-01 6.916789e-01
1.093750e-02 3.750000e-02 9.513169e-01 5.514794e-01 6.895376e-01
1.250000e-02 3.750000e-02 9.494081e-01 5.634270e-01 6.870755e-01
1.406250e-02 3.750000e-02 9.463612e-01 5.752826e-01 6.842962e-01
1.562500e-02 3.750000e-02 9.421970e-01 5.870348e-01 6.812038e-01
1.718750e-02 3.750000e-02 9.369390e-01 5.986725e-01 6.778028e-01
1.875000e-02 3.750000e-02 9.306133e-01 6.101847e-01 6.740981e-01
2.031250e-02 3.750000e-02 9.232487e-01 6.215604e-01 6.700951e-01
2.187500e-02 3.750000e-02 9.148761e-01 6.327888e-01 6.657995e-01
2.343750e-02 3.750000e-02 9.055290e-01 6.438592e-01 6.612176e-01
2.500000e-02 3.750000e-02 8.952432e-01 6.547613e-01 6.563558e-01
2.656250e-02 3.750000e-02 8.840564e-01 6.654846e-01 6.512213e-01
2.812500e-02 3.750000e-02 8.720086e-01 6.760189e-01 6.458213e-01
2.968750e-02 3.750000e-02 8.591417e-01 6.863544e-01 6.401636e-01
3.125000e-02 3.750000e-02 8.454995e-01 6.964812e-01 6.342563e-01
3.281250e-02 3.750000e-02 8.311274e-01 7.063897e-01 6.281080e-01
3.437500e-02 3.750000e-02 8.160728e-01 7.160706e-01 6.217273e-01
3.593750e-02 3.750000e-02 8.003841e-01 7.255146e-01 6.151235e-01
3.750000e-02 3.750000e-02 7.841116e-01 7.347128e-01 6.083059e-01
3.906250e-02 3.750000e-02 7.673066e-01 7.436566e-01 6.012844e-01
4.062500e-02 3.750000e-02 7.500216e-01 7.523373e-01 5.940688e-01
4.218750e-02 3.750000e-02 7.323100e-01 7.607469e-01 5.866695e-01
4.375000e-02 3.750000e-02 7.142264e-01 7.688772e-01 5.790969e-01
4.531250e-02 3.750000e-02 6.958286e-01 7.767211e-01 5.713618e-01
4.687500e-02 3.750000e-02 6.771649e-01 7.842710e-01 5.634752e-01
4.843750e-02 3.750000e-02 6.582538e-01 7.915114e-01 5.554481e-01
5.000000e-02 3.750000e-02 6.393427e-01 7.984520e-01 5.472911e-01
0.000000e+00 3.906250e-02 9.389666e-01 4.635170e-01 6.960403e-01
1.562500e-03 3.906250e-02 9.448605e-01 4.760949e-01 6.958756e-01
3.125000e-03 3.906250e-02 9.507543e-01 4.885913e-01 6.953719e-01
4.687500e-03 3.906250e-02 9.551149e-01 5.011306e-01 6.945296e-01
6.250000e-03 3.906250e-02 9.581730e-01 5.136393e-01 6.933507e-01
7.812500e-03 3.906250e-02 9.600600e-01 5.260933e-01 6.918373e-01
9.375000e-03 3.906250e-02 9.607687e-01 5.384850e-01 6.899918e-01
1.093750e-02 3.906250e-02 9.603012e-01 5.508029e-01 6.878173e-01
1.250000e-02 3.906250e-02 9.586737e-01 5.630345e-01 6.853170e-01
1.406250e-02 3.906250e-02 9.559047e-01 5.751674e-01 6.824946e-01
1.562500e-02 3.906250e-02 9.520147e-01 5.871896e-01 6.793544e-01
1.718750e-02 3.906250e-02 9.470269e-01 5.990891e-01 6.759007e-01
1.875000e-02 3.906250e-02 9.409669e-01 6.108541e-01 6.721387e-01
2.031250e-02 3.906250e-02 9.338631e-01 6.224729e-01 6.680736e-01
2.187500e-02 3.906250e-02 9.257462e-01 6.339341e-01 6.637115e-01
2.343750e-02 3.906250e-02 9.166493e-01 6.452262e-01 6.590584e-01
2.500000e-02 3.906250e-02 9.066077e-01 6.563381e-01 6.541212e-01
2.656250e-02 3.906250e-02 8.956589e-01 6.672587e-01 6.489068e-01
2.812500e-02 3.906250e-02 8.838424e-01 6.779772e-01 6.434228e-01
2.968750e-02 3.906250e-02 8.711999e-01 6.884831e-01 6.376769e-01
3.125000e-02 3.906250e-02 8.577748e-01 6.987658e-01 6.316775e-01
3.281250e-02 3.906250e-02 8.436121e-01 7.088152e-01 6.254332e-01
3.437500e-02 3.906250e-02 8.287588e-01 7.186214e-01 6.189527e-01
3.593750e-02 3.906250e-02 8.132632e-01 7.281746e-01 6.122455e-01
3.750000e-02 3.906250e-02 7.971750e-01 7.374653e-01 6.053211e-01
3.906250e-02 3.906250e-02 7.805453e-01 7.464843e-01 5.981894e-01
4.062500e-02 3.906250e-02 7.634263e-01 7.552227e-01 5.908605e-01
4.218750e-02 3.906250e-02 7.458710e-01 7.636717e-01 5.833448e-01
4.375000e-02 3.906250e-02 7.279339e-01 7.718230e-01 5.756529e-01
4.531250e-02 3.906250e-02 7.096728e-01 7.796689e-01 5.677958e-01
4.687500e-02 3.906250e-02 6.911349e-01 7.872015e-01 5.597844e-01
4.843750e-02 3.906250e-02 6.723361e-01 7.944043e-01 5.516302e-01
5.000000e-02 3.906250e-02 6.535373e-01 8.012882e-01 5.433434e-01
0.000000e+00 4.062500e-02 9.458498e-01 4.606415e-01 6.943826e-01
1.562500e-03 4.062500e-02 9.520352e-01 4.735259e-01 6.942166e-01
3.125000e-03 4.062500e-02 9.582206e-01 4.863276e-01 6.937055e-01
4.687500e-03 4.062500e-02 9.628743e-01 4.991706e-01 6.928499e-01
6.250000e-03 4.062500e-02 9.662236e-01 5.119808e-01 6.916520e-01
7.812500e-03 4.062500e-02 9.683996e-01 5.247329e-01 6.901143e-01
9.375000e-03 4.062500e-02 9.693949e-01 5.374183e-01 6.882393e-01
1.093750e-02 4.062500e-02 9.692112e-01 5.500245e-01 6.860302e-01
1.250000e-02 4.062500e-02 9.678641e-01 5.625382e-01 6.834902e-01
1.406250e-02 4.062500e-02 9.653718e-01 5.749460e-01 6.806232e-01
1.562500e-02 4.062500e-02 9.617545e-01 5.872351e-01 6.774332e-01
1.718750e-02 4.062500e-02 9.570348e-01 5.993927e-01 6.739250e-01
1.875000e-02 4.062500e-02 9.512383e-01 6.114061e-01 6.701034e-01
2.031250e-02 4.062500e-02 9.443928e-01 6.232629e-01 6.659741e-01
2.187500e-02 4.062500e-02 9.365286e-01 6.349508e-01 6.615429e-01
2.343750e-02 4.062500e-02 9.276783e-01 6.464576e-01 6.568162e-01
2.500000e-02 4.062500e-02 9.178771e-01 6.577714e-01 6.518007e-01
2.656250e-02 4.062500e-02 9.071618e-01 6.688805e-01 6.465036e-01
2.812500e-02 4.062500e-02 8.955718e-01 6.797734e-01 6.409326e-01
2.968750e-02 4.062500e-02 8.831482e-01 6.904387e-01 6.350956e-01
3.125000e-02 4.062500e-02 8.699340e-01 7.008654e-01 6.290010e-01
3.281250e-02 4.062500e-02 8.559740e-01 7.110427e-01 6.226575e-01
3.437500e-02 4.062500e-02 8.413148e-01 7.209601e-01 6.160741e-01
3.593750e-02 4.062500e-02 8.260042e-01 7.306071e-01 6.092604e-01
3.750000e-02 4.062500e-02 8.100917e-01 7.399738e-01 6.022259e-01
3.906250e-02 4.062500e-02 7.936279e-01 7.490504e-01 5.949808e-01
4.062500e-02 4.062500e-02 7.766649e-01 7.578276e-01 5.875353e-01
4.218750e-02 4.062500e-02 7.592552e-01 7.662960e-01 5.799001e-01
4.375000e-02 4.062500e-02 7.414530e-01 7.744470e-01 5.720859e-01
4.531250e-02 4.062500e-02 7.233160e-01 7.822724e-01 5.641038e-01
4.687500e-02 4.062500e-02 7.048908e-01 7.897640e-01 5.559648e-01
4.843750e-02 4.062500e-02 6.861901e-01 7.969043e-01 5.476804e-01
5.000000e-02 4.062500e-02 6.674894e-01 8.037054e-01 5.392610e-01
0.000000e+00 4.218750e-02 9.526543e-01 4.576693e-01 6.926640e-01
1.562500e-03 4.218750e-02 9.591314e-01 4.708600e-01 6.924969e-01
3.125000e-03 4.218750e-02 9.656086e-01 4.839669e-01 6.919781e-01
4.687500e-03 4.218750e-02 9.705566e-01 4.971136e-01 6.911084e-01
6.250000e-03 4.218750e-02 9.741980e-01 5.102250e-01 6.898905e-01
7.812500e-03 4.218750e-02 9.766632e-01 5.232748e-01 6.883273e-01
9.375000e-03 4.218750e-02 9.779448e-01 5.362529e-01 6.864217e-01
1.093750e-02 4.218750e-02 9.780441e-01 5.491462e-01 6.841767e-01
1.250000e-02 4.218750e-02 9.769764e-01 5.619400e-01 6.815956e-01
1.406250e-02 4.218750e-02 9.747596e-01 5.746202e-01 6.786823e-01
1.562500e-02 4.218750e-02 9.714133e-01 5.871730e-01 6.754409e-01
1.718750e-02 4.218750e-02 9.669600e-01 5.995847e-01 6.718761e-01
1.875000e-02 4.218750e-02 9.614245e-01 6.118419e-01 6.679929e-01
2.031250e-02 4.218750e-02 9.548345e-01 6.239311e-01 6.637970e-01
2.187500e-02 4.218750e-02 9.472198e-01 6.358394e-01 6.592943e-01
2.343750e-02 4.218750e-02 9.386127e-01 6.475537e-01 6.544914e-01
2.500000e-02 4.218750e-02 9.290477e-01 6.590614e-01 6.493950e-01
2.656250e-02 4.218750e-02 9.185614e-01 6.703498e-01 6.440125e-01
2.812500e-02 4.218750e-02 9.071926e-01 6.814069e-01 6.383517e-01
2.968750e-02 4.218750e-02 8.949822e-01 6.922205e-01 6.324206e-01
3.125000e-02 4.218750e-02 8.819726e-01 7.027789e-01 6.262277e-01
3.281250e-02 4.218750e-02 8.682084e-01 7.130706e-01 6.197820e-01
3.437500e-02 4.218750e-02 8.537356e-01 7.230845e-01 6.130926e-01
3.593750e-02 4.218750e-02 8.386018e-01 7.328096e-01 6.061691e-01
3.750000e-02 4.218750e-02 8.228561e-01 7.422353e-01 5.990215e-01
3.906250e-02 4.218750e-02 8.065486e-01 7.513515e-01 5.916599e-01
4.062500e-02 4.218750e-02 7.897311e-01 7.601480e-01 5.840949e-01
4.218750e-02 4.218750e-02 7.724557e-01 7.686154e-01 5.763372e-01
4.375000e-02 4.218750e-02 7.547764e-01 7.767443e-01 5.683978e-01
4.531250e-02 4.218750e-02 7.367508e-01 7.845264e-01 5.602879e-01
4.687500e-02 4.218750e-02 7.184247e-01 7.919528e-01 5.520188e-01
4.843750e-02 4.218750e-02 6.998080e-01 7.990054e-01 5.436018e-01
5.000000e-02 4.218750e-02 6.811914e-01 8.056971e-01 5.350472e-01
0.000000e+00 4.375000e-02 9.593739e-01 4.546021e-01 6.908849e-01
1.562500e-03 4.375000e-02 9.661442e-01 4.680991e-01 6.907172e-01
3.125000e-03 4.375000e-02 9.729146e-01 4.815113e-01 6.901902e-01
4.687500e-03 4.375000e-02 9.781594e-01 4.949616e-01 6.893051e-01
6.250000e-03 4.375000e-02 9.820940e-01 5.083744e-01 6.880661e-01
7.812500e-03 4.375000e-02 9.848487e-01 5.217214e-01 6.864766e-01
9.375000e-03 4.375000e-02 9.864164e-01 5.349915e-01 6.845392e-01
1.093750e-02 4.375000e-02 9.867980e-01 5.481702e-01 6.822572e-01
1.250000e-02 4.375000e-02 9.860086e-01 5.612420e-01 6.796337e-01
1.406250e-02 4.375000e-02 9.840657e-01 5.741918e-01 6.766725e-01
1.562500e-02 4.375000e-02 9.809887e-01 5.870049e-01 6.733780e-01
1.718750e-02 4.375000e-02 9.767996e-01 5.996667e-01 6.697546e-01
1.875000e-02 4.375000e-02 9.715228e-01 6.121627e-01 6.658078e-01
2.031250e-02 4.375000e-02 9.651855e-01 6.244787e-01 6.615430e-01
2.187500e-02 4.375000e-02 9.578170e-01 6.366008e-01 6.569665e-01
2.343750e-02 4.375000e-02 9.494492e-01 6.485151e-01 6.520848e-01
2.500000e-02 4.375000e-02 9.401162e-01 6.602081e-01 6.469049e-01
2.656250e-02 4.375000e-02 9.298541e-01 6.716665e-01 6.414342e-01
2.812500e-02 4.375000e-02 9.187012e-01 6.828772e-01 6.356807e-01
2.968750e-02 4.375000e-02 9.066980e-01 6.938275e-01 6.296526e-01
3.125000e-02 4.375000e-02 8.938867e-01 7.045049e-01 6.233585e-01
3.281250e-02 4.375000e-02 8.803111e-01 7.148972e-01 6.168076e-01
3.437500e-02 4.375000e-02 8.660169e-01 7.249926e-01 6.100092e-01
3.593750e-02 4.375000e-02 8.510514e-01 7.347796e-01 6.029730e-01
3.750000e-02 4.375000e-02 8.354631e-01 7.442470e-01 5.957093e-01
3.906250e-02 4.375000e-02 8.193020e-01 7.533841e-01 5.882283e-01
4.062500e-02 4.375000e-02 8.026192e-01 7.621803e-01 5.805408e-01
4.218750e-02 4.375000e-02 7.854667e-01 7.706257e-01 5.726579e-01
4.375000e-02 4.375000e-02 7.678979e-01 7.787104e-01 5.645907e-01
4.531250e-02 4.375000e-02 7.499704e-01 7.864259e-01 5.563505e-01
4.687500e-02 4.375000e-02 7.317288e-01 7.937628e-01 5.479489e-01
4.843750e-02 4.375000e-02 7.131803e-01 8.007019e-01 5.393969e-01
5.000000e-02 4.375000e-02 6.946318e-01 8.072575e-01 5.307048e-01
0.000000e+00 4.531250e-02 9.660065e-01 4.514418e-01 6.890457e-01
1.562500e-03 4.531250e-02 9.730712e-01 4.652452e-01 6.888782e-01
3.125000e-03 4.531250e-02 9.801358e-01 4.789633e-01 6.883422e-01
4.687500e-03 4.531250e-02 9.856816e-01 4.927178e-01 6.874402e-01
6.250000e-03 4.531250e-02 9.899115e-01 5.064321e-01 6.861792e-01
7.812500e-03 4.531250e-02 9.929559e-01 5.200759e-01 6.845625e-01
9.375000e-03 4.531250e-02 9.948090e-01 5.336368e-01 6.825927e-01
1.093750e-02 4.531250e-02 9.954720e-01 5.470992e-01 6.802725e-01
1.250000e-02 4.531250e-02 9.949596e-01 5.604466e-01 6.776053e-01
1.406250e-02 4.531250e-02 9.932892e-01 5.736630e-01 6.745949e-01
1.562500e-02 4.531250e-02 9.904797e-01 5.867327e-01 6.712454e-01
1.718750e-02 4.531250e-02 9.865526e-01 5.996401e-01 6.675617e-01
1.875000e-02 4.531250e-02 9.815320e-01 6.123698e-01 6.635490e-01
2.031250e-02 4.531250e-02 9.754445e-01 6.249067e-01 6.592132e-01
2.187500e-02 4.531250e-02 9.683189e-01 6.372358e-01 6.545604e-01
2.343750e-02 4.531250e-02 9.601867e-01 6.493423e-01 6.495975e-01
2.500000e-02 4.531250e-02 9.510813e-01 6.612120e-01 6.443314e-01
2.656250e-02 4.531250e-02 9.410386e-01 6.728305e-01 6.387699e-01
2.812500e-02 4.531250e-02 9.300963e-01 6.841840e-01 6.329210e-01
2.968750e-02 4.531250e-02 9.182944e-01 6.952590e-01 6.267930e-01
3.125000e-02 4.531250e-02 9.056745e-01 7.060423e-01 6.203950e-01
3.281250e-02 4.531250e-02 8.922803e-01 7.165210e-01 6.137360e-01
3.437500e-02 4.531250e-02 8.781569e-01 7.266825e-01 6.068256e-01
3.593750e-02 4.531250e-02 8.633511e-01 7.365148e-01 5.996740e-01
3.750000e-02 4.531250e-02 8.479111e-01 7.460061e-01 5.922912e-01
3.906250e-02 4.531250e-02 8.318863e-01 7.551451e-01 5.846881e-01
4.062500e-02 4.531250e-02 8.153276e-01 7.639208e-01 5.768755e-01
4.218750e-02 4.531250e-02 7.982863e-01 7.723229e-01 5.688647e-01
4.375000e-02 4.531250e-02 7.808155e-01 7.803410e-01 5.606671e-01
4.531250e-02 4.531250e-02 7.629724e-01 7.879664e-01 5.522945e-01
4.687500e-02 4.531250e-02 7.448007e-01 7.951890e-01 5.437585e-01
4.843750e-02 4.531250e-02 7.263069e-01 8.019888e-01 5.350698e-01
5.000000e-02 4.531250e-02 7.078132e-01 8.083814e-01 5.262373e-01
0.000000e+00 4.687500e-02 9.725235e-01 4.481902e-01 6.871470e-01
1.562500e-03 4.687500e-02 9.798904e-01 4.623006e-01 6.869792e-01
3.125000e-03 4.687500e-02 9.872573e-01 4.763269e-01 6.864334e-01
4.687500e-03 4.687500e-02 9.931184e-01 4.903867e-01 6.855125e-01
6.250000e-03 4.687500e-02 9.976446e-01 5.044028e-01 6.842294e-01
7.812500e-03 4.687500e-02 1.000978e+00 5.183424e-01 6.825852e-01
9.375000e-03 4.687500e-02 1.003115e+00 5.321922e-01 6.805823e-01
1.093750e-02 4.687500e-02 1.004058e+00 5.459359e-01 6.782232e-01
1.250000e-02 4.687500e-02 1.003821e+00 5.595561e-01 6.755112e-01
1.406250e-02 4.687500e-02 1.002422e+00 5.730358e-01 6.724499e-01
1.562500e-02 4.687500e-02 9.998776e-01 5.863581e-01 6.690438e-01
1.718750e-02 4.687500e-02 9.962103e-01 5.995065e-01 6.652978e-01
1.875000e-02 4.687500e-02 9.914433e-01 6.124646e-01 6.612173e-01
2.031250e-02 4.687500e-02 9.856025e-01 6.252161e-01 6.568081e-01
2.187500e-02 4.687500e-02 9.787163e-01 6.377451e-01 6.520767e-01
2.343750e-02 4.687500e-02 9.708156e-01 6.500359e-01 6.470300e-01
2.500000e-02 4.687500e-02 9.619334e-01 6.620731e-01 6.416753e-01
2.656250e-02 4.687500e-02 9.521049e-01 6.738417e-01 6.360203e-01
2.812500e-02 4.687500e-02 9.413674e-01 6.853269e-01 6.300732e-01
2.968750e-02 4.687500e-02 9.297604e-01 6.965144e-01 6.238427e-01
3.125000e-02 4.687500e-02 9.173251e-01 7.073902e-01 6.173379e-01
3.281250e-02 4.687500e-02 9.041045e-01 7.179406e-01 6.105680e-01
3.437500e-02 4.687500e-02 8.901435e-01 7.281525e-01 6.035431e-01
3.593750e-02 4.687500e-02 8.754882e-01 7.380131e-01 5.962731e-01
3.750000e-02 4.687500e-02 8.601866e-01 7.475100e-01 5.887688e-01
3.906250e-02 4.687500e-02 8.442875e-01 7.566316e-01 5.810408e-01
4.062500e-02 4.687500e-02 8.278413e-01 7.653662e-01 5.731006e-01
4.218750e-02 4.687500e-02 8.108989e-01 7.737032e-01 5.649594e-01
4.375000e-02 4.687500e-02 7.935127e-01 7.816319e-01 5.566292e-01
4.531250e-02 4.687500e-02 7.757394e-01 7.891433e-01 5.481218e-01
4.687500e-02 4.687500e-02 7.576184e-01 7.962272e-01 5.394496e-01
4.843750e-02 4.687500e-02 7.391536e-01 8.028622e-01 5.306225e-01
5.000000e-02 4.687500e-02 7.206888e-01 8.090639e-01 5.216478e-01
0.000000e+00 4.843750e-02 9.789168e-01 4.448494e-01 6.851893e-01
1.562500e-03 4.843750e-02 9.865822e-01 4.592685e-01 6.850133e-01
3.125000e-03 4.843750e-02 9.942476e-01 4.736117e-01 6.844559e-01
4.687500e-03 4.843750e-02 1.000467e+00 4.879773e-01 6.835178e-01
6.250000e-03 4.843750e-02 1.005278e+00 5.022930e-01 6.822134e-01
7.812500e-03 4.843750e-02 1.008899e+00 5.165253e-01 6.805416e-01
9.375000e-03 4.843750e-02 1.011315e+00 5.306612e-01 6.785051e-01
1.093750e-02 4.843750e-02 1.012535e+00 5.446832e-01 6.761058e-01
1.250000e-02 4.843750e-02 1.012571e+00 5.585729e-01 6.733473e-01
1.406250e-02 4.843750e-02 1.011439e+00 5.723121e-01 6.702335e-01
1.562500e-02 4.843750e-02 1.009157e+00 5.858829e-01 6.667689e-01
1.718750e-02 4.843750e-02 1.005747e+00 5.992674e-01 6.629584e-01
1.875000e-02 4.843750e-02 1.001229e+00 6.124482e-01 6.588077e-01
2.031250e-02 4.843750e-02 9.956310e-01 6.254079e-01 6.543228e-01
2.187500e-02 4.843750e-02 9.889794e-01 6.381295e-01 6.495102e-01
2.343750e-02 4.843750e-02 9.813047e-01 6.505962e-01 6.443771e-01
2.500000e-02 4.843750e-02 9.726393e-01 6.627918e-01 6.389308e-01
2.656250e-02 4.843750e-02 9.630181e-01 6.747001e-01 6.331794e-01
2.812500e-02 4.843750e-02 9.524776e-01 6.863056e-01 6.271313e-01
2.968750e-02 4.843750e-02 9.410569e-01 6.975929e-01 6.207952e-01
3.125000e-02 4.843750e-02 9.287967e-01 7.085474e-01 6.141804e-01
3.281250e-02 4.843750e-02 9.157394e-01 7.191547e-01 6.072967e-01
3.437500e-02 4.843750e-02 9.019294e-01 7.294008e-01 6.001539e-01
3.593750e-02 4.843750e-02 8.874125e-01 7.392723e-01 5.927626e-01
3.750000e-02 4.843750e-02 8.722361e-01 7.487564e-01 5.851335e-01
3.906250e-02 4.843750e-02 8.564487e-01 7.578406e-01 5.772777e-01
4.062500e-02 4.843750e-02 8.400999e-01 7.665132e-01 5.692068e-01
4.218750e-02 4.843750e-02 8.232409e-01 7.747628e-01 5.609323e-01
4.375000e-02 4.843750e-02 8.059222e-01 7.825786e-01 5.524665e-01
4.531250e-02 4.843750e-02 7.882029e-01 7.899515e-01 5.438216e-01
4.687500e-02 4.843750e-02 7.701110e-01 7.968709e-01 5.350107e-01
4.843750e-02 4.843750e-02 7.516662e-01 8.033163e-01 5.260452e-01
5.000000e-02 4.843750e-02 7.332213e-01 8.093011e-01 5.169399e-01
0.000000e+00 5.000000e-02 9.853100e-01 4.414214e-01 6.831730e-01
1.562500e-03 5.000000e-02 9.932739e-01 4.561442e-01 6.829833e-01
3.125000e-03 5.000000e-02 1.001238e+00 4.708466e-01 6.824145e-01
4.687500e-03 5.000000e-02 1.007816e+00 4.855083e-01 6.814674e-01
6.250000e-03 5.000000e-02 1.012911e+00 5.001089e-01 6.801433e-01
7.812500e-03 5.000000e-02 1.016820e+00 5.146283e-01 6.784444e-01
9.375000e-03 5.000000e-02 1.019514e+00 5.290462e-01 6.763730e-01
1.093750e-02 5.000000e-02 1.021012e+00 5.433429e-01 6.739323e-01
1.250000e-02 5.000000e-02 1.021320e+00 5.574985e-01 6.711257e-01
1.406250e-02 5.000000e-02 1.020456e+00 5.714933e-01 6.679575e-01
1.562500e-02 5.000000e-02 1.018437e+00 5.853081e-01 6.644324e-01
1.718750e-02 5.000000e-02 1.015283e+00 5.989238e-01 6.605554e-01
1.875000e-02 5.000000e-02 1.011015e+00 6.123215e-01 6.563324e-01
2.031250e-02 5.000000e-02 1.005660e+00 6.254827e-01 6.517696e-01
2.187500e-02 5.000000e-02 9.992424e-01 6.383893e-01 6.468737e-01
2.343750e-02 5.000000e-02 9.917937e-01 6.510234e-01 6.416518e-01
2.500000e-02 5.000000e-02 9.833453e-01 6.633677e-01 6.361118e-01
2.656250e-02 5.000000e-02 9.739312e-01 6.754050e-01 6.302616e-01
2.812500e-02 5.000000e-02 9.635879e-01 6.871189e-01 6.241101e-01
2.968750e-02 5.000000e-02 9.523535e-01 6.984932e-01 6.176661e-01
3.125000e-02 5.000000e-02 9.402682e-01 7.095123e-01 6.109393e-01
3.281250e-02 5.000000e-02 9.273743e-01 7.201610e-01 6.039394e-01
3.437500e-02 5.000000e-02 9.137153e-01 7.304247e-01 5.966768e-01
3.593750e-02 5.000000e-02 8.993368e-01 7.402894e-01 5.891621e-01
3.750000e-02 5.000000e-02 8.842855e-01 7.497416e-01 5.814064e-01
3.906250e-02 5.000000e-02 8.686098e-01 7.587684e-01 5.734211e-01
4.062500e-02 5.000000e-02 8.523586e-01 7.673574e-01 5.652180e-01
4.218750e-02 5.000000e-02 8.355828e-01 7.754969e-01 5.568089e-01
4.375000e-02 5.000000e-02 8.183318e-01 7.831760e-01 5.482063e-01
4.531250e-02 5.000000e-02 8.006664e-01 7.903842e-01 5.394229e-01
4.687500e-02 5.000000e-02 7.826036e-01 7.971117e-01 5.304713e-01
4.843750e-02 5.000000e-02 7.641787e-01 8.033495e-01 5.213649e-01
5.000000e-02 5.000000e-02 7.457538e-01 8.090893e-01 5.121168e-01
