3599 2.136173e+00
4.667025e-01 6.719936e+01 3.448967e-01
0.000000e+00 0.000000e+00 8.324171e-01 0.000000e+00 0.000000e+00
1.562500e-03 0.000000e+00 8.321689e-01 0.000000e+00 0.000000e+00
3.125000e-03 0.000000e+00 8.319206e-01 0.000000e+00 0.000000e+00
4.687500e-03 0.000000e+00 8.314305e-01 0.000000e+00 0.000000e+00
6.250000e-03 0.000000e+00 8.309547e-01 0.000000e+00 0.000000e+00
7.812500e-03 0.000000e+00 8.305317e-01 0.000000e+00 0.000000e+00
9.375000e-03 0.000000e+00 8.302243e-01 0.000000e+00 0.000000e+00
1.093750e-02 0.000000e+00 8.300475e-01 0.000000e+00 0.000000e+00
1.250000e-02 0.000000e+00 8.300158e-01 0.000000e+00 0.000000e+00
1.406250e-02 0.000000e+00 8.301324e-01 0.000000e+00 0.000000e+00
1.562500e-02 0.000000e+00 8.303988e-01 0.000000e+00 0.000000e+00
1.718750e-02 0.000000e+00 8.308134e-01 0.000000e+00 0.000000e+00
1.875000e-02 0.000000e+00 8.313725e-01 0.000000e+00 0.000000e+00
2.031250e-02 0.000000e+00 8.320679e-01 0.000000e+00 0.000000e+00
2.187500e-02 0.000000e+00 8.328860e-01 0.000000e+00 0.000000e+00
2.343750e-02 0.000000e+00 8.338057e-01 0.000000e+00 0.000000e+00
2.500000e-02 0.000000e+00 8.347979e-01 0.000000e+00 0.000000e+00
2.656250e-02 0.000000e+00 8.358251e-01 0.000000e+00 0.000000e+00
2.812500e-02 0.000000e+00 8.368423e-01 0.000000e+00 0.000000e+00
2.968750e-02 0.000000e+00 8.377996e-01 0.000000e+00 0.000000e+00
3.125000e-02 0.000000e+00 8.386454e-01 0.000000e+00 0.000000e+00
3.281250e-02 0.000000e+00 8.393308e-01 0.000000e+00 0.000000e+00
3.437500e-02 0.000000e+00 8.398149e-01 0.000000e+00 0.000000e+00
3.593750e-02 0.000000e+00 8.400697e-01 0.000000e+00 0.000000e+00
3.750000e-02 0.000000e+00 8.400842e-01 0.000000e+00 0.000000e+00
3.906250e-02 0.000000e+00 8.398686e-01 0.000000e+00 0.000000e+00
4.062500e-02 0.000000e+00 8.394543e-01 0.000000e+00 0.000000e+00
4.218750e-02 0.000000e+00 8.388966e-01 0.000000e+00 0.000000e+00
4.375000e-02 0.000000e+00 8.382664e-01 0.000000e+00 0.000000e+00
4.531250e-02 0.000000e+00 8.376601e-01 0.000000e+00 0.000000e+00
4.687500e-02 0.000000e+00 8.371850e-01 0.000000e+00 0.000000e+00
4.843750e-02 0.000000e+00 8.370255e-01 0.000000e+00 0.000000e+00
5.000000e-02 0.000000e+00 8.368660e-01 0.000000e+00 0.000000e+00
0.000000e+00 1.562500e-03 8.326496e-01 0.000000e+00 0.000000e+00
1.562500e-03 1.562500e-03 8.323986e-01 1.117049e-04 -6.626270e-05
3.125000e-03 1.562500e-03 8.321476e-01 -1.945742e-04 1.979146e-04
4.687500e-03 1.562500e-03 8.317376e-01 -9.060329e-04 4.895597e-04
6.250000e-03 1.562500e-03 8.313391e-01 -2.074065e-03 7.480994e-04
7.812500e-03 1.562500e-03 8.309916e-01 -3.606184e-03 9.400134e-04
9.375000e-03 1.562500e-03 8.307393e-01 -5.406591e-03 1.070627e-03
1.093750e-02 1.562500e-03 8.305973e-01 -7.378296e-03 1.146015e-03
1.250000e-02 1.562500e-03 8.305778e-01 -9.436422e-03 1.175383e-03
1.406250e-02 1.562500e-03 8.306850e-01 -1.150381e-02 1.164586e-03
1.562500e-02 1.562500e-03 8.309214e-01 -1.351029e-02 1.117184e-03
1.718750e-02 1.562500e-03 8.312866e-01 -1.538904e-02 1.034241e-03
1.875000e-02 1.562500e-03 8.317779e-01 -1.707476e-02 9.155644e-04
2.031250e-02 1.562500e-03 8.323888e-01 -1.850292e-02 7.607534e-04
2.187500e-02 1.562500e-03 8.331077e-01 -1.961085e-02 5.704159e-04
2.343750e-02 1.562500e-03 8.339165e-01 -2.034044e-02 3.472005e-04
2.500000e-02 1.562500e-03 8.347897e-01 -2.064224e-02 9.662416e-05
2.656250e-02 1.562500e-03 8.356945e-01 -2.048038e-02 -1.724390e-04
2.812500e-02 1.562500e-03 8.365913e-01 -1.983783e-02 -4.476840e-04
2.968750e-02 1.562500e-03 8.374363e-01 -1.872124e-02 -7.137923e-04
3.125000e-02 1.562500e-03 8.381838e-01 -1.716461e-02 -9.533737e-04
3.281250e-02 1.562500e-03 8.387908e-01 -1.523096e-02 -1.148394e-03
3.437500e-02 1.562500e-03 8.392215e-01 -1.301154e-02 -1.281989e-03
3.593750e-02 1.562500e-03 8.394516e-01 -1.062205e-02 -1.340416e-03
3.750000e-02 1.562500e-03 8.394721e-01 -8.195909e-03 -1.314972e-03
3.906250e-02 1.562500e-03 8.392928e-01 -5.874720e-03 -1.203400e-03
4.062500e-02 1.562500e-03 8.389420e-01 -3.796889e-03 -1.011128e-03
4.218750e-02 1.562500e-03 8.384681e-01 -2.083680e-03 -7.513823e-04
4.375000e-02 1.562500e-03 8.379328e-01 -8.275165e-04 -4.476291e-04
4.531250e-02 1.562500e-03 8.374135e-01 -7.794682e-05 -1.331738e-04
4.687500e-02 1.562500e-03 8.370016e-01 1.886874e-04 1.320917e-04
4.843750e-02 1.562500e-03 8.368414e-01 1.916320e-04 2.508036e-04
5.000000e-02 1.562500e-03 8.366812e-01 0.000000e+00 0.000000e+00
0.000000e+00 3.125000e-03 8.328820e-01 0.000000e+00 0.000000e+00
1.562500e-03 3.125000e-03 8.326282e-01 -1.444597e-04 2.533633e-04
3.125000e-03 3.125000e-03 8.323745e-01 -1.017235e-03 1.076347e-03
4.687500e-03 3.125000e-03 8.320448e-01 -2.618463e-03 1.971538e-03
6.250000e-03 3.125000e-03 8.317234e-01 -4.947104e-03 2.764512e-03
7.812500e-03 3.125000e-03 8.314515e-01 -7.874383e-03 3.380302e-03
9.375000e-03 3.125000e-03 8.312543e-01 -1.124525e-02 3.809319e-03
1.093750e-02 3.125000e-03 8.311471e-01 -1.490306e-02 4.061082e-03
1.250000e-02 3.125000e-03 8.311398e-01 -1.870038e-02 4.153143e-03
1.406250e-02 3.125000e-03 8.312377e-01 -2.249975e-02 4.100018e-03
1.562500e-02 3.125000e-03 8.314440e-01 -2.617243e-02 3.911409e-03
1.718750e-02 3.125000e-03 8.317597e-01 -2.959528e-02 3.592144e-03
1.875000e-02 3.125000e-03 8.321833e-01 -3.264881e-02 3.144580e-03
2.031250e-02 3.125000e-03 8.327097e-01 -3.521710e-02 2.571580e-03
2.187500e-02 3.125000e-03 8.333295e-01 -3.719024e-02 1.879777e-03
2.343750e-02 3.125000e-03 8.340273e-01 -3.846906e-02 1.082451e-03
2.500000e-02 3.125000e-03 8.347815e-01 -3.897182e-02 2.016973e-04
2.656250e-02 3.125000e-03 8.355639e-01 -3.864209e-02 -7.304386e-04
2.812500e-02 3.125000e-03 8.363404e-01 -3.745679e-02 -1.672108e-03
2.968750e-02 3.125000e-03 8.370729e-01 -3.543339e-02 -2.573233e-03
3.125000e-02 3.125000e-03 8.377221e-01 -3.263511e-02 -3.378543e-03
3.281250e-02 3.125000e-03 8.382508e-01 -2.917306e-02 -4.031946e-03
3.437500e-02 3.125000e-03 8.386281e-01 -2.520434e-02 -4.481880e-03
3.593750e-02 3.125000e-03 8.388335e-01 -2.092564e-02 -4.687123e-03
3.750000e-02 3.125000e-03 8.388600e-01 -1.656214e-02 -4.622404e-03
3.906250e-02 3.125000e-03 8.387169e-01 -1.235196e-02 -4.283080e-03
4.062500e-02 3.125000e-03 8.384297e-01 -8.527045e-03 -3.688771e-03
4.218750e-02 3.125000e-03 8.380396e-01 -5.291022e-03 -2.885471e-03
4.375000e-02 3.125000e-03 8.375992e-01 -2.797185e-03 -1.949166e-03
4.531250e-02 3.125000e-03 8.371670e-01 -1.128197e-03 -9.887938e-04
4.687500e-02 3.125000e-03 8.368181e-01 -2.532766e-04 -1.636814e-04
4.843750e-02 3.125000e-03 8.366573e-01 7.828572e-05 2.945849e-04
5.000000e-02 3.125000e-03 8.364964e-01 0.000000e+00 0.000000e+00
0.000000e+00 4.687500e-03 8.333963e-01 0.000000e+00 0.000000e+00
1.562500e-03 4.687500e-03 8.330428e-01 -4.666406e-04 1.009582e-03
3.125000e-03 4.687500e-03 8.326893e-01 -2.022443e-03 2.730348e-03
4.687500e-03 4.687500e-03 8.323458e-01 -4.616051e-03 4.511297e-03
6.250000e-03 4.687500e-03 8.320419e-01 -8.134100e-03 6.068200e-03
7.812500e-03 4.687500e-03 8.317967e-01 -1.240096e-02 7.285756e-03
9.375000e-03 4.687500e-03 8.316232e-01 -1.721926e-02 8.136336e-03
1.093750e-02 4.687500e-03 8.315298e-01 -2.238896e-02 8.632221e-03
1.250000e-02 4.687500e-03 8.315220e-01 -2.771750e-02 8.799522e-03
1.406250e-02 4.687500e-03 8.316036e-01 -3.302218e-02 8.662603e-03
1.562500e-02 4.687500e-03 8.317779e-01 -3.812901e-02 8.238709e-03
1.718750e-02 4.687500e-03 8.320469e-01 -4.287049e-02 7.538109e-03
1.875000e-02 4.687500e-03 8.324110e-01 -4.708435e-02 6.567910e-03
2.031250e-02 4.687500e-03 8.328679e-01 -5.061461e-02 5.337506e-03
2.187500e-02 4.687500e-03 8.334110e-01 -5.331524e-02 3.864446e-03
2.343750e-02 4.687500e-03 8.340284e-01 -5.505656e-02 2.179654e-03
2.500000e-02 4.687500e-03 8.347019e-01 -5.573356e-02 3.312421e-04
2.656250e-02 4.687500e-03 8.354069e-01 -5.527548e-02 -1.613669e-03
2.812500e-02 4.687500e-03 8.361124e-01 -5.365544e-02 -3.569540e-03
2.968750e-02 4.687500e-03 8.367832e-01 -5.089900e-02 -5.435668e-03
3.125000e-02 4.687500e-03 8.373817e-01 -4.709017e-02 -7.102144e-03
3.281250e-02 4.687500e-03 8.378722e-01 -4.237392e-02 -8.458225e-03
3.437500e-02 4.687500e-03 8.382240e-01 -3.695385e-02 -9.402555e-03
3.593750e-02 4.687500e-03 8.384165e-01 -3.108442e-02 -9.854280e-03
3.750000e-02 4.687500e-03 8.384418e-01 -2.505734e-02 -9.763914e-03
3.906250e-02 4.687500e-03 8.383073e-01 -1.918235e-02 -9.122738e-03
4.062500e-02 4.687500e-03 8.380358e-01 -1.376317e-02 -7.969972e-03
4.218750e-02 4.687500e-03 8.376644e-01 -9.069736e-03 -6.397521e-03
4.375000e-02 4.687500e-03 8.372394e-01 -5.310055e-03 -4.554066e-03
4.531250e-02 4.687500e-03 8.368111e-01 -2.605316e-03 -2.649851e-03
4.687500e-02 4.687500e-03 8.364412e-01 -9.484990e-04 -9.686734e-04
4.843750e-02 4.687500e-03 8.362092e-01 -1.267936e-04 1.032447e-04
5.000000e-02 4.687500e-03 8.359773e-01 0.000000e+00 0.000000e+00
0.000000e+00 6.250000e-03 8.339047e-01 0.000000e+00 0.000000e+00
1.562500e-03 6.250000e-03 8.334424e-01 -8.051641e-04 2.327712e-03
3.125000e-03 6.250000e-03 8.329802e-01 -3.074719e-03 5.277483e-03
4.687500e-03 6.250000e-03 8.325960e-01 -6.685293e-03 8.155847e-03
6.250000e-03 6.250000e-03 8.322835e-01 -1.139247e-02 1.062554e-02
7.812500e-03 6.250000e-03 8.320420e-01 -1.695764e-02 1.254516e-02
9.375000e-03 6.250000e-03 8.318741e-01 -2.314130e-02 1.387829e-02
1.093750e-02 6.250000e-03 8.317806e-01 -2.970659e-02 1.464115e-02
1.250000e-02 6.250000e-03 8.317621e-01 -3.642635e-02 1.486851e-02
1.406250e-02 6.250000e-03 8.318206e-01 -4.308398e-02 1.459400e-02
1.562500e-02 6.250000e-03 8.319591e-01 -4.947160e-02 1.384244e-02
1.718750e-02 6.250000e-03 8.321810e-01 -5.538803e-02 1.263037e-02
1.875000e-02 6.250000e-03 8.324891e-01 -6.063824e-02 1.097149e-02
2.031250e-02 6.250000e-03 8.328840e-01 -6.503525e-02 8.884763e-03
2.187500e-02 6.250000e-03 8.333626e-01 -6.840478e-02 6.402929e-03
2.343750e-02 6.250000e-03 8.339167e-01 -7.059265e-02 3.580121e-03
2.500000e-02 6.250000e-03 8.345316e-01 -7.147421e-02 4.972846e-04
2.656250e-02 6.250000e-03 8.351854e-01 -7.096486e-02 -2.735386e-03
2.812500e-02 6.250000e-03 8.358493e-01 -6.903085e-02 -5.979619e-03
2.968750e-02 6.250000e-03 8.364889e-01 -6.569881e-02 -9.074174e-03
3.125000e-02 6.250000e-03 8.370667e-01 -6.106296e-02 -1.184396e-02
3.281250e-02 6.250000e-03 8.375455e-01 -5.528853e-02 -1.411279e-02
3.437500e-02 6.250000e-03 8.378928e-01 -4.861018e-02 -1.571905e-02
3.593750e-02 6.250000e-03 8.380851e-01 -4.132431e-02 -1.653288e-02
3.750000e-02 6.250000e-03 8.381117e-01 -3.377456e-02 -1.647336e-02
3.906250e-02 6.250000e-03 8.379769e-01 -2.633059e-02 -1.552369e-02
4.062500e-02 6.250000e-03 8.377010e-01 -1.936067e-02 -1.374291e-02
4.218750e-02 6.250000e-03 8.373175e-01 -1.319980e-02 -1.127339e-02
4.375000e-02 6.250000e-03 8.368698e-01 -8.116931e-03 -8.345017e-03
4.531250e-02 6.250000e-03 8.364035e-01 -4.286511e-03 -5.277686e-03
4.687500e-02 6.250000e-03 8.359727e-01 -1.750514e-03 -2.486038e-03
4.843750e-02 6.250000e-03 8.356432e-01 -3.607420e-04 -4.977484e-04
5.000000e-02 6.250000e-03 8.353137e-01 0.000000e+00 0.000000e+00
0.000000e+00 7.812500e-03 8.343675e-01 0.000000e+00 0.000000e+00
1.562500e-03 7.812500e-03 8.337817e-01 -1.123573e-03 4.182951e-03
3.125000e-03 7.812500e-03 8.331959e-01 -4.097634e-03 8.708947e-03
4.687500e-03 7.812500e-03 8.327542e-01 -8.711894e-03 1.289820e-02
6.250000e-03 7.812500e-03 8.324159e-01 -1.458259e-02 1.641086e-02
7.812500e-03 7.812500e-03 8.321617e-01 -2.140049e-02 1.910691e-02
9.375000e-03 7.812500e-03 8.319844e-01 -2.888214e-02 2.095713e-02
1.093750e-02 7.812500e-03 8.318778e-01 -3.675687e-02 2.198885e-02
1.250000e-02 7.812500e-03 8.318381e-01 -4.476948e-02 2.224848e-02
1.406250e-02 7.812500e-03 8.318654e-01 -5.267792e-02 2.177963e-02
1.562500e-02 7.812500e-03 8.319627e-01 -6.024958e-02 2.061494e-02
1.718750e-02 7.812500e-03 8.321351e-01 -6.725864e-02 1.877748e-02
1.875000e-02 7.812500e-03 8.323880e-01 -7.348561e-02 1.628847e-02
2.031250e-02 7.812500e-03 8.327257e-01 -7.871948e-02 1.317796e-02
2.187500e-02 7.812500e-03 8.331489e-01 -8.276288e-02 9.496230e-03
2.343750e-02 7.812500e-03 8.336534e-01 -8.543989e-02 5.323665e-03
2.500000e-02 7.812500e-03 8.342277e-01 -8.660592e-02 7.778723e-04
2.656250e-02 7.812500e-03 8.348527e-01 -8.615905e-02 -3.983205e-03
2.812500e-02 7.812500e-03 8.355008e-01 -8.405163e-02 -8.762855e-03
2.968750e-02 7.812500e-03 8.361376e-01 -8.030133e-02 -1.333235e-02
3.125000e-02 7.812500e-03 8.367236e-01 -7.500011e-02 -1.744304e-02
3.281250e-02 7.812500e-03 8.372185e-01 -6.831985e-02 -2.084352e-02
3.437500e-02 7.812500e-03 8.375852e-01 -6.051290e-02 -2.330098e-02
3.593750e-02 7.812500e-03 8.377953e-01 -5.190619e-02 -2.462525e-02
3.750000e-02 7.812500e-03 8.378329e-01 -4.288741e-02 -2.469336e-02
3.906250e-02 7.812500e-03 8.376982e-01 -3.388302e-02 -2.347184e-02
4.062500e-02 7.812500e-03 8.374076e-01 -2.532835e-02 -2.103431e-02
4.218750e-02 7.812500e-03 8.369925e-01 -1.763169e-02 -1.757239e-02
4.375000e-02 7.812500e-03 8.364945e-01 -1.113667e-02 -1.339953e-02
4.531250e-02 7.812500e-03 8.359587e-01 -6.088919e-03 -8.949043e-03
4.687500e-02 7.812500e-03 8.354361e-01 -2.598588e-03 -4.768746e-03
4.843750e-02 7.812500e-03 8.349848e-01 -5.946098e-04 -1.521574e-03
5.000000e-02 7.812500e-03 8.345334e-01 0.000000e+00 0.000000e+00
0.000000e+00 9.375000e-03 8.346893e-01 0.000000e+00 0.000000e+00
1.562500e-03 9.375000e-03 8.339846e-01 -1.420264e-03 6.554198e-03
3.125000e-03 9.375000e-03 8.332798e-01 -5.064554e-03 1.299448e-02
4.687500e-03 9.375000e-03 8.327744e-01 -1.063777e-02 1.870372e-02
6.250000e-03 9.375000e-03 8.324000e-01 -1.762195e-02 2.338041e-02
7.812500e-03 9.375000e-03 8.321210e-01 -2.563461e-02 2.691494e-02
9.375000e-03 9.375000e-03 8.319220e-01 -3.434737e-02 2.930431e-02
1.093750e-02 9.375000e-03 8.317903e-01 -4.345788e-02 3.059787e-02
1.250000e-02 9.375000e-03 8.317184e-01 -5.268769e-02 3.085914e-02
1.406250e-02 9.375000e-03 8.317050e-01 -6.177590e-02 3.014406e-02
1.562500e-02 9.375000e-03 8.317537e-01 -7.047265e-02 2.849370e-02
1.718750e-02 9.375000e-03 8.318716e-01 -7.853502e-02 2.593767e-02
1.875000e-02 9.375000e-03 8.320674e-01 -8.572588e-02 2.250444e-02
2.031250e-02 9.375000e-03 8.323494e-01 -9.181560e-02 1.823502e-02
2.187500e-02 9.375000e-03 8.327228e-01 -9.658695e-02 1.319713e-02
2.343750e-02 9.375000e-03 8.331876e-01 -9.984273e-02 7.497576e-03
2.500000e-02 9.375000e-03 8.337362e-01 -1.014157e-01 1.291176e-03
2.656250e-02 9.375000e-03 8.343519e-01 -1.011805e-01 -5.215055e-03
2.812500e-02 9.375000e-03 8.350083e-01 -9.906582e-02 -1.176332e-02
2.968750e-02 9.375000e-03 8.356700e-01 -9.506814e-02 -1.805279e-02
3.125000e-02 9.375000e-03 8.362945e-01 -8.926294e-02 -2.375407e-02
3.281250e-02 9.375000e-03 8.368364e-01 -8.181420e-02 -2.853038e-02
3.437500e-02 9.375000e-03 8.372520e-01 -7.297886e-02 -3.206478e-02
3.593750e-02 9.375000e-03 8.375050e-01 -6.310457e-02 -3.409176e-02
3.750000e-02 9.375000e-03 8.375721e-01 -5.261838e-02 -3.443056e-02
3.906250e-02 9.375000e-03 8.374467e-01 -4.200518e-02 -3.301661e-02
4.062500e-02 9.375000e-03 8.371408e-01 -3.177572e-02 -2.992690e-02
4.218750e-02 9.375000e-03 8.366834e-01 -2.242617e-02 -2.539582e-02
4.375000e-02 9.375000e-03 8.361159e-01 -1.439391e-02 -1.981935e-02
4.531250e-02 9.375000e-03 8.354860e-01 -8.016793e-03 -1.374752e-02
4.687500e-02 9.375000e-03 8.348469e-01 -3.491478e-03 -7.867336e-03
4.843750e-02 9.375000e-03 8.342576e-01 -8.296263e-04 -2.983325e-03
5.000000e-02 9.375000e-03 8.336682e-01 0.000000e+00 0.000000e+00
0.000000e+00 1.093750e-02 8.348176e-01 0.000000e+00 0.000000e+00
1.562500e-03 1.093750e-02 8.339996e-01 -1.691187e-03 9.404015e-03
3.125000e-03 1.093750e-02 8.331815e-01 -5.958425e-03 1.808279e-02
4.687500e-03 1.093750e-02 8.326113e-01 -1.242726e-02 2.551464e-02
6.250000e-03 1.093750e-02 8.321952e-01 -2.045535e-02 3.147134e-02
7.812500e-03 1.093750e-02 8.318830e-01 -2.958993e-02 3.590179e-02
9.375000e-03 1.093750e-02 8.316519e-01 -3.945942e-02 3.884928e-02
1.093750e-02 1.093750e-02 8.314837e-01 -4.973270e-02 4.039794e-02
1.250000e-02 1.093750e-02 8.313681e-01 -6.011249e-02 4.063572e-02
1.406250e-02 1.093750e-02 8.313031e-01 -7.032469e-02 3.963439e-02
1.562500e-02 1.093750e-02 8.312933e-01 -8.010859e-02 3.744458e-02
1.718750e-02 1.093750e-02 8.313486e-01 -8.921073e-02 3.410212e-02
1.875000e-02 1.093750e-02 8.314815e-01 -9.738215e-02 2.964142e-02
2.031250e-02 1.093750e-02 8.317049e-01 -1.043790e-01 2.411240e-02
2.187500e-02 1.093750e-02 8.320292e-01 -1.099664e-01 1.759768e-02
2.343750e-02 1.093750e-02 8.324594e-01 -1.139254e-01 1.022754e-02
2.500000e-02 1.093750e-02 8.329922e-01 -1.160622e-01 2.191123e-03
2.656250e-02 1.093750e-02 8.336143e-01 -1.162201e-01 -6.257603e-03
2.812500e-02 1.093750e-02 8.343004e-01 -1.142938e-01 -1.480021e-02
2.968750e-02 1.093750e-02 8.350140e-01 -1.102443e-01 -2.306143e-02
3.125000e-02 1.093750e-02 8.357090e-01 -1.041147e-01 -3.062486e-02
3.281250e-02 1.093750e-02 8.363330e-01 -9.604487e-02 -3.705750e-02
3.437500e-02 1.093750e-02 8.368335e-01 -8.628159e-02 -4.194254e-02
3.593750e-02 1.093750e-02 8.371635e-01 -7.518241e-02 -4.491936e-02
3.750000e-02 1.093750e-02 8.372889e-01 -6.320890e-02 -4.572736e-02
3.906250e-02 1.093750e-02 8.371937e-01 -5.090722e-02 -4.424915e-02
4.062500e-02 1.093750e-02 8.368827e-01 -3.887468e-02 -4.054685e-02
4.218750e-02 1.093750e-02 8.363820e-01 -2.771378e-02 -3.488576e-02
4.375000e-02 1.093750e-02 8.357341e-01 -1.797914e-02 -2.774057e-02
4.531250e-02 1.093750e-02 8.349915e-01 -1.012556e-02 -1.978265e-02
4.687500e-02 1.093750e-02 8.342146e-01 -4.456612e-03 -1.185002e-02
4.843750e-02 1.093750e-02 8.334690e-01 -1.075157e-03 -4.907160e-03
5.000000e-02 1.093750e-02 8.327234e-01 0.000000e+00 0.000000e+00
0.000000e+00 1.250000e-02 8.346950e-01 0.000000e+00 0.000000e+00
1.562500e-03 1.250000e-02 8.337742e-01 -1.935440e-03 1.269244e-02
3.125000e-03 1.250000e-02 8.328534e-01 -6.768193e-03 2.391019e-02
4.687500e-03 1.250000e-02 8.322208e-01 -1.405339e-02 3.325588e-02
6.250000e-03 1.250000e-02 8.317603e-01 -2.303799e-02 4.060399e-02
7.812500e-03 1.250000e-02 8.314086e-01 -3.320524e-02 4.598727e-02
9.375000e-03 1.250000e-02 8.311361e-01 -4.414440e-02 4.951468e-02
1.093750e-02 1.250000e-02 8.309202e-01 -5.549954e-02 5.131846e-02
1.250000e-02 1.250000e-02 8.307484e-01 -6.695912e-02 5.151924e-02
1.406250e-02 1.250000e-02 8.306187e-01 -7.824113e-02 5.020898e-02
1.562500e-02 1.250000e-02 8.305375e-01 -8.907993e-02 4.744940e-02
1.718750e-02 1.250000e-02 8.305181e-01 -9.921744e-02 4.328187e-02
1.875000e-02 1.250000e-02 8.305774e-01 -1.083983e-01 3.774447e-02
2.031250e-02 1.250000e-02 8.307338e-01 -1.163686e-01 3.089227e-02
2.187500e-02 1.250000e-02 8.310037e-01 -1.228781e-01 2.281770e-02
2.343750e-02 1.250000e-02 8.313980e-01 -1.276855e-01 1.366854e-02
2.500000e-02 1.250000e-02 8.319192e-01 -1.305666e-01 3.661929e-03
2.656250e-02 1.250000e-02 8.325581e-01 -1.313265e-01 -6.906998e-03
2.812500e-02 1.250000e-02 8.332920e-01 -1.298142e-01 -1.766301e-02
2.968750e-02 1.250000e-02 8.340835e-01 -1.259407e-01 -2.815669e-02
3.125000e-02 1.250000e-02 8.348826e-01 -1.196994e-01 -3.787988e-02
3.281250e-02 1.250000e-02 8.356290e-01 -1.111874e-01 -4.629200e-02
3.437500e-02 1.250000e-02 8.362587e-01 -1.006235e-01 -5.285807e-02
3.593750e-02 1.250000e-02 8.367108e-01 -8.836071e-02 -5.709744e-02
3.750000e-02 1.250000e-02 8.369363e-01 -7.488694e-02 -5.864029e-02
3.906250e-02 1.250000e-02 8.369053e-01 -6.081033e-02 -5.728595e-02
4.062500e-02 1.250000e-02 8.366124e-01 -4.682561e-02 -5.305476e-02
4.218750e-02 1.250000e-02 8.360786e-01 -3.366223e-02 -4.622402e-02
4.375000e-02 1.250000e-02 8.353475e-01 -2.201959e-02 -3.734003e-02
4.531250e-02 1.250000e-02 8.344789e-01 -1.249934e-02 -2.720155e-02
4.687500e-02 1.250000e-02 8.335444e-01 -5.538267e-03 -1.681609e-02
4.843750e-02 1.250000e-02 8.326214e-01 -1.346659e-03 -7.338290e-03
5.000000e-02 1.250000e-02 8.316985e-01 0.000000e+00 0.000000e+00
0.000000e+00 1.406250e-02 8.342763e-01 0.000000e+00 0.000000e+00
1.562500e-03 1.406250e-02 8.332644e-01 -2.149826e-03 1.637245e-02
3.125000e-03 1.406250e-02 8.322525e-01 -7.481624e-03 3.040079e-02
4.687500e-03 1.406250e-02 8.315618e-01 -1.548992e-02 4.183645e-02
6.250000e-03 1.406250e-02 8.310558e-01 -2.532663e-02 5.068164e-02
7.812500e-03 1.406250e-02 8.306591e-01 -3.641965e-02 5.707530e-02
9.375000e-03 1.406250e-02 8.303360e-01 -4.832472e-02 6.120993e-02
1.093750e-02 1.406250e-02 8.300604e-01 -6.066598e-02 6.327894e-02
1.250000e-02 1.406250e-02 8.298183e-01 -7.312241e-02 6.344426e-02
1.406250e-02 1.406250e-02 8.296082e-01 -8.540933e-02 6.182292e-02
1.562500e-02 1.406250e-02 8.294392e-01 -9.726179e-02 5.848950e-02
1.718750e-02 1.406250e-02 8.293281e-01 -1.084229e-01 5.349015e-02
1.875000e-02 1.406250e-02 8.292972e-01 -1.186365e-01 4.686349e-02
2.031250e-02 1.406250e-02 8.293712e-01 -1.276432e-01 3.866449e-02
2.187500e-02 1.406250e-02 8.295735e-01 -1.351805e-01 2.898819e-02
2.343750e-02 1.406250e-02 8.299228e-01 -1.409853e-01 1.799101e-02
2.500000e-02 1.406250e-02 8.304287e-01 -1.448013e-01 5.908314e-03
2.656250e-02 1.406250e-02 8.310883e-01 -1.463891e-01 -6.933127e-03
2.812500e-02 1.406250e-02 8.318828e-01 -1.455424e-01 -2.010901e-02
2.968750e-02 1.406250e-02 8.327759e-01 -1.421080e-01 -3.309968e-02
3.125000e-02 1.406250e-02 8.337137e-01 -1.360117e-01 -4.530297e-02
3.281250e-02 1.406250e-02 8.346278e-01 -1.272862e-01 -5.606043e-02
3.437500e-02 1.406250e-02 8.354402e-01 -1.161003e-01 -6.469896e-02
3.593750e-02 1.406250e-02 8.360725e-01 -1.027822e-01 -7.058840e-02
3.750000e-02 1.406250e-02 8.364554e-01 -8.783164e-02 -7.321248e-02
3.906250e-02 1.406250e-02 8.365395e-01 -7.191370e-02 -7.224653e-02
4.062500e-02 1.406250e-02 8.363039e-01 -5.582790e-02 -6.763087e-02
4.218750e-02 1.406250e-02 8.357606e-01 -4.045115e-02 -5.962621e-02
4.375000e-02 1.406250e-02 8.349535e-01 -2.665886e-02 -4.883732e-02
4.531250e-02 1.406250e-02 8.339511e-01 -1.523607e-02 -3.619625e-02
4.687500e-02 1.406250e-02 8.328397e-01 -6.788044e-03 -2.290428e-02
4.843750e-02 1.406250e-02 8.317128e-01 -1.661055e-03 -1.034701e-02
5.000000e-02 1.406250e-02 8.305859e-01 0.000000e+00 0.000000e+00
0.000000e+00 1.562500e-02 8.335197e-01 0.000000e+00 0.000000e+00
1.562500e-03 1.562500e-02 8.324304e-01 -2.330643e-03 2.039128e-02
3.125000e-03 1.562500e-02 8.313410e-01 -8.085665e-03 3.746731e-02
4.687500e-03 1.562500e-02 8.305975e-01 -1.670970e-02 5.114988e-02
6.250000e-03 1.562500e-02 8.300452e-01 -2.727696e-02 6.158986e-02
7.812500e-03 1.562500e-02 8.295982e-01 -3.916976e-02 6.905127e-02
9.375000e-03 1.562500e-02 8.292152e-01 -5.191680e-02 7.382608e-02
1.093750e-02 1.562500e-02 8.288668e-01 -6.512756e-02 7.618114e-02
1.250000e-02 1.562500e-02 8.285382e-01 -7.847643e-02 7.632830e-02
1.406250e-02 1.562500e-02 8.282292e-01 -9.168114e-02 7.441483e-02
1.562500e-02 1.562500e-02 8.279514e-01 -1.044830e-01 7.053032e-02
1.718750e-02 1.562500e-02 8.277261e-01 -1.166322e-01 6.472495e-02
1.875000e-02 1.562500e-02 8.275815e-01 -1.278777e-01 5.703439e-02
2.031250e-02 1.562500e-02 8.275495e-01 -1.379605e-01 4.750726e-02
2.187500e-02 1.562500e-02 8.276620e-01 -1.466102e-01 3.623234e-02
2.343750e-02 1.562500e-02 8.279469e-01 -1.535455e-01 2.336348e-02
2.500000e-02 1.562500e-02 8.284237e-01 -1.584781e-01 9.141363e-03
2.656250e-02 1.562500e-02 8.290981e-01 -1.611220e-01 -6.089037e-03
2.812500e-02 1.562500e-02 8.299583e-01 -1.612085e-01 -2.186655e-02
2.968750e-02 1.562500e-02 8.309713e-01 -1.585084e-01 -3.760992e-02
3.125000e-02 1.562500e-02 8.320816e-01 -1.528619e-01 -5.262524e-02
3.281250e-02 1.562500e-02 8.332122e-01 -1.442149e-01 -6.612895e-02
3.437500e-02 1.562500e-02 8.342702e-01 -1.326587e-01 -7.729062e-02
3.593750e-02 1.562500e-02 8.351550e-01 -1.184691e-01 -8.529809e-02
3.750000e-02 1.562500e-02 8.357712e-01 -1.021336e-01 -8.944399e-02
3.906250e-02 1.562500e-02 8.360420e-01 -8.435953e-02 -8.922721e-02
4.062500e-02 1.562500e-02 8.359233e-01 -6.605114e-02 -8.445550e-02
4.218750e-02 1.562500e-02 8.354121e-01 -4.825010e-02 -7.533012e-02
4.375000e-02 1.562500e-02 8.345492e-01 -3.204154e-02 -6.249096e-02
4.531250e-02 1.562500e-02 8.334125e-01 -1.843814e-02 -4.700550e-02
4.687500e-02 1.562500e-02 8.321060e-01 -8.260735e-03 -3.029691e-02
4.843750e-02 1.562500e-02 8.307428e-01 -2.036235e-03 -1.403214e-02
5.000000e-02 1.562500e-02 8.293795e-01 0.000000e+00 0.000000e+00
0.000000e+00 1.718750e-02 8.323911e-01 0.000000e+00 0.000000e+00
1.562500e-03 1.718750e-02 8.312391e-01 -2.473435e-03 2.468890e-02
3.125000e-03 1.718750e-02 8.300871e-01 -8.566586e-03 4.501046e-02
4.687500e-03 1.718750e-02 8.292965e-01 -1.768527e-02 6.107412e-02
6.250000e-03 1.718750e-02 8.286976e-01 -2.884442e-02 7.319573e-02
7.812500e-03 1.718750e-02 8.281947e-01 -4.139092e-02 8.177983e-02
9.375000e-03 1.718750e-02 8.277416e-01 -5.483302e-02 8.723149e-02
1.093750e-02 1.718750e-02 8.273062e-01 -6.877069e-02 8.990222e-02
1.250000e-02 1.718750e-02 8.268731e-01 -8.287841e-02 9.006219e-02
1.406250e-02 1.718750e-02 8.264433e-01 -9.688116e-02 8.789450e-02
1.562500e-02 1.718750e-02 8.260315e-01 -1.105319e-01 8.350634e-02
1.718750e-02 1.718750e-02 8.256638e-01 -1.235940e-01 7.695159e-02
1.875000e-02 1.718750e-02 8.253745e-01 -1.358282e-01 6.825960e-02
2.031250e-02 1.718750e-02 8.252039e-01 -1.469827e-01 5.746612e-02
2.187500e-02 1.718750e-02 8.251936e-01 -1.567864e-01 4.464390e-02
2.343750e-02 1.718750e-02 8.253831e-01 -1.649456e-01 2.993139e-02
2.500000e-02 1.718750e-02 8.258042e-01 -1.711452e-01 1.355916e-02
2.656250e-02 1.718750e-02 8.264749e-01 -1.750545e-01 -4.126696e-03
2.812500e-02 1.718750e-02 8.273942e-01 -1.763405e-01 -2.264526e-02
2.968750e-02 1.718750e-02 8.285366e-01 -1.746903e-01 -4.136835e-02
3.125000e-02 1.718750e-02 8.298478e-01 -1.698436e-01 -5.951916e-02
3.281250e-02 1.718750e-02 8.312446e-01 -1.616362e-01 -7.618806e-02
3.437500e-02 1.718750e-02 8.326182e-01 -1.500515e-01 -9.037223e-02
3.593750e-02 1.718750e-02 8.338424e-01 -1.352764e-01 -1.010451e-01
3.750000e-02 1.718750e-02 8.347883e-01 -1.177503e-01 -1.072580e-01
3.906250e-02 1.718750e-02 8.353425e-01 -9.819423e-02 -1.082686e-01
4.062500e-02 1.718750e-02 8.354264e-01 -7.760435e-02 -1.036818e-01
4.218750e-02 1.718750e-02 8.350125e-01 -5.719667e-02 -9.357669e-02
4.375000e-02 1.718750e-02 8.341319e-01 -3.829947e-02 -7.858791e-02
4.531250e-02 1.718750e-02 8.328711e-01 -2.220500e-02 -5.991117e-02
4.687500e-02 1.718750e-02 8.313543e-01 -1.001113e-02 -3.921991e-02
4.843750e-02 1.718750e-02 8.297162e-01 -2.490253e-03 -1.852147e-02
5.000000e-02 1.718750e-02 8.280782e-01 0.000000e+00 0.000000e+00
0.000000e+00 1.875000e-02 8.308637e-01 0.000000e+00 0.000000e+00
1.562500e-03 1.875000e-02 8.296650e-01 -2.574010e-03 2.919842e-02
3.125000e-03 1.875000e-02 8.284663e-01 -8.911801e-03 5.291952e-02
4.687500e-03 1.875000e-02 8.276350e-01 -1.839153e-02 7.147195e-02
6.250000e-03 1.875000e-02 8.269890e-01 -2.998771e-02 8.534772e-02
7.812500e-03 1.875000e-02 8.264246e-01 -4.302170e-02 9.510336e-02
9.375000e-03 1.875000e-02 8.258910e-01 -5.698724e-02 1.012683e-01
1.093750e-02 1.875000e-02 8.253536e-01 -7.147947e-02 1.042888e-01
1.250000e-02 1.875000e-02 8.247964e-01 -8.617710e-02 1.045017e-01
1.406250e-02 1.875000e-02 8.242216e-01 -1.008167e-01 1.021317e-01
1.562500e-02 1.875000e-02 8.236470e-01 -1.151680e-01 9.730709e-02
1.718750e-02 1.875000e-02 8.231032e-01 -1.290138e-01 9.008593e-02
1.875000e-02 1.875000e-02 8.226314e-01 -1.421338e-01 8.048862e-02
2.031250e-02 1.875000e-02 8.222803e-01 -1.542917e-01 6.853207e-02
2.187500e-02 1.875000e-02 8.221032e-01 -1.652248e-01 5.426338e-02
2.343750e-02 1.875000e-02 8.221531e-01 -1.746372e-01 3.779228e-02
2.500000e-02 1.875000e-02 8.224771e-01 -1.821962e-01 1.932223e-02
2.656250e-02 1.875000e-02 8.231098e-01 -1.875345e-01 -8.196407e-04
2.812500e-02 1.875000e-02 8.240661e-01 -1.902597e-01 -2.215465e-02
2.968750e-02 1.875000e-02 8.253330e-01 -1.899745e-01 -4.402930e-02
3.125000e-02 1.875000e-02 8.268631e-01 -1.863087e-01 -6.560163e-02
3.281250e-02 1.875000e-02 8.285710e-01 -1.789676e-01 -8.584470e-02
3.437500e-02 1.875000e-02 8.303332e-01 -1.677945e-01 -1.035771e-01
3.593750e-02 1.875000e-02 8.319957e-01 -1.528442e-01 -1.175307e-01
3.750000e-02 1.875000e-02 8.333891e-01 -1.344583e-01 -1.264633e-01
3.906250e-02 1.875000e-02 8.343516e-01 -1.133252e-01 -1.293157e-01
4.062500e-02 1.875000e-02 8.347558e-01 -9.050142e-02 -1.253992e-01
4.218750e-02 1.875000e-02 8.345348e-01 -6.737229e-02 -1.145814e-01
4.375000e-02 1.875000e-02 8.336997e-01 -4.553739e-02 -9.742520e-02
4.531250e-02 1.875000e-02 8.323412e-01 -2.662629e-02 -7.522910e-02
4.687500e-02 1.875000e-02 8.306045e-01 -1.209172e-02 -4.994002e-02
4.843750e-02 1.875000e-02 8.286481e-01 -3.041221e-03 -2.397163e-02
5.000000e-02 1.875000e-02 8.266918e-01 0.000000e+00 0.000000e+00
0.000000e+00 2.031250e-02 8.289203e-01 0.000000e+00 0.000000e+00
1.562500e-03 2.031250e-02 8.276916e-01 -2.629161e-03 3.384690e-02
3.125000e-03 2.031250e-02 8.264628e-01 -9.111967e-03 6.107400e-02
4.687500e-03 2.031250e-02 8.255972e-01 -1.880951e-02 8.219277e-02
6.250000e-03 2.031250e-02 8.249042e-01 -3.067428e-02 9.787670e-02
7.812500e-03 2.031250e-02 8.242734e-01 -4.401084e-02 1.088417e-01
9.375000e-03 2.031250e-02 8.236496e-01 -5.830342e-02 1.157505e-01
1.093750e-02 2.031250e-02 8.229955e-01 -7.314610e-02 1.191531e-01
1.250000e-02 2.031250e-02 8.222946e-01 -8.822521e-02 1.194609e-01
1.406250e-02 2.031250e-02 8.215498e-01 -1.032927e-01 1.169472e-01
1.562500e-02 2.031250e-02 8.207815e-01 -1.181398e-01 1.117654e-01
1.718750e-02 2.031250e-02 8.200244e-01 -1.325746e-01 1.039797e-01
1.875000e-02 2.031250e-02 8.193264e-01 -1.464035e-01 9.360031e-02
2.031250e-02 2.031250e-02 8.187455e-01 -1.594151e-01 8.062079e-02
2.187500e-02 2.031250e-02 8.183473e-01 -1.713665e-01 6.505433e-02
2.343750e-02 2.031250e-02 8.182003e-01 -1.819727e-01 4.696937e-02
2.500000e-02 2.031250e-02 8.183703e-01 -1.908978e-01 2.652518e-02
2.656250e-02 2.031250e-02 8.189129e-01 -1.977529e-01 4.008102e-03
2.812500e-02 2.031250e-02 8.198644e-01 -2.020990e-01 -2.013144e-02
2.968750e-02 2.031250e-02 8.212317e-01 -2.034623e-01 -4.524339e-02
3.125000e-02 2.031250e-02 8.229816e-01 -2.013630e-01 -7.044879e-02
3.281250e-02 2.031250e-02 8.250329e-01 -1.953628e-01 -9.462555e-02
3.437500e-02 2.031250e-02 8.272523e-01 -1.851350e-01 -1.164218e-01
3.593750e-02 2.031250e-02 8.294581e-01 -1.705553e-01 -1.343128e-01
3.750000e-02 2.031250e-02 8.314350e-01 -1.518058e-01 -1.467157e-01
3.906250e-02 2.031250e-02 8.329601e-01 -1.294748e-01 -1.521720e-01
4.062500e-02 2.031250e-02 8.338390e-01 -1.046221e-01 -1.495873e-01
4.218750e-02 2.031250e-02 8.339452e-01 -7.877415e-02 -1.384952e-01
4.375000e-02 2.031250e-02 8.332522e-01 -5.381616e-02 -1.192822e-01
4.531250e-02 2.031250e-02 8.318458e-01 -3.177404e-02 -9.329373e-02
4.687500e-02 2.031250e-02 8.298903e-01 -1.455012e-02 -6.275858e-02
4.843750e-02 2.031250e-02 8.275686e-01 -3.707081e-03 -3.056680e-02
5.000000e-02 2.031250e-02 8.252470e-01 0.000000e+00 0.000000e+00
0.000000e+00 2.187500e-02 8.265545e-01 0.000000e+00 0.000000e+00
1.562500e-03 2.187500e-02 8.253123e-01 -2.637645e-03 3.855792e-02
3.125000e-03 2.187500e-02 8.240702e-01 -9.163646e-03 6.934723e-02
4.687500e-03 2.187500e-02 8.231773e-01 -1.893121e-02 9.307631e-02
6.250000e-03 2.187500e-02 8.224385e-01 -3.088714e-02 1.105989e-01
7.812500e-03 2.187500e-02 8.217382e-01 -4.432614e-02 1.227940e-01
9.375000e-03 2.187500e-02 8.210167e-01 -5.872654e-02 1.304638e-01
1.093750e-02 2.187500e-02 8.202340e-01 -7.368408e-02 1.342705e-01
1.250000e-02 2.187500e-02 8.193719e-01 -8.889538e-02 1.347084e-01
1.406250e-02 2.187500e-02 8.184338e-01 -1.041310e-01 1.321064e-01
1.562500e-02 2.187500e-02 8.174413e-01 -1.192076e-01 1.266490e-01
1.718750e-02 2.187500e-02 8.164331e-01 -1.339645e-01 1.184095e-01
1.875000e-02 2.187500e-02 8.154629e-01 -1.482422e-01 1.073891e-01
2.031250e-02 2.187500e-02 8.145981e-01 -1.618643e-01 9.355554e-02
2.187500e-02 2.187500e-02 8.139170e-01 -1.746206e-01 7.688229e-02
2.343750e-02 2.187500e-02 8.135052e-01 -1.862523e-01 5.738634e-02
2.500000e-02 2.187500e-02 8.134500e-01 -1.964397e-01 3.516727e-02
2.656250e-02 2.187500e-02 8.138323e-01 -2.047927e-01 1.044905e-02
2.812500e-02 2.187500e-02 8.147161e-01 -2.108475e-01 -1.637453e-02
2.968750e-02 2.187500e-02 8.161357e-01 -2.140729e-01 -4.469161e-02
3.125000e-02 2.187500e-02 8.180818e-01 -2.138911e-01 -7.362523e-02
3.281250e-02 2.187500e-02 8.204874e-01 -2.097196e-01 -1.019962e-01
3.437500e-02 2.187500e-02 8.232177e-01 -2.010415e-01 -1.283103e-01
3.593750e-02 2.187500e-02 8.260682e-01 -1.875082e-01 -1.507914e-01
3.750000e-02 2.187500e-02 8.287751e-01 -1.690724e-01 -1.674843e-01
3.906250e-02 2.187500e-02 8.310432e-01 -1.461345e-01 -1.764507e-01
4.062500e-02 2.187500e-02 8.325904e-01 -1.196696e-01 -1.760609e-01
4.218750e-02 2.187500e-02 8.332035e-01 -9.128240e-02 -1.653533e-01
4.375000e-02 2.187500e-02 8.327921e-01 -6.313230e-02 -1.443820e-01
4.531250e-02 2.187500e-02 8.314205e-01 -3.769285e-02 -1.144348e-01
4.687500e-02 2.187500e-02 8.292647e-01 -1.742580e-02 -7.800159e-02
4.843750e-02 2.187500e-02 8.265294e-01 -4.505309e-03 -3.851637e-02
5.000000e-02 2.187500e-02 8.237941e-01 0.000000e+00 0.000000e+00
0.000000e+00 2.343750e-02 8.237709e-01 0.000000e+00 0.000000e+00
1.562500e-03 2.343750e-02 8.225313e-01 -2.601222e-03 4.325522e-02
3.125000e-03 2.343750e-02 8.212916e-01 -9.072269e-03 7.761205e-02
4.687500e-03 2.343750e-02 8.203793e-01 -1.876494e-02 1.039586e-01
6.250000e-03 2.343750e-02 8.195983e-01 -3.063269e-02 1.233213e-01
7.812500e-03 2.343750e-02 8.188292e-01 -4.396460e-02 1.367420e-01
9.375000e-03 2.343750e-02 8.180073e-01 -5.823501e-02 1.451680e-01
1.093750e-02 2.343750e-02 8.170891e-01 -7.304323e-02 1.493809e-01
1.250000e-02 2.343750e-02 8.160541e-01 -8.809825e-02 1.499668e-01
1.406250e-02 2.343750e-02 8.149044e-01 -1.031919e-01 1.473181e-01
1.562500e-02 2.343750e-02 8.136622e-01 -1.181704e-01 1.416572e-01
1.718750e-02 2.343750e-02 8.123685e-01 -1.329092e-01 1.330720e-01
1.875000e-02 2.343750e-02 8.110823e-01 -1.472902e-01 1.215575e-01
2.031250e-02 2.343750e-02 8.098794e-01 -1.611818e-01 1.070565e-01
2.187500e-02 2.343750e-02 8.088510e-01 -1.744194e-01 8.950020e-02
2.343750e-02 2.343750e-02 8.081008e-01 -1.867880e-01 6.884748e-02
2.500000e-02 2.343750e-02 8.077393e-01 -1.980048e-01 4.512639e-02
2.656250e-02 2.343750e-02 8.078762e-01 -2.077047e-01 1.847947e-02
2.812500e-02 2.343750e-02 8.086089e-01 -2.154279e-01 -1.078408e-02
2.968750e-02 2.343750e-02 8.100076e-01 -2.206160e-01 -4.212878e-02
3.125000e-02 2.343750e-02 8.120971e-01 -2.226193e-01 -7.472772e-02
3.281250e-02 2.343750e-02 8.148374e-01 -2.207268e-01 -1.073990e-01
3.437500e-02 2.343750e-02 8.181053e-01 -2.142277e-01 -1.385583e-01
3.593750e-02 2.343750e-02 8.216837e-01 -2.025163e-01 -1.662127e-01
3.750000e-02 2.343750e-02 8.252643e-01 -1.852465e-01 -1.880310e-01
3.906250e-02 2.343750e-02 8.284723e-01 -1.625277e-01 -2.015309e-01
4.062500e-02 2.343750e-02 8.309174e-01 -1.351283e-01 -2.044109e-01
4.218750e-02 2.343750e-02 8.322666e-01 -1.046237e-01 -1.950139e-01
4.375000e-02 2.343750e-02 8.323290e-01 -7.339349e-02 -1.728407e-01
4.531250e-02 2.343750e-02 8.311188e-01 -4.438753e-02 -1.389447e-01
4.687500e-02 2.343750e-02 8.288070e-01 -2.074587e-02 -9.600458e-02
4.843750e-02 2.343750e-02 8.256121e-01 -5.452519e-03 -4.805104e-02
5.000000e-02 2.343750e-02 8.224173e-01 0.000000e+00 0.000000e+00
0.000000e+00 2.500000e-02 8.205863e-01 0.000000e+00 0.000000e+00
1.562500e-03 2.500000e-02 8.193629e-01 -2.525670e-03 4.786842e-02
3.125000e-03 2.500000e-02 8.181395e-01 -8.855330e-03 8.574900e-02
4.687500e-03 2.500000e-02 8.172168e-01 -1.834133e-02 1.146804e-01
6.250000e-03 2.500000e-02 8.164013e-01 -2.994927e-02 1.358487e-01
7.812500e-03 2.500000e-02 8.155702e-01 -4.296317e-02 1.504568e-01
9.375000e-03 2.500000e-02 8.146533e-01 -5.685369e-02 1.596015e-01
1.093750e-02 2.500000e-02 8.136020e-01 -7.122504e-02 1.641921e-01
1.250000e-02 2.500000e-02 8.123917e-01 -8.580084e-02 1.649153e-01
1.406250e-02 2.500000e-02 8.110219e-01 -1.003972e-01 1.622363e-01
1.562500e-02 2.500000e-02 8.095137e-01 -1.148934e-01 1.564232e-01
1.718750e-02 2.500000e-02 8.079090e-01 -1.292060e-01 1.475855e-01
1.875000e-02 2.500000e-02 8.062706e-01 -1.432649e-01 1.357172e-01
2.031250e-02 2.500000e-02 8.046820e-01 -1.569922e-01 1.207398e-01
2.187500e-02 2.500000e-02 8.032465e-01 -1.702810e-01 1.025436e-01
2.343750e-02 2.500000e-02 8.020855e-01 -1.829765e-01 8.102769e-02
2.500000e-02 2.500000e-02 8.013338e-01 -1.948549e-01 5.614163e-02
2.656250e-02 2.500000e-02 8.011323e-01 -2.056035e-01 2.793256e-02
2.812500e-02 2.500000e-02 8.016160e-01 -2.148007e-01 -3.399065e-03
2.968750e-02 2.500000e-02 8.028980e-01 -2.218994e-01 -3.743153e-02
3.125000e-02 2.500000e-02 8.050481e-01 -2.262188e-01 -7.344098e-02
3.281250e-02 2.500000e-02 8.080673e-01 -2.269550e-01 -1.103109e-01
3.437500e-02 2.500000e-02 8.118610e-01 -2.232227e-01 -1.464437e-01
3.593750e-02 2.500000e-02 8.162166e-01 -2.141489e-01 -1.797008e-01
3.750000e-02 2.500000e-02 8.207935e-01 -1.990344e-01 -2.074135e-01
3.906250e-02 2.500000e-02 8.251385e-01 -1.775908e-01 -2.265285e-01
4.062500e-02 2.500000e-02 8.287361e-01 -1.502292e-01 -2.339478e-01
4.218750e-02 2.500000e-02 8.310984e-01 -1.183343e-01 -2.270894e-01
4.375000e-02 2.500000e-02 8.318860e-01 -8.439063e-02 -2.046042e-01
4.531250e-02 2.500000e-02 8.310193e-01 -5.180810e-02 -1.670352e-01
4.687500e-02 2.500000e-02 8.286325e-01 -2.451980e-02 -1.170915e-01
4.843750e-02 2.500000e-02 8.249389e-01 -6.563724e-03 -5.941712e-02
5.000000e-02 2.500000e-02 8.212453e-01 0.000000e+00 0.000000e+00
0.000000e+00 2.656250e-02 8.170273e-01 0.000000e+00 0.000000e+00
1.562500e-03 2.656250e-02 8.158303e-01 -2.422255e-03 5.233997e-02
3.125000e-03 2.656250e-02 8.146334e-01 -8.546204e-03 9.365696e-02
4.687500e-03 2.656250e-02 8.137112e-01 -1.771988e-02 1.250986e-01
6.250000e-03 2.656250e-02 8.128751e-01 -2.891611e-02 1.479945e-01
7.812500e-03 2.656250e-02 8.119985e-01 -4.140956e-02 1.637070e-01
9.375000e-03 2.656250e-02 8.110039e-01 -5.466618e-02 1.734887e-01
1.093750e-02 2.656250e-02 8.098351e-01 -6.829679e-02 1.783860e-01
1.250000e-02 2.656250e-02 8.084614e-01 -8.204293e-02 1.791966e-01
1.406250e-02 2.656250e-02 8.068774e-01 -9.574897e-02 1.764678e-01
1.562500e-02 2.656250e-02 8.051012e-01 -1.093319e-01 1.705223e-01
1.718750e-02 2.656250e-02 8.031742e-01 -1.227541e-01 1.614990e-01
1.875000e-02 2.656250e-02 8.011617e-01 -1.359993e-01 1.493982e-01
2.031250e-02 2.656250e-02 7.991532e-01 -1.490503e-01 1.341265e-01
2.187500e-02 2.656250e-02 7.972630e-01 -1.618687e-01 1.155383e-01
2.343750e-02 2.656250e-02 7.956294e-01 -1.743733e-01 9.347577e-02
2.500000e-02 2.656250e-02 7.944109e-01 -1.864189e-01 6.780945e-02
2.656250e-02 2.656250e-02 7.937803e-01 -1.977718e-01 3.848414e-02
2.812500e-02 2.656250e-02 7.939126e-01 -2.080830e-01 5.574711e-03
2.968750e-02 2.656250e-02 7.949689e-01 -2.168603e-01 -3.064248e-02
3.125000e-02 2.656250e-02 7.970726e-01 -2.234434e-01 -6.959801e-02
3.281250e-02 2.656250e-02 8.002796e-01 -2.269897e-01 -1.103157e-01
3.437500e-02 2.656250e-02 8.045430e-01 -2.264873e-01 -1.512825e-01
3.593750e-02 2.656250e-02 8.096773e-01 -2.208195e-01 -1.903227e-01
3.750000e-02 2.656250e-02 8.153317e-01 -2.089112e-01 -2.245239e-01
3.906250e-02 2.656250e-02 8.209871e-01 -1.899858e-01 -2.502947e-01
4.062500e-02 2.656250e-02 8.259975e-01 -1.639317e-01 -2.636601e-01
4.218750e-02 2.656250e-02 8.296874e-01 -1.317283e-01 -2.608773e-01
4.375000e-02 2.656250e-02 8.315125e-01 -9.576913e-02 -2.393755e-01
4.531250e-02 2.656250e-02 8.312377e-01 -5.983344e-02 -1.987818e-01
4.687500e-02 2.656250e-02 8.289057e-01 -2.873412e-02 -1.415459e-01
4.843750e-02 2.656250e-02 8.246874e-01 -7.852459e-03 -7.286783e-02
5.000000e-02 2.656250e-02 8.204691e-01 0.000000e+00 0.000000e+00
0.000000e+00 2.812500e-02 8.131302e-01 0.000000e+00 0.000000e+00
1.562500e-03 2.812500e-02 8.119636e-01 -2.308769e-03 5.663529e-02
3.125000e-03 2.812500e-02 8.107971e-01 -8.198135e-03 1.012671e-01
4.687500e-03 2.812500e-02 8.098891e-01 -1.699623e-02 1.351000e-01
6.250000e-03 2.812500e-02 8.090554e-01 -2.766256e-02 1.595917e-01
7.812500e-03 2.812500e-02 8.081635e-01 -3.945244e-02 1.762679e-01
9.375000e-03 2.812500e-02 8.071247e-01 -5.182538e-02 1.865476e-01
1.093750e-02 2.812500e-02 8.058722e-01 -6.440236e-02 1.916267e-01
1.250000e-02 2.812500e-02 8.043656e-01 -7.694880e-02 1.924251e-01
1.406250e-02 2.812500e-02 8.025922e-01 -8.934385e-02 1.895823e-01
1.562500e-02 2.812500e-02 8.005652e-01 -1.015481e-01 1.834846e-01
1.718750e-02 2.812500e-02 7.983240e-01 -1.135755e-01 1.743083e-01
1.875000e-02 2.812500e-02 7.959346e-01 -1.254683e-01 1.620681e-01
2.031250e-02 2.812500e-02 7.934916e-01 -1.372763e-01 1.466633e-01
2.187500e-02 2.812500e-02 7.911190e-01 -1.490359e-01 1.279207e-01
2.343750e-02 2.812500e-02 7.889703e-01 -1.607502e-01 1.056329e-01
2.500000e-02 2.812500e-02 7.872267e-01 -1.723668e-01 7.959680e-02
2.656250e-02 2.812500e-02 7.860913e-01 -1.837521e-01 4.965623e-02
2.812500e-02 2.812500e-02 7.857795e-01 -1.946603e-01 1.575359e-02
2.968750e-02 2.812500e-02 7.865021e-01 -2.046969e-01 -2.200078e-02
3.125000e-02 2.812500e-02 7.884419e-01 -2.132778e-01 -6.323390e-02
3.281250e-02 2.812500e-02 7.917205e-01 -2.195906e-01 -1.071817e-01
3.437500e-02 2.812500e-02 7.963565e-01 -2.225713e-01 -1.525232e-01
3.593750e-02 2.812500e-02 8.022175e-01 -2.209231e-01 -1.971869e-01
3.750000e-02 2.812500e-02 8.089720e-01 -2.132216e-01 -2.381698e-01
3.906250e-02 2.812500e-02 8.160623e-01 -1.981546e-01 -2.714588e-01
4.062500e-02 2.812500e-02 8.227257e-01 -1.749341e-01 -2.922024e-01
4.218750e-02 2.812500e-02 8.280763e-01 -1.438783e-01 -2.953007e-01
4.375000e-02 2.812500e-02 8.313047e-01 -1.070028e-01 -2.765349e-01
4.531250e-02 2.812500e-02 8.319427e-01 -6.825467e-02 -2.340573e-01
4.687500e-02 2.812500e-02 8.298565e-01 -3.334720e-02 -1.695757e-01
4.843750e-02 2.812500e-02 8.251063e-01 -9.330427e-03 -8.865452e-02
5.000000e-02 2.812500e-02 8.203562e-01 0.000000e+00 0.000000e+00
0.000000e+00 2.968750e-02 8.089315e-01 0.000000e+00 0.000000e+00
1.562500e-03 2.968750e-02 8.077921e-01 -2.213282e-03 6.075322e-02
3.125000e-03 2.968750e-02 8.066527e-01 -7.891121e-03 1.085593e-01
4.687500e-03 2.968750e-02 8.057773e-01 -1.631134e-02 1.446174e-01
6.250000e-03 2.968750e-02 8.049824e-01 -2.637810e-02 1.705064e-01
7.812500e-03 2.968750e-02 8.041239e-01 -3.731041e-02 1.879314e-01
9.375000e-03 2.968750e-02 8.030963e-01 -4.856072e-02 1.984975e-01
1.093750e-02 2.968750e-02 8.018164e-01 -5.976764e-02 2.035673e-01
1.250000e-02 2.968750e-02 8.002302e-01 -7.073118e-02 2.041958e-01
1.406250e-02 2.968750e-02 7.983146e-01 -8.137589e-02 2.011245e-01
1.562500e-02 2.968750e-02 7.960761e-01 -9.171491e-02 1.948108e-01
1.718750e-02 2.968750e-02 7.935507e-01 -1.018201e-01 1.854756e-01
1.875000e-02 2.968750e-02 7.908046e-01 -1.117978e-01 1.731551e-01
2.031250e-02 2.968750e-02 7.879365e-01 -1.217680e-01 1.577500e-01
2.187500e-02 2.968750e-02 7.850788e-01 -1.318460e-01 1.390684e-01
2.343750e-02 2.968750e-02 7.823993e-01 -1.421237e-01 1.168640e-01
2.500000e-02 2.968750e-02 7.800994e-01 -1.526496e-01 9.087078e-02
2.656250e-02 2.968750e-02 7.784110e-01 -1.634034e-01 6.084056e-02
2.812500e-02 2.968750e-02 7.775871e-01 -1.742645e-01 2.658764e-02
2.968750e-02 2.968750e-02 7.778873e-01 -1.849708e-01 -1.194966e-02
3.125000e-02 2.968750e-02 7.795551e-01 -1.950671e-01 -5.461995e-02
3.281250e-02 2.968750e-02 7.827837e-01 -2.038448e-01 -1.009277e-01
3.437500e-02 2.968750e-02 7.876710e-01 -2.102814e-01 -1.498458e-01
3.593750e-02 2.968750e-02 7.941609e-01 -2.130042e-01 -1.995645e-01
3.750000e-02 2.968750e-02 8.019759e-01 -2.103246e-01 -2.471966e-01
3.906250e-02 2.968750e-02 8.105602e-01 -2.004171e-01 -2.885185e-01
4.062500e-02 2.968750e-02 8.190663e-01 -1.817160e-01 -3.179269e-01
4.218750e-02 2.968750e-02 8.264017e-01 -1.536160e-01 -3.288713e-01
4.375000e-02 2.968750e-02 8.314378e-01 -1.173759e-01 -3.150603e-01
4.531250e-02 2.968750e-02 8.333811e-01 -7.676236e-02 -2.724523e-01
4.687500e-02 2.968750e-02 8.318057e-01 -3.828983e-02 -2.012665e-01
4.843750e-02 2.968750e-02 8.265471e-01 -1.101326e-02 -1.070114e-01
5.000000e-02 2.968750e-02 8.212885e-01 0.000000e+00 0.000000e+00
0.000000e+00 3.125000e-02 8.044754e-01 0.000000e+00 0.000000e+00
1.562500e-03 3.125000e-02 8.033451e-01 -2.175069e-03 6.474597e-02
3.125000e-03 3.125000e-02 8.022149e-01 -7.738232e-03 1.155845e-01
4.687500e-03 3.125000e-02 8.013971e-01 -1.586227e-02 1.536473e-01
6.250000e-03 3.125000e-02 8.006965e-01 -2.532249e-02 1.806491e-01
7.812500e-03 3.125000e-02 7.999450e-01 -3.527851e-02 1.985126e-01
9.375000e-03 3.125000e-02 7.990111e-01 -4.517964e-02 2.090634e-01
1.093750e-02 3.125000e-02 7.977874e-01 -5.469701e-02 2.138545e-01
1.250000e-02 3.125000e-02 7.962005e-01 -6.368334e-02 2.140909e-01
1.406250e-02 3.125000e-02 7.942139e-01 -7.212517e-02 2.106239e-01
1.562500e-02 3.125000e-02 7.918260e-01 -8.010098e-02 2.039869e-01
1.718750e-02 3.125000e-02 7.890688e-01 -8.774943e-02 1.944494e-01
1.875000e-02 3.125000e-02 7.860091e-01 -9.524549e-02 1.820742e-01
2.031250e-02 3.125000e-02 7.827496e-01 -1.027817e-01 1.667701e-01
2.187500e-02 3.125000e-02 7.794312e-01 -1.105524e-01 1.483359e-01
2.343750e-02 3.125000e-02 7.762348e-01 -1.187381e-01 1.264976e-01
2.500000e-02 3.125000e-02 7.733807e-01 -1.274885e-01 1.009404e-01
2.656250e-02 3.125000e-02 7.711267e-01 -1.369004e-01 7.133921e-02
2.812500e-02 3.125000e-02 7.697604e-01 -1.469889e-01 3.739508e-02
2.968750e-02 3.125000e-02 7.695865e-01 -1.576461e-01 -1.115831e-03
3.125000e-02 3.125000e-02 7.709063e-01 -1.685862e-01 -4.426685e-02
3.281250e-02 3.125000e-02 7.739851e-01 -1.792714e-01 -9.186106e-02
3.437500e-02 3.125000e-02 7.790060e-01 -1.888213e-01 -1.432425e-01
3.593750e-02 3.125000e-02 7.860071e-01 -1.959189e-01 -1.970119e-01
3.750000e-02 3.125000e-02 7.947974e-01 -1.987559e-01 -2.506342e-01
3.906250e-02 3.125000e-02 8.048659e-01 -1.951039e-01 -2.999794e-01
4.062500e-02 3.125000e-02 8.153344e-01 -1.826165e-01 -3.389734e-01
4.218750e-02 3.125000e-02 8.249370e-01 -1.595526e-01 -3.596989e-01
4.375000e-02 3.125000e-02 8.322015e-01 -1.259733e-01 -3.534602e-01
4.531250e-02 3.125000e-02 8.359108e-01 -8.493795e-02 -3.131875e-01
4.687500e-02 3.125000e-02 8.351929e-01 -4.346627e-02 -2.365307e-01
4.843750e-02 3.125000e-02 8.294801e-01 -1.292297e-02 -1.281502e-01
5.000000e-02 3.125000e-02 8.237672e-01 0.000000e+00 0.000000e+00
0.000000e+00 3.281250e-02 7.997684e-01 0.000000e+00 0.000000e+00
1.562500e-03 3.281250e-02 7.986219e-01 -2.260463e-03 6.873167e-02
3.125000e-03 3.281250e-02 7.974755e-01 -7.905365e-03 1.224866e-01
4.687500e-03 3.281250e-02 7.967560e-01 -1.591946e-02 1.622670e-01
6.250000e-03 3.281250e-02 7.962336e-01 -2.483653e-02 1.899823e-01
7.812500e-03 3.281250e-02 7.956961e-01 -3.372958e-02 2.078503e-01
9.375000e-03 3.281250e-02 7.949717e-01 -4.205879e-02 2.179733e-01
1.093750e-02 3.281250e-02 7.939178e-01 -4.955501e-02 2.221271e-01
1.250000e-02 3.281250e-02 7.924356e-01 -5.615240e-02 2.216810e-01
1.406250e-02 3.281250e-02 7.904721e-01 -6.192375e-02 2.176005e-01
1.562500e-02 3.281250e-02 7.880170e-01 -6.703042e-02 2.104945e-01
1.718750e-02 3.281250e-02 7.850998e-01 -7.168868e-02 2.006803e-01
1.875000e-02 3.281250e-02 7.817889e-01 -7.614729e-02 1.882484e-01
2.031250e-02 3.281250e-02 7.781928e-01 -8.067186e-02 1.731188e-01
2.187500e-02 3.281250e-02 7.744619e-01 -8.553274e-02 1.550881e-01
2.343750e-02 3.281250e-02 7.707907e-01 -9.099375e-02 1.338655e-01
2.500000e-02 3.281250e-02 7.674178e-01 -9.729948e-02 1.091018e-01
2.656250e-02 3.281250e-02 7.646247e-01 -1.046585e-01 8.041443e-02
2.812500e-02 3.281250e-02 7.627305e-01 -1.132195e-01 4.741357e-02
2.968750e-02 3.281250e-02 7.620806e-01 -1.230360e-01 9.737378e-03
3.125000e-02 3.281250e-02 7.630286e-01 -1.340140e-01 -3.289236e-02
3.281250e-02 3.281250e-02 7.659071e-01 -1.458359e-01 -8.057415e-02
3.437500e-02 3.281250e-02 7.709836e-01 -1.578522e-01 -1.330596e-01
3.593750e-02 3.281250e-02 7.783967e-01 -1.689427e-01 -1.894705e-01
3.750000e-02 3.281250e-02 7.880650e-01 -1.773686e-01 -2.478513e-01
3.906250e-02 3.281250e-02 7.995665e-01 -1.806994e-01 -3.045328e-01
4.062500e-02 3.281250e-02 8.120507e-01 -1.759375e-01 -3.534146e-01
4.218750e-02 3.281250e-02 8.241441e-01 -1.601173e-01 -3.855511e-01
4.375000e-02 3.281250e-02 8.340452e-01 -1.316719e-01 -3.897342e-01
4.531250e-02 3.281250e-02 8.400366e-01 -9.224795e-02 -3.550209e-01
4.687500e-02 3.281250e-02 8.406109e-01 -4.877745e-02 -2.750563e-01
4.843750e-02 3.281250e-02 8.345621e-01 -1.511928e-02 -1.522525e-01
5.000000e-02 3.281250e-02 8.285134e-01 0.000000e+00 0.000000e+00
0.000000e+00 3.437500e-02 7.948446e-01 0.000000e+00 0.000000e+00
1.562500e-03 3.437500e-02 7.936217e-01 -2.558493e-03 7.294938e-02
3.125000e-03 3.437500e-02 7.923988e-01 -8.618772e-03 1.295414e-01
4.687500e-03 3.437500e-02 7.918398e-01 -1.684101e-02 1.706507e-01
6.250000e-03 3.437500e-02 7.916215e-01 -2.534647e-02 1.985188e-01
7.812500e-03 3.437500e-02 7.914486e-01 -3.310156e-02 2.157951e-01
9.375000e-03 3.437500e-02 7.910884e-01 -3.961380e-02 2.249433e-01
1.093750e-02 3.437500e-02 7.903501e-01 -4.472048e-02 2.280019e-01
1.250000e-02 3.437500e-02 7.891024e-01 -4.848005e-02 2.265157e-01
1.406250e-02 3.437500e-02 7.872745e-01 -5.108466e-02 2.215605e-01
1.562500e-02 3.437500e-02 7.848490e-01 -5.280077e-02 2.138125e-01
1.718750e-02 3.437500e-02 7.818555e-01 -5.393479e-02 2.036285e-01
1.875000e-02 3.437500e-02 7.783679e-01 -5.481406e-02 1.911210e-01
2.031250e-02 3.437500e-02 7.745037e-01 -5.577598e-02 1.762205e-01
2.187500e-02 3.437500e-02 7.704256e-01 -5.716114e-02 1.587244e-01
2.343750e-02 3.437500e-02 7.663436e-01 -5.930736e-02 1.383334e-01
2.500000e-02 3.437500e-02 7.625152e-01 -6.254252e-02 1.146777e-01
2.656250e-02 3.437500e-02 7.592457e-01 -6.717406e-02 8.733695e-02
2.812500e-02 3.437500e-02 7.568831e-01 -7.347244e-02 5.585759e-02
2.968750e-02 3.437500e-02 7.558097e-01 -8.164472e-02 1.977398e-02
3.125000e-02 3.437500e-02 7.564261e-01 -9.179193e-02 -2.135765e-02
3.281250e-02 3.437500e-02 7.591251e-01 -1.038408e-01 -6.789472e-02
3.437500e-02 3.437500e-02 7.642516e-01 -1.174362e-01 -1.199822e-01
3.593750e-02 3.437500e-02 7.720418e-01 -1.317785e-01 -1.773108e-01
3.750000e-02 3.437500e-02 7.825319e-01 -1.454025e-01 -2.386755e-01
3.906250e-02 3.437500e-02 7.954245e-01 -1.559467e-01 -3.012357e-01
4.062500e-02 3.437500e-02 8.099460e-01 -1.600398e-01 -3.594443e-01
4.218750e-02 3.437500e-02 8.247040e-01 -1.536010e-01 -4.039666e-01
4.375000e-02 3.437500e-02 8.376258e-01 -1.331252e-01 -4.213613e-01
4.531250e-02 3.437500e-02 8.464451e-01 -9.803111e-02 -3.961529e-01
4.687500e-02 3.437500e-02 8.488760e-01 -5.412699e-02 -3.162389e-01
4.843750e-02 3.437500e-02 8.426492e-01 -1.769499e-02 -1.795071e-01
5.000000e-02 3.437500e-02 8.364223e-01 0.000000e+00 0.000000e+00
0.000000e+00 3.593750e-02 7.895272e-01 0.000000e+00 0.000000e+00
1.562500e-03 3.593750e-02 7.882000e-01 -3.256650e-03 7.774998e-02
3.125000e-03 3.593750e-02 7.868729e-01 -1.023342e-02 1.371685e-01
4.687500e-03 3.593750e-02 7.865953e-01 -1.910242e-02 1.790629e-01
6.250000e-03 3.593750e-02 7.868738e-01 -2.735523e-02 2.062945e-01
7.812500e-03 3.593750e-02 7.872752e-01 -3.385283e-02 2.221728e-01
9.375000e-03 3.593750e-02 7.874791e-01 -3.822366e-02 2.296413e-01
1.093750e-02 3.593750e-02 7.872329e-01 -4.048559e-02 2.310431e-01
1.250000e-02 3.593750e-02 7.863686e-01 -4.088104e-02 2.280992e-01
1.406250e-02 3.593750e-02 7.847993e-01 -3.976330e-02 2.219795e-01
1.562500e-02 3.593750e-02 7.825051e-01 -3.752938e-02 2.134063e-01
1.718750e-02 3.593750e-02 7.795216e-01 -3.458856e-02 2.027577e-01
1.875000e-02 3.593750e-02 7.759339e-01 -3.135003e-02 1.901553e-01
2.031250e-02 3.593750e-02 7.718741e-01 -2.821949e-02 1.755331e-01
2.187500e-02 3.593750e-02 7.675217e-01 -2.559927e-02 1.586883e-01
2.343750e-02 3.593750e-02 7.631053e-01 -2.388889e-02 1.393179e-01
2.500000e-02 3.593750e-02 7.589043e-01 -2.348434e-02 1.170429e-01
2.656250e-02 3.593750e-02 7.552484e-01 -2.477448e-02 9.142369e-02
2.812500e-02 3.593750e-02 7.525150e-01 -2.813282e-02 6.197094e-02
2.968750e-02 3.593750e-02 7.511215e-01 -3.390164e-02 2.815423e-02
3.125000e-02 3.593750e-02 7.515114e-01 -4.236299e-02 -1.058380e-02
3.281250e-02 3.593750e-02 7.541319e-01 -5.368686e-02 -5.479641e-02
3.437500e-02 3.593750e-02 7.593968e-01 -6.783967e-02 -1.049592e-01
3.593750e-02 3.593750e-02 7.676309e-01 -8.442653e-02 -1.613014e-01
3.750000e-02 3.593750e-02 7.789850e-01 -1.024352e-01 -2.234408e-01
3.906250e-02 3.593750e-02 7.933025e-01 -1.198736e-01 -2.896539e-01
4.062500e-02 3.593750e-02 8.099229e-01 -1.334014e-01 -3.555799e-01
4.218750e-02 3.593750e-02 8.275282e-01 -1.381791e-01 -4.124093e-01
4.375000e-02 3.593750e-02 8.438754e-01 -1.287255e-01 -4.452844e-01
4.531250e-02 3.593750e-02 8.561617e-01 -1.014504e-01 -4.340064e-01
4.687500e-02 3.593750e-02 8.613840e-01 -5.945435e-02 -3.587492e-01
4.843750e-02 3.593750e-02 8.553136e-01 -2.087390e-02 -2.097342e-01
5.000000e-02 3.593750e-02 8.492433e-01 0.000000e+00 0.000000e+00
0.000000e+00 3.750000e-02 7.838512e-01 0.000000e+00 0.000000e+00
1.562500e-03 3.750000e-02 7.822940e-01 -4.576365e-03 8.380275e-02
3.125000e-03 3.750000e-02 7.807369e-01 -1.318962e-02 1.460069e-01
4.687500e-03 3.750000e-02 7.809323e-01 -2.326457e-02 1.878413e-01
6.250000e-03 3.750000e-02 7.819954e-01 -3.136696e-02 2.133071e-01
7.812500e-03 3.750000e-02 7.832539e-01 -3.633146e-02 2.267108e-01
9.375000e-03 3.750000e-02 7.842700e-01 -3.805168e-02 2.316171e-01
1.093750e-02 3.750000e-02 7.847184e-01 -3.683874e-02 2.307032e-01
1.250000e-02 3.750000e-02 7.843958e-01 -3.319672e-02 2.258445e-01
1.406250e-02 3.750000e-02 7.832066e-01 -2.768814e-02 2.182665e-01
1.562500e-02 3.750000e-02 7.811384e-01 -2.086617e-02 2.087001e-01
1.718750e-02 3.750000e-02 7.782421e-01 -1.325293e-02 1.975145e-01
1.875000e-02 3.750000e-02 7.746227e-01 -5.339284e-03 1.848190e-01
2.031250e-02 3.750000e-02 7.704337e-01 2.407712e-03 1.705379e-01
2.187500e-02 3.750000e-02 7.658774e-01 9.535466e-03 1.544630e-01
2.343750e-02 3.750000e-02 7.612061e-01 1.559745e-02 1.362893e-01
2.500000e-02 3.750000e-02 7.567244e-01 2.014692e-02 1.156368e-01
2.656250e-02 3.750000e-02 7.527896e-01 2.273326e-02 9.206334e-02
2.812500e-02 3.750000e-02 7.498100e-01 2.290197e-02 6.506969e-02
2.968750e-02 3.750000e-02 7.482388e-01 2.019981e-02 3.409974e-02
3.125000e-02 3.750000e-02 7.485622e-01 1.418919e-02 -1.461134e-03
3.281250e-02 3.750000e-02 7.512786e-01 4.479626e-03 -4.228426e-02
3.437500e-02 3.750000e-02 7.568653e-01 -9.207841e-03 -8.907679e-02
3.593750e-02 3.750000e-02 7.657277e-01 -2.691240e-02 -1.425036e-01
3.750000e-02 3.750000e-02 7.781201e-01 -4.819178e-02 -2.029540e-01
3.906250e-02 3.750000e-02 7.940229e-01 -7.169969e-02 -2.699560e-01
4.062500e-02 3.750000e-02 8.129379e-01 -9.458601e-02 -3.408701e-01
4.218750e-02 3.750000e-02 8.336610e-01 -1.118508e-01 -4.085137e-01
4.375000e-02 3.750000e-02 8.539118e-01 -1.164189e-01 -4.580463e-01
4.531250e-02 3.750000e-02 8.704269e-01 -1.011199e-01 -4.652368e-01
4.687500e-02 3.750000e-02 8.794764e-01 -6.441174e-02 -4.006965e-01
4.843750e-02 3.750000e-02 8.738850e-01 -2.489464e-02 -2.428254e-01
5.000000e-02 3.750000e-02 8.682936e-01 0.000000e+00 0.000000e+00
0.000000e+00 3.906250e-02 7.767067e-01 0.000000e+00 0.000000e+00
1.562500e-03 3.906250e-02 7.751428e-01 -7.140678e-03 9.185467e-02
3.125000e-03 3.906250e-02 7.735789e-01 -1.825736e-02 1.567716e-01
4.687500e-03 3.906250e-02 7.746689e-01 -2.995826e-02 1.972426e-01
6.250000e-03 3.906250e-02 7.769680e-01 -3.769439e-02 2.193507e-01
7.812500e-03 3.906250e-02 7.794677e-01 -4.046199e-02 2.288853e-01
9.375000e-03 3.906250e-02 7.815953e-01 -3.864788e-02 2.301757e-01
1.093750e-02 3.906250e-02 7.829578e-01 -3.300844e-02 2.262232e-01
1.250000e-02 3.906250e-02 7.833309e-01 -2.439964e-02 2.189956e-01
1.406250e-02 3.906250e-02 7.826282e-01 -1.364052e-02 2.097052e-01
1.562500e-02 3.906250e-02 7.808605e-01 -1.459687e-03 1.990332e-01
1.718750e-02 3.906250e-02 7.781086e-01 1.150555e-02 1.872963e-01
1.875000e-02 3.906250e-02 7.745076e-01 2.469009e-02 1.745617e-01
2.031250e-02 3.906250e-02 7.702415e-01 3.757845e-02 1.607258e-01
2.187500e-02 3.906250e-02 7.655420e-01 4.968384e-02 1.455662e-01
2.343750e-02 3.906250e-02 7.606904e-01 6.053081e-02 1.287749e-01
2.500000e-02 3.906250e-02 7.560207e-01 6.964141e-02 1.099773e-01
2.656250e-02 3.906250e-02 7.519212e-01 7.652456e-02 8.874265e-02
2.812500e-02 3.906250e-02 7.488341e-01 8.066832e-02 6.458497e-02
2.968750e-02 3.906250e-02 7.472512e-01 8.153566e-02 3.695814e-02
3.125000e-02 3.906250e-02 7.477031e-01 7.856534e-02 5.243727e-03
3.281250e-02 3.906250e-02 7.507413e-01 7.118373e-02 -3.126829e-02
3.437500e-02 3.906250e-02 7.569067e-01 5.883811e-02 -7.340131e-02
3.593750e-02 3.906250e-02 7.666840e-01 4.108065e-02 -1.221016e-01
3.750000e-02 3.906250e-02 7.804269e-01 1.775083e-02 -1.783612e-01
3.906250e-02 3.906250e-02 7.982538e-01 -1.062771e-02 -2.428858e-01
4.062500e-02 3.906250e-02 8.198544e-01 -4.213387e-02 -3.150318e-01
4.218750e-02 3.906250e-02 8.441808e-01 -7.238132e-02 -3.903268e-01
4.375000e-02 3.906250e-02 8.690529e-01 -9.361404e-02 -4.558971e-01
4.531250e-02 3.906250e-02 8.909493e-01 -9.509280e-02 -4.854834e-01
4.687500e-02 3.906250e-02 9.053911e-01 -6.867420e-02 -4.392178e-01
4.843750e-02 3.906250e-02 9.014306e-01 -3.058557e-02 -2.783615e-01
5.000000e-02 3.906250e-02 8.974701e-01 0.000000e+00 0.000000e+00
0.000000e+00 4.062500e-02 7.684599e-01 0.000000e+00 0.000000e+00
1.562500e-03 4.062500e-02 7.667451e-01 -1.139184e-02 1.036479e-01
3.125000e-03 4.062500e-02 7.650302e-01 -2.595835e-02 1.704121e-01
4.687500e-03 4.062500e-02 7.676176e-01 -3.937697e-02 2.072573e-01
6.250000e-03 4.062500e-02 7.717976e-01 -4.583069e-02 2.237490e-01
7.812500e-03 4.062500e-02 7.760277e-01 -4.497502e-02 2.276729e-01
9.375000e-03 4.062500e-02 7.796065e-01 -3.807418e-02 2.241748e-01
1.093750e-02 4.062500e-02 7.821021e-01 -2.652447e-02 2.164792e-01
1.250000e-02 4.062500e-02 7.833025e-01 -1.162471e-02 2.065179e-01
1.406250e-02 4.062500e-02 7.831606e-01 5.516540e-03 1.953801e-01
1.562500e-02 4.062500e-02 7.817357e-01 2.399440e-02 1.836147e-01
1.718750e-02 4.062500e-02 7.791553e-01 4.307194e-02 1.714289e-01
1.875000e-02 4.062500e-02 7.755983e-01 6.213243e-02 1.588114e-01
2.031250e-02 4.062500e-02 7.712879e-01 8.063708e-02 1.456093e-01
2.187500e-02 4.062500e-02 7.664918e-01 9.809052e-02 1.315754e-01
2.343750e-02 4.062500e-02 7.615250e-01 1.140135e-01 1.163964e-01
2.500000e-02 4.062500e-02 7.567544e-01 1.279219e-01 9.970894e-02
2.656250e-02 4.062500e-02 7.526023e-01 1.393092e-01 8.110555e-02
2.812500e-02 4.062500e-02 7.495474e-01 1.476330e-01 6.013404e-02
2.968750e-02 4.062500e-02 7.481224e-01 1.523026e-01 3.628875e-02
3.125000e-02 4.062500e-02 7.489060e-01 1.526699e-01 8.993696e-03
3.281250e-02 4.062500e-02 7.525069e-01 1.480251e-01 -2.242938e-02
3.437500e-02 4.062500e-02 7.595355e-01 1.376013e-01 -5.880850e-02
3.593750e-02 4.062500e-02 7.705649e-01 1.206134e-01 -1.011997e-01
3.750000e-02 4.062500e-02 7.860577e-01 9.635277e-02 -1.509451e-01
3.906250e-02 4.062500e-02 8.062862e-01 6.448743e-02 -2.096503e-01
4.062500e-02 4.062500e-02 8.311421e-01 2.568422e-02 -2.785636e-01
4.218750e-02 4.062500e-02 8.598637e-01 -1.704980e-02 -3.566329e-01
4.375000e-02 4.062500e-02 8.903968e-01 -5.670335e-02 -4.351299e-01
4.531250e-02 4.062500e-02 9.193508e-01 -7.994968e-02 -4.893361e-01
4.687500e-02 4.062500e-02 9.413593e-01 -7.078082e-02 -4.701786e-01
4.843750e-02 4.062500e-02 9.404040e-01 -3.850917e-02 -3.164396e-01
5.000000e-02 4.062500e-02 9.394486e-01 0.000000e+00 0.000000e+00
0.000000e+00 4.218750e-02 7.530500e-01 0.000000e+00 0.000000e+00
1.562500e-03 4.218750e-02 7.534083e-01 -1.934255e-02 1.198675e-01
3.125000e-03 4.218750e-02 7.537665e-01 -3.740821e-02 1.868110e-01
4.687500e-03 4.218750e-02 7.593402e-01 -5.067162e-02 2.166910e-01
6.250000e-03 4.218750e-02 7.664436e-01 -5.313150e-02 2.246671e-01
7.812500e-03 4.218750e-02 7.730609e-01 -4.576220e-02 2.210574e-01
9.375000e-03 4.218750e-02 7.784761e-01 -3.111829e-02 2.116879e-01
1.093750e-02 4.218750e-02 7.823071e-01 -1.140397e-02 1.997678e-01
1.250000e-02 4.218750e-02 7.844247e-01 1.159607e-02 1.869771e-01
1.406250e-02 4.218750e-02 7.848704e-01 3.650419e-02 1.741275e-01
1.562500e-02 4.218750e-02 7.837857e-01 6.228743e-02 1.615295e-01
1.718750e-02 4.218750e-02 7.813672e-01 8.816675e-02 1.492151e-01
1.875000e-02 4.218750e-02 7.778504e-01 1.135298e-01 1.370557e-01
2.031250e-02 4.218750e-02 7.735066e-01 1.378654e-01 1.248275e-01
2.187500e-02 4.218750e-02 7.686441e-01 1.607151e-01 1.122499e-01
2.343750e-02 4.218750e-02 7.636147e-01 1.816361e-01 9.900470e-02
2.500000e-02 4.218750e-02 7.588198e-01 2.001743e-01 8.474537e-02
2.656250e-02 4.218750e-02 7.547161e-01 2.158426e-01 6.910025e-02
2.812500e-02 4.218750e-02 7.518189e-01 2.281020e-01 5.166895e-02
2.968750e-02 4.218750e-02 7.507026e-01 2.363462e-01 3.201154e-02
3.125000e-02 4.218750e-02 7.519945e-01 2.398837e-01 9.631734e-03
3.281250e-02 4.218750e-02 7.563652e-01 2.379255e-01 -1.606178e-02
3.437500e-02 4.218750e-02 7.645017e-01 2.295632e-01 -4.580767e-02
3.593750e-02 4.218750e-02 7.770833e-01 2.137783e-01 -8.061815e-02
3.750000e-02 4.218750e-02 7.947056e-01 1.894327e-01 -1.219020e-01
3.906250e-02 4.218750e-02 8.178488e-01 1.554580e-01 -1.717508e-01
4.062500e-02 4.218750e-02 8.466595e-01 1.111555e-01 -2.327631e-01
4.218750e-02 4.218750e-02 8.808471e-01 5.756838e-02 -3.073098e-01
4.375000e-02 4.218750e-02 9.187166e-01 -7.893702e-04 -3.924404e-01
4.531250e-02 4.218750e-02 9.577792e-01 -5.017683e-02 -4.697682e-01
4.687500e-02 4.218750e-02 9.916284e-01 -6.809992e-02 -4.858433e-01
4.843750e-02 4.218750e-02 9.997851e-01 -5.021034e-02 -3.542891e-01
5.000000e-02 4.218750e-02 1.007942e+00 0.000000e+00 0.000000e+00
0.000000e+00 4.375000e-02 7.344942e-01 0.000000e+00 0.000000e+00
1.562500e-03 4.375000e-02 7.371912e-01 -2.976173e-02 1.449162e-01
3.125000e-03 4.375000e-02 7.398883e-01 -4.940432e-02 2.056011e-01
4.687500e-03 4.375000e-02 7.499794e-01 -5.803378e-02 2.227008e-01
6.250000e-03 4.375000e-02 7.612634e-01 -5.106937e-02 2.185098e-01
7.812500e-03 4.375000e-02 7.709643e-01 -3.217630e-02 2.055913e-01
9.375000e-03 4.375000e-02 7.785569e-01 -5.771581e-03 1.897655e-01
1.093750e-02 4.375000e-02 7.838418e-01 2.506858e-02 1.737475e-01
1.250000e-02 4.375000e-02 7.868773e-01 5.817367e-02 1.586243e-01
1.406250e-02 4.375000e-02 7.878554e-01 9.205434e-02 1.447260e-01
1.562500e-02 4.375000e-02 7.870416e-01 1.257109e-01 1.319995e-01
1.718750e-02 4.375000e-02 7.847225e-01 1.584676e-01 1.202392e-01
1.875000e-02 4.375000e-02 7.812024e-01 1.898361e-01 1.091679e-01
2.031250e-02 4.375000e-02 7.768052e-01 2.194299e-01 9.848003e-02
2.187500e-02 4.375000e-02 7.718815e-01 2.469046e-01 8.786245e-02
2.343750e-02 4.375000e-02 7.668189e-01 2.719167e-01 7.699839e-02
2.500000e-02 4.375000e-02 7.620508e-01 2.940954e-01 6.556953e-02
2.656250e-02 4.375000e-02 7.580645e-01 3.130201e-01 5.325360e-02
2.812500e-02 4.375000e-02 7.554071e-01 3.282007e-01 3.971904e-02
2.968750e-02 4.375000e-02 7.546910e-01 3.390631e-01 2.461224e-02
3.125000e-02 4.375000e-02 7.565870e-01 3.449266e-01 7.544615e-03
3.281250e-02 4.375000e-02 7.618268e-01 3.449926e-01 -1.195232e-02
3.437500e-02 4.375000e-02 7.711733e-01 3.382938e-01 -3.445705e-02
3.593750e-02 4.375000e-02 7.854358e-01 3.237096e-01 -6.083008e-02
3.750000e-02 4.375000e-02 8.053640e-01 2.998206e-01 -9.227665e-02
3.906250e-02 4.375000e-02 8.317448e-01 2.650873e-01 -1.309558e-01
4.062500e-02 4.375000e-02 8.650487e-01 2.175607e-01 -1.798826e-01
4.218750e-02 4.375000e-02 9.057680e-01 1.562588e-01 -2.440836e-01
4.375000e-02 4.375000e-02 9.529665e-01 8.165429e-02 -3.263133e-01
4.531250e-02 4.375000e-02 1.005832e+00 4.987946e-03 -4.199409e-01
4.687500e-02 4.375000e-02 1.056327e+00 -5.077862e-02 -4.767781e-01
4.843750e-02 4.375000e-02 1.081516e+00 -6.140795e-02 -3.911467e-01
5.000000e-02 4.375000e-02 1.106704e+00 0.000000e+00 0.000000e+00
0.000000e+00 4.531250e-02 6.793728e-01 0.000000e+00 0.000000e+00
1.562500e-03 4.531250e-02 6.991608e-01 -4.549801e-02 1.715834e-01
3.125000e-03 4.531250e-02 7.189488e-01 -5.632744e-02 2.173944e-01
4.687500e-03 4.531250e-02 7.387256e-01 -4.571550e-02 2.165830e-01
6.250000e-03 4.531250e-02 7.565093e-01 -1.832754e-02 1.977243e-01
7.812500e-03 4.531250e-02 7.702873e-01 1.965667e-02 1.755136e-01
9.375000e-03 4.531250e-02 7.803965e-01 6.250476e-02 1.543105e-01
1.093750e-02 4.531250e-02 7.871363e-01 1.068985e-01 1.357896e-01
1.250000e-02 4.531250e-02 7.909543e-01 1.508498e-01 1.200144e-01
1.406250e-02 4.531250e-02 7.922893e-01 1.932438e-01 1.066582e-01
1.562500e-02 4.531250e-02 7.915833e-01 2.334959e-01 9.519654e-02
1.718750e-02 4.531250e-02 7.892290e-01 2.713206e-01 8.517368e-02
1.875000e-02 4.531250e-02 7.856058e-01 3.065540e-01 7.617594e-02
2.031250e-02 4.531250e-02 7.810907e-01 3.390777e-01 6.783882e-02
2.187500e-02 4.531250e-02 7.760672e-01 3.687641e-01 5.983734e-02
2.343750e-02 4.531250e-02 7.709514e-01 3.954436e-01 5.187945e-02
2.500000e-02 4.531250e-02 7.662008e-01 4.188875e-01 4.369683e-02
2.656250e-02 4.531250e-02 7.623246e-01 4.387932e-01 3.503622e-02
2.812500e-02 4.531250e-02 7.598916e-01 4.547690e-01 2.565286e-02
2.968750e-02 4.531250e-02 7.595409e-01 4.663280e-01 1.529545e-02
3.125000e-02 4.531250e-02 7.619736e-01 4.728590e-01 3.703128e-03
3.281250e-02 4.531250e-02 7.679814e-01 4.736382e-01 -9.449084e-03
3.437500e-02 4.531250e-02 7.783831e-01 4.677268e-01 -2.452984e-02
3.593750e-02 4.531250e-02 7.941594e-01 4.540702e-01 -4.218488e-02
3.750000e-02 4.531250e-02 8.161743e-01 4.311032e-01 -6.319074e-02
3.906250e-02 4.531250e-02 8.457486e-01 3.972254e-01 -8.944673e-02
4.062500e-02 4.531250e-02 8.836168e-01 3.494349e-01 -1.232259e-01
4.218750e-02 4.531250e-02 9.318767e-01 2.855091e-01 -1.708789e-01
4.375000e-02 4.531250e-02 9.905371e-01 2.005523e-01 -2.378339e-01
4.531250e-02 4.531250e-02 1.062957e+00 1.007137e-01 -3.332893e-01
4.687500e-02 4.531250e-02 1.141045e+00 -3.325443e-03 -4.246157e-01
4.843750e-02 4.531250e-02 1.214096e+00 -6.298969e-02 -4.102216e-01
5.000000e-02 4.531250e-02 1.287147e+00 0.000000e+00 0.000000e+00
0.000000e+00 4.687500e-02 6.197470e-01 0.000000e+00 0.000000e+00
1.562500e-03 4.687500e-02 6.585203e-01 -3.017214e-02 2.005634e-01
3.125000e-03 4.687500e-02 6.972935e-01 -9.194423e-03 2.051382e-01
4.687500e-03 4.687500e-02 7.284415e-01 3.845276e-02 1.827421e-01
6.250000e-03 4.687500e-02 7.545683e-01 9.700917e-02 1.497689e-01
7.812500e-03 4.687500e-02 7.726321e-01 1.588076e-01 1.230705e-01
9.375000e-03 4.687500e-02 7.851383e-01 2.180475e-01 1.012306e-01
1.093750e-02 4.687500e-02 7.929184e-01 2.730348e-01 8.463193e-02
1.250000e-02 4.687500e-02 7.970648e-01 3.231819e-01 7.174580e-02
1.406250e-02 4.687500e-02 7.983215e-01 3.685995e-01 6.172276e-02
1.562500e-02 4.687500e-02 7.974100e-01 4.096458e-01 5.366539e-02
1.718750e-02 4.687500e-02 7.947930e-01 4.467649e-01 4.700899e-02
1.875000e-02 4.687500e-02 7.909064e-01 4.802923e-01 4.130561e-02
2.031250e-02 4.687500e-02 7.861611e-01 5.104676e-01 3.622561e-02
2.187500e-02 4.687500e-02 7.809690e-01 5.374284e-01 3.150306e-02
2.343750e-02 4.687500e-02 7.757605e-01 5.612111e-01 2.692475e-02
2.500000e-02 4.687500e-02 7.710019e-01 5.817514e-01 2.231076e-02
2.656250e-02 4.687500e-02 7.672101e-01 5.988887e-01 1.750354e-02
2.812500e-02 4.687500e-02 7.649588e-01 6.123604e-01 1.236162e-02
2.968750e-02 4.687500e-02 7.648999e-01 6.218129e-01 6.744989e-03
3.125000e-02 4.687500e-02 7.677382e-01 6.267633e-01 5.227540e-04
3.281250e-02 4.687500e-02 7.743124e-01 6.266577e-01 -6.483035e-03
3.437500e-02 4.687500e-02 7.854400e-01 6.206843e-01 -1.442799e-02
3.593750e-02 4.687500e-02 8.022968e-01 6.080634e-01 -2.371888e-02
3.750000e-02 4.687500e-02 8.256947e-01 5.872363e-01 -3.461647e-02
3.906250e-02 4.687500e-02 8.577281e-01 5.571480e-01 -4.858887e-02
4.062500e-02 4.687500e-02 8.987881e-01 5.139554e-01 -6.630695e-02
4.218750e-02 4.687500e-02 9.539502e-01 4.563197e-01 -9.422630e-02
4.375000e-02 4.687500e-02 1.021986e+00 3.729766e-01 -1.349997e-01
4.531250e-02 4.687500e-02 1.117378e+00 2.671831e-01 -2.134185e-01
4.687500e-02 4.687500e-02 1.233063e+00 1.220761e-01 -3.113685e-01
4.843750e-02 4.687500e-02 1.384309e+00 8.365174e-04 -3.927640e-01
5.000000e-02 4.687500e-02 1.535556e+00 0.000000e+00 0.000000e+00
0.000000e+00 4.843750e-02 4.072158e-01 0.000000e+00 0.000000e+00
1.562500e-03 4.843750e-02 5.477124e-01 1.017458e-01 1.827093e-01
3.125000e-03 4.843750e-02 6.882089e-01 2.024949e-01 1.507008e-01
4.687500e-03 4.843750e-02 7.321834e-01 3.088153e-01 1.176929e-01
6.250000e-03 4.843750e-02 7.712191e-01 3.925445e-01 8.251849e-02
7.812500e-03 4.843750e-02 7.884541e-01 4.637065e-01 5.987327e-02
9.375000e-03 4.843750e-02 8.005006e-01 5.209747e-01 4.373670e-02
1.093750e-02 4.843750e-02 8.061321e-01 5.685458e-01 3.331290e-02
1.250000e-02 4.843750e-02 8.086296e-01 6.082155e-01 2.613988e-02
1.406250e-02 4.843750e-02 8.083161e-01 6.419362e-01 2.120983e-02
1.562500e-02 4.843750e-02 8.061788e-01 6.709204e-01 1.761583e-02
1.718750e-02 4.843750e-02 8.025353e-01 6.961606e-01 1.489241e-02
1.875000e-02 4.843750e-02 7.978165e-01 7.182741e-01 1.270254e-02
2.031250e-02 4.843750e-02 7.923746e-01 7.376788e-01 1.084146e-02
2.187500e-02 4.843750e-02 7.865908e-01 7.546244e-01 9.163465e-03
2.343750e-02 4.843750e-02 7.808624e-01 7.692395e-01 7.567189e-03
2.500000e-02 4.843750e-02 7.756316e-01 7.815494e-01 5.975213e-03
2.656250e-02 4.843750e-02 7.713934e-01 7.914970e-01 4.326015e-03
2.812500e-02 4.843750e-02 7.687006e-01 7.989434e-01 2.569843e-03
2.968750e-02 4.843750e-02 7.681903e-01 8.036922e-01 6.585239e-04
3.125000e-02 4.843750e-02 7.705426e-01 8.054473e-01 -1.443305e-03
3.281250e-02 4.843750e-02 7.766028e-01 8.039064e-01 -3.802816e-03
3.437500e-02 4.843750e-02 7.871299e-01 7.985246e-01 -6.436464e-03
3.593750e-02 4.843750e-02 8.034268e-01 7.889703e-01 -9.555879e-03
3.750000e-02 4.843750e-02 8.260395e-01 7.739790e-01 -1.308253e-02
3.906250e-02 4.843750e-02 8.579006e-01 7.535381e-01 -1.800904e-02
4.062500e-02 4.843750e-02 8.979521e-01 7.235367e-01 -2.374370e-02
4.218750e-02 4.843750e-02 9.562996e-01 6.858722e-01 -3.547223e-02
4.375000e-02 4.843750e-02 1.024155e+00 6.237207e-01 -5.088794e-02
4.531250e-02 4.843750e-02 1.145870e+00 5.486551e-01 -9.691608e-02
4.687500e-02 4.843750e-02 1.279154e+00 3.957372e-01 -1.612298e-01
4.843750e-02 4.843750e-02 1.617952e+00 2.343015e-01 -2.911236e-01
5.000000e-02 4.843750e-02 1.956751e+00 0.000000e+00 0.000000e+00
0.000000e+00 5.000000e-02 1.946847e-01 1.000000e+00 0.000000e+00
1.562500e-03 5.000000e-02 4.369045e-01 1.000000e+00 0.000000e+00
3.125000e-03 5.000000e-02 6.791244e-01 1.000000e+00 0.000000e+00
4.687500e-03 5.000000e-02 7.359253e-01 1.000000e+00 0.000000e+00
6.250000e-03 5.000000e-02 7.878700e-01 1.000000e+00 0.000000e+00
7.812500e-03 5.000000e-02 8.042761e-01 1.000000e+00 0.000000e+00
9.375000e-03 5.000000e-02 8.158629e-01 1.000000e+00 0.000000e+00
1.093750e-02 5.000000e-02 8.193458e-01 1.000000e+00 0.000000e+00
1.250000e-02 5.000000e-02 8.201943e-01 1.000000e+00 0.000000e+00
1.406250e-02 5.000000e-02 8.183107e-01 1.000000e+00 0.000000e+00
1.562500e-02 5.000000e-02 8.149476e-01 1.000000e+00 0.000000e+00
1.718750e-02 5.000000e-02 8.102775e-01 1.000000e+00 0.000000e+00
1.875000e-02 5.000000e-02 8.047266e-01 1.000000e+00 0.000000e+00
2.031250e-02 5.000000e-02 7.985880e-01 1.000000e+00 0.000000e+00
2.187500e-02 5.000000e-02 7.922126e-01 1.000000e+00 0.000000e+00
2.343750e-02 5.000000e-02 7.859644e-01 1.000000e+00 0.000000e+00
2.500000e-02 5.000000e-02 7.802613e-01 1.000000e+00 0.000000e+00
2.656250e-02 5.000000e-02 7.755767e-01 1.000000e+00 0.000000e+00
2.812500e-02 5.000000e-02 7.724425e-01 1.000000e+00 0.000000e+00
2.968750e-02 5.000000e-02 7.714807e-01 1.000000e+00 0.000000e+00
3.125000e-02 5.000000e-02 7.733470e-01 1.000000e+00 0.000000e+00
3.281250e-02 5.000000e-02 7.788932e-01 1.000000e+00 0.000000e+00
3.437500e-02 5.000000e-02 7.888198e-01 1.000000e+00 0.000000e+00
3.593750e-02 5.000000e-02 8.045568e-01 1.000000e+00 0.000000e+00
3.750000e-02 5.000000e-02 8.263844e-01 1.000000e+00 0.000000e+00
3.906250e-02 5.000000e-02 8.580732e-01 1.000000e+00 0.000000e+00
4.062500e-02 5.000000e-02 8.971162e-01 1.000000e+00 0.000000e+00
4.218750e-02 5.000000e-02 9.586490e-01 1.000000e+00 0.000000e+00
4.375000e-02 5.000000e-02 1.026324e+00 1.000000e+00 0.000000e+00
4.531250e-02 5.000000e-02 1.174362e+00 1.000000e+00 0.000000e+00
4.687500e-02 5.000000e-02 1.325246e+00 1.000000e+00 0.000000e+00
4.843750e-02 5.000000e-02 1.851595e+00 1.000000e+00 0.000000e+00
5.000000e-02 5.000000e-02 2.377945e+00 1.000000e+00 0.000000e+00
