54271 3.312439e+00
7.553605e-01 3.931951e+02 0.000000e+00
0.000000e+00 0.000000e+00 7.946072e-01 0.000000e+00 0.000000e+00
1.562500e-03 0.000000e+00 7.923789e-01 0.000000e+00 0.000000e+00
3.125000e-03 0.000000e+00 7.901505e-01 0.000000e+00 0.000000e+00
4.687500e-03 0.000000e+00 7.858150e-01 0.000000e+00 0.000000e+00
6.250000e-03 0.000000e+00 7.811729e-01 0.000000e+00 0.000000e+00
7.812500e-03 0.000000e+00 7.768837e-01 0.000000e+00 0.000000e+00
9.375000e-03 0.000000e+00 7.738200e-01 0.000000e+00 0.000000e+00
1.093750e-02 0.000000e+00 7.723323e-01 0.000000e+00 0.000000e+00
1.250000e-02 0.000000e+00 7.726375e-01 0.000000e+00 0.000000e+00
1.406250e-02 0.000000e+00 7.747709e-01 0.000000e+00 0.000000e+00
1.562500e-02 0.000000e+00 7.786858e-01 0.000000e+00 0.000000e+00
1.718750e-02 0.000000e+00 7.842572e-01 0.000000e+00 0.000000e+00
1.875000e-02 0.000000e+00 7.913066e-01 0.000000e+00 0.000000e+00
2.031250e-02 0.000000e+00 7.996090e-01 0.000000e+00 0.000000e+00
2.187500e-02 0.000000e+00 8.089029e-01 0.000000e+00 0.000000e+00
2.343750e-02 0.000000e+00 8.188970e-01 0.000000e+00 0.000000e+00
2.500000e-02 0.000000e+00 8.292777e-01 0.000000e+00 0.000000e+00
2.656250e-02 0.000000e+00 8.397151e-01 0.000000e+00 0.000000e+00
2.812500e-02 0.000000e+00 8.498716e-01 0.000000e+00 0.000000e+00
2.968750e-02 0.000000e+00 8.594099e-01 0.000000e+00 0.000000e+00
3.125000e-02 0.000000e+00 8.680039e-01 0.000000e+00 0.000000e+00
3.281250e-02 0.000000e+00 8.753509e-01 0.000000e+00 0.000000e+00
3.437500e-02 0.000000e+00 8.811846e-01 0.000000e+00 0.000000e+00
3.593750e-02 0.000000e+00 8.852923e-01 0.000000e+00 0.000000e+00
3.750000e-02 0.000000e+00 8.875285e-01 0.000000e+00 0.000000e+00
3.906250e-02 0.000000e+00 8.878435e-01 0.000000e+00 0.000000e+00
4.062500e-02 0.000000e+00 8.862911e-01 0.000000e+00 0.000000e+00
4.218750e-02 0.000000e+00 8.831268e-01 0.000000e+00 0.000000e+00
4.375000e-02 0.000000e+00 8.787576e-01 0.000000e+00 0.000000e+00
4.531250e-02 0.000000e+00 8.741148e-01 0.000000e+00 0.000000e+00
4.687500e-02 0.000000e+00 8.699010e-01 0.000000e+00 0.000000e+00
4.843750e-02 0.000000e+00 8.678833e-01 0.000000e+00 0.000000e+00
5.000000e-02 0.000000e+00 8.658656e-01 0.000000e+00 0.000000e+00
0.000000e+00 1.562500e-03 7.968397e-01 0.000000e+00 0.000000e+00
1.562500e-03 1.562500e-03 7.945941e-01 1.070110e-04 -1.070399e-04
3.125000e-03 1.562500e-03 7.923484e-01 -1.604501e-04 1.242723e-04
4.687500e-03 1.562500e-03 7.887036e-01 -7.883256e-04 4.162805e-04
6.250000e-03 1.562500e-03 7.848013e-01 -1.856590e-03 6.887316e-04
7.812500e-03 1.562500e-03 7.812764e-01 -3.331468e-03 8.980413e-04
9.375000e-03 1.562500e-03 7.788001e-01 -5.130481e-03 1.042383e-03
1.093750e-02 1.562500e-03 7.776896e-01 -7.143616e-03 1.124269e-03
1.250000e-02 1.562500e-03 7.781287e-01 -9.262572e-03 1.150350e-03
1.406250e-02 1.562500e-03 7.801618e-01 -1.138614e-02 1.126310e-03
1.562500e-02 1.562500e-03 7.837562e-01 -1.342371e-02 1.058021e-03
1.718750e-02 1.562500e-03 7.888107e-01 -1.529522e-02 9.511343e-04
1.875000e-02 1.562500e-03 7.951733e-01 -1.693157e-02 8.113962e-04
2.031250e-02 1.562500e-03 8.026488e-01 -1.827474e-02 6.445913e-04
2.187500e-02 1.562500e-03 8.110072e-01 -1.927816e-02 4.566249e-04
2.343750e-02 1.562500e-03 8.199904e-01 -1.990695e-02 2.535647e-04
2.500000e-02 1.562500e-03 8.293190e-01 -2.013836e-02 4.171434e-05
2.656250e-02 1.562500e-03 8.386988e-01 -1.996225e-02 -1.723319e-04
2.812500e-02 1.562500e-03 8.478285e-01 -1.938159e-02 -3.816554e-04
2.968750e-02 1.562500e-03 8.564078e-01 -1.841305e-02 -5.790212e-04
3.125000e-02 1.562500e-03 8.641475e-01 -1.708744e-02 -7.569403e-04
3.281250e-02 1.562500e-03 8.707806e-01 -1.544997e-02 -9.077848e-04
3.437500e-02 1.562500e-03 8.760751e-01 -1.356022e-02 -1.023985e-03
3.593750e-02 1.562500e-03 8.798484e-01 -1.149167e-02 -1.098222e-03
3.750000e-02 1.562500e-03 8.819805e-01 -9.330972e-03 -1.123748e-03
3.906250e-02 1.562500e-03 8.824355e-01 -7.176439e-03 -1.094315e-03
4.062500e-02 1.562500e-03 8.812731e-01 -5.136718e-03 -1.004736e-03
4.218750e-02 1.562500e-03 8.787099e-01 -3.325530e-03 -8.498555e-04
4.375000e-02 1.562500e-03 8.751105e-01 -1.854239e-03 -6.296791e-04
4.531250e-02 1.562500e-03 8.711959e-01 -8.007368e-04 -3.498521e-04
4.687500e-02 1.562500e-03 8.676359e-01 -1.874009e-04 -5.926368e-05
4.843750e-02 1.562500e-03 8.655493e-01 8.039129e-05 1.537518e-04
5.000000e-02 1.562500e-03 8.634628e-01 0.000000e+00 0.000000e+00
0.000000e+00 3.125000e-03 7.990722e-01 0.000000e+00 0.000000e+00
1.562500e-03 3.125000e-03 7.968093e-01 -1.132665e-04 1.398239e-04
3.125000e-03 3.125000e-03 7.945464e-01 -8.808487e-04 8.747130e-04
4.687500e-03 3.125000e-03 7.915922e-01 -2.315425e-03 1.754858e-03
6.250000e-03 3.125000e-03 7.884297e-01 -4.466791e-03 2.574612e-03
7.812500e-03 3.125000e-03 7.856691e-01 -7.275795e-03 3.234045e-03
9.375000e-03 3.125000e-03 7.837802e-01 -1.060594e-02 3.703919e-03
1.093750e-02 3.125000e-03 7.830468e-01 -1.428420e-02 3.979076e-03
1.250000e-02 3.125000e-03 7.836199e-01 -1.813135e-02 4.067551e-03
1.406250e-02 3.125000e-03 7.855528e-01 -2.197543e-02 3.982400e-03
1.562500e-02 3.125000e-03 7.888266e-01 -2.565813e-02 3.740126e-03
1.718750e-02 3.125000e-03 7.933641e-01 -2.903760e-02 3.359169e-03
1.875000e-02 3.125000e-03 7.990400e-01 -3.199025e-02 2.859368e-03
2.031250e-02 3.125000e-03 8.056886e-01 -3.441195e-02 2.261517e-03
2.187500e-02 3.125000e-03 8.131115e-01 -3.621899e-02 1.587227e-03
2.343750e-02 3.125000e-03 8.210837e-01 -3.734885e-02 8.589138e-04
2.500000e-02 3.125000e-03 8.293603e-01 -3.776112e-02 9.987417e-05
2.656250e-02 3.125000e-03 8.376826e-01 -3.743826e-02 -6.656378e-04
2.812500e-02 3.125000e-03 8.457855e-01 -3.638653e-02 -1.412405e-03
2.968750e-02 3.125000e-03 8.534058e-01 -3.463679e-02 -2.114362e-03
3.125000e-02 3.125000e-03 8.602910e-01 -3.224509e-02 -2.744890e-03
3.281250e-02 3.125000e-03 8.662103e-01 -2.929288e-02 -3.277311e-03
3.437500e-02 3.125000e-03 8.709657e-01 -2.588661e-02 -3.685638e-03
3.593750e-02 3.125000e-03 8.744045e-01 -2.215657e-02 -3.945520e-03
3.750000e-02 3.125000e-03 8.764325e-01 -1.825461e-02 -4.035500e-03
3.906250e-02 3.125000e-03 8.770275e-01 -1.435083e-02 -3.938241e-03
4.062500e-02 3.125000e-03 8.762551e-01 -1.062845e-02 -3.642526e-03
4.218750e-02 3.125000e-03 8.742930e-01 -7.274787e-03 -3.145068e-03
4.375000e-02 3.125000e-03 8.714634e-01 -4.465018e-03 -2.458622e-03
4.531250e-02 3.125000e-03 8.682770e-01 -2.329282e-03 -1.622606e-03
4.687500e-02 3.125000e-03 8.653708e-01 -9.115394e-04 -7.488185e-04
4.843750e-02 3.125000e-03 8.632154e-01 -1.430651e-04 -5.509398e-05
5.000000e-02 3.125000e-03 8.610600e-01 0.000000e+00 0.000000e+00
0.000000e+00 4.687500e-03 8.038622e-01 0.000000e+00 0.000000e+00
1.562500e-03 4.687500e-03 8.007480e-01 -3.863787e-04 7.531852e-04
3.125000e-03 4.687500e-03 7.976337e-01 -1.749317e-03 2.305807e-03
4.687500e-03 4.687500e-03 7.945066e-01 -4.081054e-03 4.060942e-03
6.250000e-03 4.687500e-03 7.915774e-01 -7.343570e-03 5.680571e-03
7.812500e-03 4.687500e-03 7.891864e-01 -1.142256e-02 6.997347e-03
9.375000e-03 4.687500e-03 7.876296e-01 -1.613778e-02 7.942557e-03
1.093750e-02 4.687500e-03 7.871123e-01 -2.127290e-02 8.496657e-03
1.250000e-02 4.687500e-03 7.877508e-01 -2.660085e-02 8.666609e-03
1.406250e-02 4.687500e-03 7.895892e-01 -3.189947e-02 8.474353e-03
1.562500e-02 4.687500e-03 7.926123e-01 -3.696068e-02 7.951233e-03
1.718750e-02 4.687500e-03 7.967547e-01 -4.159601e-02 7.134568e-03
1.875000e-02 4.687500e-03 8.019084e-01 -4.564013e-02 6.065598e-03
2.031250e-02 4.687500e-03 8.079291e-01 -4.895325e-02 4.788248e-03
2.187500e-02 4.687500e-03 8.146425e-01 -5.142282e-02 3.348543e-03
2.343750e-02 4.687500e-03 8.218497e-01 -5.296490e-02 1.794411e-03
2.500000e-02 4.687500e-03 8.293329e-01 -5.352541e-02 1.756994e-04
2.656250e-02 4.687500e-03 8.368615e-01 -5.308128e-02 -1.455782e-03
2.812500e-02 4.687500e-03 8.441984e-01 -5.164153e-02 -3.046333e-03
2.968750e-02 4.687500e-03 8.511081e-01 -4.924821e-02 -4.540683e-03
3.125000e-02 4.687500e-03 8.573648e-01 -4.597704e-02 -5.882666e-03
3.281250e-02 4.687500e-03 8.627623e-01 -4.193743e-02 -7.016344e-03
3.437500e-02 4.687500e-03 8.671243e-01 -3.727165e-02 -7.887633e-03
3.593750e-02 4.687500e-03 8.703154e-01 -3.215284e-02 -8.446495e-03
3.750000e-02 4.687500e-03 8.722525e-01 -2.678149e-02 -8.649746e-03
3.906250e-02 4.687500e-03 8.729154e-01 -2.137990e-02 -8.464471e-03
4.062500e-02 4.687500e-03 8.723582e-01 -1.618417e-02 -7.872400e-03
4.218750e-02 4.687500e-03 8.707212e-01 -1.143186e-02 -6.875870e-03
4.375000e-02 4.687500e-03 8.682452e-01 -7.343081e-03 -5.509014e-03
4.531250e-02 4.687500e-03 8.652679e-01 -4.092260e-03 -3.859099e-03
4.687500e-02 4.687500e-03 8.621646e-01 -1.777402e-03 -2.113171e-03
4.843750e-02 4.687500e-03 8.591482e-01 -4.146662e-04 -6.254780e-04
5.000000e-02 4.687500e-03 8.561319e-01 0.000000e+00 0.000000e+00
0.000000e+00 6.250000e-03 8.091561e-01 0.000000e+00 0.000000e+00
1.562500e-03 6.250000e-03 8.050540e-01 -6.561012e-04 1.855418e-03
3.125000e-03 6.250000e-03 8.009518e-01 -2.623799e-03 4.535666e-03
4.687500e-03 6.250000e-03 7.972216e-01 -5.860859e-03 7.383558e-03
6.250000e-03 6.250000e-03 7.940829e-01 -1.023184e-02 9.975906e-03
7.812500e-03 6.250000e-03 7.917012e-01 -1.554327e-02 1.208038e-02
9.375000e-03 6.250000e-03 7.902232e-01 -2.156251e-02 1.358753e-02
1.093750e-02 6.250000e-03 7.897658e-01 -2.803331e-02 1.445974e-02
1.250000e-02 6.250000e-03 7.904014e-01 -3.469092e-02 1.470200e-02
1.406250e-02 6.250000e-03 7.921539e-01 -4.127519e-02 1.434590e-02
1.562500e-02 6.250000e-03 7.950004e-01 -4.754066e-02 1.344035e-02
1.718750e-02 6.250000e-03 7.988769e-01 -5.326370e-02 1.204560e-02
1.875000e-02 6.250000e-03 8.036833e-01 -5.824744e-02 1.022946e-02
2.031250e-02 6.250000e-03 8.092882e-01 -6.232504e-02 8.064907e-03
2.187500e-02 6.250000e-03 8.155334e-01 -6.536203e-02 5.628890e-03
2.343750e-02 6.250000e-03 8.222383e-01 -6.725810e-02 3.001767e-03
2.500000e-02 6.250000e-03 8.292046e-01 -6.794861e-02 2.671731e-04
2.656250e-02 6.250000e-03 8.362213e-01 -6.740600e-02 -2.488031e-03
2.812500e-02 6.250000e-03 8.430704e-01 -6.564105e-02 -5.173989e-03
2.968750e-02 6.250000e-03 8.495345e-01 -6.270389e-02 -7.698452e-03
3.125000e-02 6.250000e-03 8.554036e-01 -5.868467e-02 -9.967973e-03
3.281250e-02 6.250000e-03 8.604845e-01 -5.371349e-02 -1.188983e-02
3.437500e-02 6.250000e-03 8.646103e-01 -4.795930e-02 -1.337481e-02
3.593750e-02 6.250000e-03 8.676496e-01 -4.162738e-02 -1.434098e-02
3.750000e-02 6.250000e-03 8.695171e-01 -3.495483e-02 -1.471852e-02
3.906250e-02 6.250000e-03 8.701823e-01 -2.820368e-02 -1.445572e-02
4.062500e-02 6.250000e-03 8.696769e-01 -2.165089e-02 -1.352642e-02
4.218750e-02 6.250000e-03 8.680969e-01 -1.557491e-02 -1.193989e-02
4.375000e-02 6.250000e-03 8.655979e-01 -1.023869e-02 -9.756119e-03
4.531250e-02 6.250000e-03 8.623753e-01 -5.870778e-03 -7.112598e-03
4.687500e-02 6.250000e-03 8.586404e-01 -2.647778e-03 -4.270628e-03
4.843750e-02 6.250000e-03 8.546195e-01 -6.808519e-04 -1.676712e-03
5.000000e-02 6.250000e-03 8.505987e-01 0.000000e+00 0.000000e+00
0.000000e+00 7.812500e-03 8.143845e-01 0.000000e+00 0.000000e+00
1.562500e-03 7.812500e-03 8.091414e-01 -8.960281e-04 3.444628e-03
3.125000e-03 7.812500e-03 8.038983e-01 -3.451780e-03 7.578208e-03
4.687500e-03 7.812500e-03 7.993793e-01 -7.577063e-03 1.172695e-02
6.250000e-03 7.812500e-03 7.958056e-01 -1.303560e-02 1.542746e-02
7.812500e-03 7.812500e-03 7.932227e-01 -1.954705e-02 1.840419e-02
9.375000e-03 7.812500e-03 7.916622e-01 -2.681868e-02 2.051623e-02
1.093750e-02 7.812500e-03 7.911646e-01 -3.455154e-02 2.171094e-02
1.250000e-02 7.812500e-03 7.917581e-01 -4.244580e-02 2.199314e-02
1.406250e-02 7.812500e-03 7.934411e-01 -5.020930e-02 2.140590e-02
1.562500e-02 7.812500e-03 7.961773e-01 -5.756680e-02 2.001811e-02
1.718750e-02 7.812500e-03 7.998975e-01 -6.426754e-02 1.791611e-02
1.875000e-02 7.812500e-03 8.045030e-01 -7.009072e-02 1.519797e-02
2.031250e-02 7.812500e-03 8.098688e-01 -7.484920e-02 1.196998e-02
2.187500e-02 7.812500e-03 8.158466e-01 -7.839203e-02 8.344609e-03
2.343750e-02 7.812500e-03 8.222680e-01 -8.060648e-02 4.439550e-03
2.500000e-02 7.812500e-03 8.289475e-01 -8.141966e-02 3.773343e-04
2.656250e-02 7.812500e-03 8.356869e-01 -8.080005e-02 -3.714860e-03
2.812500e-02 7.812500e-03 8.422803e-01 -7.875887e-02 -7.705613e-03
2.968750e-02 7.812500e-03 8.485202e-01 -7.535131e-02 -1.146020e-02
3.125000e-02 7.812500e-03 8.542043e-01 -7.067726e-02 -1.484237e-02
3.281250e-02 7.812500e-03 8.591434e-01 -6.488139e-02 -1.771715e-02
3.437500e-02 7.812500e-03 8.631703e-01 -5.815208e-02 -1.995500e-02
3.593750e-02 7.812500e-03 8.661486e-01 -5.071881e-02 -2.143729e-02
3.750000e-02 7.812500e-03 8.679819e-01 -4.284738e-02 -2.206344e-02
3.906250e-02 7.812500e-03 8.686215e-01 -3.483235e-02 -2.175962e-02
4.062500e-02 7.812500e-03 8.680711e-01 -2.698654e-02 -2.048936e-02
4.218750e-02 7.812500e-03 8.663832e-01 -1.962800e-02 -1.826686e-02
4.375000e-02 7.812500e-03 8.636418e-01 -1.306680e-02 -1.517522e-02
4.531250e-02 7.812500e-03 8.599380e-01 -7.594549e-03 -1.139399e-02
4.687500e-02 7.812500e-03 8.553770e-01 -3.474915e-03 -7.239408e-03
4.843750e-02 7.812500e-03 8.501942e-01 -9.176167e-04 -3.209566e-03
5.000000e-02 7.812500e-03 8.450115e-01 0.000000e+00 0.000000e+00
0.000000e+00 9.375000e-03 8.187629e-01 0.000000e+00 0.000000e+00
1.562500e-03 9.375000e-03 8.123954e-01 -1.114478e-03 5.492895e-03
3.125000e-03 9.375000e-03 8.060279e-01 -4.233843e-03 1.140240e-02
4.687500e-03 9.375000e-03 8.006678e-01 -9.219290e-03 1.706552e-02
6.250000e-03 9.375000e-03 7.965626e-01 -1.573728e-02 2.200564e-02
7.812500e-03 9.375000e-03 7.936753e-01 -2.341861e-02 2.592544e-02
9.375000e-03 9.375000e-03 7.919501e-01 -3.190546e-02 2.866658e-02
1.093750e-02 9.375000e-03 7.913648e-01 -4.085249e-02 3.016982e-02
1.250000e-02 9.375000e-03 7.919076e-01 -4.992422e-02 3.044519e-02
1.406250e-02 9.375000e-03 7.935517e-01 -5.879889e-02 2.955121e-02
1.562500e-02 9.375000e-03 7.962448e-01 -6.717582e-02 2.758017e-02
1.718750e-02 9.375000e-03 7.999090e-01 -7.478250e-02 2.464771e-02
1.875000e-02 9.375000e-03 8.044429e-01 -8.137973e-02 2.088544e-02
2.031250e-02 9.375000e-03 8.097234e-01 -8.676515e-02 1.643625e-02
2.187500e-02 9.375000e-03 8.156075e-01 -9.077563e-02 1.145145e-02
2.343750e-02 9.375000e-03 8.219338e-01 -9.328904e-02 6.089414e-03
2.500000e-02 9.375000e-03 8.285247e-01 -9.422589e-02 5.150087e-04
2.656250e-02 9.375000e-03 8.351896e-01 -9.355079e-02 -5.100749e-03
2.812500e-02 9.375000e-03 8.417287e-01 -9.127403e-02 -1.058121e-02
2.968750e-02 9.375000e-03 8.479383e-01 -8.745292e-02 -1.574533e-02
3.125000e-02 9.375000e-03 8.536170e-01 -8.219290e-02 -2.040996e-02
3.281250e-02 9.375000e-03 8.585732e-01 -7.564802e-02 -2.439361e-02
3.437500e-02 9.375000e-03 8.626323e-01 -6.802036e-02 -2.752187e-02
3.593750e-02 9.375000e-03 8.656462e-01 -5.955782e-02 -2.963482e-02
3.750000e-02 9.375000e-03 8.675012e-01 -5.054973e-02 -3.059640e-02
3.906250e-02 9.375000e-03 8.681261e-01 -4.131959e-02 -3.030591e-02
4.062500e-02 9.375000e-03 8.674952e-01 -3.221492e-02 -2.871153e-02
4.218750e-02 9.375000e-03 8.656211e-01 -2.359560e-02 -2.582645e-02
4.375000e-02 9.375000e-03 8.625308e-01 -1.582433e-02 -2.174871e-02
4.531250e-02 9.375000e-03 8.582399e-01 -9.262420e-03 -1.668727e-02
4.687500e-02 9.375000e-03 8.527869e-01 -4.263961e-03 -1.099487e-02
4.843750e-02 9.375000e-03 8.464433e-01 -1.134557e-03 -5.198938e-03
5.000000e-02 9.375000e-03 8.400996e-01 0.000000e+00 0.000000e+00
0.000000e+00 1.093750e-02 8.219871e-01 0.000000e+00 0.000000e+00
1.562500e-03 1.093750e-02 8.145086e-01 -1.317515e-03 7.965089e-03
3.125000e-03 1.093750e-02 8.070301e-01 -4.979608e-03 1.596964e-02
4.687500e-03 1.093750e-02 8.008173e-01 -1.079993e-02 2.336753e-02
6.250000e-03 1.093750e-02 7.961437e-01 -1.835156e-02 2.968425e-02
7.812500e-03 1.093750e-02 7.929088e-01 -2.717707e-02 3.461762e-02
9.375000e-03 1.093750e-02 7.909867e-01 -3.685108e-02 3.800647e-02
1.093750e-02 1.093750e-02 7.903043e-01 -4.697893e-02 3.979605e-02
1.250000e-02 1.093750e-02 7.908149e-01 -5.718813e-02 4.000979e-02
1.406250e-02 1.093750e-02 7.924676e-01 -6.712813e-02 3.872778e-02
1.562500e-02 1.093750e-02 7.951936e-01 -7.647548e-02 3.607061e-02
1.718750e-02 1.093750e-02 7.989044e-01 -8.493959e-02 3.218715e-02
1.875000e-02 1.093750e-02 8.034934e-01 -9.226704e-02 2.724585e-02
2.031250e-02 1.093750e-02 8.088360e-01 -9.824428e-02 2.142897e-02
2.187500e-02 1.093750e-02 8.147910e-01 -1.026994e-01 1.492913e-02
2.343750e-02 1.093750e-02 8.212002e-01 -1.055032e-01 7.947578e-03
2.500000e-02 1.093750e-02 8.278898e-01 -1.065710e-01 6.935650e-04
2.656250e-02 1.093750e-02 8.346721e-01 -1.058633e-01 -6.615961e-03
2.812500e-02 1.093750e-02 8.413489e-01 -1.033878e-01 -1.375686e-02
2.968750e-02 1.093750e-02 8.477154e-01 -9.920127e-02 -2.049915e-02
3.125000e-02 1.093750e-02 8.535658e-01 -9.341078e-02 -2.660970e-02
3.281250e-02 1.093750e-02 8.587000e-01 -8.617514e-02 -3.185676e-02
3.437500e-02 1.093750e-02 8.629309e-01 -7.770527e-02 -3.601666e-02
3.593750e-02 1.093750e-02 8.660929e-01 -6.826293e-02 -3.888300e-02
3.750000e-02 1.093750e-02 8.680506e-01 -5.815748e-02 -4.027831e-02
3.906250e-02 1.093750e-02 8.687066e-01 -4.773953e-02 -4.006823e-02
4.062500e-02 1.093750e-02 8.680053e-01 -3.739186e-02 -3.817786e-02
4.218750e-02 1.093750e-02 8.659230e-01 -2.751941e-02 -3.461031e-02
4.375000e-02 1.093750e-02 8.624405e-01 -1.854263e-02 -2.946762e-02
4.531250e-02 1.093750e-02 8.575164e-01 -1.089743e-02 -2.297522e-02
4.687500e-02 1.093750e-02 8.511436e-01 -5.029895e-03 -1.550877e-02
4.843750e-02 1.093750e-02 8.436320e-01 -1.339437e-03 -7.615029e-03
5.000000e-02 1.093750e-02 8.361204e-01 0.000000e+00 0.000000e+00
0.000000e+00 1.250000e-02 8.237606e-01 0.000000e+00 0.000000e+00
1.562500e-03 1.250000e-02 8.152003e-01 -1.512478e-03 1.083947e-02
3.125000e-03 1.250000e-02 8.066400e-01 -5.702689e-03 2.125178e-02
4.687500e-03 1.250000e-02 7.995812e-01 -1.233906e-02 3.060726e-02
6.250000e-03 1.250000e-02 7.943314e-01 -2.090466e-02 3.844158e-02
7.812500e-03 1.250000e-02 7.907398e-01 -3.085447e-02 4.446056e-02
9.375000e-03 1.250000e-02 7.886227e-01 -4.169392e-02 4.851378e-02
1.093750e-02 1.250000e-02 7.878630e-01 -5.297693e-02 5.056310e-02
1.250000e-02 1.250000e-02 7.883831e-01 -6.429297e-02 5.065531e-02
1.406250e-02 1.250000e-02 7.901095e-01 -7.526318e-02 4.890010e-02
1.562500e-02 1.250000e-02 7.929568e-01 -8.554330e-02 4.545250e-02
1.718750e-02 1.250000e-02 7.968250e-01 -9.482772e-02 4.049941e-02
1.875000e-02 1.250000e-02 8.016000e-01 -1.028523e-01 3.424965e-02
2.031250e-02 1.250000e-02 8.071539e-01 -1.093959e-01 2.692740e-02
2.187500e-02 1.250000e-02 8.133442e-01 -1.142807e-01 1.876829e-02
2.343750e-02 1.250000e-02 8.200131e-01 -1.173729e-01 1.001765e-02
2.500000e-02 1.250000e-02 8.269872e-01 -1.185832e-01 9.299608e-04
2.656250e-02 1.250000e-02 8.340786e-01 -1.178679e-01 -8.231122e-03
2.812500e-02 1.250000e-02 8.410865e-01 -1.152308e-01 -1.719296e-02
2.968750e-02 1.250000e-02 8.478010e-01 -1.107248e-01 -2.567511e-02
3.125000e-02 1.250000e-02 8.540075e-01 -1.044550e-01 -3.339217e-02
3.281250e-02 1.250000e-02 8.594924e-01 -9.658048e-02 -4.005877e-02
3.437500e-02 1.250000e-02 8.640510e-01 -8.731636e-02 -4.539742e-02
3.593750e-02 1.250000e-02 8.674953e-01 -7.693415e-02 -4.914925e-02
3.750000e-02 1.250000e-02 8.696637e-01 -6.576011e-02 -5.108799e-02
3.906250e-02 1.250000e-02 8.704294e-01 -5.417067e-02 -5.103681e-02
4.062500e-02 1.250000e-02 8.697053e-01 -4.258479e-02 -4.888758e-02
4.218750e-02 1.250000e-02 8.674332e-01 -3.145557e-02 -4.462194e-02
4.375000e-02 1.250000e-02 8.635540e-01 -2.126597e-02 -3.833373e-02
4.531250e-02 1.250000e-02 8.579805e-01 -1.253120e-02 -3.025277e-02
4.687500e-02 1.250000e-02 8.506743e-01 -5.791994e-03 -2.076845e-02
4.843750e-02 1.250000e-02 8.419951e-01 -1.541223e-03 -1.044442e-02
5.000000e-02 1.250000e-02 8.333159e-01 0.000000e+00 0.000000e+00
0.000000e+00 1.406250e-02 8.238657e-01 0.000000e+00 0.000000e+00
1.562500e-03 1.406250e-02 8.142387e-01 -1.704109e-03 1.410421e-02
3.125000e-03 1.406250e-02 8.046116e-01 -6.415184e-03 2.723266e-02
4.687500e-03 1.406250e-02 7.967187e-01 -1.385749e-02 3.876826e-02
6.250000e-03 1.406250e-02 7.909033e-01 -2.342499e-02 4.826179e-02
7.812500e-03 1.406250e-02 7.869715e-01 -3.448473e-02 5.543767e-02
9.375000e-03 1.406250e-02 7.846878e-01 -4.647149e-02 6.016906e-02
1.093750e-02 1.406250e-02 7.838954e-01 -5.888636e-02 6.244712e-02
1.250000e-02 1.406250e-02 7.844883e-01 -7.128025e-02 6.235330e-02
1.406250e-02 1.406250e-02 7.863712e-01 -8.324692e-02 6.003624e-02
1.562500e-02 1.406250e-02 7.894421e-01 -9.442347e-02 5.569287e-02
1.718750e-02 1.406250e-02 7.935883e-01 -1.044924e-01 4.955360e-02
1.875000e-02 1.406250e-02 7.986873e-01 -1.131825e-01 4.187141e-02
2.031250e-02 1.406250e-02 8.046060e-01 -1.202686e-01 3.291470e-02
2.187500e-02 1.406250e-02 8.111988e-01 -1.255701e-01 2.296323e-02
2.343750e-02 1.406250e-02 8.183062e-01 -1.289506e-01 1.230658e-02
2.500000e-02 1.406250e-02 8.257531e-01 -1.303175e-01 1.244103e-03
2.656250e-02 1.406250e-02 8.333484e-01 -1.296227e-01 -9.914337e-03
2.812500e-02 1.406250e-02 8.408863e-01 -1.268639e-01 -2.084788e-02
2.968750e-02 1.406250e-02 8.481482e-01 -1.220879e-01 -3.122524e-02
3.125000e-02 1.406250e-02 8.549067e-01 -1.153933e-01 -4.070723e-02
3.281250e-02 1.406250e-02 8.609311e-01 -1.069348e-01 -4.895195e-02
3.437500e-02 1.406250e-02 8.659940e-01 -9.692677e-02 -5.562328e-02
3.593750e-02 1.406250e-02 8.698803e-01 -8.564582e-02 -6.040314e-02
3.750000e-02 1.406250e-02 8.723970e-01 -7.343165e-02 -6.300761e-02
3.906250e-02 1.406250e-02 8.733843e-01 -6.068468e-02 -6.320663e-02
4.062500e-02 1.406250e-02 8.727206e-01 -4.786036e-02 -6.084646e-02
4.218750e-02 1.406250e-02 8.703125e-01 -3.546264e-02 -5.587389e-02
4.375000e-02 1.406250e-02 8.660630e-01 -2.404142e-02 -4.836115e-02
4.531250e-02 1.406250e-02 8.598440e-01 -1.419653e-02 -3.853086e-02
4.687500e-02 1.406250e-02 8.515926e-01 -6.568317e-03 -2.677902e-02
4.843750e-02 1.406250e-02 8.417246e-01 -1.746417e-03 -1.368729e-02
5.000000e-02 1.406250e-02 8.318566e-01 0.000000e+00 0.000000e+00
0.000000e+00 1.562500e-02 8.220723e-01 0.000000e+00 0.000000e+00
1.562500e-03 1.562500e-02 8.113854e-01 -1.896362e-03 1.775666e-02
3.125000e-03 1.562500e-02 8.006984e-01 -7.127813e-03 3.390717e-02
4.687500e-03 1.562500e-02 7.919851e-01 -1.537418e-02 4.784335e-02
6.250000e-03 1.562500e-02 7.856288e-01 -2.593853e-02 5.913493e-02
7.812500e-03 1.562500e-02 7.813942e-01 -3.809769e-02 6.753472e-02
9.375000e-03 1.562500e-02 7.789958e-01 -5.121390e-02 7.295235e-02
1.093750e-02 1.562500e-02 7.782387e-01 -6.473438e-02 7.542170e-02
1.250000e-02 1.562500e-02 7.789886e-01 -7.817179e-02 7.507140e-02
1.406250e-02 1.562500e-02 7.811288e-01 -9.109422e-02 7.209974e-02
1.562500e-02 1.562500e-02 7.845399e-01 -1.031231e-01 6.675404e-02
1.718750e-02 1.562500e-02 7.890962e-01 -1.139330e-01 5.931442e-02
1.875000e-02 1.562500e-02 7.946655e-01 -1.232498e-01 5.008202e-02
2.031250e-02 1.562500e-02 8.011084e-01 -1.308484e-01 3.937147e-02
2.187500e-02 1.562500e-02 8.082753e-01 -1.365493e-01 2.750706e-02
2.343750e-02 1.562500e-02 8.160037e-01 -1.402160e-01 1.482174e-02
2.500000e-02 1.562500e-02 8.241154e-01 -1.417541e-01 1.658109e-03
2.656250e-02 1.562500e-02 8.324148e-01 -1.411107e-01 -1.162970e-02
2.812500e-02 1.562500e-02 8.406889e-01 -1.382761e-01 -2.467428e-02
2.968750e-02 1.562500e-02 8.487082e-01 -1.332875e-01 -3.709441e-02
3.125000e-02 1.562500e-02 8.562298e-01 -1.262328e-01 -4.849664e-02
3.281250e-02 1.562500e-02 8.630016e-01 -1.172567e-01 -5.848008e-02
3.437500e-02 1.562500e-02 8.687694e-01 -1.065669e-01 -6.664525e-02
3.593750e-02 1.562500e-02 8.732859e-01 -9.443942e-02 -7.260740e-02
3.750000e-02 1.562500e-02 8.763217e-01 -8.122265e-02 -7.601477e-02
3.906250e-02 1.562500e-02 8.776781e-01 -6.733787e-02 -7.657133e-02
4.062500e-02 1.562500e-02 8.771946e-01 -5.327627e-02 -7.406302e-02
4.218750e-02 1.562500e-02 8.747394e-01 -3.959436e-02 -6.838612e-02
4.375000e-02 1.562500e-02 8.701751e-01 -2.691341e-02 -5.957618e-02
4.531250e-02 1.562500e-02 8.633320e-01 -1.592451e-02 -4.783631e-02
4.687500e-02 1.562500e-02 8.541231e-01 -7.375617e-03 -3.356254e-02
4.843750e-02 1.562500e-02 8.430290e-01 -1.960758e-03 -1.735671e-02
5.000000e-02 1.562500e-02 8.319348e-01 0.000000e+00 0.000000e+00
0.000000e+00 1.718750e-02 8.181447e-01 0.000000e+00 0.000000e+00
1.562500e-03 1.718750e-02 8.063936e-01 -2.092151e-03 2.180079e-02
3.125000e-03 1.718750e-02 7.946425e-01 -7.849380e-03 4.127924e-02
4.687500e-03 1.718750e-02 7.851232e-01 -1.690512e-02 5.783317e-02
6.250000e-03 1.718750e-02 7.782623e-01 -2.846656e-02 7.105550e-02
7.812500e-03 1.718750e-02 7.737814e-01 -4.171584e-02 8.073773e-02
9.375000e-03 1.718750e-02 7.713429e-01 -5.593983e-02 8.683968e-02
1.093750e-02 1.718750e-02 7.707117e-01 -7.053113e-02 8.945281e-02
1.250000e-02 1.718750e-02 7.717245e-01 -8.496528e-02 8.876694e-02
1.406250e-02 1.718750e-02 7.742418e-01 -9.878758e-02 8.504216e-02
1.562500e-02 1.718750e-02 7.781259e-01 -1.116081e-01 7.858578e-02
1.718750e-02 1.718750e-02 7.832368e-01 -1.230985e-01 6.973444e-02
1.875000e-02 1.718750e-02 7.894324e-01 -1.329876e-01 5.884155e-02
2.031250e-02 1.718750e-02 7.965662e-01 -1.410554e-01 4.626961e-02
2.187500e-02 1.718750e-02 8.044844e-01 -1.471279e-01 3.238697e-02
2.343750e-02 1.718750e-02 8.130211e-01 -1.510723e-01 1.756792e-02
2.500000e-02 1.718750e-02 8.219948e-01 -1.527940e-01 2.195193e-03
2.656250e-02 1.718750e-02 8.312049e-01 -1.522357e-01 -1.333637e-02
2.812500e-02 1.718750e-02 8.404306e-01 -1.493788e-01 -2.861620e-02
2.968750e-02 1.718750e-02 8.494302e-01 -1.442473e-01 -4.321554e-02
3.125000e-02 1.718750e-02 8.579429e-01 -1.369134e-01 -5.668750e-02
3.281250e-02 1.718750e-02 8.656925e-01 -1.275053e-01 -6.857074e-02
3.437500e-02 1.718750e-02 8.723937e-01 -1.162168e-01 -7.839788e-02
3.593750e-02 1.718750e-02 8.777615e-01 -1.033158e-01 -8.570962e-02
3.750000e-02 1.718750e-02 8.815239e-01 -8.915258e-02 -9.007487e-02
3.906250e-02 1.718750e-02 8.834366e-01 -7.416426e-02 -9.111683e-02
4.062500e-02 1.718750e-02 8.832934e-01 -5.887512e-02 -8.854375e-02
4.218750e-02 1.718750e-02 8.809172e-01 -4.389491e-02 -8.218288e-02
4.375000e-02 1.718750e-02 8.761241e-01 -2.992057e-02 -7.201530e-02
4.531250e-02 1.718750e-02 8.686954e-01 -1.774269e-02 -5.821027e-02
4.687500e-02 1.718750e-02 8.585162e-01 -8.228595e-03 -4.115603e-02
4.843750e-02 1.718750e-02 8.461404e-01 -2.188965e-03 -2.147617e-02
5.000000e-02 1.718750e-02 8.337645e-01 0.000000e+00 0.000000e+00
0.000000e+00 1.875000e-02 8.118202e-01 0.000000e+00 0.000000e+00
1.562500e-03 1.875000e-02 7.989921e-01 -2.293865e-03 2.624626e-02
3.125000e-03 1.875000e-02 7.861641e-01 -8.587168e-03 4.936035e-02
4.687500e-03 1.875000e-02 7.758544e-01 -1.846320e-02 6.874439e-02
6.250000e-03 1.875000e-02 7.685374e-01 -3.102500e-02 8.402006e-02
7.812500e-03 1.875000e-02 7.638864e-01 -4.535286e-02 9.502943e-02
9.375000e-03 1.875000e-02 7.615056e-01 -6.065433e-02 1.017982e-01
1.093750e-02 1.875000e-02 7.611156e-01 -7.626668e-02 1.044925e-01
1.250000e-02 1.875000e-02 7.625207e-01 -9.163057e-02 1.033795e-01
1.406250e-02 1.875000e-02 7.655559e-01 -1.062729e-01 9.879482e-02
1.562500e-02 1.875000e-02 7.700636e-01 -1.197985e-01 9.111666e-02
1.718750e-02 1.875000e-02 7.758885e-01 -1.318832e-01 8.074561e-02
1.875000e-02 1.875000e-02 7.828775e-01 -1.422655e-01 6.809143e-02
2.031250e-02 1.875000e-02 7.908775e-01 -1.507379e-01 5.356557e-02
2.187500e-02 1.875000e-02 7.997305e-01 -1.571375e-01 3.757896e-02
2.343750e-02 1.875000e-02 8.092683e-01 -1.613396e-01 2.054376e-02
2.500000e-02 1.875000e-02 8.193069e-01 -1.632523e-01 2.878038e-03
2.656250e-02 1.875000e-02 8.296417e-01 -1.628147e-01 -1.498815e-02
2.812500e-02 1.875000e-02 8.400445e-01 -1.599978e-01 -3.260640e-02
2.968750e-02 1.875000e-02 8.502613e-01 -1.548089e-01 -4.950487e-02
3.125000e-02 1.875000e-02 8.600124e-01 -1.472986e-01 -6.518581e-02
3.281250e-02 1.875000e-02 8.689951e-01 -1.375712e-01 -7.912723e-02
3.437500e-02 1.875000e-02 8.768894e-01 -1.257971e-01 -9.079016e-02
3.593750e-02 1.875000e-02 8.833669e-01 -1.122264e-01 -9.963271e-02
3.750000e-02 1.875000e-02 8.881056e-01 -9.720205e-02 -1.051319e-01
3.906250e-02 1.875000e-02 8.908070e-01 -8.116892e-02 -1.068131e-01
4.062500e-02 1.875000e-02 8.912097e-01 -6.467937e-02 -1.042865e-01
4.218750e-02 1.875000e-02 8.890813e-01 -4.839536e-02 -9.728765e-02
4.375000e-02 1.875000e-02 8.841795e-01 -3.309362e-02 -8.572155e-02
4.531250e-02 1.875000e-02 8.762246e-01 -1.967436e-02 -6.970559e-02
4.687500e-02 1.875000e-02 8.650642e-01 -9.139964e-03 -4.960963e-02
4.843750e-02 1.875000e-02 8.513367e-01 -2.435156e-03 -2.607866e-02
5.000000e-02 1.875000e-02 8.376093e-01 0.000000e+00 0.000000e+00
0.000000e+00 2.031250e-02 8.028034e-01 0.000000e+00 0.000000e+00
1.562500e-03 2.031250e-02 7.888778e-01 -2.503522e-03 3.110754e-02
3.125000e-03 2.031250e-02 7.749522e-01 -9.347343e-03 5.816816e-02
4.687500e-03 2.031250e-02 7.638707e-01 -2.005882e-02 8.058770e-02
6.250000e-03 2.031250e-02 7.561603e-01 -3.362474e-02 9.802414e-02
7.812500e-03 2.031250e-02 7.514380e-01 -4.901334e-02 1.103847e-01
9.375000e-03 2.031250e-02 7.492402e-01 -6.534751e-02 1.177803e-01
1.093750e-02 2.031250e-02 7.492352e-01 -8.190872e-02 1.204715e-01
1.250000e-02 2.031250e-02 7.511893e-01 -9.810624e-02 1.188220e-01
1.406250e-02 2.031250e-02 7.549083e-01 -1.134551e-01 1.132593e-01
1.562500e-02 2.031250e-02 7.602114e-01 -1.275632e-01 1.042445e-01
1.718750e-02 2.031250e-02 7.669264e-01 -1.401198e-01 9.224998e-02
1.875000e-02 2.031250e-02 7.748890e-01 -1.508827e-01 7.774590e-02
2.031250e-02 2.031250e-02 7.839397e-01 -1.596652e-01 6.119296e-02
2.187500e-02 2.031250e-02 7.939180e-01 -1.663235e-01 4.304188e-02
2.343750e-02 2.031250e-02 8.046551e-01 -1.707465e-01 2.373756e-02
2.500000e-02 2.031250e-02 8.159668e-01 -1.728489e-01 3.726541e-03
2.656250e-02 2.031250e-02 8.276470e-01 -1.725677e-01 -1.653357e-02
2.812500e-02 2.031250e-02 8.394620e-01 -1.698628e-01 -3.656432e-02
2.968750e-02 2.031250e-02 8.511470e-01 -1.647207e-01 -5.585763e-02
3.125000e-02 2.031250e-02 8.624039e-01 -1.571643e-01 -7.386981e-02
3.281250e-02 2.031250e-02 8.729023e-01 -1.472646e-01 -9.002009e-02
3.437500e-02 2.031250e-02 8.822839e-01 -1.351577e-01 -1.036955e-01
3.593750e-02 2.031250e-02 8.901713e-01 -1.210634e-01 -1.142641e-01
3.750000e-02 2.031250e-02 8.961843e-01 -1.053041e-01 -1.210975e-01
3.906250e-02 2.031250e-02 8.999596e-01 -8.832116e-02 -1.236041e-01
4.062500e-02 2.031250e-02 9.011677e-01 -7.068646e-02 -1.212714e-01
4.218750e-02 2.031250e-02 8.995063e-01 -5.311076e-02 -1.137162e-01
4.375000e-02 2.031250e-02 8.946581e-01 -3.645403e-02 -1.007396e-01
4.531250e-02 2.031250e-02 8.862631e-01 -2.173804e-02 -8.238366e-02
4.687500e-02 2.031250e-02 8.741174e-01 -1.012041e-02 -5.898462e-02
4.843750e-02 2.031250e-02 8.589565e-01 -2.702896e-03 -3.120552e-02
5.000000e-02 2.031250e-02 8.437956e-01 0.000000e+00 0.000000e+00
0.000000e+00 2.187500e-02 7.907560e-01 0.000000e+00 0.000000e+00
1.562500e-03 2.187500e-02 7.757052e-01 -2.723057e-03 3.640379e-02
3.125000e-03 2.187500e-02 7.606545e-01 -1.013565e-02 6.772583e-02
4.687500e-03 2.187500e-02 7.488250e-01 -2.170089e-02 9.337604e-02
6.250000e-03 2.187500e-02 7.408032e-01 -3.627262e-02 1.130588e-01
7.812500e-03 2.187500e-02 7.361377e-01 -5.269317e-02 1.267655e-01
9.375000e-03 2.187500e-02 7.342824e-01 -6.999381e-02 1.347157e-01
1.093750e-02 2.187500e-02 7.348420e-01 -8.740021e-02 1.372900e-01
1.250000e-02 2.187500e-02 7.375361e-01 -1.042957e-01 1.349711e-01
1.406250e-02 2.187500e-02 7.421348e-01 -1.201925e-01 1.282970e-01
1.562500e-02 2.187500e-02 7.484305e-01 -1.347131e-01 1.178255e-01
1.718750e-02 2.187500e-02 7.562318e-01 -1.475722e-01 1.041095e-01
1.875000e-02 2.187500e-02 7.653628e-01 -1.585591e-01 8.768277e-02
2.031250e-02 2.187500e-02 7.756590e-01 -1.675188e-01 6.905450e-02
2.187500e-02 2.187500e-02 7.869596e-01 -1.743356e-01 4.871087e-02
2.343750e-02 2.187500e-02 7.990987e-01 -1.789199e-01 2.712234e-02
2.500000e-02 2.187500e-02 8.118956e-01 -1.811978e-01 4.754859e-03
2.656250e-02 2.187500e-02 8.251466e-01 -1.811068e-01 -1.791676e-02
2.812500e-02 2.187500e-02 8.386168e-01 -1.785949e-01 -4.039455e-02
2.968750e-02 2.187500e-02 8.520339e-01 -1.736249e-01 -6.214406e-02
3.125000e-02 2.187500e-02 8.650835e-01 -1.661846e-01 -8.258360e-02
3.281250e-02 2.187500e-02 8.774078e-01 -1.563018e-01 -1.010783e-01
3.437500e-02 2.187500e-02 8.886078e-01 -1.440648e-01 -1.169410e-01
3.593750e-02 2.187500e-02 8.982521e-01 -1.296472e-01 -1.294435e-01
3.750000e-02 2.187500e-02 9.058928e-01 -1.133339e-01 -1.378382e-01
3.906250e-02 2.187500e-02 9.110890e-01 -9.554651e-02 -1.413951e-01
4.062500e-02 2.187500e-02 9.134269e-01 -7.686340e-02 -1.394503e-01
4.218750e-02 2.187500e-02 9.125144e-01 -5.803705e-02 -1.314678e-01
4.375000e-02 2.187500e-02 9.079355e-01 -4.001271e-02 -1.171096e-01
4.531250e-02 2.187500e-02 8.992231e-01 -2.394726e-02 -9.631062e-02
4.687500e-02 2.187500e-02 8.861010e-01 -1.117869e-02 -6.935165e-02
4.843750e-02 2.187500e-02 8.694165e-01 -2.995325e-03 -3.690595e-02
5.000000e-02 2.187500e-02 8.527321e-01 0.000000e+00 0.000000e+00
0.000000e+00 2.343750e-02 7.752859e-01 0.000000e+00 0.000000e+00
1.562500e-03 2.343750e-02 7.590755e-01 -2.954664e-03 4.215922e-02
3.125000e-03 2.343750e-02 7.428651e-01 -1.095834e-02 7.806203e-02
4.687500e-03 2.343750e-02 7.303208e-01 -2.339832e-02 1.071231e-01
6.250000e-03 2.343750e-02 7.220967e-01 -3.897288e-02 1.291070e-01
7.812500e-03 2.343750e-02 7.176555e-01 -5.638006e-02 1.441141e-01
9.375000e-03 2.343750e-02 7.163482e-01 -7.455094e-02 1.525035e-01
1.093750e-02 2.343750e-02 7.176987e-01 -9.265636e-02 1.548071e-01
1.250000e-02 2.343750e-02 7.213675e-01 -1.100619e-01 1.516546e-01
1.406250e-02 2.343750e-02 7.270804e-01 -1.262900e-01 1.437167e-01
1.562500e-02 2.343750e-02 7.345972e-01 -1.409926e-01 1.316628e-01
1.718750e-02 2.343750e-02 7.437050e-01 -1.539259e-01 1.161350e-01
1.875000e-02 2.343750e-02 7.542163e-01 -1.649253e-01 9.773342e-02
2.031250e-02 2.343750e-02 7.659635e-01 -1.738810e-01 7.701342e-02
2.187500e-02 2.343750e-02 7.787891e-01 -1.807170e-01 5.449022e-02
2.343750e-02 2.343750e-02 7.925348e-01 -1.853734e-01 3.065045e-02
2.500000e-02 2.343750e-02 8.070296e-01 -1.877948e-01 5.967709e-03
2.656250e-02 2.343750e-02 8.220783e-01 -1.879223e-01 -1.907910e-02
2.812500e-02 2.343750e-02 8.374509e-01 -1.856928e-01 -4.398627e-02
2.968750e-02 2.343750e-02 8.528733e-01 -1.810422e-01 -6.820628e-02
3.125000e-02 2.343750e-02 8.680194e-01 -1.739164e-01 -9.113111e-02
3.281250e-02 2.343750e-02 8.825066e-01 -1.642887e-01 -1.120801e-01
3.437500e-02 2.343750e-02 8.958949e-01 -1.521845e-01 -1.302956e-01
3.593750e-02 2.343750e-02 9.076938e-01 -1.377116e-01 -1.449486e-01
3.750000e-02 2.343750e-02 9.173787e-01 -1.210959e-01 -1.551599e-01
3.906250e-02 2.343750e-02 9.244161e-01 -1.027168e-01 -1.600374e-01
4.062500e-02 2.343750e-02 9.282873e-01 -8.313999e-02 -1.587323e-01
4.218750e-02 2.343750e-02 9.284844e-01 -6.314734e-02 -1.505139e-01
4.375000e-02 2.343750e-02 9.244601e-01 -4.376854e-02 -1.348591e-01
4.531250e-02 2.343750e-02 9.156028e-01 -2.631030e-02 -1.115530e-01
4.687500e-02 2.343750e-02 9.015347e-01 -1.232178e-02 -8.078892e-02
4.843750e-02 2.343750e-02 8.832324e-01 -3.315295e-03 -4.323658e-02
5.000000e-02 2.343750e-02 8.649301e-01 0.000000e+00 0.000000e+00
0.000000e+00 2.500000e-02 7.559392e-01 0.000000e+00 0.000000e+00
1.562500e-03 2.500000e-02 7.385246e-01 -3.201103e-03 4.840464e-02
3.125000e-03 2.500000e-02 7.211100e-01 -1.182321e-02 8.921200e-02
4.687500e-03 2.500000e-02 7.078982e-01 -2.516172e-02 1.218423e-01
6.250000e-03 2.500000e-02 6.996197e-01 -4.172869e-02 1.461392e-01
7.812500e-03 2.500000e-02 6.956260e-01 -6.005378e-02 1.623454e-01
9.375000e-03 2.500000e-02 6.951353e-01 -7.895776e-02 1.710006e-01
1.093750e-02 2.500000e-02 6.975662e-01 -9.755976e-02 1.728278e-01
1.250000e-02 2.500000e-02 7.025021e-01 -1.152201e-01 1.686382e-01
1.406250e-02 2.500000e-02 7.096127e-01 -1.314892e-01 1.592605e-01
1.562500e-02 2.500000e-02 7.186185e-01 -1.460687e-01 1.454927e-01
1.718750e-02 2.500000e-02 7.292820e-01 -1.587758e-01 1.280741e-01
1.875000e-02 2.500000e-02 7.414046e-01 -1.695103e-01 1.076725e-01
2.031250e-02 2.500000e-02 7.548188e-01 -1.782233e-01 8.488462e-02
2.187500e-02 2.500000e-02 7.693760e-01 -1.848914e-01 6.024610e-02
2.343750e-02 2.500000e-02 7.849322e-01 -1.894951e-01 3.424762e-02
2.500000e-02 2.500000e-02 8.013338e-01 -1.920046e-01 7.356003e-03
2.656250e-02 2.500000e-02 8.184028e-01 -1.923698e-01 -1.996189e-02
2.812500e-02 2.500000e-02 8.359231e-01 -1.905178e-01 -4.721374e-02
2.968750e-02 2.500000e-02 8.536275e-01 -1.863557e-01 -7.385621e-02
3.125000e-02 2.500000e-02 8.711861e-01 -1.797814e-01 -9.927102e-02
3.281250e-02 2.500000e-02 8.881968e-01 -1.707025e-01 -1.227450e-01
3.437500e-02 2.500000e-02 9.041810e-01 -1.590639e-01 -1.434578e-01
3.593750e-02 2.500000e-02 9.185867e-01 -1.448857e-01 -1.604802e-01
3.750000e-02 2.500000e-02 9.308034e-01 -1.283074e-01 -1.727903e-01
3.906250e-02 2.500000e-02 9.401886e-01 -1.096371e-01 -1.793100e-01
4.062500e-02 2.500000e-02 9.460941e-01 -8.939988e-02 -1.789671e-01
4.218750e-02 2.500000e-02 9.478618e-01 -6.838682e-02 -1.707843e-01
4.375000e-02 2.500000e-02 9.447688e-01 -4.770633e-02 -1.539940e-01
4.531250e-02 2.500000e-02 9.360076e-01 -2.882989e-02 -1.281728e-01
4.687500e-02 2.500000e-02 9.210565e-01 -1.355496e-02 -9.338082e-02
4.843750e-02 2.500000e-02 9.010400e-01 -3.665379e-03 -5.026189e-02
5.000000e-02 2.500000e-02 8.810235e-01 0.000000e+00 0.000000e+00
0.000000e+00 2.656250e-02 7.321709e-01 0.000000e+00 0.000000e+00
1.562500e-03 2.656250e-02 7.134981e-01 -3.466550e-03 5.517974e-02
3.125000e-03 2.656250e-02 6.948254e-01 -1.274134e-02 1.012199e-01
4.687500e-03 2.656250e-02 6.810152e-01 -2.700558e-02 1.375465e-01
6.250000e-03 2.656250e-02 6.728873e-01 -4.454360e-02 1.641081e-01
7.812500e-03 2.656250e-02 6.696442e-01 -6.368525e-02 1.813369e-01
9.375000e-03 2.656250e-02 6.703270e-01 -8.312990e-02 1.900076e-01
1.093750e-02 2.656250e-02 6.742135e-01 -1.019520e-01 1.910864e-01
1.250000e-02 2.656250e-02 6.807856e-01 -1.195256e-01 1.856078e-01
1.406250e-02 2.656250e-02 6.896411e-01 -1.354542e-01 1.745881e-01
1.562500e-02 2.656250e-02 7.004526e-01 -1.495147e-01 1.589711e-01
1.718750e-02 2.656250e-02 7.129555e-01 -1.616102e-01 1.395996e-01
1.875000e-02 2.656250e-02 7.269419e-01 -1.717258e-01 1.172077e-01
2.031250e-02 2.656250e-02 7.422494e-01 -1.798915e-01 9.242630e-02
2.187500e-02 2.656250e-02 7.587455e-01 -1.861504e-01 6.579946e-02
2.343750e-02 2.656250e-02 7.763100e-01 -1.905348e-01 3.780710e-02
2.500000e-02 2.656250e-02 7.948170e-01 -1.930486e-01 8.892044e-03
2.656250e-02 2.656250e-02 8.141171e-01 -1.936567e-01 -2.050994e-02
2.812500e-02 2.656250e-02 8.340202e-01 -1.922794e-01 -4.993835e-02
2.968750e-02 2.656250e-02 8.542785e-01 -1.887947e-01 -7.887528e-02
3.125000e-02 2.656250e-02 8.745694e-01 -1.830478e-01 -1.067132e-01
3.281250e-02 2.656250e-02 8.944817e-01 -1.748700e-01 -1.327256e-01
3.437500e-02 2.656250e-02 9.135044e-01 -1.641089e-01 -1.560438e-01
3.593750e-02 2.656250e-02 9.310248e-01 -1.506714e-01 -1.756449e-01
3.750000e-02 2.656250e-02 9.463398e-01 -1.345785e-01 -1.903582e-01
3.906250e-02 2.656250e-02 9.586811e-01 -1.160286e-01 -1.988968e-01
4.062500e-02 2.656250e-02 9.672417e-01 -9.546812e-02 -1.999223e-01
4.218750e-02 2.656250e-02 9.711697e-01 -7.366565e-02 -1.921483e-01
4.375000e-02 2.656250e-02 9.695068e-01 -5.179401e-02 -1.744854e-01
4.531250e-02 2.656250e-02 9.611765e-01 -3.150285e-02 -1.462211e-01
4.687500e-02 2.656250e-02 9.454538e-01 -1.488241e-02 -1.072167e-01
4.843750e-02 2.656250e-02 9.236320e-01 -4.048406e-03 -5.805483e-02
5.000000e-02 2.656250e-02 9.018101e-01 0.000000e+00 0.000000e+00
0.000000e+00 2.812500e-02 7.033456e-01 0.000000e+00 0.000000e+00
1.562500e-03 2.812500e-02 6.833366e-01 -3.756884e-03 6.253828e-02
3.125000e-03 2.812500e-02 6.633275e-01 -1.372872e-02 1.141433e-01
4.687500e-03 2.812500e-02 6.490209e-01 -2.895072e-02 1.542472e-01
6.250000e-03 2.812500e-02 6.413337e-01 -4.742228e-02 1.829417e-01
7.812500e-03 2.812500e-02 6.392606e-01 -6.723321e-02 2.009145e-01
9.375000e-03 2.812500e-02 6.415987e-01 -8.695089e-02 2.092504e-01
1.093750e-02 2.812500e-02 6.474341e-01 -1.056194e-01 2.092261e-01
1.250000e-02 2.812500e-02 6.561127e-01 -1.226557e-01 2.021502e-01
1.406250e-02 2.812500e-02 6.671412e-01 -1.377502e-01 1.892591e-01
1.562500e-02 2.812500e-02 6.801351e-01 -1.507892e-01 1.716580e-01
1.718750e-02 2.812500e-02 6.948014e-01 -1.617903e-01 1.502973e-01
1.875000e-02 2.812500e-02 7.109268e-01 -1.708481e-01 1.259712e-01
2.031250e-02 2.812500e-02 7.283619e-01 -1.780898e-01 9.933318e-02
2.187500e-02 2.812500e-02 7.470005e-01 -1.836395e-01 7.092060e-02
2.343750e-02 2.812500e-02 7.667581e-01 -1.875921e-01 4.118473e-02
2.500000e-02 2.812500e-02 7.875498e-01 -1.899941e-01 1.052475e-02
2.656250e-02 2.812500e-02 8.092698e-01 -1.908316e-01 -2.067614e-02
2.812500e-02 2.812500e-02 8.317696e-01 -1.900230e-01 -5.201248e-02
2.968750e-02 2.812500e-02 8.548366e-01 -1.874194e-01 -8.301672e-02
3.125000e-02 2.812500e-02 8.781725e-01 -1.828112e-01 -1.131182e-01
3.281250e-02 2.812500e-02 9.013718e-01 -1.759459e-01 -1.416029e-01
3.437500e-02 2.812500e-02 9.239038e-01 -1.665581e-01 -1.675765e-01
3.593750e-02 2.812500e-02 9.451018e-01 -1.544158e-01 -1.899380e-01
3.750000e-02 2.812500e-02 9.641677e-01 -1.393841e-01 -2.073701e-01
3.906250e-02 2.812500e-02 9.801922e-01 -1.215051e-01 -2.183592e-01
4.062500e-02 2.812500e-02 9.921772e-01 -1.010936e-01 -2.212561e-01
4.218750e-02 2.812500e-02 9.990221e-01 -7.884832e-02 -2.143912e-01
4.375000e-02 2.812500e-02 9.994518e-01 -5.597834e-02 -1.962533e-01
4.531250e-02 2.812500e-02 9.920182e-01 -3.431962e-02 -1.657311e-01
4.687500e-02 2.812500e-02 9.757026e-01 -1.630745e-02 -1.223907e-01
4.843750e-02 2.812500e-02 9.519822e-01 -4.467302e-03 -6.669968e-02
5.000000e-02 2.812500e-02 9.282617e-01 0.000000e+00 0.000000e+00
0.000000e+00 2.968750e-02 6.686280e-01 0.000000e+00 0.000000e+00
1.562500e-03 2.968750e-02 6.471950e-01 -4.083057e-03 7.055344e-02
3.125000e-03 2.968750e-02 6.257621e-01 -1.481061e-02 1.280588e-01
4.687500e-03 2.968750e-02 6.111162e-01 -3.102732e-02 1.719534e-01
6.250000e-03 2.968750e-02 6.042895e-01 -5.036950e-02 2.025312e-01
7.812500e-03 2.968750e-02 6.039767e-01 -7.063596e-02 2.208318e-01
9.375000e-03 2.968750e-02 6.086300e-01 -9.025532e-02 2.283542e-01
1.093750e-02 2.968750e-02 6.170685e-01 -1.082686e-01 2.267723e-01
1.250000e-02 2.968750e-02 6.284572e-01 -1.241794e-01 2.177288e-01
1.406250e-02 2.968750e-02 6.421882e-01 -1.378125e-01 2.027134e-01
1.562500e-02 2.968750e-02 6.578126e-01 -1.492050e-01 1.830049e-01
1.718750e-02 2.968750e-02 6.750106e-01 -1.585228e-01 1.596574e-01
1.875000e-02 2.968750e-02 6.935721e-01 -1.659948e-01 1.335139e-01
2.031250e-02 2.968750e-02 7.133723e-01 -1.718630e-01 1.052333e-01
2.187500e-02 2.968750e-02 7.343455e-01 -1.763451e-01 7.532661e-02
2.343750e-02 2.968750e-02 7.564584e-01 -1.796075e-01 4.419607e-02
2.500000e-02 2.968750e-02 7.796840e-01 -1.817470e-01 1.217568e-02
2.656250e-02 2.968750e-02 8.039777e-01 -1.827774e-01 -2.042670e-02
2.812500e-02 2.968750e-02 8.292518e-01 -1.826217e-01 -5.328558e-02
2.968750e-02 2.968750e-02 8.553502e-01 -1.811090e-01 -8.601142e-02
3.125000e-02 2.968750e-02 8.820206e-01 -1.779779e-01 -1.181011e-01
3.281250e-02 2.968750e-02 9.088854e-01 -1.728894e-01 -1.488858e-01
3.437500e-02 2.968750e-02 9.354144e-01 -1.654540e-01 -1.774787e-01
3.593750e-02 2.968750e-02 9.609026e-01 -1.552774e-01 -2.027282e-01
3.750000e-02 2.968750e-02 9.844631e-01 -1.420295e-01 -2.231857e-01
3.906250e-02 2.968750e-02 1.005036e+00 -1.255399e-01 -2.371037e-01
4.062500e-02 2.968750e-02 1.021399e+00 -1.059232e-01 -2.424809e-01
4.218750e-02 2.968750e-02 1.032136e+00 -8.373741e-02 -2.371805e-01
4.375000e-02 2.968750e-02 1.035545e+00 -6.017813e-02 -2.191432e-01
4.531250e-02 2.968750e-02 1.029658e+00 -3.726418e-02 -1.867067e-01
4.687500e-02 2.968750e-02 1.013028e+00 -1.783568e-02 -1.390011e-01
4.843750e-02 2.968750e-02 9.873389e-01 -4.928184e-03 -7.629436e-02
5.000000e-02 2.968750e-02 9.616496e-01 0.000000e+00 0.000000e+00
0.000000e+00 3.125000e-02 6.270778e-01 0.000000e+00 0.000000e+00
1.562500e-03 3.125000e-02 6.040597e-01 -4.460845e-03 7.933318e-02
3.125000e-03 3.125000e-02 5.810417e-01 -1.602421e-02 1.430719e-01
4.687500e-03 3.125000e-02 5.662951e-01 -3.327739e-02 1.906682e-01
6.250000e-03 3.125000e-02 5.609505e-01 -5.338493e-02 2.227117e-01
7.812500e-03 3.125000e-02 5.632445e-01 -7.379374e-02 2.407391e-01
9.375000e-03 3.125000e-02 5.711266e-01 -9.279816e-02 2.468074e-01
1.093750e-02 3.125000e-02 5.830412e-01 -1.094853e-01 2.430985e-01
1.250000e-02 3.125000e-02 5.979141e-01 -1.235117e-01 2.316565e-01
1.406250e-02 3.125000e-02 6.149998e-01 -1.348993e-01 2.142532e-01
1.562500e-02 3.125000e-02 6.337825e-01 -1.438869e-01 1.923432e-01
1.718750e-02 3.125000e-02 6.539254e-01 -1.508241e-01 1.670712e-01
1.875000e-02 3.125000e-02 6.752362e-01 -1.560974e-01 1.393069e-01
2.031250e-02 3.125000e-02 6.976331e-01 -1.600773e-01 1.096909e-01
2.187500e-02 3.125000e-02 7.211100e-01 -1.630827e-01 7.868431e-02
2.343750e-02 3.125000e-02 7.457045e-01 -1.653566e-01 4.661743e-02
2.500000e-02 3.125000e-02 7.714679e-01 -1.670504e-01 1.373708e-02
2.656250e-02 3.125000e-02 7.984379e-01 -1.682115e-01 -1.974672e-02
2.812500e-02 3.125000e-02 8.266106e-01 -1.687749e-01 -5.361302e-02
2.968750e-02 3.125000e-02 8.559117e-01 -1.685569e-01 -8.757878e-02
3.125000e-02 3.125000e-02 8.861627e-01 -1.672527e-01 -1.212421e-01
3.281250e-02 3.125000e-02 9.170446e-01 -1.644429e-01 -1.540189e-01
3.437500e-02 3.125000e-02 9.480580e-01 -1.596113e-01 -1.850732e-01
3.593750e-02 3.125000e-02 9.784880e-01 -1.521853e-01 -2.132463e-01
3.750000e-02 3.125000e-02 1.007379e+00 -1.416032e-01 -2.369933e-01
3.906250e-02 3.125000e-02 1.033523e+00 -1.274198e-01 -2.543443e-01
4.062500e-02 3.125000e-02 1.055447e+00 -1.094620e-01 -2.629175e-01
4.218750e-02 3.125000e-02 1.071342e+00 -8.804734e-02 -2.600211e-01
4.375000e-02 3.125000e-02 1.078929e+00 -6.427280e-02 -2.428918e-01
4.531250e-02 3.125000e-02 1.075504e+00 -4.031322e-02 -2.091078e-01
4.687500e-02 3.125000e-02 1.058975e+00 -1.947652e-02 -1.571542e-01
4.843750e-02 3.125000e-02 1.031209e+00 -5.439781e-03 -8.696295e-02
5.000000e-02 3.125000e-02 1.003443e+00 0.000000e+00 0.000000e+00
0.000000e+00 3.281250e-02 5.771534e-01 0.000000e+00 0.000000e+00
1.562500e-03 3.281250e-02 5.524357e-01 -4.928567e-03 8.903060e-02
3.125000e-03 3.281250e-02 5.277180e-01 -1.743524e-02 1.593283e-01
4.687500e-03 3.281250e-02 5.132712e-01 -3.575903e-02 2.103783e-01
6.250000e-03 3.281250e-02 5.103475e-01 -5.644934e-02 2.432284e-01
7.812500e-03 3.281250e-02 5.164774e-01 -7.653328e-02 2.601343e-01
9.375000e-03 3.281250e-02 5.288615e-01 -9.419962e-02 2.639110e-01
1.093750e-02 3.281250e-02 5.454155e-01 -1.086669e-01 2.573841e-01
1.250000e-02 3.281250e-02 5.647580e-01 -1.198416e-01 2.430663e-01
1.406250e-02 3.281250e-02 5.859902e-01 -1.280247e-01 2.230276e-01
1.562500e-02 3.281250e-02 6.085404e-01 -1.337133e-01 1.988827e-01
1.718750e-02 3.281250e-02 6.320772e-01 -1.374750e-01 1.718367e-01
1.875000e-02 3.281250e-02 6.564532e-01 -1.398698e-01 1.427523e-01
2.031250e-02 3.281250e-02 6.816562e-01 -1.414017e-01 1.122195e-01
2.187500e-02 3.281250e-02 7.077656e-01 -1.424898e-01 8.062154e-02
2.343750e-02 3.281250e-02 7.349143e-01 -1.434516e-01 4.819316e-02
2.500000e-02 3.281250e-02 7.632557e-01 -1.444924e-01 1.507345e-02
2.656250e-02 3.281250e-02 7.929339e-01 -1.456963e-01 -1.864515e-02
2.812500e-02 3.281250e-02 8.240551e-01 -1.470185e-01 -5.286769e-02
2.968750e-02 3.281250e-02 8.566558e-01 -1.482752e-01 -8.744380e-02
3.125000e-02 3.281250e-02 8.906658e-01 -1.491353e-01 -1.221067e-01
3.281250e-02 3.281250e-02 9.258632e-01 -1.491153e-01 -1.564006e-01
3.437500e-02 3.281250e-02 9.618236e-01 -1.475850e-01 -1.895949e-01
3.593750e-02 3.281250e-02 9.978664e-01 -1.437916e-01 -2.205854e-01
3.750000e-02 3.281250e-02 1.033008e+00 -1.369161e-01 -2.477913e-01
3.906250e-02 3.281250e-02 1.065920e+00 -1.261779e-01 -2.690634e-01
4.062500e-02 3.281250e-02 1.094869e+00 -1.110129e-01 -2.816383e-01
4.218750e-02 3.281250e-02 1.117571e+00 -9.136014e-02 -2.821921e-01
4.375000e-02 3.281250e-02 1.130977e+00 -6.808163e-02 -2.670761e-01
4.531250e-02 3.281250e-02 1.131321e+00 -4.343765e-02 -2.328268e-01
4.687500e-02 3.281250e-02 1.115537e+00 -2.126049e-02 -1.769675e-01
4.843750e-02 3.281250e-02 1.085683e+00 -6.032820e-03 -9.886380e-02
5.000000e-02 3.281250e-02 1.055830e+00 0.000000e+00 0.000000e+00
0.000000e+00 3.437500e-02 5.174563e-01 0.000000e+00 0.000000e+00
1.562500e-03 3.437500e-02 4.906688e-01 -5.544106e-03 9.990714e-02
3.125000e-03 3.437500e-02 4.638814e-01 -1.914220e-02 1.770411e-01
4.687500e-03 3.437500e-02 4.503693e-01 -3.854342e-02 2.310331e-01
6.250000e-03 3.437500e-02 4.513200e-01 -5.949159e-02 2.636774e-01
7.812500e-03 3.437500e-02 4.630913e-01 -7.853901e-02 2.782885e-01
9.375000e-03 3.437500e-02 4.817511e-01 -9.384890e-02 2.787094e-01
1.093750e-02 3.437500e-02 5.044807e-01 -1.049130e-01 2.685635e-01
1.250000e-02 3.437500e-02 5.295241e-01 -1.120246e-01 2.508848e-01
1.406250e-02 3.437500e-02 5.558377e-01 -1.158628e-01 2.280280e-01
1.562500e-02 3.437500e-02 5.828315e-01 -1.172400e-01 2.017231e-01
1.718750e-02 3.437500e-02 6.102248e-01 -1.169651e-01 1.731822e-01
1.875000e-02 3.437500e-02 6.379579e-01 -1.157732e-01 1.432113e-01
2.031250e-02 3.437500e-02 6.661274e-01 -1.142914e-01 1.123092e-01
2.187500e-02 3.437500e-02 6.949322e-01 -1.130253e-01 8.075042e-02
2.343750e-02 3.437500e-02 7.246300e-01 -1.123534e-01 4.865191e-02
2.500000e-02 3.437500e-02 7.555029e-01 -1.125264e-01 1.602858e-02
2.656250e-02 3.437500e-02 7.878278e-01 -1.136644e-01 -1.715829e-02
2.812500e-02 3.437500e-02 8.218485e-01 -1.157497e-01 -5.095440e-02
2.968750e-02 3.437500e-02 8.577450e-01 -1.186155e-01 -8.536174e-02
3.125000e-02 3.437500e-02 8.955944e-01 -1.219293e-01 -1.202780e-01
3.281250e-02 3.437500e-02 9.353206e-01 -1.251755e-01 -1.554198e-01
3.437500e-02 3.437500e-02 9.766316e-01 -1.276411e-01 -1.902231e-01
3.593750e-02 3.437500e-02 1.018947e+00 -1.284162e-01 -2.237190e-01
3.750000e-02 3.437500e-02 1.061325e+00 -1.264229e-01 -2.543835e-01
3.906250e-02 3.437500e-02 1.102377e+00 -1.204988e-01 -2.799763e-01
4.062500e-02 3.437500e-02 1.140142e+00 -1.095797e-01 -2.974013e-01
4.218750e-02 3.437500e-02 1.171809e+00 -9.304916e-02 -3.026626e-01
4.375000e-02 3.437500e-02 1.193313e+00 -7.132310e-02 -2.910373e-01
4.531250e-02 3.437500e-02 1.199340e+00 -4.659692e-02 -2.576518e-01
4.687500e-02 3.437500e-02 1.185261e+00 -2.324587e-02 -1.985922e-01
4.843750e-02 3.437500e-02 1.153092e+00 -6.759909e-03 -1.122566e-01
5.000000e-02 3.437500e-02 1.120924e+00 0.000000e+00 0.000000e+00
0.000000e+00 3.593750e-02 4.440089e-01 0.000000e+00 0.000000e+00
1.562500e-03 3.593750e-02 4.153895e-01 -6.484442e-03 1.123542e-01
3.125000e-03 3.593750e-02 3.867701e-01 -2.135250e-02 1.965090e-01
4.687500e-03 3.593750e-02 3.754303e-01 -4.171557e-02 2.524966e-01
6.250000e-03 3.593750e-02 3.825339e-01 -6.231670e-02 2.834049e-01
7.812500e-03 3.593750e-02 4.025971e-01 -7.922273e-02 2.941331e-01
9.375000e-03 3.593750e-02 4.299828e-01 -9.073940e-02 2.898992e-01
1.093750e-02 3.593750e-02 4.608783e-01 -9.685349e-02 2.752735e-01
1.250000e-02 3.593750e-02 4.931155e-01 -9.842529e-02 2.538182e-01
1.406250e-02 3.593750e-02 5.255655e-01 -9.661911e-02 2.281059e-01
1.562500e-02 3.593750e-02 5.577050e-01 -9.260490e-02 1.998931e-01
1.718750e-02 3.593750e-02 5.893834e-01 -8.743145e-02 1.703152e-01
1.875000e-02 3.593750e-02 6.206965e-01 -8.198459e-02 1.400553e-01
2.031250e-02 3.593750e-02 6.519034e-01 -7.698204e-02 1.094740e-01
2.187500e-02 3.593750e-02 6.833649e-01 -7.298265e-02 7.870647e-02
2.343750e-02 3.593750e-02 7.154980e-01 -7.039935e-02 4.773441e-02
2.500000e-02 3.593750e-02 7.487416e-01 -6.951014e-02 1.643998e-02
2.656250e-02 3.593750e-02 7.835315e-01 -7.046317e-02 -1.535053e-02
2.812500e-02 3.593750e-02 8.202770e-01 -7.327349e-02 -4.782680e-02
2.968750e-02 3.593750e-02 8.593343e-01 -7.781015e-02 -8.115130e-02
3.125000e-02 3.593750e-02 9.009707e-01 -8.377317e-02 -1.154050e-01
3.281250e-02 3.593750e-02 9.453120e-01 -9.066184e-02 -1.505133e-01
3.437500e-02 3.593750e-02 9.922722e-01 -9.773797e-02 -1.861416e-01
3.593750e-02 3.593750e-02 1.041464e+00 -1.039917e-01 -2.215507e-01
3.750000e-02 3.593750e-02 1.092093e+00 -1.081252e-01 -2.554015e-01
3.906250e-02 3.593750e-02 1.142827e+00 -1.085861e-01 -2.855106e-01
4.062500e-02 3.593750e-02 1.191564e+00 -1.037183e-01 -3.085792e-01
4.218750e-02 3.593750e-02 1.234995e+00 -9.214478e-02 -3.199779e-01
4.375000e-02 3.593750e-02 1.267798e+00 -7.353282e-02 -3.137591e-01
4.531250e-02 3.593750e-02 1.282359e+00 -4.973571e-02 -2.831966e-01
4.687500e-02 3.593750e-02 1.271673e+00 -2.560231e-02 -2.222205e-01
4.843750e-02 3.593750e-02 1.237694e+00 -7.807021e-03 -1.275256e-01
5.000000e-02 3.593750e-02 1.203715e+00 0.000000e+00 0.000000e+00
0.000000e+00 3.750000e-02 3.543779e-01 0.000000e+00 0.000000e+00
1.562500e-03 3.750000e-02 3.234507e-01 -8.006319e-03 1.271519e-01
3.125000e-03 3.750000e-02 2.925234e-01 -2.435386e-02 2.181645e-01
4.687500e-03 3.750000e-02 2.855137e-01 -4.531157e-02 2.744263e-01
6.250000e-03 3.750000e-02 3.024684e-01 -6.444629e-02 3.013159e-01
7.812500e-03 3.750000e-02 3.347450e-01 -7.748145e-02 3.060826e-01
9.375000e-03 3.750000e-02 3.742029e-01 -8.319339e-02 2.957140e-01
1.093750e-02 3.750000e-02 4.157780e-01 -8.238654e-02 2.758113e-01
1.250000e-02 3.750000e-02 4.569393e-01 -7.669917e-02 2.503722e-01
1.406250e-02 3.750000e-02 4.966310e-01 -6.786862e-02 2.220340e-01
1.562500e-02 3.750000e-02 5.345601e-01 -5.742208e-02 1.924317e-01
1.718750e-02 3.750000e-02 5.708384e-01 -4.660132e-02 1.625095e-01
1.875000e-02 3.750000e-02 6.058150e-01 -3.637937e-02 1.327489e-01
2.031250e-02 3.750000e-02 6.399823e-01 -2.750124e-02 1.033240e-01
2.187500e-02 3.750000e-02 6.739137e-01 -2.052477e-02 7.420651e-02
2.343750e-02 3.750000e-02 7.082214e-01 -1.585459e-02 4.523489e-02
2.500000e-02 3.750000e-02 7.435286e-01 -1.376698e-02 1.616199e-02
2.656250e-02 3.750000e-02 7.804530e-01 -1.442379e-02 -1.331095e-02
2.812500e-02 3.750000e-02 8.195929e-01 -1.787403e-02 -4.350569e-02
2.968750e-02 3.750000e-02 8.615110e-01 -2.404162e-02 -7.473629e-02
3.125000e-02 3.750000e-02 9.067068e-01 -3.269819e-02 -1.072678e-01
3.281250e-02 3.750000e-02 9.555698e-01 -4.341976e-02 -1.412540e-01
3.437500e-02 3.750000e-02 1.008309e+00 -5.552731e-02 -1.766401e-01
3.593750e-02 3.750000e-02 1.064853e+00 -6.801268e-02 -2.130129e-01
3.750000e-02 3.750000e-02 1.124724e+00 -7.945857e-02 -2.493745e-01
3.906250e-02 3.750000e-02 1.186840e+00 -8.798482e-02 -2.838148e-01
4.062500e-02 3.750000e-02 1.249161e+00 -9.130895e-02 -3.130784e-01
4.218750e-02 3.750000e-02 1.307977e+00 -8.709941e-02 -3.320885e-01
4.375000e-02 3.750000e-02 1.356584e+00 -7.388850e-02 -3.336473e-01
4.531250e-02 3.750000e-02 1.384139e+00 -5.270736e-02 -3.087312e-01
4.687500e-02 3.750000e-02 1.379623e+00 -2.858201e-02 -2.481021e-01
4.843750e-02 3.750000e-02 1.343782e+00 -9.461664e-03 -1.454401e-01
5.000000e-02 3.750000e-02 1.307941e+00 0.000000e+00 0.000000e+00
0.000000e+00 3.906250e-02 2.313453e-01 0.000000e+00 0.000000e+00
1.562500e-03 3.906250e-02 2.027449e-01 -1.090918e-02 1.452439e-01
3.125000e-03 3.906250e-02 1.741445e-01 -2.878405e-02 2.423502e-01
4.687500e-03 3.906250e-02 1.765382e-01 -4.921435e-02 2.959247e-01
6.250000e-03 3.906250e-02 2.094439e-01 -6.477481e-02 3.154967e-01
7.812500e-03 3.906250e-02 2.597259e-01 -7.124643e-02 3.117541e-01
9.375000e-03 3.906250e-02 3.157762e-01 -6.840922e-02 2.937916e-01
1.093750e-02 3.906250e-02 3.711071e-01 -5.829442e-02 2.681348e-01
1.250000e-02 3.906250e-02 4.230627e-01 -4.350854e-02 2.389419e-01
1.406250e-02 3.906250e-02 4.710057e-01 -2.637326e-02 2.086403e-01
1.562500e-02 3.906250e-02 5.151656e-01 -8.686162e-03 1.785353e-01
1.718750e-02 3.906250e-02 5.561214e-01 8.237231e-03 1.492447e-01
1.875000e-02 3.906250e-02 5.946085e-01 2.345182e-02 1.209709e-01
2.031250e-02 3.906250e-02 6.314372e-01 3.628210e-02 9.366521e-02
2.187500e-02 3.906250e-02 6.674475e-01 4.624688e-02 6.712562e-02
2.343750e-02 3.906250e-02 7.034803e-01 5.300557e-02 4.105549e-02
2.500000e-02 3.906250e-02 7.403645e-01 5.632150e-02 1.509767e-02
2.656250e-02 3.906250e-02 7.789146e-01 5.604021e-02 -1.114521e-02
2.812500e-02 3.906250e-02 8.199332e-01 5.208285e-02 -3.809700e-02
2.968750e-02 3.906250e-02 8.642107e-01 4.445537e-02 -6.619356e-02
3.125000e-02 3.906250e-02 9.125146e-01 3.327571e-02 -9.585997e-02
3.281250e-02 3.906250e-02 9.655583e-01 1.882211e-02 -1.274692e-01
3.437500e-02 3.906250e-02 1.023945e+00 1.608126e-03 -1.612668e-01
3.593750e-02 3.906250e-02 1.088080e+00 -1.750744e-02 -1.972389e-01
3.750000e-02 3.906250e-02 1.158043e+00 -3.716811e-02 -2.348845e-01
3.906250e-02 3.906250e-02 1.233349e+00 -5.534072e-02 -2.728377e-01
4.062500e-02 3.906250e-02 1.312409e+00 -6.920642e-02 -3.082753e-01
4.218750e-02 3.906250e-02 1.391349e+00 -7.537766e-02 -3.361033e-01
4.375000e-02 3.906250e-02 1.462136e+00 -7.085093e-02 -3.481231e-01
4.531250e-02 3.906250e-02 1.509930e+00 -5.513598e-02 -3.327357e-01
4.687500e-02 3.906250e-02 1.517590e+00 -3.277748e-02 -2.762276e-01
4.843750e-02 3.906250e-02 1.485606e+00 -1.259138e-02 -1.668690e-01
5.000000e-02 3.906250e-02 1.453623e+00 0.000000e+00 0.000000e+00
0.000000e+00 4.062500e-02 6.707907e-02 0.000000e+00 0.000000e+00
1.562500e-03 4.062500e-02 4.395410e-02 -1.591438e-02 1.683236e-01
3.125000e-03 4.062500e-02 2.082913e-02 -3.498383e-02 2.688572e-01
4.687500e-03 4.062500e-02 4.205305e-02 -5.252836e-02 3.146840e-01
6.250000e-03 4.062500e-02 1.016073e-01 -6.079090e-02 3.224913e-01
7.812500e-03 4.062500e-02 1.786318e-01 -5.665062e-02 3.075669e-01
9.375000e-03 4.062500e-02 2.572822e-01 -4.173458e-02 2.810894e-01
1.093750e-02 4.062500e-02 3.298765e-01 -1.971082e-02 2.499902e-01
1.250000e-02 4.062500e-02 3.943604e-01 5.805147e-03 2.180399e-01
1.406250e-02 4.062500e-02 4.511970e-01 3.207608e-02 1.870595e-01
1.562500e-02 4.062500e-02 5.016081e-01 5.726516e-02 1.577901e-01
1.718750e-02 4.062500e-02 5.469197e-01 8.019576e-02 1.304030e-01
1.875000e-02 4.062500e-02 5.884110e-01 1.001182e-01 1.047731e-01
2.031250e-02 4.062500e-02 6.272987e-01 1.165495e-01 8.062098e-02
2.187500e-02 4.062500e-02 6.647369e-01 1.291723e-01 5.758693e-02
2.343750e-02 4.062500e-02 7.018188e-01 1.377707e-01 3.526853e-02
2.500000e-02 4.062500e-02 7.395873e-01 1.421884e-01 1.323632e-02
2.656250e-02 4.062500e-02 7.790543e-01 1.423029e-01 -8.962458e-03
2.812500e-02 4.062500e-02 8.212264e-01 1.380151e-01 -3.180593e-02
2.968750e-02 4.062500e-02 8.671274e-01 1.292543e-01 -5.580047e-02
3.125000e-02 4.062500e-02 9.178127e-01 1.159986e-01 -8.147887e-02
3.281250e-02 4.062500e-02 9.743675e-01 9.831922e-02 -1.093859e-01
3.437500e-02 4.062500e-02 1.037885e+00 7.645435e-02 -1.400378e-01
3.593750e-02 4.062500e-02 1.109426e+00 5.093592e-02 -1.738329e-01
3.750000e-02 4.062500e-02 1.189956e+00 2.279947e-02 -2.108684e-01
3.906250e-02 4.062500e-02 1.280127e+00 -6.097582e-03 -2.505824e-01
4.062500e-02 4.062500e-02 1.379560e+00 -3.271651e-02 -2.910824e-01
4.218750e-02 4.062500e-02 1.485016e+00 -5.274393e-02 -3.280088e-01
4.375000e-02 4.062500e-02 1.587292e+00 -6.137787e-02 -3.529455e-01
4.531250e-02 4.062500e-02 1.667356e+00 -5.571514e-02 -3.519791e-01
4.687500e-02 4.062500e-02 1.698634e+00 -3.839547e-02 -3.057206e-01
4.843750e-02 4.062500e-02 1.675383e+00 -1.796402e-02 -1.932915e-01
5.000000e-02 4.062500e-02 1.652132e+00 0.000000e+00 0.000000e+00
0.000000e+00 4.218750e-02 -2.229777e-01 0.000000e+00 0.000000e+00
1.562500e-03 4.218750e-02 -2.059821e-01 -2.528207e-02 1.959960e-01
3.125000e-03 4.218750e-02 -1.889865e-01 -4.342028e-02 2.947324e-01
4.687500e-03 4.218750e-02 -1.250047e-01 -5.245003e-02 3.253534e-01
6.250000e-03 4.218750e-02 -2.067311e-02 -4.693110e-02 3.163736e-01
7.812500e-03 4.218750e-02 9.551306e-02 -2.652587e-02 2.885245e-01
9.375000e-03 4.218750e-02 2.037122e-01 4.422218e-03 2.541325e-01
1.093750e-02 4.218750e-02 2.966814e-01 4.051214e-02 2.193567e-01
1.250000e-02 4.218750e-02 3.746098e-01 7.748942e-02 1.867622e-01
1.406250e-02 4.218750e-02 4.401551e-01 1.126871e-01 1.571403e-01
1.562500e-02 4.218750e-02 4.961265e-01 1.446425e-01 1.304964e-01
1.718750e-02 4.218750e-02 5.448905e-01 1.726116e-01 1.065143e-01
1.875000e-02 4.218750e-02 5.884127e-01 1.962323e-01 8.475790e-02
2.031250e-02 4.218750e-02 6.283842e-01 2.153359e-01 6.475817e-02
2.187500e-02 4.218750e-02 6.663015e-01 2.298461e-01 4.604855e-02
2.343750e-02 4.218750e-02 7.035118e-01 2.397212e-01 2.817462e-02
2.500000e-02 4.218750e-02 7.412580e-01 2.449174e-01 1.068936e-02
2.656250e-02 4.218750e-02 7.807291e-01 2.453659e-01 -6.858985e-03
2.812500e-02 4.218750e-02 8.231129e-01 2.409619e-01 -2.494238e-02
2.968750e-02 4.218750e-02 8.696476e-01 2.315635e-01 -4.407010e-02
3.125000e-02 4.218750e-02 9.216696e-01 2.170019e-01 -6.480527e-02
3.281250e-02 4.218750e-02 9.806531e-01 1.971084e-01 -8.777703e-02
3.437500e-02 4.218750e-02 1.048245e+00 1.717678e-01 -1.136797e-01
3.593750e-02 4.218750e-02 1.126317e+00 1.410254e-01 -1.432423e-01
3.750000e-02 4.218750e-02 1.217046e+00 1.053023e-01 -1.771310e-01
3.906250e-02 4.218750e-02 1.322914e+00 6.580283e-02 -2.157069e-01
4.062500e-02 4.218750e-02 1.446045e+00 2.514311e-02 -2.584526e-01
4.218750e-02 4.218750e-02 1.585700e+00 -1.205474e-02 -3.027370e-01
4.375000e-02 4.218750e-02 1.732908e+00 -3.941588e-02 -3.414983e-01
4.531250e-02 4.218750e-02 1.865190e+00 -5.098254e-02 -3.599213e-01
4.687500e-02 4.218750e-02 1.948085e+00 -4.549020e-02 -3.323886e-01
4.843750e-02 4.218750e-02 1.972292e+00 -2.778402e-02 -2.236744e-01
5.000000e-02 4.218750e-02 1.996498e+00 0.000000e+00 0.000000e+00
0.000000e+00 4.375000e-02 -6.328082e-01 0.000000e+00 0.000000e+00
1.562500e-03 4.375000e-02 -5.533852e-01 -3.695536e-02 2.282651e-01
3.125000e-03 4.375000e-02 -4.739623e-01 -4.876266e-02 3.125463e-01
4.687500e-03 4.375000e-02 -3.258662e-01 -3.995338e-02 3.181342e-01
6.250000e-03 4.375000e-02 -1.474198e-01 -1.124242e-02 2.888203e-01
7.812500e-03 4.375000e-02 2.232792e-02 3.189520e-02 2.492308e-01
9.375000e-03 4.375000e-02 1.647973e-01 8.182230e-02 2.102480e-01
1.093750e-02 4.375000e-02 2.784845e-01 1.322204e-01 1.755334e-01
1.250000e-02 4.375000e-02 3.685742e-01 1.793080e-01 1.456162e-01
1.406250e-02 4.375000e-02 4.411101e-01 2.213573e-01 1.200305e-01
1.562500e-02 4.375000e-02 5.008806e-01 2.578145e-01 9.806513e-02
1.718750e-02 4.375000e-02 5.514275e-01 2.886563e-01 7.901549e-02
1.875000e-02 4.375000e-02 5.954500e-01 3.140527e-01 6.224231e-02
2.031250e-02 4.375000e-02 6.351235e-01 3.342192e-01 4.718717e-02
2.187500e-02 4.375000e-02 6.722708e-01 3.493537e-01 3.336352e-02
2.343750e-02 4.375000e-02 7.084562e-01 3.596038e-01 2.033901e-02
2.500000e-02 4.375000e-02 7.450774e-01 3.650474e-01 7.713418e-03
2.656250e-02 4.375000e-02 7.834522e-01 3.656801e-01 -4.903681e-03
2.812500e-02 4.375000e-02 8.249005e-01 3.614065e-01 -1.791556e-02
2.968750e-02 4.375000e-02 8.708241e-01 3.520346e-01 -3.176249e-02
3.125000e-02 4.375000e-02 9.227918e-01 3.372729e-01 -4.694869e-02
3.281250e-02 4.375000e-02 9.826302e-01 3.167332e-01 -6.407292e-02
3.437500e-02 4.375000e-02 1.052533e+00 2.899455e-01 -8.385954e-02
3.593750e-02 4.375000e-02 1.135217e+00 2.564076e-01 -1.071856e-01
3.750000e-02 4.375000e-02 1.234215e+00 2.157227e-01 -1.350806e-01
3.906250e-02 4.375000e-02 1.354258e+00 1.679541e-01 -1.686754e-01
4.062500e-02 4.375000e-02 1.501307e+00 1.143561e-01 -2.089210e-01
4.218750e-02 4.375000e-02 1.680317e+00 5.848050e-02 -2.557347e-01
4.375000e-02 4.375000e-02 1.888845e+00 7.012383e-03 -3.054539e-01
4.531250e-02 4.375000e-02 2.105436e+00 -3.102743e-02 -3.457897e-01
4.687500e-02 4.375000e-02 2.286050e+00 -4.774345e-02 -3.472651e-01
4.843750e-02 4.375000e-02 2.386470e+00 -3.956000e-02 -2.571221e-01
5.000000e-02 4.375000e-02 2.486890e+00 0.000000e+00 0.000000e+00
0.000000e+00 4.531250e-02 -1.507003e+00 0.000000e+00 0.000000e+00
1.562500e-03 4.531250e-02 -1.177677e+00 -4.954069e-02 2.529160e-01
3.125000e-03 4.531250e-02 -8.483516e-01 -3.892963e-02 3.058878e-01
4.687500e-03 4.531250e-02 -5.258155e-01 6.352640e-03 2.811403e-01
6.250000e-03 4.531250e-02 -2.427854e-01 6.955555e-02 2.332056e-01
7.812500e-03 4.531250e-02 -1.418793e-02 1.392294e-01 1.878784e-01
9.375000e-03 4.531250e-02 1.575100e-01 2.067037e-01 1.505305e-01
1.093750e-02 4.531250e-02 2.854504e-01 2.673137e-01 1.211285e-01
1.250000e-02 4.531250e-02 3.822641e-01 3.195807e-01 9.775457e-02
1.406250e-02 4.531250e-02 4.576374e-01 3.637159e-01 7.892037e-02
1.562500e-02 4.531250e-02 5.179302e-01 4.004701e-01 6.344540e-02
1.718750e-02 4.531250e-02 5.676063e-01 4.306451e-01 5.048206e-02
1.875000e-02 4.531250e-02 6.099560e-01 4.549321e-01 3.937160e-02
2.031250e-02 4.531250e-02 6.475368e-01 4.738877e-01 2.961003e-02
2.187500e-02 4.531250e-02 6.823825e-01 4.879351e-01 2.079483e-02
2.343750e-02 4.531250e-02 7.161765e-01 4.973695e-01 1.259262e-02
2.500000e-02 4.531250e-02 7.503879e-01 5.023635e-01 4.708516e-03
2.656250e-02 4.531250e-02 7.863871e-01 5.029675e-01 -3.136756e-03
2.812500e-02 4.531250e-02 8.255474e-01 4.991079e-01 -1.122836e-02
2.968750e-02 4.531250e-02 8.693458e-01 4.905780e-01 -1.987979e-02
3.125000e-02 4.531250e-02 9.194797e-01 4.770240e-01 -2.945824e-02
3.281250e-02 4.531250e-02 9.780061e-01 4.579247e-01 -4.042081e-02
3.437500e-02 4.531250e-02 1.047531e+00 4.325651e-01 -5.335517e-02
3.593750e-02 4.531250e-02 1.131444e+00 4.000134e-01 -6.905329e-02
3.750000e-02 4.531250e-02 1.234367e+00 3.591135e-01 -8.856575e-02
3.906250e-02 4.531250e-02 1.362844e+00 3.086084e-01 -1.133886e-01
4.062500e-02 4.531250e-02 1.526849e+00 2.475761e-01 -1.454404e-01
4.218750e-02 4.531250e-02 1.739302e+00 1.766401e-01 -1.873205e-01
4.375000e-02 4.531250e-02 2.014004e+00 9.969956e-02 -2.398230e-01
4.531250e-02 4.531250e-02 2.348879e+00 2.578505e-02 -2.980808e-01
4.687500e-02 4.531250e-02 2.726117e+00 -3.167071e-02 -3.328298e-01
4.843750e-02 4.531250e-02 3.105317e+00 -5.070556e-02 -2.803823e-01
5.000000e-02 4.531250e-02 3.484516e+00 0.000000e+00 0.000000e+00
0.000000e+00 4.687500e-02 -2.530184e+00 0.000000e+00 0.000000e+00
1.562500e-03 4.687500e-02 -1.862016e+00 -1.832600e-02 2.724145e-01
3.125000e-03 4.687500e-02 -1.193849e+00 4.208779e-02 2.618728e-01
4.687500e-03 4.687500e-02 -6.543098e-01 1.372496e-01 2.112469e-01
6.250000e-03 4.687500e-02 -2.471968e-01 2.342125e-01 1.534467e-01
7.812500e-03 4.687500e-02 2.322758e-02 3.228337e-01 1.128864e-01
9.375000e-03 4.687500e-02 2.046342e-01 3.968135e-01 8.396566e-02
1.093750e-02 4.687500e-02 3.303149e-01 4.567242e-01 6.448792e-02
1.250000e-02 4.687500e-02 4.233241e-01 5.046731e-01 5.034508e-02
1.406250e-02 4.687500e-02 4.941449e-01 5.432191e-01 3.979855e-02
1.562500e-02 4.687500e-02 5.497082e-01 5.742122e-01 3.150403e-02
1.718750e-02 4.687500e-02 5.945685e-01 5.990137e-01 2.478895e-02
1.875000e-02 4.687500e-02 6.322781e-01 6.185792e-01 1.915771e-02
2.031250e-02 4.687500e-02 6.654400e-01 6.336101e-01 1.429581e-02
2.187500e-02 4.687500e-02 6.960870e-01 6.446038e-01 9.961013e-03
2.343750e-02 4.687500e-02 7.258503e-01 6.518981e-01 5.967542e-03
2.500000e-02 4.687500e-02 7.561422e-01 6.556930e-01 2.154915e-03
2.656250e-02 4.687500e-02 7.882697e-01 6.560642e-01 -1.624814e-03
2.812500e-02 4.687500e-02 8.235420e-01 6.529642e-01 -5.521061e-03
2.968750e-02 4.687500e-02 8.633789e-01 6.462159e-01 -9.699272e-03
3.125000e-02 4.687500e-02 9.094249e-01 6.354920e-01 -1.435329e-02
3.281250e-02 4.687500e-02 9.637372e-01 6.202863e-01 -1.973878e-02
3.437500e-02 4.687500e-02 1.028960e+00 5.998537e-01 -2.618630e-02
3.593750e-02 4.687500e-02 1.108788e+00 5.731523e-01 -3.422415e-02
3.750000e-02 4.687500e-02 1.208101e+00 5.386677e-01 -4.456131e-02
3.906250e-02 4.687500e-02 1.334483e+00 4.943297e-01 -5.865440e-02
4.062500e-02 4.687500e-02 1.498690e+00 4.370825e-01 -7.836708e-02
4.218750e-02 4.687500e-02 1.723745e+00 3.639016e-01 -1.084150e-01
4.375000e-02 4.687500e-02 2.043241e+00 2.723155e-01 -1.517957e-01
4.531250e-02 4.687500e-02 2.514147e+00 1.676249e-01 -2.164195e-01
4.687500e-02 4.687500e-02 3.135948e+00 5.900175e-02 -2.765592e-01
4.843750e-02 4.687500e-02 3.909677e+00 -1.444294e-02 -2.945724e-01
5.000000e-02 4.687500e-02 4.683406e+00 0.000000e+00 0.000000e+00
0.000000e+00 4.843750e-02 -5.371272e+00 0.000000e+00 0.000000e+00
1.562500e-03 4.843750e-02 -3.373660e+00 1.513830e-01 2.300228e-01
3.125000e-03 4.843750e-02 -1.376047e+00 2.916092e-01 1.695068e-01
4.687500e-03 4.843750e-02 -6.773312e-01 4.324444e-01 1.171143e-01
6.250000e-03 4.843750e-02 -1.085087e-01 5.309298e-01 6.991411e-02
7.812500e-03 4.843750e-02 1.428108e-01 6.081513e-01 4.475660e-02
9.375000e-03 4.843750e-02 3.210200e-01 6.632662e-01 2.890981e-02
1.093750e-02 4.843750e-02 4.216693e-01 7.043677e-01 2.038225e-02
1.250000e-02 4.843750e-02 4.987140e-01 7.348541e-01 1.493624e-02
1.406250e-02 4.843750e-02 5.538036e-01 7.583792e-01 1.143181e-02
1.562500e-02 4.843750e-02 5.977693e-01 7.766951e-01 8.842649e-03
1.718750e-02 4.843750e-02 6.326777e-01 7.910683e-01 6.854892e-03
1.875000e-02 4.843750e-02 6.622125e-01 8.022179e-01 5.223160e-03
2.031250e-02 4.843750e-02 6.882069e-01 8.106688e-01 3.841153e-03
2.187500e-02 4.843750e-02 7.124849e-01 8.167646e-01 2.622280e-03
2.343750e-02 4.843750e-02 7.363590e-01 8.207406e-01 1.509695e-03
2.500000e-02 4.843750e-02 7.610391e-01 8.227342e-01 4.533984e-04
2.656250e-02 4.843750e-02 7.876220e-01 8.228024e-01 -5.909030e-04
2.812500e-02 4.843750e-02 8.172044e-01 8.209221e-01 -1.667414e-03
2.968750e-02 4.843750e-02 8.510048e-01 8.169896e-01 -2.826359e-03
3.125000e-02 4.843750e-02 8.903413e-01 8.107997e-01 -4.123443e-03
3.281250e-02 4.843750e-02 9.370772e-01 8.020368e-01 -5.643944e-03
3.437500e-02 4.843750e-02 9.930615e-01 7.901942e-01 -7.483255e-03
3.593750e-02 4.843750e-02 1.062221e+00 7.745825e-01 -9.873873e-03
3.750000e-02 4.843750e-02 1.146773e+00 7.539567e-01 -1.306942e-02
3.906250e-02 4.843750e-02 1.258665e+00 7.266867e-01 -1.806334e-02
4.062500e-02 4.843750e-02 1.398744e+00 6.890317e-01 -2.583789e-02
4.218750e-02 4.843750e-02 1.623455e+00 6.374792e-01 -4.093293e-02
4.375000e-02 4.843750e-02 1.923104e+00 5.622149e-01 -6.545938e-02
4.531250e-02 4.843750e-02 2.566666e+00 4.637362e-01 -1.146828e-01
4.687500e-02 4.843750e-02 3.353589e+00 3.158516e-01 -1.720411e-01
4.843750e-02 4.843750e-02 5.544028e+00 1.658866e-01 -2.426597e-01
5.000000e-02 4.843750e-02 7.734468e+00 0.000000e+00 0.000000e+00
0.000000e+00 5.000000e-02 -8.212361e+00 1.000000e+00 0.000000e+00
1.562500e-03 5.000000e-02 -4.885303e+00 1.000000e+00 0.000000e+00
3.125000e-03 5.000000e-02 -1.558245e+00 1.000000e+00 0.000000e+00
4.687500e-03 5.000000e-02 -7.003526e-01 1.000000e+00 0.000000e+00
6.250000e-03 5.000000e-02 3.017938e-02 1.000000e+00 0.000000e+00
7.812500e-03 5.000000e-02 2.623940e-01 1.000000e+00 0.000000e+00
9.375000e-03 5.000000e-02 4.374059e-01 1.000000e+00 0.000000e+00
1.093750e-02 5.000000e-02 5.130236e-01 1.000000e+00 0.000000e+00
1.250000e-02 5.000000e-02 5.741039e-01 1.000000e+00 0.000000e+00
1.406250e-02 5.000000e-02 6.134623e-01 1.000000e+00 0.000000e+00
1.562500e-02 5.000000e-02 6.458304e-01 1.000000e+00 0.000000e+00
1.718750e-02 5.000000e-02 6.707869e-01 1.000000e+00 0.000000e+00
1.875000e-02 5.000000e-02 6.921469e-01 1.000000e+00 0.000000e+00
2.031250e-02 5.000000e-02 7.109738e-01 1.000000e+00 0.000000e+00
2.187500e-02 5.000000e-02 7.288828e-01 1.000000e+00 0.000000e+00
2.343750e-02 5.000000e-02 7.468677e-01 1.000000e+00 0.000000e+00
2.500000e-02 5.000000e-02 7.659360e-01 1.000000e+00 0.000000e+00
2.656250e-02 5.000000e-02 7.869742e-01 1.000000e+00 0.000000e+00
2.812500e-02 5.000000e-02 8.108668e-01 1.000000e+00 0.000000e+00
2.968750e-02 5.000000e-02 8.386307e-01 1.000000e+00 0.000000e+00
3.125000e-02 5.000000e-02 8.712576e-01 1.000000e+00 0.000000e+00
3.281250e-02 5.000000e-02 9.104171e-01 1.000000e+00 0.000000e+00
3.437500e-02 5.000000e-02 9.571631e-01 1.000000e+00 0.000000e+00
3.593750e-02 5.000000e-02 1.015653e+00 1.000000e+00 0.000000e+00
3.750000e-02 5.000000e-02 1.085444e+00 1.000000e+00 0.000000e+00
3.906250e-02 5.000000e-02 1.182847e+00 1.000000e+00 0.000000e+00
4.062500e-02 5.000000e-02 1.298797e+00 1.000000e+00 0.000000e+00
4.218750e-02 5.000000e-02 1.523165e+00 1.000000e+00 0.000000e+00
4.375000e-02 5.000000e-02 1.802967e+00 1.000000e+00 0.000000e+00
4.531250e-02 5.000000e-02 2.619184e+00 1.000000e+00 0.000000e+00
4.687500e-02 5.000000e-02 3.571230e+00 1.000000e+00 0.000000e+00
4.843750e-02 5.000000e-02 7.178380e+00 1.000000e+00 0.000000e+00
5.000000e-02 5.000000e-02 1.078553e+01 1.000000e+00 0.000000e+00
